2025-01-08 13:43:26 - INFO - 01.train.py
2025-01-08 13:43:26 - INFO - train data: 5170
2025-01-08 13:43:26 - INFO - valid data: 1122
2025-01-08 13:43:26 - INFO - Total parameters: 1212803
2025-01-08 13:43:26 - INFO - Trainable parameters: 1212803
2025-01-08 13:43:37 - INFO - [Train] Epoch 00000 | train_loss 836.7055 | train_rmse 41.9190 | lr 0.000201
2025-01-08 13:43:37 - INFO - [Validate] Epoch 00000 | valid_rmse 42.3847 | valid_pr 0.0335 | valid_criterion 23.6131 | score -1.3613
2025-01-08 13:43:37 - INFO - [Validate] Best score achieved: -1.361310
2025-01-08 13:43:49 - INFO - [Train] Epoch 00001 | train_loss 794.6118 | train_rmse 41.3855 | lr 0.000401
2025-01-08 13:43:49 - INFO - [Validate] Epoch 00001 | valid_rmse 41.4720 | valid_pr 0.5616 | valid_criterion 21.2949 | score -1.1295
2025-01-08 13:43:49 - INFO - [Validate] Best score achieved: -1.129491
2025-01-08 13:44:01 - INFO - [Train] Epoch 00002 | train_loss 651.5484 | train_rmse 38.3524 | lr 0.000601
2025-01-08 13:44:01 - INFO - [Validate] Epoch 00002 | valid_rmse 45.1263 | valid_pr 0.7151 | valid_criterion 31.6179 | score -2.1618
2025-01-08 13:44:01 - INFO - No improvement for 1 epochs
2025-01-08 13:44:12 - INFO - [Train] Epoch 00003 | train_loss 451.4180 | train_rmse 32.3178 | lr 0.000801
2025-01-08 13:44:12 - INFO - [Validate] Epoch 00003 | valid_rmse 39.2879 | valid_pr 0.8592 | valid_criterion 39.9302 | score -2.9930
2025-01-08 13:44:12 - INFO - No improvement for 2 epochs
2025-01-08 13:44:24 - INFO - [Train] Epoch 00004 | train_loss 86.7041 | train_rmse 14.0212 | lr 0.001001
2025-01-08 13:44:24 - INFO - [Validate] Epoch 00004 | valid_rmse 7.8863 | valid_pr 0.9253 | valid_criterion 11.5066 | score -0.1507
2025-01-08 13:44:24 - INFO - [Validate] Best score achieved: -0.150655
2025-01-08 13:44:36 - INFO - [Train] Epoch 00005 | train_loss 31.5232 | train_rmse 7.9039 | lr 0.001201
2025-01-08 13:44:36 - INFO - [Validate] Epoch 00005 | valid_rmse 10.8640 | valid_pr 0.9408 | valid_criterion 10.5720 | score -0.0572
2025-01-08 13:44:36 - INFO - [Validate] Best score achieved: -0.057201
2025-01-08 13:44:48 - INFO - [Train] Epoch 00006 | train_loss 27.1897 | train_rmse 7.2270 | lr 0.001401
2025-01-08 13:44:48 - INFO - [Validate] Epoch 00006 | valid_rmse 6.2477 | valid_pr 0.9486 | valid_criterion 9.2685 | score 0.0731
2025-01-08 13:44:48 - INFO - [Validate] Best score achieved: 0.073149
2025-01-08 13:45:00 - INFO - [Train] Epoch 00007 | train_loss 24.7503 | train_rmse 6.8726 | lr 0.001601
2025-01-08 13:45:00 - INFO - [Validate] Epoch 00007 | valid_rmse 7.8126 | valid_pr 0.9488 | valid_criterion 10.1740 | score -0.0174
2025-01-08 13:45:00 - INFO - No improvement for 1 epochs
2025-01-08 13:45:12 - INFO - [Train] Epoch 00008 | train_loss 23.8945 | train_rmse 6.6957 | lr 0.001801
2025-01-08 13:45:12 - INFO - [Validate] Epoch 00008 | valid_rmse 6.2827 | valid_pr 0.9537 | valid_criterion 9.1565 | score 0.0844
2025-01-08 13:45:12 - INFO - [Validate] Best score achieved: 0.084350
2025-01-08 13:45:24 - INFO - [Train] Epoch 00009 | train_loss 21.4271 | train_rmse 6.3502 | lr 0.002001
2025-01-08 13:45:24 - INFO - [Validate] Epoch 00009 | valid_rmse 5.7460 | valid_pr 0.9588 | valid_criterion 8.6566 | score 0.1343
2025-01-08 13:45:24 - INFO - [Validate] Best score achieved: 0.134342
2025-01-08 13:45:36 - INFO - [Train] Epoch 00010 | train_loss 19.5868 | train_rmse 6.0415 | lr 0.002201
2025-01-08 13:45:36 - INFO - [Validate] Epoch 00010 | valid_rmse 5.6584 | valid_pr 0.9623 | valid_criterion 8.4144 | score 0.1586
2025-01-08 13:45:36 - INFO - [Validate] Best score achieved: 0.158563
2025-01-08 13:45:47 - INFO - [Train] Epoch 00011 | train_loss 17.9200 | train_rmse 5.7610 | lr 0.002401
2025-01-08 13:45:47 - INFO - [Validate] Epoch 00011 | valid_rmse 5.6392 | valid_pr 0.9595 | valid_criterion 9.1096 | score 0.0890
2025-01-08 13:45:47 - INFO - No improvement for 1 epochs
2025-01-08 13:45:59 - INFO - [Train] Epoch 00012 | train_loss 18.2922 | train_rmse 5.8389 | lr 0.002601
2025-01-08 13:45:59 - INFO - [Validate] Epoch 00012 | valid_rmse 6.7399 | valid_pr 0.9696 | valid_criterion 7.5240 | score 0.2476
2025-01-08 13:45:59 - INFO - [Validate] Best score achieved: 0.247602
2025-01-08 13:46:11 - INFO - [Train] Epoch 00013 | train_loss 17.2907 | train_rmse 5.6014 | lr 0.002801
2025-01-08 13:46:11 - INFO - [Validate] Epoch 00013 | valid_rmse 5.5342 | valid_pr 0.9656 | valid_criterion 8.2005 | score 0.1799
2025-01-08 13:46:11 - INFO - No improvement for 1 epochs
2025-01-08 13:46:22 - INFO - [Train] Epoch 00014 | train_loss 17.2475 | train_rmse 5.6364 | lr 0.003001
2025-01-08 13:46:22 - INFO - [Validate] Epoch 00014 | valid_rmse 8.6671 | valid_pr 0.9617 | valid_criterion 8.4949 | score 0.1505
2025-01-08 13:46:22 - INFO - No improvement for 2 epochs
2025-01-08 13:46:34 - INFO - [Train] Epoch 00015 | train_loss 15.2690 | train_rmse 5.2479 | lr 0.003201
2025-01-08 13:46:34 - INFO - [Validate] Epoch 00015 | valid_rmse 5.9120 | valid_pr 0.9572 | valid_criterion 9.7385 | score 0.0261
2025-01-08 13:46:34 - INFO - No improvement for 3 epochs
2025-01-08 13:46:45 - INFO - [Train] Epoch 00016 | train_loss 17.8111 | train_rmse 5.6813 | lr 0.003401
2025-01-08 13:46:45 - INFO - [Validate] Epoch 00016 | valid_rmse 6.1257 | valid_pr 0.9640 | valid_criterion 8.7188 | score 0.1281
2025-01-08 13:46:45 - INFO - No improvement for 4 epochs
2025-01-08 13:46:57 - INFO - [Train] Epoch 00017 | train_loss 15.4559 | train_rmse 5.2906 | lr 0.003601
2025-01-08 13:46:57 - INFO - [Validate] Epoch 00017 | valid_rmse 5.0028 | valid_pr 0.9675 | valid_criterion 7.9029 | score 0.2097
2025-01-08 13:46:57 - INFO - No improvement for 5 epochs
2025-01-08 13:47:09 - INFO - [Train] Epoch 00018 | train_loss 16.0428 | train_rmse 5.4057 | lr 0.003801
2025-01-08 13:47:09 - INFO - [Validate] Epoch 00018 | valid_rmse 5.0778 | valid_pr 0.9672 | valid_criterion 8.2112 | score 0.1789
2025-01-08 13:47:09 - INFO - No improvement for 6 epochs
2025-01-08 13:47:21 - INFO - [Train] Epoch 00019 | train_loss 16.8289 | train_rmse 5.5609 | lr 0.004001
2025-01-08 13:47:21 - INFO - [Validate] Epoch 00019 | valid_rmse 8.6617 | valid_pr 0.9370 | valid_criterion 12.0951 | score -0.2095
2025-01-08 13:47:21 - INFO - No improvement for 7 epochs
2025-01-08 13:47:33 - INFO - [Train] Epoch 00020 | train_loss 16.6915 | train_rmse 5.5128 | lr 0.004201
2025-01-08 13:47:33 - INFO - [Validate] Epoch 00020 | valid_rmse 5.7645 | valid_pr 0.9684 | valid_criterion 8.0202 | score 0.1980
2025-01-08 13:47:33 - INFO - No improvement for 8 epochs
2025-01-08 13:47:45 - INFO - [Train] Epoch 00021 | train_loss 16.0467 | train_rmse 5.3154 | lr 0.004401
2025-01-08 13:47:45 - INFO - [Validate] Epoch 00021 | valid_rmse 5.4056 | valid_pr 0.9703 | valid_criterion 7.8186 | score 0.2181
2025-01-08 13:47:45 - INFO - No improvement for 9 epochs
2025-01-08 13:47:56 - INFO - [Train] Epoch 00022 | train_loss 16.0032 | train_rmse 5.3662 | lr 0.004601
2025-01-08 13:47:56 - INFO - [Validate] Epoch 00022 | valid_rmse 5.9770 | valid_pr 0.9613 | valid_criterion 8.2670 | score 0.1733
2025-01-08 13:47:56 - INFO - No improvement for 10 epochs
2025-01-08 13:48:08 - INFO - [Train] Epoch 00023 | train_loss 17.2799 | train_rmse 5.5769 | lr 0.004801
2025-01-08 13:48:08 - INFO - [Validate] Epoch 00023 | valid_rmse 5.7703 | valid_pr 0.9673 | valid_criterion 8.9779 | score 0.1022
2025-01-08 13:48:08 - INFO - No improvement for 11 epochs
2025-01-08 13:48:19 - INFO - [Train] Epoch 00024 | train_loss 15.7333 | train_rmse 5.3524 | lr 0.005001
2025-01-08 13:48:19 - INFO - [Validate] Epoch 00024 | valid_rmse 5.8840 | valid_pr 0.9700 | valid_criterion 7.9146 | score 0.2085
2025-01-08 13:48:19 - INFO - No improvement for 12 epochs
2025-01-08 13:48:31 - INFO - [Train] Epoch 00025 | train_loss 16.5714 | train_rmse 5.5096 | lr 0.005200
2025-01-08 13:48:31 - INFO - [Validate] Epoch 00025 | valid_rmse 5.2075 | valid_pr 0.9655 | valid_criterion 8.5672 | score 0.1433
2025-01-08 13:48:31 - INFO - No improvement for 13 epochs
2025-01-08 13:48:42 - INFO - [Train] Epoch 00026 | train_loss 14.1737 | train_rmse 5.0327 | lr 0.005400
2025-01-08 13:48:42 - INFO - [Validate] Epoch 00026 | valid_rmse 6.3052 | valid_pr 0.9496 | valid_criterion 9.6876 | score 0.0312
2025-01-08 13:48:42 - INFO - No improvement for 14 epochs
2025-01-08 13:48:54 - INFO - [Train] Epoch 00027 | train_loss 16.6100 | train_rmse 5.4711 | lr 0.005600
2025-01-08 13:48:54 - INFO - [Validate] Epoch 00027 | valid_rmse 5.5671 | valid_pr 0.9641 | valid_criterion 8.4973 | score 0.1503
2025-01-08 13:48:54 - INFO - No improvement for 15 epochs
2025-01-08 13:49:05 - INFO - [Train] Epoch 00028 | train_loss 16.6488 | train_rmse 5.4102 | lr 0.005800
2025-01-08 13:49:05 - INFO - [Validate] Epoch 00028 | valid_rmse 5.8601 | valid_pr 0.9581 | valid_criterion 8.3573 | score 0.1643
2025-01-08 13:49:05 - INFO - No improvement for 16 epochs
2025-01-08 13:49:17 - INFO - [Train] Epoch 00029 | train_loss 14.3751 | train_rmse 5.0405 | lr 0.006000
2025-01-08 13:49:17 - INFO - [Validate] Epoch 00029 | valid_rmse 5.0500 | valid_pr 0.9682 | valid_criterion 8.0514 | score 0.1949
2025-01-08 13:49:17 - INFO - No improvement for 17 epochs
2025-01-08 13:49:28 - INFO - [Train] Epoch 00030 | train_loss 17.0690 | train_rmse 5.5325 | lr 0.006200
2025-01-08 13:49:28 - INFO - [Validate] Epoch 00030 | valid_rmse 5.0160 | valid_pr 0.9703 | valid_criterion 8.2175 | score 0.1782
2025-01-08 13:49:28 - INFO - No improvement for 18 epochs
2025-01-08 13:49:40 - INFO - [Train] Epoch 00031 | train_loss 16.3521 | train_rmse 5.3358 | lr 0.006400
2025-01-08 13:49:40 - INFO - [Validate] Epoch 00031 | valid_rmse 4.9536 | valid_pr 0.9715 | valid_criterion 7.7710 | score 0.2229
2025-01-08 13:49:40 - INFO - No improvement for 19 epochs
2025-01-08 13:49:51 - INFO - [Train] Epoch 00032 | train_loss 14.3633 | train_rmse 4.9996 | lr 0.006600
2025-01-08 13:49:51 - INFO - [Validate] Epoch 00032 | valid_rmse 5.1553 | valid_pr 0.9729 | valid_criterion 7.5596 | score 0.2440
2025-01-08 13:49:51 - INFO - No improvement for 20 epochs
2025-01-08 13:50:03 - INFO - [Train] Epoch 00033 | train_loss 14.9261 | train_rmse 5.1162 | lr 0.006800
2025-01-08 13:50:03 - INFO - [Validate] Epoch 00033 | valid_rmse 5.6563 | valid_pr 0.9606 | valid_criterion 10.2437 | score -0.0244
2025-01-08 13:50:03 - INFO - No improvement for 21 epochs
2025-01-08 13:50:15 - INFO - [Train] Epoch 00034 | train_loss 15.7798 | train_rmse 5.2520 | lr 0.007000
2025-01-08 13:50:15 - INFO - [Validate] Epoch 00034 | valid_rmse 14.7069 | valid_pr 0.8029 | valid_criterion 25.0517 | score -1.5052
2025-01-08 13:50:15 - INFO - No improvement for 22 epochs
2025-01-08 13:50:28 - INFO - [Train] Epoch 00035 | train_loss 16.3545 | train_rmse 5.3780 | lr 0.007200
2025-01-08 13:50:28 - INFO - [Validate] Epoch 00035 | valid_rmse 4.9041 | valid_pr 0.9703 | valid_criterion 7.6965 | score 0.2304
2025-01-08 13:50:28 - INFO - No improvement for 23 epochs
2025-01-08 13:50:39 - INFO - [Train] Epoch 00036 | train_loss 14.3856 | train_rmse 4.9384 | lr 0.007400
2025-01-08 13:50:39 - INFO - [Validate] Epoch 00036 | valid_rmse 4.7357 | valid_pr 0.9749 | valid_criterion 7.6394 | score 0.2361
2025-01-08 13:50:39 - INFO - No improvement for 24 epochs
2025-01-08 13:50:51 - INFO - [Train] Epoch 00037 | train_loss 16.9560 | train_rmse 5.5136 | lr 0.007600
2025-01-08 13:50:51 - INFO - [Validate] Epoch 00037 | valid_rmse 5.7997 | valid_pr 0.9615 | valid_criterion 9.7993 | score 0.0201
2025-01-08 13:50:51 - INFO - No improvement for 25 epochs
2025-01-08 13:51:03 - INFO - [Train] Epoch 00038 | train_loss 16.1896 | train_rmse 5.2635 | lr 0.007800
2025-01-08 13:51:03 - INFO - [Validate] Epoch 00038 | valid_rmse 6.8905 | valid_pr 0.9695 | valid_criterion 8.4953 | score 0.1505
2025-01-08 13:51:03 - INFO - No improvement for 26 epochs
2025-01-08 13:51:14 - INFO - [Train] Epoch 00039 | train_loss 15.5759 | train_rmse 5.1762 | lr 0.008000
2025-01-08 13:51:14 - INFO - [Validate] Epoch 00039 | valid_rmse 5.3390 | valid_pr 0.9720 | valid_criterion 8.1473 | score 0.1853
2025-01-08 13:51:14 - INFO - No improvement for 27 epochs
2025-01-08 13:51:26 - INFO - [Train] Epoch 00040 | train_loss 14.5728 | train_rmse 5.0053 | lr 0.008200
2025-01-08 13:51:26 - INFO - [Validate] Epoch 00040 | valid_rmse 5.0148 | valid_pr 0.9674 | valid_criterion 8.0324 | score 0.1968
2025-01-08 13:51:26 - INFO - No improvement for 28 epochs
2025-01-08 13:51:37 - INFO - [Train] Epoch 00041 | train_loss 15.7800 | train_rmse 5.2271 | lr 0.008400
2025-01-08 13:51:37 - INFO - [Validate] Epoch 00041 | valid_rmse 6.6208 | valid_pr 0.9650 | valid_criterion 9.9762 | score 0.0024
2025-01-08 13:51:37 - INFO - No improvement for 29 epochs
2025-01-08 13:51:49 - INFO - [Train] Epoch 00042 | train_loss 14.4773 | train_rmse 4.8984 | lr 0.008600
2025-01-08 13:51:49 - INFO - [Validate] Epoch 00042 | valid_rmse 5.9912 | valid_pr 0.9628 | valid_criterion 8.4825 | score 0.1517
2025-01-08 13:51:49 - INFO - No improvement for 30 epochs
2025-01-08 13:52:00 - INFO - [Train] Epoch 00043 | train_loss 15.7666 | train_rmse 5.1941 | lr 0.008800
2025-01-08 13:52:00 - INFO - [Validate] Epoch 00043 | valid_rmse 5.2761 | valid_pr 0.9710 | valid_criterion 8.0281 | score 0.1972
2025-01-08 13:52:00 - INFO - No improvement for 31 epochs
2025-01-08 13:52:12 - INFO - [Train] Epoch 00044 | train_loss 14.1616 | train_rmse 4.8647 | lr 0.009000
2025-01-08 13:52:12 - INFO - [Validate] Epoch 00044 | valid_rmse 5.3060 | valid_pr 0.9668 | valid_criterion 7.9287 | score 0.2071
2025-01-08 13:52:12 - INFO - No improvement for 32 epochs
2025-01-08 13:52:24 - INFO - [Train] Epoch 00045 | train_loss 15.3704 | train_rmse 5.1016 | lr 0.009200
2025-01-08 13:52:24 - INFO - [Validate] Epoch 00045 | valid_rmse 5.6783 | valid_pr 0.9626 | valid_criterion 7.5183 | score 0.2482
2025-01-08 13:52:24 - INFO - [Validate] Best score achieved: 0.248169
2025-01-08 13:52:36 - INFO - [Train] Epoch 00046 | train_loss 15.9943 | train_rmse 5.2308 | lr 0.009400
2025-01-08 13:52:36 - INFO - [Validate] Epoch 00046 | valid_rmse 7.2962 | valid_pr 0.9572 | valid_criterion 11.4769 | score -0.1477
2025-01-08 13:52:36 - INFO - No improvement for 1 epochs
2025-01-08 13:52:47 - INFO - [Train] Epoch 00047 | train_loss 15.4462 | train_rmse 5.0941 | lr 0.009600
2025-01-08 13:52:47 - INFO - [Validate] Epoch 00047 | valid_rmse 5.4881 | valid_pr 0.9637 | valid_criterion 8.0690 | score 0.1931
2025-01-08 13:52:47 - INFO - No improvement for 2 epochs
2025-01-08 13:52:59 - INFO - [Train] Epoch 00048 | train_loss 15.5588 | train_rmse 5.1445 | lr 0.009800
2025-01-08 13:52:59 - INFO - [Validate] Epoch 00048 | valid_rmse 8.3689 | valid_pr 0.9659 | valid_criterion 10.7691 | score -0.0769
2025-01-08 13:52:59 - INFO - No improvement for 3 epochs
2025-01-08 13:53:10 - INFO - [Train] Epoch 00049 | train_loss 15.8912 | train_rmse 5.2299 | lr 0.010000
2025-01-08 13:53:10 - INFO - [Validate] Epoch 00049 | valid_rmse 5.9628 | valid_pr 0.9712 | valid_criterion 7.5678 | score 0.2432
2025-01-08 13:53:10 - INFO - No improvement for 4 epochs
2025-01-08 13:53:22 - INFO - [Train] Epoch 00050 | train_loss 15.8763 | train_rmse 5.2159 | lr 0.010000
2025-01-08 13:53:22 - INFO - [Validate] Epoch 00050 | valid_rmse 4.5881 | valid_pr 0.9726 | valid_criterion 7.3872 | score 0.2613
2025-01-08 13:53:22 - INFO - [Validate] Best score achieved: 0.261282
2025-01-08 13:53:33 - INFO - [Train] Epoch 00051 | train_loss 15.3439 | train_rmse 5.0590 | lr 0.010000
2025-01-08 13:53:33 - INFO - [Validate] Epoch 00051 | valid_rmse 6.5937 | valid_pr 0.9588 | valid_criterion 11.5324 | score -0.1532
2025-01-08 13:53:33 - INFO - No improvement for 1 epochs
2025-01-08 13:53:45 - INFO - [Train] Epoch 00052 | train_loss 15.4305 | train_rmse 5.1301 | lr 0.010000
2025-01-08 13:53:45 - INFO - [Validate] Epoch 00052 | valid_rmse 6.0644 | valid_pr 0.9650 | valid_criterion 8.8589 | score 0.1141
2025-01-08 13:53:45 - INFO - No improvement for 2 epochs
2025-01-08 13:53:57 - INFO - [Train] Epoch 00053 | train_loss 15.0106 | train_rmse 5.0431 | lr 0.010000
2025-01-08 13:53:57 - INFO - [Validate] Epoch 00053 | valid_rmse 4.6236 | valid_pr 0.9744 | valid_criterion 7.3482 | score 0.2652
2025-01-08 13:53:57 - INFO - [Validate] Best score achieved: 0.265183
2025-01-08 13:54:08 - INFO - [Train] Epoch 00054 | train_loss 16.5760 | train_rmse 5.3233 | lr 0.010000
2025-01-08 13:54:08 - INFO - [Validate] Epoch 00054 | valid_rmse 6.5481 | valid_pr 0.9720 | valid_criterion 8.0987 | score 0.1901
2025-01-08 13:54:08 - INFO - No improvement for 1 epochs
2025-01-08 13:54:20 - INFO - [Train] Epoch 00055 | train_loss 15.8531 | train_rmse 5.1884 | lr 0.010000
2025-01-08 13:54:20 - INFO - [Validate] Epoch 00055 | valid_rmse 6.0397 | valid_pr 0.9725 | valid_criterion 7.4471 | score 0.2553
2025-01-08 13:54:20 - INFO - No improvement for 2 epochs
2025-01-08 13:54:31 - INFO - [Train] Epoch 00056 | train_loss 16.1739 | train_rmse 5.3026 | lr 0.010000
2025-01-08 13:54:31 - INFO - [Validate] Epoch 00056 | valid_rmse 6.7825 | valid_pr 0.9685 | valid_criterion 10.4813 | score -0.0481
2025-01-08 13:54:31 - INFO - No improvement for 3 epochs
2025-01-08 13:54:43 - INFO - [Train] Epoch 00057 | train_loss 15.3997 | train_rmse 5.1176 | lr 0.010000
2025-01-08 13:54:43 - INFO - [Validate] Epoch 00057 | valid_rmse 5.2532 | valid_pr 0.9697 | valid_criterion 8.2989 | score 0.1701
2025-01-08 13:54:43 - INFO - No improvement for 4 epochs
2025-01-08 13:54:54 - INFO - [Train] Epoch 00058 | train_loss 15.0272 | train_rmse 5.0312 | lr 0.010000
2025-01-08 13:54:54 - INFO - [Validate] Epoch 00058 | valid_rmse 5.8793 | valid_pr 0.9699 | valid_criterion 9.9862 | score 0.0014
2025-01-08 13:54:54 - INFO - No improvement for 5 epochs
2025-01-08 13:55:06 - INFO - [Train] Epoch 00059 | train_loss 15.4570 | train_rmse 5.0637 | lr 0.010000
2025-01-08 13:55:06 - INFO - [Validate] Epoch 00059 | valid_rmse 6.9217 | valid_pr 0.9542 | valid_criterion 9.0344 | score 0.0966
2025-01-08 13:55:06 - INFO - No improvement for 6 epochs
2025-01-08 13:55:18 - INFO - [Train] Epoch 00060 | train_loss 15.8192 | train_rmse 5.1753 | lr 0.010000
2025-01-08 13:55:18 - INFO - [Validate] Epoch 00060 | valid_rmse 5.1320 | valid_pr 0.9707 | valid_criterion 7.7579 | score 0.2242
2025-01-08 13:55:18 - INFO - No improvement for 7 epochs
2025-01-08 13:55:29 - INFO - [Train] Epoch 00061 | train_loss 15.8937 | train_rmse 5.2404 | lr 0.010000
2025-01-08 13:55:29 - INFO - [Validate] Epoch 00061 | valid_rmse 7.2787 | valid_pr 0.9318 | valid_criterion 12.2245 | score -0.2224
2025-01-08 13:55:29 - INFO - No improvement for 8 epochs
2025-01-08 13:55:41 - INFO - [Train] Epoch 00062 | train_loss 16.0547 | train_rmse 5.1578 | lr 0.010000
2025-01-08 13:55:41 - INFO - [Validate] Epoch 00062 | valid_rmse 6.2468 | valid_pr 0.9504 | valid_criterion 9.9001 | score 0.0100
2025-01-08 13:55:41 - INFO - No improvement for 9 epochs
2025-01-08 13:55:53 - INFO - [Train] Epoch 00063 | train_loss 15.1289 | train_rmse 5.0897 | lr 0.010000
2025-01-08 13:55:53 - INFO - [Validate] Epoch 00063 | valid_rmse 4.8395 | valid_pr 0.9712 | valid_criterion 7.8409 | score 0.2159
2025-01-08 13:55:53 - INFO - No improvement for 10 epochs
2025-01-08 13:56:04 - INFO - [Train] Epoch 00064 | train_loss 16.6877 | train_rmse 5.4071 | lr 0.010000
2025-01-08 13:56:04 - INFO - [Validate] Epoch 00064 | valid_rmse 20.4855 | valid_pr 0.9622 | valid_criterion 24.4262 | score -1.4426
2025-01-08 13:56:04 - INFO - No improvement for 11 epochs
2025-01-08 13:56:16 - INFO - [Train] Epoch 00065 | train_loss 14.7906 | train_rmse 4.9271 | lr 0.010000
2025-01-08 13:56:16 - INFO - [Validate] Epoch 00065 | valid_rmse 5.4444 | valid_pr 0.9721 | valid_criterion 7.8234 | score 0.2177
2025-01-08 13:56:16 - INFO - No improvement for 12 epochs
2025-01-08 13:56:28 - INFO - [Train] Epoch 00066 | train_loss 15.2775 | train_rmse 5.0034 | lr 0.010000
2025-01-08 13:56:28 - INFO - [Validate] Epoch 00066 | valid_rmse 4.7447 | valid_pr 0.9707 | valid_criterion 7.9904 | score 0.2010
2025-01-08 13:56:28 - INFO - No improvement for 13 epochs
2025-01-08 13:56:40 - INFO - [Train] Epoch 00067 | train_loss 15.1465 | train_rmse 5.0609 | lr 0.010000
2025-01-08 13:56:40 - INFO - [Validate] Epoch 00067 | valid_rmse 5.1714 | valid_pr 0.9716 | valid_criterion 7.9342 | score 0.2066
2025-01-08 13:56:40 - INFO - No improvement for 14 epochs
2025-01-08 13:56:51 - INFO - [Train] Epoch 00068 | train_loss 15.7492 | train_rmse 5.1724 | lr 0.010000
2025-01-08 13:56:51 - INFO - [Validate] Epoch 00068 | valid_rmse 5.9445 | valid_pr 0.9668 | valid_criterion 8.0356 | score 0.1964
2025-01-08 13:56:51 - INFO - No improvement for 15 epochs
2025-01-08 13:57:03 - INFO - [Train] Epoch 00069 | train_loss 14.4513 | train_rmse 4.9225 | lr 0.010000
2025-01-08 13:57:03 - INFO - [Validate] Epoch 00069 | valid_rmse 5.4209 | valid_pr 0.9686 | valid_criterion 8.9398 | score 0.1060
2025-01-08 13:57:03 - INFO - No improvement for 16 epochs
2025-01-08 13:57:15 - INFO - [Train] Epoch 00070 | train_loss 15.2084 | train_rmse 5.0675 | lr 0.010000
2025-01-08 13:57:15 - INFO - [Validate] Epoch 00070 | valid_rmse 6.0400 | valid_pr 0.9662 | valid_criterion 9.4518 | score 0.0548
2025-01-08 13:57:15 - INFO - No improvement for 17 epochs
2025-01-08 13:57:26 - INFO - [Train] Epoch 00071 | train_loss 16.0204 | train_rmse 5.2229 | lr 0.002000
2025-01-08 13:57:26 - INFO - [Validate] Epoch 00071 | valid_rmse 5.6190 | valid_pr 0.9715 | valid_criterion 7.4760 | score 0.2524
2025-01-08 13:57:26 - INFO - No improvement for 18 epochs
2025-01-08 13:57:38 - INFO - [Train] Epoch 00072 | train_loss 13.5539 | train_rmse 4.6817 | lr 0.002000
2025-01-08 13:57:38 - INFO - [Validate] Epoch 00072 | valid_rmse 5.3632 | valid_pr 0.9708 | valid_criterion 7.8220 | score 0.2178
2025-01-08 13:57:38 - INFO - No improvement for 19 epochs
2025-01-08 13:57:50 - INFO - [Train] Epoch 00073 | train_loss 12.2478 | train_rmse 4.3561 | lr 0.002000
2025-01-08 13:57:50 - INFO - [Validate] Epoch 00073 | valid_rmse 4.7219 | valid_pr 0.9727 | valid_criterion 7.5303 | score 0.2470
2025-01-08 13:57:50 - INFO - No improvement for 20 epochs
2025-01-08 13:58:01 - INFO - [Train] Epoch 00074 | train_loss 12.6758 | train_rmse 4.5527 | lr 0.002000
2025-01-08 13:58:01 - INFO - [Validate] Epoch 00074 | valid_rmse 4.6375 | valid_pr 0.9746 | valid_criterion 7.3690 | score 0.2631
2025-01-08 13:58:01 - INFO - No improvement for 21 epochs
2025-01-08 13:58:13 - INFO - [Train] Epoch 00075 | train_loss 12.3083 | train_rmse 4.4532 | lr 0.002000
2025-01-08 13:58:13 - INFO - [Validate] Epoch 00075 | valid_rmse 4.8783 | valid_pr 0.9739 | valid_criterion 7.4497 | score 0.2550
2025-01-08 13:58:13 - INFO - No improvement for 22 epochs
2025-01-08 13:58:24 - INFO - [Train] Epoch 00076 | train_loss 12.4869 | train_rmse 4.5020 | lr 0.002000
2025-01-08 13:58:24 - INFO - [Validate] Epoch 00076 | valid_rmse 4.7868 | valid_pr 0.9730 | valid_criterion 7.5422 | score 0.2458
2025-01-08 13:58:24 - INFO - No improvement for 23 epochs
2025-01-08 13:58:36 - INFO - [Train] Epoch 00077 | train_loss 12.4380 | train_rmse 4.4989 | lr 0.002000
2025-01-08 13:58:36 - INFO - [Validate] Epoch 00077 | valid_rmse 4.7245 | valid_pr 0.9726 | valid_criterion 7.5541 | score 0.2446
2025-01-08 13:58:36 - INFO - No improvement for 24 epochs
2025-01-08 13:58:48 - INFO - [Train] Epoch 00078 | train_loss 11.4258 | train_rmse 4.3073 | lr 0.002000
2025-01-08 13:58:48 - INFO - [Validate] Epoch 00078 | valid_rmse 5.0189 | valid_pr 0.9730 | valid_criterion 7.4854 | score 0.2515
2025-01-08 13:58:48 - INFO - No improvement for 25 epochs
2025-01-08 13:59:00 - INFO - [Train] Epoch 00079 | train_loss 12.5966 | train_rmse 4.5446 | lr 0.002000
2025-01-08 13:59:00 - INFO - [Validate] Epoch 00079 | valid_rmse 4.8578 | valid_pr 0.9738 | valid_criterion 7.4381 | score 0.2562
2025-01-08 13:59:00 - INFO - No improvement for 26 epochs
2025-01-08 13:59:11 - INFO - [Train] Epoch 00080 | train_loss 12.9541 | train_rmse 4.6756 | lr 0.002000
2025-01-08 13:59:11 - INFO - [Validate] Epoch 00080 | valid_rmse 4.9787 | valid_pr 0.9728 | valid_criterion 7.5217 | score 0.2478
2025-01-08 13:59:11 - INFO - No improvement for 27 epochs
2025-01-08 13:59:23 - INFO - [Train] Epoch 00081 | train_loss 11.8326 | train_rmse 4.3847 | lr 0.002000
2025-01-08 13:59:23 - INFO - [Validate] Epoch 00081 | valid_rmse 4.9118 | valid_pr 0.9726 | valid_criterion 7.6512 | score 0.2349
2025-01-08 13:59:23 - INFO - No improvement for 28 epochs
2025-01-08 13:59:34 - INFO - [Train] Epoch 00082 | train_loss 12.0334 | train_rmse 4.4821 | lr 0.002000
2025-01-08 13:59:34 - INFO - [Validate] Epoch 00082 | valid_rmse 4.5648 | valid_pr 0.9735 | valid_criterion 7.4938 | score 0.2506
2025-01-08 13:59:34 - INFO - No improvement for 29 epochs
2025-01-08 13:59:46 - INFO - [Train] Epoch 00083 | train_loss 11.9686 | train_rmse 4.4798 | lr 0.002000
2025-01-08 13:59:46 - INFO - [Validate] Epoch 00083 | valid_rmse 5.1627 | valid_pr 0.9732 | valid_criterion 7.5660 | score 0.2434
2025-01-08 13:59:46 - INFO - No improvement for 30 epochs
2025-01-08 13:59:57 - INFO - [Train] Epoch 00084 | train_loss 12.3775 | train_rmse 4.5502 | lr 0.002000
2025-01-08 13:59:57 - INFO - [Validate] Epoch 00084 | valid_rmse 4.8771 | valid_pr 0.9727 | valid_criterion 7.4811 | score 0.2519
2025-01-08 13:59:57 - INFO - No improvement for 31 epochs
2025-01-08 14:00:09 - INFO - [Train] Epoch 00085 | train_loss 12.3660 | train_rmse 4.5874 | lr 0.002000
2025-01-08 14:00:09 - INFO - [Validate] Epoch 00085 | valid_rmse 4.7581 | valid_pr 0.9727 | valid_criterion 7.5667 | score 0.2433
2025-01-08 14:00:09 - INFO - No improvement for 32 epochs
2025-01-08 14:00:20 - INFO - [Train] Epoch 00086 | train_loss 12.5297 | train_rmse 4.5833 | lr 0.002000
2025-01-08 14:00:20 - INFO - [Validate] Epoch 00086 | valid_rmse 5.1808 | valid_pr 0.9747 | valid_criterion 7.5177 | score 0.2482
2025-01-08 14:00:20 - INFO - No improvement for 33 epochs
2025-01-08 14:00:32 - INFO - [Train] Epoch 00087 | train_loss 11.6676 | train_rmse 4.4393 | lr 0.002000
2025-01-08 14:00:32 - INFO - [Validate] Epoch 00087 | valid_rmse 4.7795 | valid_pr 0.9742 | valid_criterion 7.5753 | score 0.2425
2025-01-08 14:00:32 - INFO - No improvement for 34 epochs
2025-01-08 14:00:44 - INFO - [Train] Epoch 00088 | train_loss 11.9000 | train_rmse 4.4751 | lr 0.002000
2025-01-08 14:00:44 - INFO - [Validate] Epoch 00088 | valid_rmse 5.0886 | valid_pr 0.9729 | valid_criterion 7.4421 | score 0.2558
2025-01-08 14:00:44 - INFO - No improvement for 35 epochs
2025-01-08 14:00:55 - INFO - [Train] Epoch 00089 | train_loss 14.0849 | train_rmse 5.0126 | lr 0.002000
2025-01-08 14:00:55 - INFO - [Validate] Epoch 00089 | valid_rmse 5.0877 | valid_pr 0.9718 | valid_criterion 7.4402 | score 0.2560
2025-01-08 14:00:55 - INFO - No improvement for 36 epochs
2025-01-08 14:01:07 - INFO - [Train] Epoch 00090 | train_loss 11.6216 | train_rmse 4.4456 | lr 0.002000
2025-01-08 14:01:07 - INFO - [Validate] Epoch 00090 | valid_rmse 4.9634 | valid_pr 0.9726 | valid_criterion 7.5781 | score 0.2422
2025-01-08 14:01:07 - INFO - No improvement for 37 epochs
2025-01-08 14:01:18 - INFO - [Train] Epoch 00091 | train_loss 10.4680 | train_rmse 4.1089 | lr 0.002000
2025-01-08 14:01:18 - INFO - [Validate] Epoch 00091 | valid_rmse 5.0713 | valid_pr 0.9741 | valid_criterion 7.4826 | score 0.2517
2025-01-08 14:01:18 - INFO - No improvement for 38 epochs
2025-01-08 14:01:30 - INFO - [Train] Epoch 00092 | train_loss 11.5900 | train_rmse 4.4090 | lr 0.002000
2025-01-08 14:01:30 - INFO - [Validate] Epoch 00092 | valid_rmse 4.6056 | valid_pr 0.9739 | valid_criterion 7.5072 | score 0.2493
2025-01-08 14:01:30 - INFO - No improvement for 39 epochs
2025-01-08 14:01:41 - INFO - [Train] Epoch 00093 | train_loss 11.1752 | train_rmse 4.3554 | lr 0.002000
2025-01-08 14:01:41 - INFO - [Validate] Epoch 00093 | valid_rmse 4.8132 | valid_pr 0.9735 | valid_criterion 7.5419 | score 0.2458
2025-01-08 14:01:41 - INFO - No improvement for 40 epochs
2025-01-08 14:01:53 - INFO - [Train] Epoch 00094 | train_loss 11.2087 | train_rmse 4.3481 | lr 0.002000
2025-01-08 14:01:53 - INFO - [Validate] Epoch 00094 | valid_rmse 5.1164 | valid_pr 0.9725 | valid_criterion 7.6779 | score 0.2322
2025-01-08 14:01:53 - INFO - No improvement for 41 epochs
2025-01-08 14:02:05 - INFO - [Train] Epoch 00095 | train_loss 12.3676 | train_rmse 4.6778 | lr 0.002000
2025-01-08 14:02:05 - INFO - [Validate] Epoch 00095 | valid_rmse 5.2189 | valid_pr 0.9701 | valid_criterion 7.8792 | score 0.2121
2025-01-08 14:02:05 - INFO - No improvement for 42 epochs
2025-01-08 14:02:17 - INFO - [Train] Epoch 00096 | train_loss 11.3135 | train_rmse 4.4026 | lr 0.002000
2025-01-08 14:02:17 - INFO - [Validate] Epoch 00096 | valid_rmse 5.0754 | valid_pr 0.9712 | valid_criterion 7.9248 | score 0.2075
2025-01-08 14:02:17 - INFO - No improvement for 43 epochs
2025-01-08 14:02:29 - INFO - [Train] Epoch 00097 | train_loss 11.5866 | train_rmse 4.4106 | lr 0.002000
2025-01-08 14:02:29 - INFO - [Validate] Epoch 00097 | valid_rmse 4.9386 | valid_pr 0.9701 | valid_criterion 7.6098 | score 0.2390
2025-01-08 14:02:29 - INFO - No improvement for 44 epochs
2025-01-08 14:02:40 - INFO - [Train] Epoch 00098 | train_loss 12.1818 | train_rmse 4.5662 | lr 0.002000
2025-01-08 14:02:40 - INFO - [Validate] Epoch 00098 | valid_rmse 5.2926 | valid_pr 0.9716 | valid_criterion 7.5886 | score 0.2411
2025-01-08 14:02:40 - INFO - No improvement for 45 epochs
2025-01-08 14:02:52 - INFO - [Train] Epoch 00099 | train_loss 11.7520 | train_rmse 4.5053 | lr 0.002000
2025-01-08 14:02:52 - INFO - [Validate] Epoch 00099 | valid_rmse 5.2520 | valid_pr 0.9713 | valid_criterion 7.5617 | score 0.2438
2025-01-08 14:02:52 - INFO - No improvement for 46 epochs
2025-01-08 14:03:03 - INFO - [Train] Epoch 00100 | train_loss 11.5433 | train_rmse 4.3978 | lr 0.002000
2025-01-08 14:03:03 - INFO - [Validate] Epoch 00100 | valid_rmse 4.8560 | valid_pr 0.9734 | valid_criterion 7.4166 | score 0.2583
2025-01-08 14:03:03 - INFO - No improvement for 47 epochs
2025-01-08 14:03:15 - INFO - [Train] Epoch 00101 | train_loss 9.6440 | train_rmse 3.9837 | lr 0.002000
2025-01-08 14:03:15 - INFO - [Validate] Epoch 00101 | valid_rmse 5.1787 | valid_pr 0.9705 | valid_criterion 8.0966 | score 0.1903
2025-01-08 14:03:15 - INFO - No improvement for 48 epochs
2025-01-08 14:03:26 - INFO - [Train] Epoch 00102 | train_loss 10.7838 | train_rmse 4.3075 | lr 0.002000
2025-01-08 14:03:26 - INFO - [Validate] Epoch 00102 | valid_rmse 4.8176 | valid_pr 0.9728 | valid_criterion 7.6173 | score 0.2383
2025-01-08 14:03:26 - INFO - No improvement for 49 epochs
2025-01-08 14:03:38 - INFO - [Train] Epoch 00103 | train_loss 11.6772 | train_rmse 4.4572 | lr 0.000400
2025-01-08 14:03:38 - INFO - [Validate] Epoch 00103 | valid_rmse 5.5193 | valid_pr 0.9715 | valid_criterion 7.5815 | score 0.2418
2025-01-08 14:03:38 - INFO - No improvement for 50 epochs
2025-01-08 14:03:49 - INFO - [Train] Epoch 00104 | train_loss 11.6529 | train_rmse 4.5359 | lr 0.000400
2025-01-08 14:03:49 - INFO - [Validate] Epoch 00104 | valid_rmse 4.9872 | valid_pr 0.9714 | valid_criterion 7.6467 | score 0.2353
2025-01-08 14:03:49 - INFO - No improvement for 51 epochs
2025-01-08 14:04:01 - INFO - [Train] Epoch 00105 | train_loss 10.0721 | train_rmse 4.1532 | lr 0.000400
2025-01-08 14:04:01 - INFO - [Validate] Epoch 00105 | valid_rmse 5.0060 | valid_pr 0.9719 | valid_criterion 7.7251 | score 0.2275
2025-01-08 14:04:01 - INFO - No improvement for 52 epochs
2025-01-08 14:04:13 - INFO - [Train] Epoch 00106 | train_loss 10.3272 | train_rmse 4.1852 | lr 0.000400
2025-01-08 14:04:13 - INFO - [Validate] Epoch 00106 | valid_rmse 5.0717 | valid_pr 0.9717 | valid_criterion 7.5472 | score 0.2453
2025-01-08 14:04:13 - INFO - No improvement for 53 epochs
2025-01-08 14:04:24 - INFO - [Train] Epoch 00107 | train_loss 9.6384 | train_rmse 3.9673 | lr 0.000400
2025-01-08 14:04:24 - INFO - [Validate] Epoch 00107 | valid_rmse 4.9741 | valid_pr 0.9719 | valid_criterion 7.5894 | score 0.2411
2025-01-08 14:04:24 - INFO - No improvement for 54 epochs
2025-01-08 14:04:36 - INFO - [Train] Epoch 00108 | train_loss 11.0254 | train_rmse 4.3625 | lr 0.000400
2025-01-08 14:04:36 - INFO - [Validate] Epoch 00108 | valid_rmse 5.3338 | valid_pr 0.9730 | valid_criterion 7.5139 | score 0.2486
2025-01-08 14:04:36 - INFO - No improvement for 55 epochs
2025-01-08 14:04:48 - INFO - [Train] Epoch 00109 | train_loss 9.7163 | train_rmse 4.0157 | lr 0.000400
2025-01-08 14:04:48 - INFO - [Validate] Epoch 00109 | valid_rmse 5.2190 | valid_pr 0.9726 | valid_criterion 7.5941 | score 0.2406
2025-01-08 14:04:48 - INFO - No improvement for 56 epochs
2025-01-08 14:05:00 - INFO - [Train] Epoch 00110 | train_loss 10.2381 | train_rmse 4.1261 | lr 0.000400
2025-01-08 14:05:00 - INFO - [Validate] Epoch 00110 | valid_rmse 4.9428 | valid_pr 0.9745 | valid_criterion 7.4161 | score 0.2584
2025-01-08 14:05:00 - INFO - No improvement for 57 epochs
2025-01-08 14:05:12 - INFO - [Train] Epoch 00111 | train_loss 10.6721 | train_rmse 4.2868 | lr 0.000400
2025-01-08 14:05:12 - INFO - [Validate] Epoch 00111 | valid_rmse 5.1879 | valid_pr 0.9729 | valid_criterion 7.5267 | score 0.2473
2025-01-08 14:05:12 - INFO - No improvement for 58 epochs
2025-01-08 14:05:24 - INFO - [Train] Epoch 00112 | train_loss 10.8254 | train_rmse 4.2951 | lr 0.000400
2025-01-08 14:05:24 - INFO - [Validate] Epoch 00112 | valid_rmse 5.2324 | valid_pr 0.9723 | valid_criterion 7.5744 | score 0.2426
2025-01-08 14:05:24 - INFO - No improvement for 59 epochs
2025-01-08 14:05:35 - INFO - [Train] Epoch 00113 | train_loss 10.4536 | train_rmse 4.2608 | lr 0.000400
2025-01-08 14:05:35 - INFO - [Validate] Epoch 00113 | valid_rmse 4.9415 | valid_pr 0.9727 | valid_criterion 7.5308 | score 0.2469
2025-01-08 14:05:35 - INFO - No improvement for 60 epochs
2025-01-08 14:05:47 - INFO - [Train] Epoch 00114 | train_loss 11.3102 | train_rmse 4.4573 | lr 0.000400
2025-01-08 14:05:47 - INFO - [Validate] Epoch 00114 | valid_rmse 5.3106 | valid_pr 0.9728 | valid_criterion 7.5565 | score 0.2444
2025-01-08 14:05:47 - INFO - No improvement for 61 epochs
2025-01-08 14:05:59 - INFO - [Train] Epoch 00115 | train_loss 10.3285 | train_rmse 4.1753 | lr 0.000400
2025-01-08 14:05:59 - INFO - [Validate] Epoch 00115 | valid_rmse 5.3076 | valid_pr 0.9711 | valid_criterion 7.6255 | score 0.2374
2025-01-08 14:05:59 - INFO - No improvement for 62 epochs
2025-01-08 14:06:11 - INFO - [Train] Epoch 00116 | train_loss 10.6940 | train_rmse 4.3105 | lr 0.000400
2025-01-08 14:06:11 - INFO - [Validate] Epoch 00116 | valid_rmse 5.3941 | valid_pr 0.9739 | valid_criterion 7.5727 | score 0.2427
2025-01-08 14:06:11 - INFO - No improvement for 63 epochs
2025-01-08 14:06:23 - INFO - [Train] Epoch 00117 | train_loss 10.2761 | train_rmse 4.2817 | lr 0.000400
2025-01-08 14:06:23 - INFO - [Validate] Epoch 00117 | valid_rmse 5.2193 | valid_pr 0.9711 | valid_criterion 7.6783 | score 0.2322
2025-01-08 14:06:23 - INFO - No improvement for 64 epochs
2025-01-08 14:06:35 - INFO - [Train] Epoch 00118 | train_loss 10.4449 | train_rmse 4.2305 | lr 0.000400
2025-01-08 14:06:35 - INFO - [Validate] Epoch 00118 | valid_rmse 5.1056 | valid_pr 0.9725 | valid_criterion 7.5664 | score 0.2434
2025-01-08 14:06:35 - INFO - No improvement for 65 epochs
2025-01-08 14:06:46 - INFO - [Train] Epoch 00119 | train_loss 11.0610 | train_rmse 4.3784 | lr 0.000400
2025-01-08 14:06:46 - INFO - [Validate] Epoch 00119 | valid_rmse 5.1282 | valid_pr 0.9705 | valid_criterion 7.7143 | score 0.2286
2025-01-08 14:06:46 - INFO - No improvement for 66 epochs
2025-01-08 14:06:58 - INFO - [Train] Epoch 00120 | train_loss 10.4421 | train_rmse 4.2291 | lr 0.000400
2025-01-08 14:06:58 - INFO - [Validate] Epoch 00120 | valid_rmse 5.1343 | valid_pr 0.9716 | valid_criterion 7.6603 | score 0.2340
2025-01-08 14:06:58 - INFO - No improvement for 67 epochs
2025-01-08 14:07:10 - INFO - [Train] Epoch 00121 | train_loss 10.5796 | train_rmse 4.2815 | lr 0.000400
2025-01-08 14:07:10 - INFO - [Validate] Epoch 00121 | valid_rmse 5.2453 | valid_pr 0.9707 | valid_criterion 7.6474 | score 0.2353
2025-01-08 14:07:10 - INFO - No improvement for 68 epochs
2025-01-08 14:07:22 - INFO - [Train] Epoch 00122 | train_loss 10.9473 | train_rmse 4.3913 | lr 0.000400
2025-01-08 14:07:22 - INFO - [Validate] Epoch 00122 | valid_rmse 5.5649 | valid_pr 0.9721 | valid_criterion 7.6073 | score 0.2393
2025-01-08 14:07:22 - INFO - No improvement for 69 epochs
2025-01-08 14:07:34 - INFO - [Train] Epoch 00123 | train_loss 10.4127 | train_rmse 4.2139 | lr 0.000400
2025-01-08 14:07:34 - INFO - [Validate] Epoch 00123 | valid_rmse 4.9535 | valid_pr 0.9730 | valid_criterion 7.5647 | score 0.2435
2025-01-08 14:07:34 - INFO - No improvement for 70 epochs
2025-01-08 14:07:46 - INFO - [Train] Epoch 00124 | train_loss 9.9311 | train_rmse 4.1264 | lr 0.000080
2025-01-08 14:07:46 - INFO - [Validate] Epoch 00124 | valid_rmse 5.7841 | valid_pr 0.9727 | valid_criterion 7.5906 | score 0.2409
2025-01-08 14:07:46 - INFO - No improvement for 71 epochs
2025-01-08 14:07:58 - INFO - [Train] Epoch 00125 | train_loss 9.4491 | train_rmse 3.9736 | lr 0.000080
2025-01-08 14:07:58 - INFO - [Validate] Epoch 00125 | valid_rmse 4.9343 | valid_pr 0.9722 | valid_criterion 7.6540 | score 0.2346
2025-01-08 14:07:58 - INFO - No improvement for 72 epochs
2025-01-08 14:08:10 - INFO - [Train] Epoch 00126 | train_loss 9.3301 | train_rmse 3.9655 | lr 0.000080
2025-01-08 14:08:10 - INFO - [Validate] Epoch 00126 | valid_rmse 5.0542 | valid_pr 0.9733 | valid_criterion 7.5118 | score 0.2488
2025-01-08 14:08:10 - INFO - No improvement for 73 epochs
2025-01-08 14:08:22 - INFO - [Train] Epoch 00127 | train_loss 10.5764 | train_rmse 4.2876 | lr 0.000080
2025-01-08 14:08:22 - INFO - [Validate] Epoch 00127 | valid_rmse 5.0334 | valid_pr 0.9721 | valid_criterion 7.5728 | score 0.2427
2025-01-08 14:08:22 - INFO - No improvement for 74 epochs
2025-01-08 14:08:33 - INFO - [Train] Epoch 00128 | train_loss 9.8775 | train_rmse 4.1267 | lr 0.000080
2025-01-08 14:08:33 - INFO - [Validate] Epoch 00128 | valid_rmse 5.3338 | valid_pr 0.9729 | valid_criterion 7.5645 | score 0.2435
2025-01-08 14:08:33 - INFO - No improvement for 75 epochs
2025-01-08 14:08:45 - INFO - [Train] Epoch 00129 | train_loss 9.6439 | train_rmse 4.0201 | lr 0.000080
2025-01-08 14:08:45 - INFO - [Validate] Epoch 00129 | valid_rmse 5.1079 | valid_pr 0.9709 | valid_criterion 7.6152 | score 0.2385
2025-01-08 14:08:45 - INFO - No improvement for 76 epochs
2025-01-08 14:08:57 - INFO - [Train] Epoch 00130 | train_loss 10.5055 | train_rmse 4.3182 | lr 0.000080
2025-01-08 14:08:57 - INFO - [Validate] Epoch 00130 | valid_rmse 5.0806 | valid_pr 0.9713 | valid_criterion 7.6536 | score 0.2346
2025-01-08 14:08:57 - INFO - No improvement for 77 epochs
2025-01-08 14:09:08 - INFO - [Train] Epoch 00131 | train_loss 10.6732 | train_rmse 4.2920 | lr 0.000080
2025-01-08 14:09:08 - INFO - [Validate] Epoch 00131 | valid_rmse 5.3635 | valid_pr 0.9728 | valid_criterion 7.5975 | score 0.2402
2025-01-08 14:09:08 - INFO - No improvement for 78 epochs
2025-01-08 14:09:20 - INFO - [Train] Epoch 00132 | train_loss 11.5164 | train_rmse 4.5243 | lr 0.000080
2025-01-08 14:09:20 - INFO - [Validate] Epoch 00132 | valid_rmse 5.0075 | valid_pr 0.9699 | valid_criterion 7.7601 | score 0.2240
2025-01-08 14:09:20 - INFO - No improvement for 79 epochs
2025-01-08 14:09:32 - INFO - [Train] Epoch 00133 | train_loss 10.8693 | train_rmse 4.4051 | lr 0.000080
2025-01-08 14:09:32 - INFO - [Validate] Epoch 00133 | valid_rmse 5.2558 | valid_pr 0.9716 | valid_criterion 7.5755 | score 0.2425
2025-01-08 14:09:32 - INFO - No improvement for 80 epochs
2025-01-08 14:09:44 - INFO - [Train] Epoch 00134 | train_loss 9.9605 | train_rmse 4.1170 | lr 0.000080
2025-01-08 14:09:44 - INFO - [Validate] Epoch 00134 | valid_rmse 5.6091 | valid_pr 0.9703 | valid_criterion 7.6601 | score 0.2340
2025-01-08 14:09:44 - INFO - No improvement for 81 epochs
2025-01-08 14:09:56 - INFO - [Train] Epoch 00135 | train_loss 9.5982 | train_rmse 4.0288 | lr 0.000080
2025-01-08 14:09:56 - INFO - [Validate] Epoch 00135 | valid_rmse 4.9754 | valid_pr 0.9711 | valid_criterion 7.6506 | score 0.2349
2025-01-08 14:09:56 - INFO - No improvement for 82 epochs
2025-01-08 14:10:07 - INFO - [Train] Epoch 00136 | train_loss 10.0892 | train_rmse 4.1420 | lr 0.000080
2025-01-08 14:10:07 - INFO - [Validate] Epoch 00136 | valid_rmse 5.0817 | valid_pr 0.9723 | valid_criterion 7.5972 | score 0.2403
2025-01-08 14:10:07 - INFO - No improvement for 83 epochs
2025-01-08 14:10:19 - INFO - [Train] Epoch 00137 | train_loss 10.1522 | train_rmse 4.1743 | lr 0.000080
2025-01-08 14:10:19 - INFO - [Validate] Epoch 00137 | valid_rmse 5.1924 | valid_pr 0.9723 | valid_criterion 7.5730 | score 0.2427
2025-01-08 14:10:19 - INFO - No improvement for 84 epochs
2025-01-08 14:10:31 - INFO - [Train] Epoch 00138 | train_loss 10.5917 | train_rmse 4.3153 | lr 0.000080
2025-01-08 14:10:31 - INFO - [Validate] Epoch 00138 | valid_rmse 5.5637 | valid_pr 0.9733 | valid_criterion 7.5703 | score 0.2430
2025-01-08 14:10:31 - INFO - No improvement for 85 epochs
2025-01-08 14:10:43 - INFO - [Train] Epoch 00139 | train_loss 9.2831 | train_rmse 3.9513 | lr 0.000080
2025-01-08 14:10:43 - INFO - [Validate] Epoch 00139 | valid_rmse 4.9851 | valid_pr 0.9731 | valid_criterion 7.5181 | score 0.2482
2025-01-08 14:10:43 - INFO - No improvement for 86 epochs
2025-01-08 14:10:54 - INFO - [Train] Epoch 00140 | train_loss 9.8416 | train_rmse 4.1159 | lr 0.000080
2025-01-08 14:10:54 - INFO - [Validate] Epoch 00140 | valid_rmse 5.0694 | valid_pr 0.9730 | valid_criterion 7.5586 | score 0.2441
2025-01-08 14:10:54 - INFO - No improvement for 87 epochs
2025-01-08 14:11:06 - INFO - [Train] Epoch 00141 | train_loss 9.9708 | train_rmse 4.1582 | lr 0.000080
2025-01-08 14:11:06 - INFO - [Validate] Epoch 00141 | valid_rmse 5.1526 | valid_pr 0.9712 | valid_criterion 7.7520 | score 0.2248
2025-01-08 14:11:06 - INFO - No improvement for 88 epochs
2025-01-08 14:11:18 - INFO - [Train] Epoch 00142 | train_loss 10.3926 | train_rmse 4.1723 | lr 0.000080
2025-01-08 14:11:18 - INFO - [Validate] Epoch 00142 | valid_rmse 5.1743 | valid_pr 0.9720 | valid_criterion 7.5665 | score 0.2434
2025-01-08 14:11:18 - INFO - No improvement for 89 epochs
2025-01-08 14:11:30 - INFO - [Train] Epoch 00143 | train_loss 10.4372 | train_rmse 4.2815 | lr 0.000080
2025-01-08 14:11:30 - INFO - [Validate] Epoch 00143 | valid_rmse 5.5434 | valid_pr 0.9728 | valid_criterion 7.5646 | score 0.2435
2025-01-08 14:11:30 - INFO - No improvement for 90 epochs
2025-01-08 14:11:41 - INFO - [Train] Epoch 00144 | train_loss 10.7797 | train_rmse 4.3154 | lr 0.000080
2025-01-08 14:11:41 - INFO - [Validate] Epoch 00144 | valid_rmse 5.5821 | valid_pr 0.9727 | valid_criterion 7.5765 | score 0.2423
2025-01-08 14:11:41 - INFO - No improvement for 91 epochs
2025-01-08 14:11:53 - INFO - [Train] Epoch 00145 | train_loss 9.1111 | train_rmse 3.8862 | lr 0.000016
2025-01-08 14:11:53 - INFO - [Validate] Epoch 00145 | valid_rmse 5.3587 | valid_pr 0.9722 | valid_criterion 7.5277 | score 0.2472
2025-01-08 14:11:53 - INFO - No improvement for 92 epochs
2025-01-08 14:12:05 - INFO - [Train] Epoch 00146 | train_loss 9.9364 | train_rmse 4.0948 | lr 0.000016
2025-01-08 14:12:05 - INFO - [Validate] Epoch 00146 | valid_rmse 5.5839 | valid_pr 0.9714 | valid_criterion 7.6167 | score 0.2383
2025-01-08 14:12:05 - INFO - No improvement for 93 epochs
2025-01-08 14:12:17 - INFO - [Train] Epoch 00147 | train_loss 9.8606 | train_rmse 4.1128 | lr 0.000016
2025-01-08 14:12:17 - INFO - [Validate] Epoch 00147 | valid_rmse 5.3321 | valid_pr 0.9715 | valid_criterion 7.6550 | score 0.2345
2025-01-08 14:12:17 - INFO - No improvement for 94 epochs
2025-01-08 14:12:29 - INFO - [Train] Epoch 00148 | train_loss 10.8429 | train_rmse 4.3921 | lr 0.000016
2025-01-08 14:12:29 - INFO - [Validate] Epoch 00148 | valid_rmse 5.3069 | valid_pr 0.9727 | valid_criterion 7.5231 | score 0.2477
2025-01-08 14:12:29 - INFO - No improvement for 95 epochs
2025-01-08 14:12:40 - INFO - [Train] Epoch 00149 | train_loss 10.5279 | train_rmse 4.2594 | lr 0.000016
2025-01-08 14:12:40 - INFO - [Validate] Epoch 00149 | valid_rmse 5.3364 | valid_pr 0.9724 | valid_criterion 7.6138 | score 0.2386
2025-01-08 14:12:40 - INFO - No improvement for 96 epochs
2025-01-08 14:12:52 - INFO - [Train] Epoch 00150 | train_loss 9.0490 | train_rmse 3.8834 | lr 0.000016
2025-01-08 14:12:52 - INFO - [Validate] Epoch 00150 | valid_rmse 5.0944 | valid_pr 0.9726 | valid_criterion 7.5663 | score 0.2434
2025-01-08 14:12:52 - INFO - No improvement for 97 epochs
2025-01-08 14:13:04 - INFO - [Train] Epoch 00151 | train_loss 9.6303 | train_rmse 4.0460 | lr 0.000016
2025-01-08 14:13:04 - INFO - [Validate] Epoch 00151 | valid_rmse 4.8562 | valid_pr 0.9714 | valid_criterion 7.6064 | score 0.2394
2025-01-08 14:13:04 - INFO - No improvement for 98 epochs
2025-01-08 14:13:16 - INFO - [Train] Epoch 00152 | train_loss 10.4848 | train_rmse 4.2780 | lr 0.000016
2025-01-08 14:13:16 - INFO - [Validate] Epoch 00152 | valid_rmse 5.3862 | valid_pr 0.9719 | valid_criterion 7.6077 | score 0.2392
2025-01-08 14:13:16 - INFO - No improvement for 99 epochs
2025-01-08 14:13:28 - INFO - [Train] Epoch 00153 | train_loss 10.0873 | train_rmse 4.1666 | lr 0.000016
2025-01-08 14:13:28 - INFO - [Validate] Epoch 00153 | valid_rmse 4.8697 | valid_pr 0.9719 | valid_criterion 7.5684 | score 0.2432
2025-01-08 14:13:28 - INFO - No improvement for 100 epochs
2025-01-08 14:13:28 - INFO - Early stopping triggered. No improvement for 100 epochs
2025-01-08 14:13:28 - INFO - Best model was saved at epoch 53
2025-01-08 14:13:28 - INFO - [Validate] Epoch 00153 | valid_rmse1 4.623629 | valid_pr1 0.974445 | valid_criterion 7.348168
