2025-01-08 13:32:44 - INFO - 01.train.py
2025-01-08 13:32:44 - INFO - train data: 5192
2025-01-08 13:32:44 - INFO - valid data: 1122
2025-01-08 13:32:44 - INFO - Total parameters: 1212803
2025-01-08 13:32:44 - INFO - Trainable parameters: 1212803
2025-01-08 13:32:56 - INFO - [Train] Epoch 00000 | train_loss 827.8879 | train_rmse 41.8673 | lr 0.000201
2025-01-08 13:32:56 - INFO - [Validate] Epoch 00000 | valid_rmse 42.6238 | valid_pr -0.0324 | valid_criterion 24.2686 | score -1.4269
2025-01-08 13:32:56 - INFO - [Validate] Best score achieved: -1.426855
2025-01-08 13:33:08 - INFO - [Train] Epoch 00001 | train_loss 783.3894 | train_rmse 41.1445 | lr 0.000401
2025-01-08 13:33:08 - INFO - [Validate] Epoch 00001 | valid_rmse 41.1207 | valid_pr 0.5503 | valid_criterion 24.0780 | score -1.4078
2025-01-08 13:33:08 - INFO - [Validate] Best score achieved: -1.407801
2025-01-08 13:33:20 - INFO - [Train] Epoch 00002 | train_loss 647.9388 | train_rmse 38.2704 | lr 0.000601
2025-01-08 13:33:20 - INFO - [Validate] Epoch 00002 | valid_rmse 38.6402 | valid_pr 0.8187 | valid_criterion 30.8940 | score -2.0894
2025-01-08 13:33:20 - INFO - No improvement for 1 epochs
2025-01-08 13:33:32 - INFO - [Train] Epoch 00003 | train_loss 436.6916 | train_rmse 31.7661 | lr 0.000801
2025-01-08 13:33:32 - INFO - [Validate] Epoch 00003 | valid_rmse 23.5073 | valid_pr 0.8036 | valid_criterion 21.9024 | score -1.1902
2025-01-08 13:33:32 - INFO - [Validate] Best score achieved: -1.190244
2025-01-08 13:33:44 - INFO - [Train] Epoch 00004 | train_loss 71.3974 | train_rmse 12.6386 | lr 0.001001
2025-01-08 13:33:44 - INFO - [Validate] Epoch 00004 | valid_rmse 10.3345 | valid_pr 0.8908 | valid_criterion 11.4087 | score -0.1409
2025-01-08 13:33:44 - INFO - [Validate] Best score achieved: -0.140867
2025-01-08 13:33:56 - INFO - [Train] Epoch 00005 | train_loss 28.9763 | train_rmse 7.6337 | lr 0.001201
2025-01-08 13:33:56 - INFO - [Validate] Epoch 00005 | valid_rmse 7.3491 | valid_pr 0.9316 | valid_criterion 11.4877 | score -0.1488
2025-01-08 13:33:56 - INFO - No improvement for 1 epochs
2025-01-08 13:34:08 - INFO - [Train] Epoch 00006 | train_loss 25.6522 | train_rmse 7.1449 | lr 0.001401
2025-01-08 13:34:08 - INFO - [Validate] Epoch 00006 | valid_rmse 10.1096 | valid_pr 0.8759 | valid_criterion 10.9958 | score -0.0996
2025-01-08 13:34:08 - INFO - [Validate] Best score achieved: -0.099579
2025-01-08 13:34:19 - INFO - [Train] Epoch 00007 | train_loss 24.1147 | train_rmse 6.9278 | lr 0.001601
2025-01-08 13:34:19 - INFO - [Validate] Epoch 00007 | valid_rmse 7.4170 | valid_pr 0.9284 | valid_criterion 9.5840 | score 0.0416
2025-01-08 13:34:19 - INFO - [Validate] Best score achieved: 0.041600
2025-01-08 13:34:31 - INFO - [Train] Epoch 00008 | train_loss 24.2861 | train_rmse 6.8653 | lr 0.001801
2025-01-08 13:34:31 - INFO - [Validate] Epoch 00008 | valid_rmse 8.6861 | valid_pr 0.9152 | valid_criterion 13.2578 | score -0.3258
2025-01-08 13:34:31 - INFO - No improvement for 1 epochs
2025-01-08 13:34:43 - INFO - [Train] Epoch 00009 | train_loss 22.4711 | train_rmse 6.6562 | lr 0.002001
2025-01-08 13:34:43 - INFO - [Validate] Epoch 00009 | valid_rmse 7.0268 | valid_pr 0.9492 | valid_criterion 9.9820 | score 0.0018
2025-01-08 13:34:43 - INFO - No improvement for 2 epochs
2025-01-08 13:34:55 - INFO - [Train] Epoch 00010 | train_loss 21.4685 | train_rmse 6.4917 | lr 0.002201
2025-01-08 13:34:55 - INFO - [Validate] Epoch 00010 | valid_rmse 7.8688 | valid_pr 0.9275 | valid_criterion 11.4153 | score -0.1415
2025-01-08 13:34:55 - INFO - No improvement for 3 epochs
2025-01-08 13:35:07 - INFO - [Train] Epoch 00011 | train_loss 20.1034 | train_rmse 6.2436 | lr 0.002401
2025-01-08 13:35:07 - INFO - [Validate] Epoch 00011 | valid_rmse 7.3011 | valid_pr 0.9308 | valid_criterion 10.2867 | score -0.0287
2025-01-08 13:35:07 - INFO - No improvement for 4 epochs
2025-01-08 13:35:19 - INFO - [Train] Epoch 00012 | train_loss 20.0012 | train_rmse 6.1081 | lr 0.002601
2025-01-08 13:35:19 - INFO - [Validate] Epoch 00012 | valid_rmse 6.5986 | valid_pr 0.9592 | valid_criterion 9.1793 | score 0.0821
2025-01-08 13:35:19 - INFO - [Validate] Best score achieved: 0.082066
2025-01-08 13:35:31 - INFO - [Train] Epoch 00013 | train_loss 20.3581 | train_rmse 6.2133 | lr 0.002801
2025-01-08 13:35:31 - INFO - [Validate] Epoch 00013 | valid_rmse 6.3993 | valid_pr 0.9473 | valid_criterion 7.9635 | score 0.2037
2025-01-08 13:35:31 - INFO - [Validate] Best score achieved: 0.203655
2025-01-08 13:35:43 - INFO - [Train] Epoch 00014 | train_loss 21.3289 | train_rmse 6.3646 | lr 0.003001
2025-01-08 13:35:43 - INFO - [Validate] Epoch 00014 | valid_rmse 7.1900 | valid_pr 0.9438 | valid_criterion 8.5223 | score 0.1478
2025-01-08 13:35:43 - INFO - No improvement for 1 epochs
2025-01-08 13:35:55 - INFO - [Train] Epoch 00015 | train_loss 18.4135 | train_rmse 5.9118 | lr 0.003201
2025-01-08 13:35:55 - INFO - [Validate] Epoch 00015 | valid_rmse 6.8596 | valid_pr 0.9498 | valid_criterion 8.2035 | score 0.1797
2025-01-08 13:35:55 - INFO - No improvement for 2 epochs
2025-01-08 13:36:07 - INFO - [Train] Epoch 00016 | train_loss 16.6992 | train_rmse 5.6208 | lr 0.003401
2025-01-08 13:36:07 - INFO - [Validate] Epoch 00016 | valid_rmse 6.1617 | valid_pr 0.9523 | valid_criterion 8.5761 | score 0.1424
2025-01-08 13:36:07 - INFO - No improvement for 3 epochs
2025-01-08 13:36:20 - INFO - [Train] Epoch 00017 | train_loss 16.7789 | train_rmse 5.5454 | lr 0.003601
2025-01-08 13:36:20 - INFO - [Validate] Epoch 00017 | valid_rmse 7.4101 | valid_pr 0.9632 | valid_criterion 9.2000 | score 0.0800
2025-01-08 13:36:20 - INFO - No improvement for 4 epochs
2025-01-08 13:36:31 - INFO - [Train] Epoch 00018 | train_loss 16.7487 | train_rmse 5.5439 | lr 0.003801
2025-01-08 13:36:31 - INFO - [Validate] Epoch 00018 | valid_rmse 6.2534 | valid_pr 0.9552 | valid_criterion 9.6467 | score 0.0353
2025-01-08 13:36:31 - INFO - No improvement for 5 epochs
2025-01-08 13:36:43 - INFO - [Train] Epoch 00019 | train_loss 17.0302 | train_rmse 5.5291 | lr 0.004001
2025-01-08 13:36:43 - INFO - [Validate] Epoch 00019 | valid_rmse 6.0598 | valid_pr 0.9584 | valid_criterion 8.4985 | score 0.1501
2025-01-08 13:36:43 - INFO - No improvement for 6 epochs
2025-01-08 13:36:55 - INFO - [Train] Epoch 00020 | train_loss 19.3574 | train_rmse 5.9669 | lr 0.004201
2025-01-08 13:36:55 - INFO - [Validate] Epoch 00020 | valid_rmse 5.8101 | valid_pr 0.9675 | valid_criterion 7.7412 | score 0.2259
2025-01-08 13:36:55 - INFO - [Validate] Best score achieved: 0.225880
2025-01-08 13:37:07 - INFO - [Train] Epoch 00021 | train_loss 18.3601 | train_rmse 5.8097 | lr 0.004401
2025-01-08 13:37:07 - INFO - [Validate] Epoch 00021 | valid_rmse 6.2018 | valid_pr 0.9492 | valid_criterion 9.1929 | score 0.0807
2025-01-08 13:37:07 - INFO - No improvement for 1 epochs
2025-01-08 13:37:19 - INFO - [Train] Epoch 00022 | train_loss 17.1050 | train_rmse 5.5807 | lr 0.004601
2025-01-08 13:37:19 - INFO - [Validate] Epoch 00022 | valid_rmse 6.1760 | valid_pr 0.9594 | valid_criterion 9.7956 | score 0.0204
2025-01-08 13:37:19 - INFO - No improvement for 2 epochs
2025-01-08 13:37:31 - INFO - [Train] Epoch 00023 | train_loss 18.6412 | train_rmse 5.8489 | lr 0.004801
2025-01-08 13:37:31 - INFO - [Validate] Epoch 00023 | valid_rmse 5.9933 | valid_pr 0.9554 | valid_criterion 9.0519 | score 0.0948
2025-01-08 13:37:31 - INFO - No improvement for 3 epochs
2025-01-08 13:37:43 - INFO - [Train] Epoch 00024 | train_loss 15.8784 | train_rmse 5.2724 | lr 0.005001
2025-01-08 13:37:43 - INFO - [Validate] Epoch 00024 | valid_rmse 5.5724 | valid_pr 0.9614 | valid_criterion 8.2595 | score 0.1741
2025-01-08 13:37:43 - INFO - No improvement for 4 epochs
2025-01-08 13:37:55 - INFO - [Train] Epoch 00025 | train_loss 15.7528 | train_rmse 5.2926 | lr 0.005200
2025-01-08 13:37:55 - INFO - [Validate] Epoch 00025 | valid_rmse 5.7492 | valid_pr 0.9647 | valid_criterion 8.3929 | score 0.1607
2025-01-08 13:37:55 - INFO - No improvement for 5 epochs
2025-01-08 13:38:07 - INFO - [Train] Epoch 00026 | train_loss 16.0063 | train_rmse 5.3370 | lr 0.005400
2025-01-08 13:38:07 - INFO - [Validate] Epoch 00026 | valid_rmse 6.7455 | valid_pr 0.9496 | valid_criterion 8.4240 | score 0.1576
2025-01-08 13:38:07 - INFO - No improvement for 6 epochs
2025-01-08 13:38:19 - INFO - [Train] Epoch 00027 | train_loss 15.2769 | train_rmse 5.1919 | lr 0.005600
2025-01-08 13:38:19 - INFO - [Validate] Epoch 00027 | valid_rmse 5.8471 | valid_pr 0.9633 | valid_criterion 8.3895 | score 0.1611
2025-01-08 13:38:19 - INFO - No improvement for 7 epochs
2025-01-08 13:38:31 - INFO - [Train] Epoch 00028 | train_loss 16.2952 | train_rmse 5.4640 | lr 0.005800
2025-01-08 13:38:31 - INFO - [Validate] Epoch 00028 | valid_rmse 5.5386 | valid_pr 0.9630 | valid_criterion 8.7021 | score 0.1298
2025-01-08 13:38:31 - INFO - No improvement for 8 epochs
2025-01-08 13:38:43 - INFO - [Train] Epoch 00029 | train_loss 16.5804 | train_rmse 5.5122 | lr 0.006000
2025-01-08 13:38:43 - INFO - [Validate] Epoch 00029 | valid_rmse 5.2708 | valid_pr 0.9650 | valid_criterion 8.4681 | score 0.1532
2025-01-08 13:38:43 - INFO - No improvement for 9 epochs
2025-01-08 13:38:55 - INFO - [Train] Epoch 00030 | train_loss 17.2673 | train_rmse 5.5611 | lr 0.006200
2025-01-08 13:38:55 - INFO - [Validate] Epoch 00030 | valid_rmse 5.6555 | valid_pr 0.9627 | valid_criterion 8.7457 | score 0.1254
2025-01-08 13:38:55 - INFO - No improvement for 10 epochs
2025-01-08 13:39:07 - INFO - [Train] Epoch 00031 | train_loss 18.2468 | train_rmse 5.7656 | lr 0.006400
2025-01-08 13:39:07 - INFO - [Validate] Epoch 00031 | valid_rmse 5.5177 | valid_pr 0.9621 | valid_criterion 8.0329 | score 0.1967
2025-01-08 13:39:07 - INFO - No improvement for 11 epochs
2025-01-08 13:39:19 - INFO - [Train] Epoch 00032 | train_loss 15.0606 | train_rmse 5.1255 | lr 0.006600
2025-01-08 13:39:19 - INFO - [Validate] Epoch 00032 | valid_rmse 6.0526 | valid_pr 0.9632 | valid_criterion 7.9185 | score 0.2082
2025-01-08 13:39:19 - INFO - No improvement for 12 epochs
2025-01-08 13:39:31 - INFO - [Train] Epoch 00033 | train_loss 16.6232 | train_rmse 5.3561 | lr 0.006800
2025-01-08 13:39:31 - INFO - [Validate] Epoch 00033 | valid_rmse 6.2545 | valid_pr 0.9491 | valid_criterion 9.7233 | score 0.0277
2025-01-08 13:39:31 - INFO - No improvement for 13 epochs
2025-01-08 13:39:43 - INFO - [Train] Epoch 00034 | train_loss 18.9581 | train_rmse 5.8443 | lr 0.007000
2025-01-08 13:39:43 - INFO - [Validate] Epoch 00034 | valid_rmse 5.4300 | valid_pr 0.9643 | valid_criterion 8.0568 | score 0.1943
2025-01-08 13:39:43 - INFO - No improvement for 14 epochs
2025-01-08 13:39:55 - INFO - [Train] Epoch 00035 | train_loss 16.5646 | train_rmse 5.3662 | lr 0.007200
2025-01-08 13:39:55 - INFO - [Validate] Epoch 00035 | valid_rmse 5.0174 | valid_pr 0.9725 | valid_criterion 7.2108 | score 0.2789
2025-01-08 13:39:55 - INFO - [Validate] Best score achieved: 0.278918
2025-01-08 13:40:07 - INFO - [Train] Epoch 00036 | train_loss 16.4212 | train_rmse 5.3163 | lr 0.007400
2025-01-08 13:40:07 - INFO - [Validate] Epoch 00036 | valid_rmse 5.0151 | valid_pr 0.9692 | valid_criterion 8.0300 | score 0.1970
2025-01-08 13:40:07 - INFO - No improvement for 1 epochs
2025-01-08 13:40:19 - INFO - [Train] Epoch 00037 | train_loss 16.8409 | train_rmse 5.3600 | lr 0.007600
2025-01-08 13:40:19 - INFO - [Validate] Epoch 00037 | valid_rmse 6.0296 | valid_pr 0.9638 | valid_criterion 10.0315 | score -0.0031
2025-01-08 13:40:19 - INFO - No improvement for 2 epochs
2025-01-08 13:40:30 - INFO - [Train] Epoch 00038 | train_loss 17.3778 | train_rmse 5.4648 | lr 0.007800
2025-01-08 13:40:30 - INFO - [Validate] Epoch 00038 | valid_rmse 5.9954 | valid_pr 0.9614 | valid_criterion 10.0853 | score -0.0085
2025-01-08 13:40:30 - INFO - No improvement for 3 epochs
2025-01-08 13:40:42 - INFO - [Train] Epoch 00039 | train_loss 16.7210 | train_rmse 5.3326 | lr 0.008000
2025-01-08 13:40:42 - INFO - [Validate] Epoch 00039 | valid_rmse 6.8751 | valid_pr 0.9520 | valid_criterion 9.2344 | score 0.0766
2025-01-08 13:40:42 - INFO - No improvement for 4 epochs
2025-01-08 13:40:54 - INFO - [Train] Epoch 00040 | train_loss 18.0384 | train_rmse 5.6167 | lr 0.008200
2025-01-08 13:40:54 - INFO - [Validate] Epoch 00040 | valid_rmse 5.2327 | valid_pr 0.9695 | valid_criterion 7.9730 | score 0.2027
2025-01-08 13:40:54 - INFO - No improvement for 5 epochs
2025-01-08 13:41:06 - INFO - [Train] Epoch 00041 | train_loss 16.6666 | train_rmse 5.3340 | lr 0.008400
2025-01-08 13:41:06 - INFO - [Validate] Epoch 00041 | valid_rmse 5.9873 | valid_pr 0.9623 | valid_criterion 8.6801 | score 0.1320
2025-01-08 13:41:06 - INFO - No improvement for 6 epochs
2025-01-08 13:41:18 - INFO - [Train] Epoch 00042 | train_loss 15.8472 | train_rmse 5.1400 | lr 0.008600
2025-01-08 13:41:18 - INFO - [Validate] Epoch 00042 | valid_rmse 6.1813 | valid_pr 0.9632 | valid_criterion 8.8453 | score 0.1155
2025-01-08 13:41:18 - INFO - No improvement for 7 epochs
2025-01-08 13:41:30 - INFO - [Train] Epoch 00043 | train_loss 17.5195 | train_rmse 5.4770 | lr 0.008800
2025-01-08 13:41:30 - INFO - [Validate] Epoch 00043 | valid_rmse 5.8817 | valid_pr 0.9628 | valid_criterion 8.6571 | score 0.1343
2025-01-08 13:41:30 - INFO - No improvement for 8 epochs
2025-01-08 13:41:43 - INFO - [Train] Epoch 00044 | train_loss 16.3720 | train_rmse 5.2385 | lr 0.009000
2025-01-08 13:41:43 - INFO - [Validate] Epoch 00044 | valid_rmse 5.6445 | valid_pr 0.9672 | valid_criterion 9.0279 | score 0.0972
2025-01-08 13:41:43 - INFO - No improvement for 9 epochs
2025-01-08 13:41:55 - INFO - [Train] Epoch 00045 | train_loss 16.6689 | train_rmse 5.2563 | lr 0.009200
2025-01-08 13:41:55 - INFO - [Validate] Epoch 00045 | valid_rmse 5.0547 | valid_pr 0.9667 | valid_criterion 8.0834 | score 0.1917
2025-01-08 13:41:55 - INFO - No improvement for 10 epochs
2025-01-08 13:42:06 - INFO - [Train] Epoch 00046 | train_loss 16.1181 | train_rmse 5.2037 | lr 0.009400
2025-01-08 13:42:06 - INFO - [Validate] Epoch 00046 | valid_rmse 5.6853 | valid_pr 0.9658 | valid_criterion 8.4346 | score 0.1565
2025-01-08 13:42:06 - INFO - No improvement for 11 epochs
2025-01-08 13:42:18 - INFO - [Train] Epoch 00047 | train_loss 17.2362 | train_rmse 5.4319 | lr 0.009600
2025-01-08 13:42:18 - INFO - [Validate] Epoch 00047 | valid_rmse 6.3236 | valid_pr 0.9633 | valid_criterion 7.5475 | score 0.2453
2025-01-08 13:42:18 - INFO - No improvement for 12 epochs
2025-01-08 13:42:30 - INFO - [Train] Epoch 00048 | train_loss 15.4453 | train_rmse 5.0355 | lr 0.009800
2025-01-08 13:42:30 - INFO - [Validate] Epoch 00048 | valid_rmse 5.5579 | valid_pr 0.9641 | valid_criterion 8.8765 | score 0.1123
2025-01-08 13:42:30 - INFO - No improvement for 13 epochs
2025-01-08 13:42:42 - INFO - [Train] Epoch 00049 | train_loss 17.5236 | train_rmse 5.3856 | lr 0.010000
2025-01-08 13:42:42 - INFO - [Validate] Epoch 00049 | valid_rmse 5.2514 | valid_pr 0.9662 | valid_criterion 8.0832 | score 0.1917
2025-01-08 13:42:42 - INFO - No improvement for 14 epochs
2025-01-08 13:42:54 - INFO - [Train] Epoch 00050 | train_loss 18.7642 | train_rmse 5.7003 | lr 0.010000
2025-01-08 13:42:54 - INFO - [Validate] Epoch 00050 | valid_rmse 4.9498 | valid_pr 0.9680 | valid_criterion 8.2748 | score 0.1725
2025-01-08 13:42:54 - INFO - No improvement for 15 epochs
2025-01-08 13:43:06 - INFO - [Train] Epoch 00051 | train_loss 16.8915 | train_rmse 5.1837 | lr 0.010000
2025-01-08 13:43:06 - INFO - [Validate] Epoch 00051 | valid_rmse 5.2198 | valid_pr 0.9665 | valid_criterion 8.8350 | score 0.1165
2025-01-08 13:43:06 - INFO - No improvement for 16 epochs
2025-01-08 13:43:18 - INFO - [Train] Epoch 00052 | train_loss 16.5963 | train_rmse 5.2128 | lr 0.010000
2025-01-08 13:43:18 - INFO - [Validate] Epoch 00052 | valid_rmse 5.1393 | valid_pr 0.9722 | valid_criterion 7.9235 | score 0.2076
2025-01-08 13:43:18 - INFO - No improvement for 17 epochs
2025-01-08 13:43:30 - INFO - [Train] Epoch 00053 | train_loss 18.2312 | train_rmse 5.5315 | lr 0.010000
2025-01-08 13:43:30 - INFO - [Validate] Epoch 00053 | valid_rmse 5.3666 | valid_pr 0.9678 | valid_criterion 8.3841 | score 0.1616
2025-01-08 13:43:30 - INFO - No improvement for 18 epochs
2025-01-08 13:43:42 - INFO - [Train] Epoch 00054 | train_loss 16.5247 | train_rmse 5.1858 | lr 0.010000
2025-01-08 13:43:42 - INFO - [Validate] Epoch 00054 | valid_rmse 4.7754 | valid_pr 0.9719 | valid_criterion 7.5894 | score 0.2411
2025-01-08 13:43:42 - INFO - No improvement for 19 epochs
2025-01-08 13:43:53 - INFO - [Train] Epoch 00055 | train_loss 16.6400 | train_rmse 5.1945 | lr 0.010000
2025-01-08 13:43:53 - INFO - [Validate] Epoch 00055 | valid_rmse 5.2199 | valid_pr 0.9656 | valid_criterion 8.4386 | score 0.1561
2025-01-08 13:43:53 - INFO - No improvement for 20 epochs
2025-01-08 13:44:05 - INFO - [Train] Epoch 00056 | train_loss 15.8633 | train_rmse 5.0215 | lr 0.010000
2025-01-08 13:44:05 - INFO - [Validate] Epoch 00056 | valid_rmse 5.3938 | valid_pr 0.9689 | valid_criterion 8.3265 | score 0.1673
2025-01-08 13:44:05 - INFO - No improvement for 21 epochs
2025-01-08 13:44:17 - INFO - [Train] Epoch 00057 | train_loss 16.5092 | train_rmse 5.1350 | lr 0.010000
2025-01-08 13:44:17 - INFO - [Validate] Epoch 00057 | valid_rmse 4.3307 | valid_pr 0.9756 | valid_criterion 7.1049 | score 0.2895
2025-01-08 13:44:17 - INFO - [Validate] Best score achieved: 0.289514
2025-01-08 13:44:29 - INFO - [Train] Epoch 00058 | train_loss 16.6587 | train_rmse 5.2492 | lr 0.010000
2025-01-08 13:44:29 - INFO - [Validate] Epoch 00058 | valid_rmse 5.4058 | valid_pr 0.9711 | valid_criterion 7.5426 | score 0.2457
2025-01-08 13:44:29 - INFO - No improvement for 1 epochs
2025-01-08 13:44:41 - INFO - [Train] Epoch 00059 | train_loss 16.6372 | train_rmse 5.1430 | lr 0.010000
2025-01-08 13:44:41 - INFO - [Validate] Epoch 00059 | valid_rmse 4.9644 | valid_pr 0.9734 | valid_criterion 8.0991 | score 0.1901
2025-01-08 13:44:41 - INFO - No improvement for 2 epochs
2025-01-08 13:44:53 - INFO - [Train] Epoch 00060 | train_loss 16.2991 | train_rmse 5.1479 | lr 0.010000
2025-01-08 13:44:53 - INFO - [Validate] Epoch 00060 | valid_rmse 5.8052 | valid_pr 0.9637 | valid_criterion 8.6887 | score 0.1311
2025-01-08 13:44:53 - INFO - No improvement for 3 epochs
2025-01-08 13:45:05 - INFO - [Train] Epoch 00061 | train_loss 15.5903 | train_rmse 4.9723 | lr 0.010000
2025-01-08 13:45:05 - INFO - [Validate] Epoch 00061 | valid_rmse 6.0388 | valid_pr 0.9626 | valid_criterion 7.7449 | score 0.2255
2025-01-08 13:45:05 - INFO - No improvement for 4 epochs
2025-01-08 13:45:17 - INFO - [Train] Epoch 00062 | train_loss 13.6334 | train_rmse 4.5718 | lr 0.010000
2025-01-08 13:45:17 - INFO - [Validate] Epoch 00062 | valid_rmse 5.0938 | valid_pr 0.9741 | valid_criterion 7.6778 | score 0.2322
2025-01-08 13:45:17 - INFO - No improvement for 5 epochs
2025-01-08 13:45:29 - INFO - [Train] Epoch 00063 | train_loss 14.9843 | train_rmse 4.8396 | lr 0.010000
2025-01-08 13:45:29 - INFO - [Validate] Epoch 00063 | valid_rmse 7.4342 | valid_pr 0.9639 | valid_criterion 10.1165 | score -0.0116
2025-01-08 13:45:29 - INFO - No improvement for 6 epochs
2025-01-08 13:45:41 - INFO - [Train] Epoch 00064 | train_loss 15.4241 | train_rmse 4.9576 | lr 0.010000
2025-01-08 13:45:41 - INFO - [Validate] Epoch 00064 | valid_rmse 6.1292 | valid_pr 0.9633 | valid_criterion 8.2008 | score 0.1799
2025-01-08 13:45:41 - INFO - No improvement for 7 epochs
2025-01-08 13:45:53 - INFO - [Train] Epoch 00065 | train_loss 15.5501 | train_rmse 4.9581 | lr 0.010000
2025-01-08 13:45:53 - INFO - [Validate] Epoch 00065 | valid_rmse 6.4822 | valid_pr 0.9706 | valid_criterion 7.8024 | score 0.2198
2025-01-08 13:45:53 - INFO - No improvement for 8 epochs
2025-01-08 13:46:05 - INFO - [Train] Epoch 00066 | train_loss 16.9178 | train_rmse 5.2707 | lr 0.010000
2025-01-08 13:46:05 - INFO - [Validate] Epoch 00066 | valid_rmse 4.8624 | valid_pr 0.9699 | valid_criterion 8.0842 | score 0.1916
2025-01-08 13:46:05 - INFO - No improvement for 9 epochs
2025-01-08 13:46:17 - INFO - [Train] Epoch 00067 | train_loss 13.2228 | train_rmse 4.4878 | lr 0.010000
2025-01-08 13:46:17 - INFO - [Validate] Epoch 00067 | valid_rmse 5.0538 | valid_pr 0.9708 | valid_criterion 7.8685 | score 0.2131
2025-01-08 13:46:17 - INFO - No improvement for 10 epochs
2025-01-08 13:46:29 - INFO - [Train] Epoch 00068 | train_loss 15.0666 | train_rmse 4.9186 | lr 0.010000
2025-01-08 13:46:29 - INFO - [Validate] Epoch 00068 | valid_rmse 5.5251 | valid_pr 0.9766 | valid_criterion 7.4138 | score 0.2586
2025-01-08 13:46:29 - INFO - No improvement for 11 epochs
2025-01-08 13:46:41 - INFO - [Train] Epoch 00069 | train_loss 14.1954 | train_rmse 4.8025 | lr 0.010000
2025-01-08 13:46:41 - INFO - [Validate] Epoch 00069 | valid_rmse 4.6688 | valid_pr 0.9723 | valid_criterion 7.7298 | score 0.2270
2025-01-08 13:46:41 - INFO - No improvement for 12 epochs
2025-01-08 13:46:53 - INFO - [Train] Epoch 00070 | train_loss 15.9524 | train_rmse 5.1581 | lr 0.010000
2025-01-08 13:46:53 - INFO - [Validate] Epoch 00070 | valid_rmse 6.0799 | valid_pr 0.9697 | valid_criterion 7.8932 | score 0.2107
2025-01-08 13:46:53 - INFO - No improvement for 13 epochs
2025-01-08 13:47:05 - INFO - [Train] Epoch 00071 | train_loss 16.2259 | train_rmse 5.1752 | lr 0.010000
2025-01-08 13:47:05 - INFO - [Validate] Epoch 00071 | valid_rmse 5.3441 | valid_pr 0.9702 | valid_criterion 8.1559 | score 0.1844
2025-01-08 13:47:05 - INFO - No improvement for 14 epochs
2025-01-08 13:47:17 - INFO - [Train] Epoch 00072 | train_loss 13.4437 | train_rmse 4.5786 | lr 0.010000
2025-01-08 13:47:17 - INFO - [Validate] Epoch 00072 | valid_rmse 6.6081 | valid_pr 0.9692 | valid_criterion 8.1858 | score 0.1814
2025-01-08 13:47:17 - INFO - No improvement for 15 epochs
2025-01-08 13:47:29 - INFO - [Train] Epoch 00073 | train_loss 14.5067 | train_rmse 4.7855 | lr 0.010000
2025-01-08 13:47:29 - INFO - [Validate] Epoch 00073 | valid_rmse 5.3414 | valid_pr 0.9661 | valid_criterion 8.4538 | score 0.1546
2025-01-08 13:47:29 - INFO - No improvement for 16 epochs
2025-01-08 13:47:41 - INFO - [Train] Epoch 00074 | train_loss 13.0753 | train_rmse 4.5208 | lr 0.010000
2025-01-08 13:47:41 - INFO - [Validate] Epoch 00074 | valid_rmse 5.3584 | valid_pr 0.9709 | valid_criterion 8.6813 | score 0.1319
2025-01-08 13:47:41 - INFO - No improvement for 17 epochs
2025-01-08 13:47:53 - INFO - [Train] Epoch 00075 | train_loss 14.4012 | train_rmse 4.8263 | lr 0.010000
2025-01-08 13:47:53 - INFO - [Validate] Epoch 00075 | valid_rmse 5.2675 | valid_pr 0.9722 | valid_criterion 8.2466 | score 0.1753
2025-01-08 13:47:53 - INFO - No improvement for 18 epochs
2025-01-08 13:48:05 - INFO - [Train] Epoch 00076 | train_loss 16.1255 | train_rmse 5.1997 | lr 0.010000
2025-01-08 13:48:05 - INFO - [Validate] Epoch 00076 | valid_rmse 5.4237 | valid_pr 0.9689 | valid_criterion 8.3894 | score 0.1611
2025-01-08 13:48:05 - INFO - No improvement for 19 epochs
2025-01-08 13:48:17 - INFO - [Train] Epoch 00077 | train_loss 14.4802 | train_rmse 4.7978 | lr 0.010000
2025-01-08 13:48:17 - INFO - [Validate] Epoch 00077 | valid_rmse 4.8015 | valid_pr 0.9717 | valid_criterion 7.7032 | score 0.2297
2025-01-08 13:48:17 - INFO - No improvement for 20 epochs
2025-01-08 13:48:29 - INFO - [Train] Epoch 00078 | train_loss 13.3934 | train_rmse 4.5908 | lr 0.002000
2025-01-08 13:48:29 - INFO - [Validate] Epoch 00078 | valid_rmse 5.2233 | valid_pr 0.9675 | valid_criterion 8.0509 | score 0.1949
2025-01-08 13:48:29 - INFO - No improvement for 21 epochs
2025-01-08 13:48:41 - INFO - [Train] Epoch 00079 | train_loss 11.3727 | train_rmse 4.1059 | lr 0.002000
2025-01-08 13:48:41 - INFO - [Validate] Epoch 00079 | valid_rmse 4.9109 | valid_pr 0.9712 | valid_criterion 7.8526 | score 0.2147
2025-01-08 13:48:41 - INFO - No improvement for 22 epochs
2025-01-08 13:48:53 - INFO - [Train] Epoch 00080 | train_loss 11.3355 | train_rmse 4.1073 | lr 0.002000
2025-01-08 13:48:53 - INFO - [Validate] Epoch 00080 | valid_rmse 4.7945 | valid_pr 0.9720 | valid_criterion 7.7930 | score 0.2207
2025-01-08 13:48:53 - INFO - No improvement for 23 epochs
2025-01-08 13:49:05 - INFO - [Train] Epoch 00081 | train_loss 11.3238 | train_rmse 4.1207 | lr 0.002000
2025-01-08 13:49:05 - INFO - [Validate] Epoch 00081 | valid_rmse 5.1737 | valid_pr 0.9718 | valid_criterion 7.8090 | score 0.2191
2025-01-08 13:49:05 - INFO - No improvement for 24 epochs
2025-01-08 13:49:17 - INFO - [Train] Epoch 00082 | train_loss 11.3504 | train_rmse 4.1507 | lr 0.002000
2025-01-08 13:49:17 - INFO - [Validate] Epoch 00082 | valid_rmse 4.7367 | valid_pr 0.9723 | valid_criterion 7.7214 | score 0.2279
2025-01-08 13:49:17 - INFO - No improvement for 25 epochs
2025-01-08 13:49:29 - INFO - [Train] Epoch 00083 | train_loss 10.7366 | train_rmse 3.9993 | lr 0.002000
2025-01-08 13:49:29 - INFO - [Validate] Epoch 00083 | valid_rmse 4.9148 | valid_pr 0.9720 | valid_criterion 7.7401 | score 0.2260
2025-01-08 13:49:29 - INFO - No improvement for 26 epochs
2025-01-08 13:49:41 - INFO - [Train] Epoch 00084 | train_loss 10.6499 | train_rmse 4.0488 | lr 0.002000
2025-01-08 13:49:41 - INFO - [Validate] Epoch 00084 | valid_rmse 4.8416 | valid_pr 0.9730 | valid_criterion 7.8079 | score 0.2192
2025-01-08 13:49:41 - INFO - No improvement for 27 epochs
2025-01-08 13:49:53 - INFO - [Train] Epoch 00085 | train_loss 12.4741 | train_rmse 4.4361 | lr 0.002000
2025-01-08 13:49:53 - INFO - [Validate] Epoch 00085 | valid_rmse 5.0312 | valid_pr 0.9732 | valid_criterion 8.1129 | score 0.1887
2025-01-08 13:49:53 - INFO - No improvement for 28 epochs
2025-01-08 13:50:05 - INFO - [Train] Epoch 00086 | train_loss 11.2961 | train_rmse 4.2160 | lr 0.002000
2025-01-08 13:50:05 - INFO - [Validate] Epoch 00086 | valid_rmse 5.2747 | valid_pr 0.9710 | valid_criterion 7.9764 | score 0.2024
2025-01-08 13:50:05 - INFO - No improvement for 29 epochs
2025-01-08 13:50:17 - INFO - [Train] Epoch 00087 | train_loss 10.7409 | train_rmse 4.0590 | lr 0.002000
2025-01-08 13:50:17 - INFO - [Validate] Epoch 00087 | valid_rmse 4.8744 | valid_pr 0.9718 | valid_criterion 7.8757 | score 0.2124
2025-01-08 13:50:17 - INFO - No improvement for 30 epochs
2025-01-08 13:50:29 - INFO - [Train] Epoch 00088 | train_loss 11.6410 | train_rmse 4.3315 | lr 0.002000
2025-01-08 13:50:29 - INFO - [Validate] Epoch 00088 | valid_rmse 4.8708 | valid_pr 0.9719 | valid_criterion 7.8057 | score 0.2194
2025-01-08 13:50:29 - INFO - No improvement for 31 epochs
2025-01-08 13:50:41 - INFO - [Train] Epoch 00089 | train_loss 11.0069 | train_rmse 4.1301 | lr 0.002000
2025-01-08 13:50:41 - INFO - [Validate] Epoch 00089 | valid_rmse 5.1253 | valid_pr 0.9721 | valid_criterion 7.7199 | score 0.2280
2025-01-08 13:50:41 - INFO - No improvement for 32 epochs
2025-01-08 13:50:52 - INFO - [Train] Epoch 00090 | train_loss 10.6335 | train_rmse 4.0262 | lr 0.002000
2025-01-08 13:50:52 - INFO - [Validate] Epoch 00090 | valid_rmse 4.7440 | valid_pr 0.9719 | valid_criterion 7.6808 | score 0.2319
2025-01-08 13:50:52 - INFO - No improvement for 33 epochs
2025-01-08 13:51:04 - INFO - [Train] Epoch 00091 | train_loss 11.3321 | train_rmse 4.2301 | lr 0.002000
2025-01-08 13:51:04 - INFO - [Validate] Epoch 00091 | valid_rmse 5.0990 | valid_pr 0.9724 | valid_criterion 8.0733 | score 0.1927
2025-01-08 13:51:04 - INFO - No improvement for 34 epochs
2025-01-08 13:51:17 - INFO - [Train] Epoch 00092 | train_loss 10.6988 | train_rmse 4.1325 | lr 0.002000
2025-01-08 13:51:17 - INFO - [Validate] Epoch 00092 | valid_rmse 4.7759 | valid_pr 0.9717 | valid_criterion 7.8660 | score 0.2134
2025-01-08 13:51:17 - INFO - No improvement for 35 epochs
2025-01-08 13:51:29 - INFO - [Train] Epoch 00093 | train_loss 10.8958 | train_rmse 4.1760 | lr 0.002000
2025-01-08 13:51:29 - INFO - [Validate] Epoch 00093 | valid_rmse 5.2715 | valid_pr 0.9707 | valid_criterion 8.0625 | score 0.1937
2025-01-08 13:51:29 - INFO - No improvement for 36 epochs
2025-01-08 13:51:41 - INFO - [Train] Epoch 00094 | train_loss 10.6865 | train_rmse 4.0582 | lr 0.002000
2025-01-08 13:51:41 - INFO - [Validate] Epoch 00094 | valid_rmse 5.0373 | valid_pr 0.9707 | valid_criterion 7.9764 | score 0.2024
2025-01-08 13:51:41 - INFO - No improvement for 37 epochs
2025-01-08 13:51:54 - INFO - [Train] Epoch 00095 | train_loss 9.7317 | train_rmse 3.8344 | lr 0.002000
2025-01-08 13:51:54 - INFO - [Validate] Epoch 00095 | valid_rmse 4.8170 | valid_pr 0.9712 | valid_criterion 7.8884 | score 0.2112
2025-01-08 13:51:54 - INFO - No improvement for 38 epochs
2025-01-08 13:52:06 - INFO - [Train] Epoch 00096 | train_loss 11.0838 | train_rmse 4.2450 | lr 0.002000
2025-01-08 13:52:06 - INFO - [Validate] Epoch 00096 | valid_rmse 4.7975 | valid_pr 0.9729 | valid_criterion 7.5794 | score 0.2421
2025-01-08 13:52:06 - INFO - No improvement for 39 epochs
2025-01-08 13:52:18 - INFO - [Train] Epoch 00097 | train_loss 10.0609 | train_rmse 3.9803 | lr 0.002000
2025-01-08 13:52:18 - INFO - [Validate] Epoch 00097 | valid_rmse 5.0722 | valid_pr 0.9703 | valid_criterion 7.9915 | score 0.2009
2025-01-08 13:52:18 - INFO - No improvement for 40 epochs
2025-01-08 13:52:30 - INFO - [Train] Epoch 00098 | train_loss 10.1673 | train_rmse 4.0572 | lr 0.002000
2025-01-08 13:52:30 - INFO - [Validate] Epoch 00098 | valid_rmse 5.2396 | valid_pr 0.9704 | valid_criterion 7.9118 | score 0.2088
2025-01-08 13:52:30 - INFO - No improvement for 41 epochs
2025-01-08 13:52:42 - INFO - [Train] Epoch 00099 | train_loss 10.3766 | train_rmse 4.0412 | lr 0.000400
2025-01-08 13:52:42 - INFO - [Validate] Epoch 00099 | valid_rmse 5.1072 | valid_pr 0.9710 | valid_criterion 7.7653 | score 0.2235
2025-01-08 13:52:42 - INFO - No improvement for 42 epochs
2025-01-08 13:52:54 - INFO - [Train] Epoch 00100 | train_loss 10.4169 | train_rmse 4.0712 | lr 0.000400
2025-01-08 13:52:54 - INFO - [Validate] Epoch 00100 | valid_rmse 5.1220 | valid_pr 0.9715 | valid_criterion 7.9107 | score 0.2089
2025-01-08 13:52:54 - INFO - No improvement for 43 epochs
2025-01-08 13:53:05 - INFO - [Train] Epoch 00101 | train_loss 9.5617 | train_rmse 3.9007 | lr 0.000400
2025-01-08 13:53:05 - INFO - [Validate] Epoch 00101 | valid_rmse 4.9847 | valid_pr 0.9717 | valid_criterion 7.8434 | score 0.2157
2025-01-08 13:53:05 - INFO - No improvement for 44 epochs
2025-01-08 13:53:17 - INFO - [Train] Epoch 00102 | train_loss 9.5342 | train_rmse 3.8817 | lr 0.000400
2025-01-08 13:53:17 - INFO - [Validate] Epoch 00102 | valid_rmse 4.9234 | valid_pr 0.9712 | valid_criterion 7.7954 | score 0.2205
2025-01-08 13:53:17 - INFO - No improvement for 45 epochs
2025-01-08 13:53:29 - INFO - [Train] Epoch 00103 | train_loss 9.4859 | train_rmse 3.8275 | lr 0.000400
2025-01-08 13:53:29 - INFO - [Validate] Epoch 00103 | valid_rmse 4.9347 | valid_pr 0.9712 | valid_criterion 7.8515 | score 0.2149
2025-01-08 13:53:29 - INFO - No improvement for 46 epochs
2025-01-08 13:53:41 - INFO - [Train] Epoch 00104 | train_loss 10.4505 | train_rmse 4.0517 | lr 0.000400
2025-01-08 13:53:41 - INFO - [Validate] Epoch 00104 | valid_rmse 4.9482 | valid_pr 0.9716 | valid_criterion 7.8737 | score 0.2126
2025-01-08 13:53:41 - INFO - No improvement for 47 epochs
2025-01-08 13:53:53 - INFO - [Train] Epoch 00105 | train_loss 8.9584 | train_rmse 3.7063 | lr 0.000400
2025-01-08 13:53:53 - INFO - [Validate] Epoch 00105 | valid_rmse 5.0024 | valid_pr 0.9709 | valid_criterion 7.8448 | score 0.2155
2025-01-08 13:53:53 - INFO - No improvement for 48 epochs
2025-01-08 13:54:05 - INFO - [Train] Epoch 00106 | train_loss 8.0482 | train_rmse 3.4123 | lr 0.000400
2025-01-08 13:54:05 - INFO - [Validate] Epoch 00106 | valid_rmse 4.8446 | valid_pr 0.9711 | valid_criterion 7.8952 | score 0.2105
2025-01-08 13:54:05 - INFO - No improvement for 49 epochs
2025-01-08 13:54:17 - INFO - [Train] Epoch 00107 | train_loss 10.0743 | train_rmse 3.9650 | lr 0.000400
2025-01-08 13:54:17 - INFO - [Validate] Epoch 00107 | valid_rmse 5.2262 | valid_pr 0.9710 | valid_criterion 7.8852 | score 0.2115
2025-01-08 13:54:17 - INFO - No improvement for 50 epochs
2025-01-08 13:54:29 - INFO - [Train] Epoch 00108 | train_loss 10.1776 | train_rmse 4.0695 | lr 0.000400
2025-01-08 13:54:29 - INFO - [Validate] Epoch 00108 | valid_rmse 5.0172 | valid_pr 0.9718 | valid_criterion 7.8854 | score 0.2115
2025-01-08 13:54:29 - INFO - No improvement for 51 epochs
2025-01-08 13:54:41 - INFO - [Train] Epoch 00109 | train_loss 9.3478 | train_rmse 3.8271 | lr 0.000400
2025-01-08 13:54:41 - INFO - [Validate] Epoch 00109 | valid_rmse 4.8353 | valid_pr 0.9714 | valid_criterion 7.9088 | score 0.2091
2025-01-08 13:54:41 - INFO - No improvement for 52 epochs
2025-01-08 13:54:53 - INFO - [Train] Epoch 00110 | train_loss 9.4191 | train_rmse 3.8503 | lr 0.000400
2025-01-08 13:54:53 - INFO - [Validate] Epoch 00110 | valid_rmse 5.0095 | valid_pr 0.9705 | valid_criterion 7.9090 | score 0.2091
2025-01-08 13:54:53 - INFO - No improvement for 53 epochs
2025-01-08 13:55:05 - INFO - [Train] Epoch 00111 | train_loss 10.0531 | train_rmse 4.0621 | lr 0.000400
2025-01-08 13:55:05 - INFO - [Validate] Epoch 00111 | valid_rmse 4.9389 | valid_pr 0.9710 | valid_criterion 7.8617 | score 0.2138
2025-01-08 13:55:05 - INFO - No improvement for 54 epochs
2025-01-08 13:55:17 - INFO - [Train] Epoch 00112 | train_loss 9.6077 | train_rmse 3.9094 | lr 0.000400
2025-01-08 13:55:17 - INFO - [Validate] Epoch 00112 | valid_rmse 4.7886 | valid_pr 0.9712 | valid_criterion 7.8090 | score 0.2191
2025-01-08 13:55:17 - INFO - No improvement for 55 epochs
2025-01-08 13:55:30 - INFO - [Train] Epoch 00113 | train_loss 9.6446 | train_rmse 3.9181 | lr 0.000400
2025-01-08 13:55:30 - INFO - [Validate] Epoch 00113 | valid_rmse 4.8462 | valid_pr 0.9716 | valid_criterion 7.8024 | score 0.2198
2025-01-08 13:55:30 - INFO - No improvement for 56 epochs
2025-01-08 13:55:41 - INFO - [Train] Epoch 00114 | train_loss 9.4959 | train_rmse 3.8554 | lr 0.000400
2025-01-08 13:55:41 - INFO - [Validate] Epoch 00114 | valid_rmse 4.7287 | valid_pr 0.9717 | valid_criterion 7.8194 | score 0.2181
2025-01-08 13:55:41 - INFO - No improvement for 57 epochs
2025-01-08 13:55:53 - INFO - [Train] Epoch 00115 | train_loss 10.3054 | train_rmse 4.0796 | lr 0.000400
2025-01-08 13:55:53 - INFO - [Validate] Epoch 00115 | valid_rmse 4.9045 | valid_pr 0.9713 | valid_criterion 7.8881 | score 0.2112
2025-01-08 13:55:53 - INFO - No improvement for 58 epochs
2025-01-08 13:56:05 - INFO - [Train] Epoch 00116 | train_loss 9.9802 | train_rmse 4.0655 | lr 0.000400
2025-01-08 13:56:05 - INFO - [Validate] Epoch 00116 | valid_rmse 5.1521 | valid_pr 0.9713 | valid_criterion 7.9775 | score 0.2022
2025-01-08 13:56:05 - INFO - No improvement for 59 epochs
2025-01-08 13:56:17 - INFO - [Train] Epoch 00117 | train_loss 8.5387 | train_rmse 3.6504 | lr 0.000400
2025-01-08 13:56:17 - INFO - [Validate] Epoch 00117 | valid_rmse 5.8070 | valid_pr 0.9706 | valid_criterion 8.5003 | score 0.1500
2025-01-08 13:56:17 - INFO - No improvement for 60 epochs
2025-01-08 13:56:29 - INFO - [Train] Epoch 00118 | train_loss 9.6448 | train_rmse 3.9137 | lr 0.000400
2025-01-08 13:56:29 - INFO - [Validate] Epoch 00118 | valid_rmse 5.0289 | valid_pr 0.9716 | valid_criterion 7.7630 | score 0.2237
2025-01-08 13:56:29 - INFO - No improvement for 61 epochs
2025-01-08 13:56:41 - INFO - [Train] Epoch 00119 | train_loss 8.8519 | train_rmse 3.6932 | lr 0.000400
2025-01-08 13:56:41 - INFO - [Validate] Epoch 00119 | valid_rmse 5.4175 | valid_pr 0.9712 | valid_criterion 8.1625 | score 0.1838
2025-01-08 13:56:41 - INFO - No improvement for 62 epochs
2025-01-08 13:56:53 - INFO - [Train] Epoch 00120 | train_loss 9.0761 | train_rmse 3.7952 | lr 0.000080
2025-01-08 13:56:53 - INFO - [Validate] Epoch 00120 | valid_rmse 5.0518 | valid_pr 0.9723 | valid_criterion 7.8528 | score 0.2147
2025-01-08 13:56:53 - INFO - No improvement for 63 epochs
2025-01-08 13:57:05 - INFO - [Train] Epoch 00121 | train_loss 9.7289 | train_rmse 3.9828 | lr 0.000080
2025-01-08 13:57:05 - INFO - [Validate] Epoch 00121 | valid_rmse 5.3008 | valid_pr 0.9718 | valid_criterion 7.9154 | score 0.2085
2025-01-08 13:57:05 - INFO - No improvement for 64 epochs
2025-01-08 13:57:17 - INFO - [Train] Epoch 00122 | train_loss 8.7984 | train_rmse 3.6728 | lr 0.000080
2025-01-08 13:57:17 - INFO - [Validate] Epoch 00122 | valid_rmse 4.8907 | valid_pr 0.9714 | valid_criterion 7.7901 | score 0.2210
2025-01-08 13:57:17 - INFO - No improvement for 65 epochs
2025-01-08 13:57:29 - INFO - [Train] Epoch 00123 | train_loss 9.4610 | train_rmse 3.8749 | lr 0.000080
2025-01-08 13:57:29 - INFO - [Validate] Epoch 00123 | valid_rmse 4.9005 | valid_pr 0.9712 | valid_criterion 7.8469 | score 0.2153
2025-01-08 13:57:29 - INFO - No improvement for 66 epochs
2025-01-08 13:57:41 - INFO - [Train] Epoch 00124 | train_loss 10.6435 | train_rmse 4.1867 | lr 0.000080
2025-01-08 13:57:41 - INFO - [Validate] Epoch 00124 | valid_rmse 5.2226 | valid_pr 0.9709 | valid_criterion 7.8737 | score 0.2126
2025-01-08 13:57:41 - INFO - No improvement for 67 epochs
2025-01-08 13:57:53 - INFO - [Train] Epoch 00125 | train_loss 8.8982 | train_rmse 3.7342 | lr 0.000080
2025-01-08 13:57:53 - INFO - [Validate] Epoch 00125 | valid_rmse 4.9927 | valid_pr 0.9719 | valid_criterion 7.8530 | score 0.2147
2025-01-08 13:57:53 - INFO - No improvement for 68 epochs
2025-01-08 13:58:05 - INFO - [Train] Epoch 00126 | train_loss 9.3513 | train_rmse 3.8688 | lr 0.000080
2025-01-08 13:58:05 - INFO - [Validate] Epoch 00126 | valid_rmse 4.7955 | valid_pr 0.9718 | valid_criterion 7.7791 | score 0.2221
2025-01-08 13:58:05 - INFO - No improvement for 69 epochs
2025-01-08 13:58:17 - INFO - [Train] Epoch 00127 | train_loss 8.9880 | train_rmse 3.7657 | lr 0.000080
2025-01-08 13:58:17 - INFO - [Validate] Epoch 00127 | valid_rmse 4.8974 | valid_pr 0.9718 | valid_criterion 7.7739 | score 0.2226
2025-01-08 13:58:17 - INFO - No improvement for 70 epochs
2025-01-08 13:58:28 - INFO - [Train] Epoch 00128 | train_loss 8.7526 | train_rmse 3.7409 | lr 0.000080
2025-01-08 13:58:28 - INFO - [Validate] Epoch 00128 | valid_rmse 4.8051 | valid_pr 0.9717 | valid_criterion 7.7957 | score 0.2204
2025-01-08 13:58:28 - INFO - No improvement for 71 epochs
2025-01-08 13:58:40 - INFO - [Train] Epoch 00129 | train_loss 9.0680 | train_rmse 3.7619 | lr 0.000080
2025-01-08 13:58:40 - INFO - [Validate] Epoch 00129 | valid_rmse 4.8273 | valid_pr 0.9717 | valid_criterion 7.7788 | score 0.2221
2025-01-08 13:58:40 - INFO - No improvement for 72 epochs
2025-01-08 13:58:52 - INFO - [Train] Epoch 00130 | train_loss 10.3648 | train_rmse 4.1446 | lr 0.000080
2025-01-08 13:58:52 - INFO - [Validate] Epoch 00130 | valid_rmse 4.8935 | valid_pr 0.9718 | valid_criterion 7.7713 | score 0.2229
2025-01-08 13:58:52 - INFO - No improvement for 73 epochs
2025-01-08 13:59:04 - INFO - [Train] Epoch 00131 | train_loss 9.3657 | train_rmse 3.8605 | lr 0.000080
2025-01-08 13:59:04 - INFO - [Validate] Epoch 00131 | valid_rmse 5.0464 | valid_pr 0.9716 | valid_criterion 7.8931 | score 0.2107
2025-01-08 13:59:04 - INFO - No improvement for 74 epochs
2025-01-08 13:59:16 - INFO - [Train] Epoch 00132 | train_loss 9.1221 | train_rmse 3.8483 | lr 0.000080
2025-01-08 13:59:16 - INFO - [Validate] Epoch 00132 | valid_rmse 5.6694 | valid_pr 0.9714 | valid_criterion 8.2758 | score 0.1724
2025-01-08 13:59:16 - INFO - No improvement for 75 epochs
2025-01-08 13:59:28 - INFO - [Train] Epoch 00133 | train_loss 8.2233 | train_rmse 3.5290 | lr 0.000080
2025-01-08 13:59:28 - INFO - [Validate] Epoch 00133 | valid_rmse 4.9019 | valid_pr 0.9716 | valid_criterion 7.7863 | score 0.2214
2025-01-08 13:59:28 - INFO - No improvement for 76 epochs
2025-01-08 13:59:40 - INFO - [Train] Epoch 00134 | train_loss 9.0576 | train_rmse 3.8471 | lr 0.000080
2025-01-08 13:59:40 - INFO - [Validate] Epoch 00134 | valid_rmse 5.2394 | valid_pr 0.9711 | valid_criterion 8.0072 | score 0.1993
2025-01-08 13:59:40 - INFO - No improvement for 77 epochs
2025-01-08 13:59:52 - INFO - [Train] Epoch 00135 | train_loss 8.4094 | train_rmse 3.5872 | lr 0.000080
2025-01-08 13:59:52 - INFO - [Validate] Epoch 00135 | valid_rmse 5.4879 | valid_pr 0.9717 | valid_criterion 8.1559 | score 0.1844
2025-01-08 13:59:52 - INFO - No improvement for 78 epochs
2025-01-08 14:00:05 - INFO - [Train] Epoch 00136 | train_loss 10.3669 | train_rmse 4.1017 | lr 0.000080
2025-01-08 14:00:05 - INFO - [Validate] Epoch 00136 | valid_rmse 5.4191 | valid_pr 0.9704 | valid_criterion 8.3199 | score 0.1680
2025-01-08 14:00:05 - INFO - No improvement for 79 epochs
2025-01-08 14:00:17 - INFO - [Train] Epoch 00137 | train_loss 9.9448 | train_rmse 4.0383 | lr 0.000080
2025-01-08 14:00:17 - INFO - [Validate] Epoch 00137 | valid_rmse 5.1043 | valid_pr 0.9706 | valid_criterion 7.9792 | score 0.2021
2025-01-08 14:00:17 - INFO - No improvement for 80 epochs
2025-01-08 14:00:29 - INFO - [Train] Epoch 00138 | train_loss 8.9848 | train_rmse 3.7690 | lr 0.000080
2025-01-08 14:00:29 - INFO - [Validate] Epoch 00138 | valid_rmse 5.0544 | valid_pr 0.9715 | valid_criterion 7.9509 | score 0.2049
2025-01-08 14:00:29 - INFO - No improvement for 81 epochs
2025-01-08 14:00:41 - INFO - [Train] Epoch 00139 | train_loss 9.3255 | train_rmse 3.8775 | lr 0.000080
2025-01-08 14:00:41 - INFO - [Validate] Epoch 00139 | valid_rmse 4.8559 | valid_pr 0.9714 | valid_criterion 7.7998 | score 0.2200
2025-01-08 14:00:41 - INFO - No improvement for 82 epochs
2025-01-08 14:00:53 - INFO - [Train] Epoch 00140 | train_loss 9.1562 | train_rmse 3.8171 | lr 0.000080
2025-01-08 14:00:53 - INFO - [Validate] Epoch 00140 | valid_rmse 5.0515 | valid_pr 0.9716 | valid_criterion 7.9534 | score 0.2047
2025-01-08 14:00:53 - INFO - No improvement for 83 epochs
2025-01-08 14:01:05 - INFO - [Train] Epoch 00141 | train_loss 9.7352 | train_rmse 3.9686 | lr 0.000016
2025-01-08 14:01:05 - INFO - [Validate] Epoch 00141 | valid_rmse 5.7276 | valid_pr 0.9700 | valid_criterion 8.3537 | score 0.1646
2025-01-08 14:01:05 - INFO - No improvement for 84 epochs
2025-01-08 14:01:17 - INFO - [Train] Epoch 00142 | train_loss 10.1835 | train_rmse 4.0736 | lr 0.000016
2025-01-08 14:01:17 - INFO - [Validate] Epoch 00142 | valid_rmse 4.8986 | valid_pr 0.9716 | valid_criterion 7.8543 | score 0.2146
2025-01-08 14:01:17 - INFO - No improvement for 85 epochs
2025-01-08 14:01:29 - INFO - [Train] Epoch 00143 | train_loss 9.3705 | train_rmse 3.8563 | lr 0.000016
2025-01-08 14:01:29 - INFO - [Validate] Epoch 00143 | valid_rmse 4.9000 | valid_pr 0.9713 | valid_criterion 7.8238 | score 0.2176
2025-01-08 14:01:29 - INFO - No improvement for 86 epochs
2025-01-08 14:01:41 - INFO - [Train] Epoch 00144 | train_loss 8.7916 | train_rmse 3.7440 | lr 0.000016
2025-01-08 14:01:41 - INFO - [Validate] Epoch 00144 | valid_rmse 5.1943 | valid_pr 0.9713 | valid_criterion 8.1215 | score 0.1879
2025-01-08 14:01:41 - INFO - No improvement for 87 epochs
2025-01-08 14:01:53 - INFO - [Train] Epoch 00145 | train_loss 8.7944 | train_rmse 3.6867 | lr 0.000016
2025-01-08 14:01:53 - INFO - [Validate] Epoch 00145 | valid_rmse 5.5539 | valid_pr 0.9708 | valid_criterion 8.1249 | score 0.1875
2025-01-08 14:01:53 - INFO - No improvement for 88 epochs
2025-01-08 14:02:04 - INFO - [Train] Epoch 00146 | train_loss 10.0257 | train_rmse 4.0772 | lr 0.000016
2025-01-08 14:02:04 - INFO - [Validate] Epoch 00146 | valid_rmse 4.9485 | valid_pr 0.9715 | valid_criterion 7.8116 | score 0.2188
2025-01-08 14:02:04 - INFO - No improvement for 89 epochs
2025-01-08 14:02:16 - INFO - [Train] Epoch 00147 | train_loss 10.4812 | train_rmse 4.1657 | lr 0.000016
2025-01-08 14:02:16 - INFO - [Validate] Epoch 00147 | valid_rmse 5.1187 | valid_pr 0.9712 | valid_criterion 7.8704 | score 0.2130
2025-01-08 14:02:16 - INFO - No improvement for 90 epochs
2025-01-08 14:02:28 - INFO - [Train] Epoch 00148 | train_loss 8.7284 | train_rmse 3.6514 | lr 0.000016
2025-01-08 14:02:28 - INFO - [Validate] Epoch 00148 | valid_rmse 5.4884 | valid_pr 0.9713 | valid_criterion 8.1482 | score 0.1852
2025-01-08 14:02:28 - INFO - No improvement for 91 epochs
2025-01-08 14:02:40 - INFO - [Train] Epoch 00149 | train_loss 10.0491 | train_rmse 4.0961 | lr 0.000016
2025-01-08 14:02:40 - INFO - [Validate] Epoch 00149 | valid_rmse 4.8887 | valid_pr 0.9715 | valid_criterion 7.8142 | score 0.2186
2025-01-08 14:02:40 - INFO - No improvement for 92 epochs
2025-01-08 14:02:53 - INFO - [Train] Epoch 00150 | train_loss 9.4593 | train_rmse 3.9891 | lr 0.000016
2025-01-08 14:02:53 - INFO - [Validate] Epoch 00150 | valid_rmse 4.8413 | valid_pr 0.9723 | valid_criterion 7.7695 | score 0.2231
2025-01-08 14:02:53 - INFO - No improvement for 93 epochs
2025-01-08 14:03:04 - INFO - [Train] Epoch 00151 | train_loss 8.8071 | train_rmse 3.7177 | lr 0.000016
2025-01-08 14:03:04 - INFO - [Validate] Epoch 00151 | valid_rmse 5.2365 | valid_pr 0.9712 | valid_criterion 7.9619 | score 0.2038
2025-01-08 14:03:04 - INFO - No improvement for 94 epochs
2025-01-08 14:03:16 - INFO - [Train] Epoch 00152 | train_loss 8.9008 | train_rmse 3.7498 | lr 0.000016
2025-01-08 14:03:16 - INFO - [Validate] Epoch 00152 | valid_rmse 5.6939 | valid_pr 0.9705 | valid_criterion 8.3688 | score 0.1631
2025-01-08 14:03:16 - INFO - No improvement for 95 epochs
2025-01-08 14:03:28 - INFO - [Train] Epoch 00153 | train_loss 8.4255 | train_rmse 3.6220 | lr 0.000016
2025-01-08 14:03:28 - INFO - [Validate] Epoch 00153 | valid_rmse 4.7833 | valid_pr 0.9720 | valid_criterion 7.7714 | score 0.2229
2025-01-08 14:03:28 - INFO - No improvement for 96 epochs
2025-01-08 14:03:41 - INFO - [Train] Epoch 00154 | train_loss 9.5164 | train_rmse 3.9608 | lr 0.000016
2025-01-08 14:03:41 - INFO - [Validate] Epoch 00154 | valid_rmse 4.8632 | valid_pr 0.9716 | valid_criterion 7.7781 | score 0.2222
2025-01-08 14:03:41 - INFO - No improvement for 97 epochs
2025-01-08 14:03:53 - INFO - [Train] Epoch 00155 | train_loss 8.5764 | train_rmse 3.6671 | lr 0.000016
2025-01-08 14:03:53 - INFO - [Validate] Epoch 00155 | valid_rmse 5.2943 | valid_pr 0.9700 | valid_criterion 8.0752 | score 0.1925
2025-01-08 14:03:53 - INFO - No improvement for 98 epochs
2025-01-08 14:04:05 - INFO - [Train] Epoch 00156 | train_loss 9.3775 | train_rmse 3.8704 | lr 0.000016
2025-01-08 14:04:05 - INFO - [Validate] Epoch 00156 | valid_rmse 4.8694 | valid_pr 0.9718 | valid_criterion 7.7836 | score 0.2216
2025-01-08 14:04:05 - INFO - No improvement for 99 epochs
2025-01-08 14:04:17 - INFO - [Train] Epoch 00157 | train_loss 7.8979 | train_rmse 3.4573 | lr 0.000016
2025-01-08 14:04:17 - INFO - [Validate] Epoch 00157 | valid_rmse 4.9337 | valid_pr 0.9712 | valid_criterion 7.8342 | score 0.2166
2025-01-08 14:04:17 - INFO - No improvement for 100 epochs
2025-01-08 14:04:17 - INFO - Early stopping triggered. No improvement for 100 epochs
2025-01-08 14:04:17 - INFO - Best model was saved at epoch 57
2025-01-08 14:04:18 - INFO - [Validate] Epoch 00157 | valid_rmse1 4.330673 | valid_pr1 0.975552 | valid_criterion 7.104863
