2025-01-08 02:51:31 - INFO - 01.train.py
2025-01-08 02:51:31 - INFO - train data: 5544
2025-01-08 02:51:31 - INFO - valid data: 1210
2025-01-08 02:51:32 - INFO - Total parameters: 1212803
2025-01-08 02:51:32 - INFO - Trainable parameters: 1212803
2025-01-08 02:51:46 - INFO - [Train] Epoch 00000 | train_loss 829.4682 | train_rmse 41.8926 | lr 0.000201
2025-01-08 02:51:46 - INFO - [Validate] Epoch 00000 | valid_rmse 42.5030 | valid_pr -0.1523 | valid_criterion 24.1011 | score -1.4101
2025-01-08 02:51:46 - INFO - [Validate] Best score achieved: -1.410108
2025-01-08 02:51:59 - INFO - [Train] Epoch 00001 | train_loss 779.8428 | train_rmse 40.9254 | lr 0.000401
2025-01-08 02:51:59 - INFO - [Validate] Epoch 00001 | valid_rmse 41.3723 | valid_pr 0.6875 | valid_criterion 29.2045 | score -1.9205
2025-01-08 02:51:59 - INFO - No improvement for 1 epochs
2025-01-08 02:52:12 - INFO - [Train] Epoch 00002 | train_loss 616.0559 | train_rmse 37.3160 | lr 0.000601
2025-01-08 02:52:12 - INFO - [Validate] Epoch 00002 | valid_rmse 38.1118 | valid_pr 0.8483 | valid_criterion 33.3340 | score -2.3334
2025-01-08 02:52:12 - INFO - No improvement for 2 epochs
2025-01-08 02:52:25 - INFO - [Train] Epoch 00003 | train_loss 369.2232 | train_rmse 28.9741 | lr 0.000801
2025-01-08 02:52:25 - INFO - [Validate] Epoch 00003 | valid_rmse 22.1685 | valid_pr 0.9027 | valid_criterion 17.1929 | score -0.7193
2025-01-08 02:52:25 - INFO - [Validate] Best score achieved: -0.719294
2025-01-08 02:52:38 - INFO - [Train] Epoch 00004 | train_loss 49.7575 | train_rmse 10.3621 | lr 0.001001
2025-01-08 02:52:38 - INFO - [Validate] Epoch 00004 | valid_rmse 8.8729 | valid_pr 0.9300 | valid_criterion 14.3331 | score -0.4333
2025-01-08 02:52:38 - INFO - [Validate] Best score achieved: -0.433310
2025-01-08 02:52:50 - INFO - [Train] Epoch 00005 | train_loss 32.6191 | train_rmse 8.0928 | lr 0.001201
2025-01-08 02:52:50 - INFO - [Validate] Epoch 00005 | valid_rmse 9.2593 | valid_pr 0.9432 | valid_criterion 12.4148 | score -0.2415
2025-01-08 02:52:50 - INFO - [Validate] Best score achieved: -0.241479
2025-01-08 02:53:02 - INFO - [Train] Epoch 00006 | train_loss 29.1326 | train_rmse 7.5628 | lr 0.001401
2025-01-08 02:53:02 - INFO - [Validate] Epoch 00006 | valid_rmse 9.1494 | valid_pr 0.8900 | valid_criterion 15.7757 | score -0.5776
2025-01-08 02:53:02 - INFO - No improvement for 1 epochs
2025-01-08 02:53:15 - INFO - [Train] Epoch 00007 | train_loss 26.4189 | train_rmse 7.1325 | lr 0.001601
2025-01-08 02:53:15 - INFO - [Validate] Epoch 00007 | valid_rmse 7.8327 | valid_pr 0.9183 | valid_criterion 10.1168 | score -0.0117
2025-01-08 02:53:15 - INFO - [Validate] Best score achieved: -0.011684
2025-01-08 02:53:28 - INFO - [Train] Epoch 00008 | train_loss 24.1447 | train_rmse 6.8294 | lr 0.001801
2025-01-08 02:53:28 - INFO - [Validate] Epoch 00008 | valid_rmse 6.5119 | valid_pr 0.9561 | valid_criterion 8.5278 | score 0.1472
2025-01-08 02:53:28 - INFO - [Validate] Best score achieved: 0.147220
2025-01-08 02:53:40 - INFO - [Train] Epoch 00009 | train_loss 22.9780 | train_rmse 6.6228 | lr 0.002001
2025-01-08 02:53:40 - INFO - [Validate] Epoch 00009 | valid_rmse 8.0365 | valid_pr 0.9491 | valid_criterion 13.9816 | score -0.3982
2025-01-08 02:53:40 - INFO - No improvement for 1 epochs
2025-01-08 02:53:53 - INFO - [Train] Epoch 00010 | train_loss 24.0277 | train_rmse 6.7512 | lr 0.002201
2025-01-08 02:53:53 - INFO - [Validate] Epoch 00010 | valid_rmse 6.2050 | valid_pr 0.9576 | valid_criterion 8.0717 | score 0.1928
2025-01-08 02:53:53 - INFO - [Validate] Best score achieved: 0.192827
2025-01-08 02:54:05 - INFO - [Train] Epoch 00011 | train_loss 21.4786 | train_rmse 6.3923 | lr 0.002401
2025-01-08 02:54:05 - INFO - [Validate] Epoch 00011 | valid_rmse 5.4759 | valid_pr 0.9635 | valid_criterion 8.1083 | score 0.1892
2025-01-08 02:54:05 - INFO - No improvement for 1 epochs
2025-01-08 02:54:18 - INFO - [Train] Epoch 00012 | train_loss 22.6100 | train_rmse 6.5954 | lr 0.002601
2025-01-08 02:54:18 - INFO - [Validate] Epoch 00012 | valid_rmse 6.7486 | valid_pr 0.9409 | valid_criterion 7.8298 | score 0.2170
2025-01-08 02:54:18 - INFO - [Validate] Best score achieved: 0.217023
2025-01-08 02:54:30 - INFO - [Train] Epoch 00013 | train_loss 19.8241 | train_rmse 6.0601 | lr 0.002801
2025-01-08 02:54:30 - INFO - [Validate] Epoch 00013 | valid_rmse 6.2068 | valid_pr 0.9539 | valid_criterion 8.5582 | score 0.1442
2025-01-08 02:54:30 - INFO - No improvement for 1 epochs
2025-01-08 02:54:43 - INFO - [Train] Epoch 00014 | train_loss 19.3361 | train_rmse 6.0053 | lr 0.003001
2025-01-08 02:54:43 - INFO - [Validate] Epoch 00014 | valid_rmse 6.7200 | valid_pr 0.9468 | valid_criterion 8.8220 | score 0.1178
2025-01-08 02:54:43 - INFO - No improvement for 2 epochs
2025-01-08 02:54:55 - INFO - [Train] Epoch 00015 | train_loss 19.4994 | train_rmse 6.0491 | lr 0.003201
2025-01-08 02:54:55 - INFO - [Validate] Epoch 00015 | valid_rmse 7.9113 | valid_pr 0.9394 | valid_criterion 10.7544 | score -0.0754
2025-01-08 02:54:55 - INFO - No improvement for 3 epochs
2025-01-08 02:55:07 - INFO - [Train] Epoch 00016 | train_loss 19.7877 | train_rmse 6.0543 | lr 0.003401
2025-01-08 02:55:07 - INFO - [Validate] Epoch 00016 | valid_rmse 6.1279 | valid_pr 0.9506 | valid_criterion 7.5877 | score 0.2412
2025-01-08 02:55:08 - INFO - [Validate] Best score achieved: 0.241226
2025-01-08 02:55:20 - INFO - [Train] Epoch 00017 | train_loss 19.1583 | train_rmse 5.9736 | lr 0.003601
2025-01-08 02:55:20 - INFO - [Validate] Epoch 00017 | valid_rmse 5.2818 | valid_pr 0.9671 | valid_criterion 7.7155 | score 0.2285
2025-01-08 02:55:20 - INFO - No improvement for 1 epochs
2025-01-08 02:55:32 - INFO - [Train] Epoch 00018 | train_loss 19.0001 | train_rmse 5.9495 | lr 0.003801
2025-01-08 02:55:32 - INFO - [Validate] Epoch 00018 | valid_rmse 6.2729 | valid_pr 0.9634 | valid_criterion 8.1942 | score 0.1806
2025-01-08 02:55:32 - INFO - No improvement for 2 epochs
2025-01-08 02:55:44 - INFO - [Train] Epoch 00019 | train_loss 19.8517 | train_rmse 6.1425 | lr 0.004001
2025-01-08 02:55:44 - INFO - [Validate] Epoch 00019 | valid_rmse 6.2606 | valid_pr 0.9500 | valid_criterion 10.1295 | score -0.0129
2025-01-08 02:55:44 - INFO - No improvement for 3 epochs
2025-01-08 02:55:57 - INFO - [Train] Epoch 00020 | train_loss 18.5995 | train_rmse 5.8560 | lr 0.004201
2025-01-08 02:55:57 - INFO - [Validate] Epoch 00020 | valid_rmse 5.8156 | valid_pr 0.9657 | valid_criterion 7.7567 | score 0.2243
2025-01-08 02:55:57 - INFO - No improvement for 4 epochs
2025-01-08 02:56:09 - INFO - [Train] Epoch 00021 | train_loss 17.0652 | train_rmse 5.5768 | lr 0.004401
2025-01-08 02:56:09 - INFO - [Validate] Epoch 00021 | valid_rmse 5.4248 | valid_pr 0.9627 | valid_criterion 7.9492 | score 0.2051
2025-01-08 02:56:09 - INFO - No improvement for 5 epochs
2025-01-08 02:56:22 - INFO - [Train] Epoch 00022 | train_loss 17.2347 | train_rmse 5.6000 | lr 0.004601
2025-01-08 02:56:22 - INFO - [Validate] Epoch 00022 | valid_rmse 5.9431 | valid_pr 0.9616 | valid_criterion 8.1506 | score 0.1849
2025-01-08 02:56:22 - INFO - No improvement for 6 epochs
2025-01-08 02:56:34 - INFO - [Train] Epoch 00023 | train_loss 16.8619 | train_rmse 5.4671 | lr 0.004801
2025-01-08 02:56:34 - INFO - [Validate] Epoch 00023 | valid_rmse 5.1604 | valid_pr 0.9680 | valid_criterion 7.4267 | score 0.2573
2025-01-08 02:56:34 - INFO - [Validate] Best score achieved: 0.257327
2025-01-08 02:56:46 - INFO - [Train] Epoch 00024 | train_loss 18.9676 | train_rmse 5.8817 | lr 0.005001
2025-01-08 02:56:46 - INFO - [Validate] Epoch 00024 | valid_rmse 6.7860 | valid_pr 0.9407 | valid_criterion 12.3491 | score -0.2349
2025-01-08 02:56:46 - INFO - No improvement for 1 epochs
2025-01-08 02:56:59 - INFO - [Train] Epoch 00025 | train_loss 16.6882 | train_rmse 5.4611 | lr 0.005200
2025-01-08 02:56:59 - INFO - [Validate] Epoch 00025 | valid_rmse 5.4132 | valid_pr 0.9651 | valid_criterion 8.6229 | score 0.1377
2025-01-08 02:56:59 - INFO - No improvement for 2 epochs
2025-01-08 02:57:11 - INFO - [Train] Epoch 00026 | train_loss 17.2961 | train_rmse 5.5774 | lr 0.005400
2025-01-08 02:57:11 - INFO - [Validate] Epoch 00026 | valid_rmse 6.1038 | valid_pr 0.9599 | valid_criterion 9.1542 | score 0.0846
2025-01-08 02:57:11 - INFO - No improvement for 3 epochs
2025-01-08 02:57:24 - INFO - [Train] Epoch 00027 | train_loss 17.4318 | train_rmse 5.5823 | lr 0.005600
2025-01-08 02:57:24 - INFO - [Validate] Epoch 00027 | valid_rmse 7.0155 | valid_pr 0.9548 | valid_criterion 9.1544 | score 0.0846
2025-01-08 02:57:24 - INFO - No improvement for 4 epochs
2025-01-08 02:57:36 - INFO - [Train] Epoch 00028 | train_loss 16.4395 | train_rmse 5.3036 | lr 0.005800
2025-01-08 02:57:36 - INFO - [Validate] Epoch 00028 | valid_rmse 5.6321 | valid_pr 0.9653 | valid_criterion 7.9126 | score 0.2087
2025-01-08 02:57:36 - INFO - No improvement for 5 epochs
2025-01-08 02:57:49 - INFO - [Train] Epoch 00029 | train_loss 17.7102 | train_rmse 5.6824 | lr 0.006000
2025-01-08 02:57:49 - INFO - [Validate] Epoch 00029 | valid_rmse 5.3499 | valid_pr 0.9683 | valid_criterion 8.3225 | score 0.1678
2025-01-08 02:57:49 - INFO - No improvement for 6 epochs
2025-01-08 02:58:02 - INFO - [Train] Epoch 00030 | train_loss 15.9495 | train_rmse 5.2338 | lr 0.006200
2025-01-08 02:58:02 - INFO - [Validate] Epoch 00030 | valid_rmse 6.3405 | valid_pr 0.9630 | valid_criterion 8.8540 | score 0.1146
2025-01-08 02:58:02 - INFO - No improvement for 7 epochs
2025-01-08 02:58:15 - INFO - [Train] Epoch 00031 | train_loss 15.2496 | train_rmse 5.1319 | lr 0.006400
2025-01-08 02:58:15 - INFO - [Validate] Epoch 00031 | valid_rmse 5.6202 | valid_pr 0.9597 | valid_criterion 8.5232 | score 0.1477
2025-01-08 02:58:15 - INFO - No improvement for 8 epochs
2025-01-08 02:58:27 - INFO - [Train] Epoch 00032 | train_loss 16.3888 | train_rmse 5.3455 | lr 0.006600
2025-01-08 02:58:27 - INFO - [Validate] Epoch 00032 | valid_rmse 5.4084 | valid_pr 0.9693 | valid_criterion 9.4102 | score 0.0590
2025-01-08 02:58:27 - INFO - No improvement for 9 epochs
2025-01-08 02:58:39 - INFO - [Train] Epoch 00033 | train_loss 17.4320 | train_rmse 5.5534 | lr 0.006800
2025-01-08 02:58:39 - INFO - [Validate] Epoch 00033 | valid_rmse 5.8637 | valid_pr 0.9684 | valid_criterion 7.7744 | score 0.2226
2025-01-08 02:58:39 - INFO - No improvement for 10 epochs
2025-01-08 02:58:52 - INFO - [Train] Epoch 00034 | train_loss 16.8676 | train_rmse 5.4584 | lr 0.007000
2025-01-08 02:58:52 - INFO - [Validate] Epoch 00034 | valid_rmse 6.4027 | valid_pr 0.9630 | valid_criterion 9.5366 | score 0.0463
2025-01-08 02:58:52 - INFO - No improvement for 11 epochs
2025-01-08 02:59:04 - INFO - [Train] Epoch 00035 | train_loss 15.1785 | train_rmse 5.0963 | lr 0.007200
2025-01-08 02:59:04 - INFO - [Validate] Epoch 00035 | valid_rmse 5.4573 | valid_pr 0.9671 | valid_criterion 7.5856 | score 0.2414
2025-01-08 02:59:04 - INFO - No improvement for 12 epochs
2025-01-08 02:59:16 - INFO - [Train] Epoch 00036 | train_loss 16.4607 | train_rmse 5.3228 | lr 0.007400
2025-01-08 02:59:16 - INFO - [Validate] Epoch 00036 | valid_rmse 5.0676 | valid_pr 0.9663 | valid_criterion 8.2926 | score 0.1707
2025-01-08 02:59:16 - INFO - No improvement for 13 epochs
2025-01-08 02:59:29 - INFO - [Train] Epoch 00037 | train_loss 16.0374 | train_rmse 5.1704 | lr 0.007600
2025-01-08 02:59:29 - INFO - [Validate] Epoch 00037 | valid_rmse 5.7243 | valid_pr 0.9741 | valid_criterion 7.2784 | score 0.2722
2025-01-08 02:59:29 - INFO - [Validate] Best score achieved: 0.272158
2025-01-08 02:59:41 - INFO - [Train] Epoch 00038 | train_loss 18.4214 | train_rmse 5.7103 | lr 0.007800
2025-01-08 02:59:41 - INFO - [Validate] Epoch 00038 | valid_rmse 6.5630 | valid_pr 0.9680 | valid_criterion 7.7650 | score 0.2235
2025-01-08 02:59:41 - INFO - No improvement for 1 epochs
2025-01-08 02:59:54 - INFO - [Train] Epoch 00039 | train_loss 15.3318 | train_rmse 5.1285 | lr 0.008000
2025-01-08 02:59:54 - INFO - [Validate] Epoch 00039 | valid_rmse 4.8274 | valid_pr 0.9703 | valid_criterion 7.8689 | score 0.2131
2025-01-08 02:59:54 - INFO - No improvement for 2 epochs
2025-01-08 03:00:06 - INFO - [Train] Epoch 00040 | train_loss 15.9243 | train_rmse 5.1938 | lr 0.008200
2025-01-08 03:00:06 - INFO - [Validate] Epoch 00040 | valid_rmse 5.3363 | valid_pr 0.9720 | valid_criterion 7.9576 | score 0.2042
2025-01-08 03:00:06 - INFO - No improvement for 3 epochs
2025-01-08 03:00:18 - INFO - [Train] Epoch 00041 | train_loss 14.1543 | train_rmse 4.8335 | lr 0.008400
2025-01-08 03:00:18 - INFO - [Validate] Epoch 00041 | valid_rmse 5.7747 | valid_pr 0.9705 | valid_criterion 8.4836 | score 0.1516
2025-01-08 03:00:18 - INFO - No improvement for 4 epochs
2025-01-08 03:00:31 - INFO - [Train] Epoch 00042 | train_loss 15.6392 | train_rmse 5.1702 | lr 0.008600
2025-01-08 03:00:31 - INFO - [Validate] Epoch 00042 | valid_rmse 5.2781 | valid_pr 0.9691 | valid_criterion 7.6735 | score 0.2326
2025-01-08 03:00:31 - INFO - No improvement for 5 epochs
2025-01-08 03:00:43 - INFO - [Train] Epoch 00043 | train_loss 13.4003 | train_rmse 4.6176 | lr 0.008800
2025-01-08 03:00:43 - INFO - [Validate] Epoch 00043 | valid_rmse 5.4460 | valid_pr 0.9728 | valid_criterion 7.5332 | score 0.2467
2025-01-08 03:00:43 - INFO - No improvement for 6 epochs
2025-01-08 03:00:56 - INFO - [Train] Epoch 00044 | train_loss 15.3945 | train_rmse 5.1339 | lr 0.009000
2025-01-08 03:00:56 - INFO - [Validate] Epoch 00044 | valid_rmse 6.0222 | valid_pr 0.9721 | valid_criterion 7.7704 | score 0.2230
2025-01-08 03:00:56 - INFO - No improvement for 7 epochs
2025-01-08 03:01:08 - INFO - [Train] Epoch 00045 | train_loss 16.6325 | train_rmse 5.3067 | lr 0.009200
2025-01-08 03:01:08 - INFO - [Validate] Epoch 00045 | valid_rmse 7.4971 | valid_pr 0.9644 | valid_criterion 9.4982 | score 0.0502
2025-01-08 03:01:08 - INFO - No improvement for 8 epochs
2025-01-08 03:01:20 - INFO - [Train] Epoch 00046 | train_loss 14.9448 | train_rmse 4.9551 | lr 0.009400
2025-01-08 03:01:20 - INFO - [Validate] Epoch 00046 | valid_rmse 6.1067 | valid_pr 0.9712 | valid_criterion 8.9897 | score 0.1010
2025-01-08 03:01:20 - INFO - No improvement for 9 epochs
2025-01-08 03:01:33 - INFO - [Train] Epoch 00047 | train_loss 17.5707 | train_rmse 5.4726 | lr 0.009600
2025-01-08 03:01:33 - INFO - [Validate] Epoch 00047 | valid_rmse 5.6683 | valid_pr 0.9693 | valid_criterion 8.0842 | score 0.1916
2025-01-08 03:01:33 - INFO - No improvement for 10 epochs
2025-01-08 03:01:45 - INFO - [Train] Epoch 00048 | train_loss 15.9138 | train_rmse 5.2197 | lr 0.009800
2025-01-08 03:01:45 - INFO - [Validate] Epoch 00048 | valid_rmse 4.5767 | valid_pr 0.9728 | valid_criterion 7.3720 | score 0.2628
2025-01-08 03:01:45 - INFO - No improvement for 11 epochs
2025-01-08 03:01:57 - INFO - [Train] Epoch 00049 | train_loss 14.3875 | train_rmse 4.9192 | lr 0.010000
2025-01-08 03:01:57 - INFO - [Validate] Epoch 00049 | valid_rmse 4.4615 | valid_pr 0.9744 | valid_criterion 7.1335 | score 0.2866
2025-01-08 03:01:57 - INFO - [Validate] Best score achieved: 0.286647
2025-01-08 03:02:10 - INFO - [Train] Epoch 00050 | train_loss 17.6318 | train_rmse 5.5436 | lr 0.010000
2025-01-08 03:02:10 - INFO - [Validate] Epoch 00050 | valid_rmse 5.5998 | valid_pr 0.9699 | valid_criterion 8.0858 | score 0.1914
2025-01-08 03:02:10 - INFO - No improvement for 1 epochs
2025-01-08 03:02:22 - INFO - [Train] Epoch 00051 | train_loss 17.2218 | train_rmse 5.3905 | lr 0.010000
2025-01-08 03:02:22 - INFO - [Validate] Epoch 00051 | valid_rmse 5.6119 | valid_pr 0.9607 | valid_criterion 8.8893 | score 0.1111
2025-01-08 03:02:22 - INFO - No improvement for 2 epochs
2025-01-08 03:02:34 - INFO - [Train] Epoch 00052 | train_loss 17.2630 | train_rmse 5.3639 | lr 0.010000
2025-01-08 03:02:34 - INFO - [Validate] Epoch 00052 | valid_rmse 5.5092 | valid_pr 0.9750 | valid_criterion 7.3410 | score 0.2659
2025-01-08 03:02:34 - INFO - No improvement for 3 epochs
2025-01-08 03:02:47 - INFO - [Train] Epoch 00053 | train_loss 16.6865 | train_rmse 5.2061 | lr 0.010000
2025-01-08 03:02:47 - INFO - [Validate] Epoch 00053 | valid_rmse 4.9623 | valid_pr 0.9694 | valid_criterion 7.8042 | score 0.2196
2025-01-08 03:02:47 - INFO - No improvement for 4 epochs
2025-01-08 03:02:59 - INFO - [Train] Epoch 00054 | train_loss 15.4880 | train_rmse 4.9964 | lr 0.010000
2025-01-08 03:02:59 - INFO - [Validate] Epoch 00054 | valid_rmse 8.2815 | valid_pr 0.9648 | valid_criterion 13.7855 | score -0.3785
2025-01-08 03:02:59 - INFO - No improvement for 5 epochs
2025-01-08 03:03:12 - INFO - [Train] Epoch 00055 | train_loss 15.6168 | train_rmse 5.1108 | lr 0.010000
2025-01-08 03:03:12 - INFO - [Validate] Epoch 00055 | valid_rmse 4.9496 | valid_pr 0.9727 | valid_criterion 7.6114 | score 0.2389
2025-01-08 03:03:12 - INFO - No improvement for 6 epochs
2025-01-08 03:03:24 - INFO - [Train] Epoch 00056 | train_loss 15.3991 | train_rmse 5.0615 | lr 0.010000
2025-01-08 03:03:24 - INFO - [Validate] Epoch 00056 | valid_rmse 4.9021 | valid_pr 0.9736 | valid_criterion 7.4446 | score 0.2555
2025-01-08 03:03:24 - INFO - No improvement for 7 epochs
2025-01-08 03:03:37 - INFO - [Train] Epoch 00057 | train_loss 14.2277 | train_rmse 4.7896 | lr 0.010000
2025-01-08 03:03:37 - INFO - [Validate] Epoch 00057 | valid_rmse 5.6205 | valid_pr 0.9723 | valid_criterion 8.0342 | score 0.1966
2025-01-08 03:03:37 - INFO - No improvement for 8 epochs
2025-01-08 03:03:49 - INFO - [Train] Epoch 00058 | train_loss 15.3026 | train_rmse 5.0333 | lr 0.010000
2025-01-08 03:03:49 - INFO - [Validate] Epoch 00058 | valid_rmse 7.0282 | valid_pr 0.9684 | valid_criterion 10.1074 | score -0.0107
2025-01-08 03:03:49 - INFO - No improvement for 9 epochs
2025-01-08 03:04:02 - INFO - [Train] Epoch 00059 | train_loss 14.4458 | train_rmse 4.8258 | lr 0.010000
2025-01-08 03:04:02 - INFO - [Validate] Epoch 00059 | valid_rmse 5.4290 | valid_pr 0.9705 | valid_criterion 7.9354 | score 0.2065
2025-01-08 03:04:02 - INFO - No improvement for 10 epochs
2025-01-08 03:04:14 - INFO - [Train] Epoch 00060 | train_loss 14.8634 | train_rmse 4.9053 | lr 0.010000
2025-01-08 03:04:14 - INFO - [Validate] Epoch 00060 | valid_rmse 5.8397 | valid_pr 0.9724 | valid_criterion 8.4516 | score 0.1548
2025-01-08 03:04:14 - INFO - No improvement for 11 epochs
2025-01-08 03:04:27 - INFO - [Train] Epoch 00061 | train_loss 16.5331 | train_rmse 5.2868 | lr 0.010000
2025-01-08 03:04:27 - INFO - [Validate] Epoch 00061 | valid_rmse 5.5390 | valid_pr 0.9637 | valid_criterion 9.1071 | score 0.0893
2025-01-08 03:04:27 - INFO - No improvement for 12 epochs
2025-01-08 03:04:39 - INFO - [Train] Epoch 00062 | train_loss 14.7744 | train_rmse 4.8994 | lr 0.010000
2025-01-08 03:04:39 - INFO - [Validate] Epoch 00062 | valid_rmse 5.8533 | valid_pr 0.9679 | valid_criterion 8.0087 | score 0.1991
2025-01-08 03:04:39 - INFO - No improvement for 13 epochs
2025-01-08 03:04:52 - INFO - [Train] Epoch 00063 | train_loss 14.2744 | train_rmse 4.7594 | lr 0.010000
2025-01-08 03:04:52 - INFO - [Validate] Epoch 00063 | valid_rmse 5.5091 | valid_pr 0.9740 | valid_criterion 7.5363 | score 0.2464
2025-01-08 03:04:52 - INFO - No improvement for 14 epochs
2025-01-08 03:05:04 - INFO - [Train] Epoch 00064 | train_loss 14.3143 | train_rmse 4.7665 | lr 0.010000
2025-01-08 03:05:04 - INFO - [Validate] Epoch 00064 | valid_rmse 4.7686 | valid_pr 0.9720 | valid_criterion 7.7845 | score 0.2216
2025-01-08 03:05:04 - INFO - No improvement for 15 epochs
2025-01-08 03:05:17 - INFO - [Train] Epoch 00065 | train_loss 17.1745 | train_rmse 5.4217 | lr 0.010000
2025-01-08 03:05:17 - INFO - [Validate] Epoch 00065 | valid_rmse 6.8754 | valid_pr 0.9639 | valid_criterion 7.8258 | score 0.2174
2025-01-08 03:05:17 - INFO - No improvement for 16 epochs
2025-01-08 03:05:29 - INFO - [Train] Epoch 00066 | train_loss 15.2427 | train_rmse 5.0695 | lr 0.010000
2025-01-08 03:05:29 - INFO - [Validate] Epoch 00066 | valid_rmse 6.7300 | valid_pr 0.9726 | valid_criterion 10.2220 | score -0.0222
2025-01-08 03:05:29 - INFO - No improvement for 17 epochs
2025-01-08 03:05:42 - INFO - [Train] Epoch 00067 | train_loss 14.8063 | train_rmse 4.8895 | lr 0.010000
2025-01-08 03:05:42 - INFO - [Validate] Epoch 00067 | valid_rmse 5.1416 | valid_pr 0.9652 | valid_criterion 8.1089 | score 0.1891
2025-01-08 03:05:42 - INFO - No improvement for 18 epochs
2025-01-08 03:05:54 - INFO - [Train] Epoch 00068 | train_loss 15.7775 | train_rmse 5.1244 | lr 0.010000
2025-01-08 03:05:54 - INFO - [Validate] Epoch 00068 | valid_rmse 4.5196 | valid_pr 0.9767 | valid_criterion 7.8397 | score 0.2160
2025-01-08 03:05:54 - INFO - No improvement for 19 epochs
2025-01-08 03:06:06 - INFO - [Train] Epoch 00069 | train_loss 13.3322 | train_rmse 4.5682 | lr 0.010000
2025-01-08 03:06:06 - INFO - [Validate] Epoch 00069 | valid_rmse 5.5553 | valid_pr 0.9724 | valid_criterion 7.9620 | score 0.2038
2025-01-08 03:06:06 - INFO - No improvement for 20 epochs
2025-01-08 03:06:19 - INFO - [Train] Epoch 00070 | train_loss 14.8968 | train_rmse 4.9410 | lr 0.010000
2025-01-08 03:06:19 - INFO - [Validate] Epoch 00070 | valid_rmse 5.7226 | valid_pr 0.9724 | valid_criterion 9.0018 | score 0.0998
2025-01-08 03:06:19 - INFO - No improvement for 21 epochs
2025-01-08 03:06:31 - INFO - [Train] Epoch 00071 | train_loss 14.5836 | train_rmse 4.8666 | lr 0.010000
2025-01-08 03:06:31 - INFO - [Validate] Epoch 00071 | valid_rmse 4.6717 | valid_pr 0.9731 | valid_criterion 7.7497 | score 0.2250
2025-01-08 03:06:31 - INFO - No improvement for 22 epochs
2025-01-08 03:06:43 - INFO - [Train] Epoch 00072 | train_loss 16.1200 | train_rmse 5.1921 | lr 0.010000
2025-01-08 03:06:43 - INFO - [Validate] Epoch 00072 | valid_rmse 5.0013 | valid_pr 0.9710 | valid_criterion 7.9312 | score 0.2069
2025-01-08 03:06:43 - INFO - No improvement for 23 epochs
2025-01-08 03:06:56 - INFO - [Train] Epoch 00073 | train_loss 13.2057 | train_rmse 4.5339 | lr 0.010000
2025-01-08 03:06:56 - INFO - [Validate] Epoch 00073 | valid_rmse 6.0200 | valid_pr 0.9687 | valid_criterion 7.9588 | score 0.2041
2025-01-08 03:06:56 - INFO - No improvement for 24 epochs
2025-01-08 03:07:08 - INFO - [Train] Epoch 00074 | train_loss 13.6952 | train_rmse 4.6725 | lr 0.010000
2025-01-08 03:07:08 - INFO - [Validate] Epoch 00074 | valid_rmse 4.6718 | valid_pr 0.9729 | valid_criterion 8.1236 | score 0.1876
2025-01-08 03:07:08 - INFO - No improvement for 25 epochs
2025-01-08 03:07:21 - INFO - [Train] Epoch 00075 | train_loss 14.5949 | train_rmse 4.8463 | lr 0.010000
2025-01-08 03:07:21 - INFO - [Validate] Epoch 00075 | valid_rmse 4.9332 | valid_pr 0.9702 | valid_criterion 7.7198 | score 0.2280
2025-01-08 03:07:21 - INFO - No improvement for 26 epochs
2025-01-08 03:07:33 - INFO - [Train] Epoch 00076 | train_loss 16.4650 | train_rmse 5.2683 | lr 0.010000
2025-01-08 03:07:33 - INFO - [Validate] Epoch 00076 | valid_rmse 4.9447 | valid_pr 0.9722 | valid_criterion 7.8262 | score 0.2174
2025-01-08 03:07:33 - INFO - No improvement for 27 epochs
2025-01-08 03:07:45 - INFO - [Train] Epoch 00077 | train_loss 14.0738 | train_rmse 4.7742 | lr 0.010000
2025-01-08 03:07:45 - INFO - [Validate] Epoch 00077 | valid_rmse 5.0331 | valid_pr 0.9737 | valid_criterion 8.2731 | score 0.1727
2025-01-08 03:07:45 - INFO - No improvement for 28 epochs
2025-01-08 03:07:58 - INFO - [Train] Epoch 00078 | train_loss 14.2389 | train_rmse 4.8085 | lr 0.010000
2025-01-08 03:07:58 - INFO - [Validate] Epoch 00078 | valid_rmse 4.2949 | valid_pr 0.9763 | valid_criterion 7.2780 | score 0.2722
2025-01-08 03:07:58 - INFO - No improvement for 29 epochs
2025-01-08 03:08:10 - INFO - [Train] Epoch 00079 | train_loss 14.0416 | train_rmse 4.7237 | lr 0.010000
2025-01-08 03:08:10 - INFO - [Validate] Epoch 00079 | valid_rmse 4.7298 | valid_pr 0.9760 | valid_criterion 7.4232 | score 0.2577
2025-01-08 03:08:10 - INFO - No improvement for 30 epochs
2025-01-08 03:08:22 - INFO - [Train] Epoch 00080 | train_loss 16.7163 | train_rmse 5.2975 | lr 0.010000
2025-01-08 03:08:22 - INFO - [Validate] Epoch 00080 | valid_rmse 5.2552 | valid_pr 0.9721 | valid_criterion 7.8627 | score 0.2137
2025-01-08 03:08:22 - INFO - No improvement for 31 epochs
2025-01-08 03:08:35 - INFO - [Train] Epoch 00081 | train_loss 16.0011 | train_rmse 5.1493 | lr 0.010000
2025-01-08 03:08:35 - INFO - [Validate] Epoch 00081 | valid_rmse 5.0233 | valid_pr 0.9737 | valid_criterion 7.7658 | score 0.2234
2025-01-08 03:08:35 - INFO - No improvement for 32 epochs
2025-01-08 03:08:47 - INFO - [Train] Epoch 00082 | train_loss 13.7414 | train_rmse 4.7041 | lr 0.010000
2025-01-08 03:08:47 - INFO - [Validate] Epoch 00082 | valid_rmse 5.1108 | valid_pr 0.9757 | valid_criterion 7.4686 | score 0.2531
2025-01-08 03:08:47 - INFO - No improvement for 33 epochs
2025-01-08 03:09:00 - INFO - [Train] Epoch 00083 | train_loss 14.6737 | train_rmse 4.9731 | lr 0.010000
2025-01-08 03:09:00 - INFO - [Validate] Epoch 00083 | valid_rmse 7.3759 | valid_pr 0.9662 | valid_criterion 9.0160 | score 0.0984
2025-01-08 03:09:00 - INFO - No improvement for 34 epochs
2025-01-08 03:09:12 - INFO - [Train] Epoch 00084 | train_loss 14.0246 | train_rmse 4.8247 | lr 0.010000
2025-01-08 03:09:12 - INFO - [Validate] Epoch 00084 | valid_rmse 4.8136 | valid_pr 0.9732 | valid_criterion 7.6871 | score 0.2313
2025-01-08 03:09:12 - INFO - No improvement for 35 epochs
2025-01-08 03:09:25 - INFO - [Train] Epoch 00085 | train_loss 15.9193 | train_rmse 5.1324 | lr 0.010000
2025-01-08 03:09:25 - INFO - [Validate] Epoch 00085 | valid_rmse 5.0311 | valid_pr 0.9753 | valid_criterion 7.5322 | score 0.2468
2025-01-08 03:09:25 - INFO - No improvement for 36 epochs
2025-01-08 03:09:37 - INFO - [Train] Epoch 00086 | train_loss 14.8535 | train_rmse 4.8852 | lr 0.010000
2025-01-08 03:09:37 - INFO - [Validate] Epoch 00086 | valid_rmse 5.0573 | valid_pr 0.9754 | valid_criterion 7.4179 | score 0.2582
2025-01-08 03:09:37 - INFO - No improvement for 37 epochs
2025-01-08 03:09:50 - INFO - [Train] Epoch 00087 | train_loss 12.3284 | train_rmse 4.3916 | lr 0.010000
2025-01-08 03:09:50 - INFO - [Validate] Epoch 00087 | valid_rmse 7.1046 | valid_pr 0.9666 | valid_criterion 11.2863 | score -0.1286
2025-01-08 03:09:50 - INFO - No improvement for 38 epochs
2025-01-08 03:10:02 - INFO - [Train] Epoch 00088 | train_loss 14.3276 | train_rmse 4.8236 | lr 0.010000
2025-01-08 03:10:02 - INFO - [Validate] Epoch 00088 | valid_rmse 5.7253 | valid_pr 0.9651 | valid_criterion 8.9537 | score 0.1046
2025-01-08 03:10:02 - INFO - No improvement for 39 epochs
2025-01-08 03:10:14 - INFO - [Train] Epoch 00089 | train_loss 13.7871 | train_rmse 4.7598 | lr 0.010000
2025-01-08 03:10:14 - INFO - [Validate] Epoch 00089 | valid_rmse 4.4727 | valid_pr 0.9759 | valid_criterion 7.6246 | score 0.2375
2025-01-08 03:10:14 - INFO - No improvement for 40 epochs
2025-01-08 03:10:26 - INFO - [Train] Epoch 00090 | train_loss 13.3936 | train_rmse 4.6443 | lr 0.010000
2025-01-08 03:10:26 - INFO - [Validate] Epoch 00090 | valid_rmse 4.8406 | valid_pr 0.9733 | valid_criterion 7.6913 | score 0.2309
2025-01-08 03:10:26 - INFO - No improvement for 41 epochs
2025-01-08 03:10:39 - INFO - [Train] Epoch 00091 | train_loss 15.1799 | train_rmse 5.0460 | lr 0.010000
2025-01-08 03:10:39 - INFO - [Validate] Epoch 00091 | valid_rmse 5.3648 | valid_pr 0.9763 | valid_criterion 7.4510 | score 0.2549
2025-01-08 03:10:39 - INFO - No improvement for 42 epochs
2025-01-08 03:10:51 - INFO - [Train] Epoch 00092 | train_loss 12.6686 | train_rmse 4.4993 | lr 0.010000
2025-01-08 03:10:51 - INFO - [Validate] Epoch 00092 | valid_rmse 4.9022 | valid_pr 0.9699 | valid_criterion 7.9712 | score 0.2029
2025-01-08 03:10:51 - INFO - No improvement for 43 epochs
2025-01-08 03:11:04 - INFO - [Train] Epoch 00093 | train_loss 15.2095 | train_rmse 5.0804 | lr 0.010000
2025-01-08 03:11:04 - INFO - [Validate] Epoch 00093 | valid_rmse 4.5865 | valid_pr 0.9737 | valid_criterion 7.7047 | score 0.2295
2025-01-08 03:11:04 - INFO - No improvement for 44 epochs
2025-01-08 03:11:16 - INFO - [Train] Epoch 00094 | train_loss 13.9877 | train_rmse 4.7864 | lr 0.010000
2025-01-08 03:11:16 - INFO - [Validate] Epoch 00094 | valid_rmse 4.8679 | valid_pr 0.9722 | valid_criterion 7.7227 | score 0.2277
2025-01-08 03:11:16 - INFO - No improvement for 45 epochs
2025-01-08 03:11:28 - INFO - [Train] Epoch 00095 | train_loss 14.6769 | train_rmse 4.8865 | lr 0.010000
2025-01-08 03:11:28 - INFO - [Validate] Epoch 00095 | valid_rmse 4.6157 | valid_pr 0.9762 | valid_criterion 7.2919 | score 0.2708
2025-01-08 03:11:28 - INFO - No improvement for 46 epochs
2025-01-08 03:11:41 - INFO - [Train] Epoch 00096 | train_loss 13.1285 | train_rmse 4.6220 | lr 0.010000
2025-01-08 03:11:41 - INFO - [Validate] Epoch 00096 | valid_rmse 4.9148 | valid_pr 0.9755 | valid_criterion 7.4904 | score 0.2510
2025-01-08 03:11:41 - INFO - No improvement for 47 epochs
2025-01-08 03:11:54 - INFO - [Train] Epoch 00097 | train_loss 14.1001 | train_rmse 4.7501 | lr 0.010000
2025-01-08 03:11:54 - INFO - [Validate] Epoch 00097 | valid_rmse 6.2563 | valid_pr 0.9631 | valid_criterion 7.9177 | score 0.2082
2025-01-08 03:11:54 - INFO - No improvement for 48 epochs
2025-01-08 03:12:06 - INFO - [Train] Epoch 00098 | train_loss 12.7590 | train_rmse 4.5208 | lr 0.010000
2025-01-08 03:12:06 - INFO - [Validate] Epoch 00098 | valid_rmse 4.9595 | valid_pr 0.9758 | valid_criterion 7.2658 | score 0.2734
2025-01-08 03:12:06 - INFO - No improvement for 49 epochs
2025-01-08 03:12:18 - INFO - [Train] Epoch 00099 | train_loss 13.4789 | train_rmse 4.7212 | lr 0.002000
2025-01-08 03:12:18 - INFO - [Validate] Epoch 00099 | valid_rmse 4.9794 | valid_pr 0.9768 | valid_criterion 8.1399 | score 0.1860
2025-01-08 03:12:18 - INFO - No improvement for 50 epochs
2025-01-08 03:12:31 - INFO - [Train] Epoch 00100 | train_loss 12.4647 | train_rmse 4.5318 | lr 0.002000
2025-01-08 03:12:31 - INFO - [Validate] Epoch 00100 | valid_rmse 4.5044 | valid_pr 0.9755 | valid_criterion 7.4433 | score 0.2557
2025-01-08 03:12:31 - INFO - No improvement for 51 epochs
2025-01-08 03:12:43 - INFO - [Train] Epoch 00101 | train_loss 10.5601 | train_rmse 4.0095 | lr 0.002000
2025-01-08 03:12:43 - INFO - [Validate] Epoch 00101 | valid_rmse 4.7582 | valid_pr 0.9758 | valid_criterion 7.3920 | score 0.2608
2025-01-08 03:12:43 - INFO - No improvement for 52 epochs
2025-01-08 03:12:55 - INFO - [Train] Epoch 00102 | train_loss 11.4971 | train_rmse 4.2448 | lr 0.002000
2025-01-08 03:12:55 - INFO - [Validate] Epoch 00102 | valid_rmse 4.4087 | valid_pr 0.9764 | valid_criterion 7.4216 | score 0.2578
2025-01-08 03:12:55 - INFO - No improvement for 53 epochs
2025-01-08 03:13:07 - INFO - [Train] Epoch 00103 | train_loss 10.8087 | train_rmse 4.0903 | lr 0.002000
2025-01-08 03:13:07 - INFO - [Validate] Epoch 00103 | valid_rmse 4.3846 | valid_pr 0.9768 | valid_criterion 7.3739 | score 0.2626
2025-01-08 03:13:07 - INFO - No improvement for 54 epochs
2025-01-08 03:13:20 - INFO - [Train] Epoch 00104 | train_loss 10.5909 | train_rmse 4.0768 | lr 0.002000
2025-01-08 03:13:20 - INFO - [Validate] Epoch 00104 | valid_rmse 4.4002 | valid_pr 0.9772 | valid_criterion 7.3231 | score 0.2677
2025-01-08 03:13:20 - INFO - No improvement for 55 epochs
2025-01-08 03:13:32 - INFO - [Train] Epoch 00105 | train_loss 11.1386 | train_rmse 4.2295 | lr 0.002000
2025-01-08 03:13:32 - INFO - [Validate] Epoch 00105 | valid_rmse 4.7173 | valid_pr 0.9767 | valid_criterion 7.2862 | score 0.2714
2025-01-08 03:13:32 - INFO - No improvement for 56 epochs
2025-01-08 03:13:44 - INFO - [Train] Epoch 00106 | train_loss 10.7720 | train_rmse 4.0920 | lr 0.002000
2025-01-08 03:13:44 - INFO - [Validate] Epoch 00106 | valid_rmse 4.4285 | valid_pr 0.9757 | valid_criterion 7.4185 | score 0.2581
2025-01-08 03:13:44 - INFO - No improvement for 57 epochs
2025-01-08 03:13:57 - INFO - [Train] Epoch 00107 | train_loss 10.7999 | train_rmse 4.1150 | lr 0.002000
2025-01-08 03:13:57 - INFO - [Validate] Epoch 00107 | valid_rmse 4.6546 | valid_pr 0.9740 | valid_criterion 7.5147 | score 0.2485
2025-01-08 03:13:57 - INFO - No improvement for 58 epochs
2025-01-08 03:14:09 - INFO - [Train] Epoch 00108 | train_loss 10.5870 | train_rmse 4.0503 | lr 0.002000
2025-01-08 03:14:09 - INFO - [Validate] Epoch 00108 | valid_rmse 4.9592 | valid_pr 0.9751 | valid_criterion 7.7105 | score 0.2290
2025-01-08 03:14:09 - INFO - No improvement for 59 epochs
2025-01-08 03:14:21 - INFO - [Train] Epoch 00109 | train_loss 12.4410 | train_rmse 4.5182 | lr 0.002000
2025-01-08 03:14:21 - INFO - [Validate] Epoch 00109 | valid_rmse 4.7180 | valid_pr 0.9754 | valid_criterion 7.4786 | score 0.2521
2025-01-08 03:14:21 - INFO - No improvement for 60 epochs
2025-01-08 03:14:34 - INFO - [Train] Epoch 00110 | train_loss 9.6828 | train_rmse 3.8434 | lr 0.002000
2025-01-08 03:14:34 - INFO - [Validate] Epoch 00110 | valid_rmse 4.9256 | valid_pr 0.9754 | valid_criterion 7.3858 | score 0.2614
2025-01-08 03:14:34 - INFO - No improvement for 61 epochs
2025-01-08 03:14:46 - INFO - [Train] Epoch 00111 | train_loss 10.6495 | train_rmse 4.1481 | lr 0.002000
2025-01-08 03:14:46 - INFO - [Validate] Epoch 00111 | valid_rmse 4.7288 | valid_pr 0.9754 | valid_criterion 7.4793 | score 0.2521
2025-01-08 03:14:46 - INFO - No improvement for 62 epochs
2025-01-08 03:14:59 - INFO - [Train] Epoch 00112 | train_loss 10.3042 | train_rmse 4.0354 | lr 0.002000
2025-01-08 03:14:59 - INFO - [Validate] Epoch 00112 | valid_rmse 4.6741 | valid_pr 0.9762 | valid_criterion 7.3893 | score 0.2611
2025-01-08 03:14:59 - INFO - No improvement for 63 epochs
2025-01-08 03:15:11 - INFO - [Train] Epoch 00113 | train_loss 10.1425 | train_rmse 3.9849 | lr 0.002000
2025-01-08 03:15:11 - INFO - [Validate] Epoch 00113 | valid_rmse 4.5553 | valid_pr 0.9755 | valid_criterion 7.4739 | score 0.2526
2025-01-08 03:15:11 - INFO - No improvement for 64 epochs
2025-01-08 03:15:24 - INFO - [Train] Epoch 00114 | train_loss 12.2061 | train_rmse 4.4972 | lr 0.002000
2025-01-08 03:15:24 - INFO - [Validate] Epoch 00114 | valid_rmse 4.6396 | valid_pr 0.9754 | valid_criterion 7.4420 | score 0.2558
2025-01-08 03:15:24 - INFO - No improvement for 65 epochs
2025-01-08 03:15:37 - INFO - [Train] Epoch 00115 | train_loss 11.5412 | train_rmse 4.3657 | lr 0.002000
2025-01-08 03:15:37 - INFO - [Validate] Epoch 00115 | valid_rmse 4.6229 | valid_pr 0.9762 | valid_criterion 7.3505 | score 0.2649
2025-01-08 03:15:37 - INFO - No improvement for 66 epochs
2025-01-08 03:15:49 - INFO - [Train] Epoch 00116 | train_loss 10.7818 | train_rmse 4.2218 | lr 0.002000
2025-01-08 03:15:49 - INFO - [Validate] Epoch 00116 | valid_rmse 4.9958 | valid_pr 0.9764 | valid_criterion 7.7907 | score 0.2209
2025-01-08 03:15:49 - INFO - No improvement for 67 epochs
2025-01-08 03:16:02 - INFO - [Train] Epoch 00117 | train_loss 10.5005 | train_rmse 4.1178 | lr 0.002000
2025-01-08 03:16:02 - INFO - [Validate] Epoch 00117 | valid_rmse 4.8553 | valid_pr 0.9765 | valid_criterion 7.2789 | score 0.2721
2025-01-08 03:16:02 - INFO - No improvement for 68 epochs
2025-01-08 03:16:14 - INFO - [Train] Epoch 00118 | train_loss 11.6421 | train_rmse 4.4059 | lr 0.002000
2025-01-08 03:16:14 - INFO - [Validate] Epoch 00118 | valid_rmse 4.6339 | valid_pr 0.9755 | valid_criterion 7.3469 | score 0.2653
2025-01-08 03:16:14 - INFO - No improvement for 69 epochs
2025-01-08 03:16:27 - INFO - [Train] Epoch 00119 | train_loss 9.6629 | train_rmse 3.9403 | lr 0.002000
2025-01-08 03:16:27 - INFO - [Validate] Epoch 00119 | valid_rmse 4.5824 | valid_pr 0.9760 | valid_criterion 7.4164 | score 0.2584
2025-01-08 03:16:27 - INFO - No improvement for 70 epochs
2025-01-08 03:16:39 - INFO - [Train] Epoch 00120 | train_loss 10.4453 | train_rmse 4.0930 | lr 0.000400
2025-01-08 03:16:39 - INFO - [Validate] Epoch 00120 | valid_rmse 4.9182 | valid_pr 0.9752 | valid_criterion 7.4046 | score 0.2595
2025-01-08 03:16:39 - INFO - No improvement for 71 epochs
2025-01-08 03:16:52 - INFO - [Train] Epoch 00121 | train_loss 10.7505 | train_rmse 4.1920 | lr 0.000400
2025-01-08 03:16:52 - INFO - [Validate] Epoch 00121 | valid_rmse 4.6092 | valid_pr 0.9756 | valid_criterion 7.4119 | score 0.2588
2025-01-08 03:16:52 - INFO - No improvement for 72 epochs
2025-01-08 03:17:04 - INFO - [Train] Epoch 00122 | train_loss 10.3033 | train_rmse 4.0911 | lr 0.000400
2025-01-08 03:17:04 - INFO - [Validate] Epoch 00122 | valid_rmse 4.5114 | valid_pr 0.9760 | valid_criterion 7.3987 | score 0.2601
2025-01-08 03:17:04 - INFO - No improvement for 73 epochs
2025-01-08 03:17:16 - INFO - [Train] Epoch 00123 | train_loss 9.6032 | train_rmse 3.9267 | lr 0.000400
2025-01-08 03:17:16 - INFO - [Validate] Epoch 00123 | valid_rmse 4.9605 | valid_pr 0.9765 | valid_criterion 7.3082 | score 0.2692
2025-01-08 03:17:16 - INFO - No improvement for 74 epochs
2025-01-08 03:17:29 - INFO - [Train] Epoch 00124 | train_loss 10.2174 | train_rmse 4.0622 | lr 0.000400
2025-01-08 03:17:29 - INFO - [Validate] Epoch 00124 | valid_rmse 4.9092 | valid_pr 0.9754 | valid_criterion 7.4500 | score 0.2550
2025-01-08 03:17:29 - INFO - No improvement for 75 epochs
2025-01-08 03:17:41 - INFO - [Train] Epoch 00125 | train_loss 9.8204 | train_rmse 3.9961 | lr 0.000400
2025-01-08 03:17:41 - INFO - [Validate] Epoch 00125 | valid_rmse 4.6555 | valid_pr 0.9761 | valid_criterion 7.4212 | score 0.2579
2025-01-08 03:17:41 - INFO - No improvement for 76 epochs
2025-01-08 03:17:53 - INFO - [Train] Epoch 00126 | train_loss 10.6942 | train_rmse 4.2441 | lr 0.000400
2025-01-08 03:17:53 - INFO - [Validate] Epoch 00126 | valid_rmse 4.6398 | valid_pr 0.9759 | valid_criterion 7.3068 | score 0.2693
2025-01-08 03:17:53 - INFO - No improvement for 77 epochs
2025-01-08 03:18:06 - INFO - [Train] Epoch 00127 | train_loss 9.4645 | train_rmse 3.8483 | lr 0.000400
2025-01-08 03:18:06 - INFO - [Validate] Epoch 00127 | valid_rmse 5.0105 | valid_pr 0.9750 | valid_criterion 7.4196 | score 0.2580
2025-01-08 03:18:06 - INFO - No improvement for 78 epochs
2025-01-08 03:18:18 - INFO - [Train] Epoch 00128 | train_loss 9.3843 | train_rmse 3.8714 | lr 0.000400
2025-01-08 03:18:18 - INFO - [Validate] Epoch 00128 | valid_rmse 4.9158 | valid_pr 0.9760 | valid_criterion 7.3306 | score 0.2669
2025-01-08 03:18:18 - INFO - No improvement for 79 epochs
2025-01-08 03:18:30 - INFO - [Train] Epoch 00129 | train_loss 9.5779 | train_rmse 3.9227 | lr 0.000400
2025-01-08 03:18:30 - INFO - [Validate] Epoch 00129 | valid_rmse 4.8519 | valid_pr 0.9750 | valid_criterion 7.3992 | score 0.2601
2025-01-08 03:18:30 - INFO - No improvement for 80 epochs
2025-01-08 03:18:43 - INFO - [Train] Epoch 00130 | train_loss 10.2203 | train_rmse 4.0781 | lr 0.000400
2025-01-08 03:18:43 - INFO - [Validate] Epoch 00130 | valid_rmse 4.6096 | valid_pr 0.9764 | valid_criterion 7.4152 | score 0.2585
2025-01-08 03:18:43 - INFO - No improvement for 81 epochs
2025-01-08 03:18:55 - INFO - [Train] Epoch 00131 | train_loss 9.7474 | train_rmse 3.9753 | lr 0.000400
2025-01-08 03:18:55 - INFO - [Validate] Epoch 00131 | valid_rmse 4.7660 | valid_pr 0.9760 | valid_criterion 7.5330 | score 0.2467
2025-01-08 03:18:55 - INFO - No improvement for 82 epochs
2025-01-08 03:19:07 - INFO - [Train] Epoch 00132 | train_loss 10.6747 | train_rmse 4.2578 | lr 0.000400
2025-01-08 03:19:07 - INFO - [Validate] Epoch 00132 | valid_rmse 4.6891 | valid_pr 0.9767 | valid_criterion 7.4572 | score 0.2543
2025-01-08 03:19:07 - INFO - No improvement for 83 epochs
2025-01-08 03:19:20 - INFO - [Train] Epoch 00133 | train_loss 9.9432 | train_rmse 4.0329 | lr 0.000400
2025-01-08 03:19:20 - INFO - [Validate] Epoch 00133 | valid_rmse 5.2449 | valid_pr 0.9760 | valid_criterion 7.3871 | score 0.2613
2025-01-08 03:19:20 - INFO - No improvement for 84 epochs
2025-01-08 03:19:32 - INFO - [Train] Epoch 00134 | train_loss 10.2702 | train_rmse 4.1124 | lr 0.000400
2025-01-08 03:19:32 - INFO - [Validate] Epoch 00134 | valid_rmse 4.7122 | valid_pr 0.9754 | valid_criterion 7.3796 | score 0.2620
2025-01-08 03:19:32 - INFO - No improvement for 85 epochs
2025-01-08 03:19:44 - INFO - [Train] Epoch 00135 | train_loss 9.4711 | train_rmse 3.8870 | lr 0.000400
2025-01-08 03:19:44 - INFO - [Validate] Epoch 00135 | valid_rmse 4.5154 | valid_pr 0.9762 | valid_criterion 7.3411 | score 0.2659
2025-01-08 03:19:44 - INFO - No improvement for 86 epochs
2025-01-08 03:19:57 - INFO - [Train] Epoch 00136 | train_loss 10.4325 | train_rmse 4.1647 | lr 0.000400
2025-01-08 03:19:57 - INFO - [Validate] Epoch 00136 | valid_rmse 4.5908 | valid_pr 0.9758 | valid_criterion 7.3535 | score 0.2646
2025-01-08 03:19:57 - INFO - No improvement for 87 epochs
2025-01-08 03:20:09 - INFO - [Train] Epoch 00137 | train_loss 10.2363 | train_rmse 4.0960 | lr 0.000400
2025-01-08 03:20:09 - INFO - [Validate] Epoch 00137 | valid_rmse 4.5576 | valid_pr 0.9761 | valid_criterion 7.2937 | score 0.2706
2025-01-08 03:20:09 - INFO - No improvement for 88 epochs
2025-01-08 03:20:22 - INFO - [Train] Epoch 00138 | train_loss 9.4393 | train_rmse 3.8993 | lr 0.000400
2025-01-08 03:20:22 - INFO - [Validate] Epoch 00138 | valid_rmse 4.8542 | valid_pr 0.9752 | valid_criterion 7.4298 | score 0.2570
2025-01-08 03:20:22 - INFO - No improvement for 89 epochs
2025-01-08 03:20:34 - INFO - [Train] Epoch 00139 | train_loss 8.5264 | train_rmse 3.6319 | lr 0.000400
2025-01-08 03:20:34 - INFO - [Validate] Epoch 00139 | valid_rmse 4.6499 | valid_pr 0.9755 | valid_criterion 7.3683 | score 0.2632
2025-01-08 03:20:34 - INFO - No improvement for 90 epochs
2025-01-08 03:20:46 - INFO - [Train] Epoch 00140 | train_loss 9.6154 | train_rmse 3.9265 | lr 0.000400
2025-01-08 03:20:46 - INFO - [Validate] Epoch 00140 | valid_rmse 4.5927 | valid_pr 0.9764 | valid_criterion 7.3331 | score 0.2667
2025-01-08 03:20:46 - INFO - No improvement for 91 epochs
2025-01-08 03:20:59 - INFO - [Train] Epoch 00141 | train_loss 10.2188 | train_rmse 4.1203 | lr 0.000080
2025-01-08 03:20:59 - INFO - [Validate] Epoch 00141 | valid_rmse 4.9928 | valid_pr 0.9751 | valid_criterion 7.5010 | score 0.2499
2025-01-08 03:20:59 - INFO - No improvement for 92 epochs
2025-01-08 03:21:11 - INFO - [Train] Epoch 00142 | train_loss 8.7321 | train_rmse 3.7112 | lr 0.000080
2025-01-08 03:21:11 - INFO - [Validate] Epoch 00142 | valid_rmse 4.7092 | valid_pr 0.9753 | valid_criterion 7.3193 | score 0.2681
2025-01-08 03:21:11 - INFO - No improvement for 93 epochs
2025-01-08 03:21:24 - INFO - [Train] Epoch 00143 | train_loss 10.3454 | train_rmse 4.1781 | lr 0.000080
2025-01-08 03:21:24 - INFO - [Validate] Epoch 00143 | valid_rmse 4.7909 | valid_pr 0.9756 | valid_criterion 7.3685 | score 0.2632
2025-01-08 03:21:24 - INFO - No improvement for 94 epochs
2025-01-08 03:21:36 - INFO - [Train] Epoch 00144 | train_loss 9.7697 | train_rmse 3.9719 | lr 0.000080
2025-01-08 03:21:36 - INFO - [Validate] Epoch 00144 | valid_rmse 5.3658 | valid_pr 0.9753 | valid_criterion 7.7452 | score 0.2255
2025-01-08 03:21:36 - INFO - No improvement for 95 epochs
2025-01-08 03:21:49 - INFO - [Train] Epoch 00145 | train_loss 8.6237 | train_rmse 3.6886 | lr 0.000080
2025-01-08 03:21:49 - INFO - [Validate] Epoch 00145 | valid_rmse 5.0695 | valid_pr 0.9759 | valid_criterion 7.3862 | score 0.2614
2025-01-08 03:21:49 - INFO - No improvement for 96 epochs
2025-01-08 03:22:02 - INFO - [Train] Epoch 00146 | train_loss 9.6997 | train_rmse 3.9972 | lr 0.000080
2025-01-08 03:22:02 - INFO - [Validate] Epoch 00146 | valid_rmse 4.9217 | valid_pr 0.9759 | valid_criterion 7.3948 | score 0.2605
2025-01-08 03:22:02 - INFO - No improvement for 97 epochs
2025-01-08 03:22:14 - INFO - [Train] Epoch 00147 | train_loss 9.8345 | train_rmse 3.9849 | lr 0.000080
2025-01-08 03:22:14 - INFO - [Validate] Epoch 00147 | valid_rmse 4.6330 | valid_pr 0.9763 | valid_criterion 7.3125 | score 0.2687
2025-01-08 03:22:14 - INFO - No improvement for 98 epochs
2025-01-08 03:22:26 - INFO - [Train] Epoch 00148 | train_loss 8.3219 | train_rmse 3.6164 | lr 0.000080
2025-01-08 03:22:26 - INFO - [Validate] Epoch 00148 | valid_rmse 4.8209 | valid_pr 0.9761 | valid_criterion 7.3636 | score 0.2636
2025-01-08 03:22:26 - INFO - No improvement for 99 epochs
2025-01-08 03:22:39 - INFO - [Train] Epoch 00149 | train_loss 9.3670 | train_rmse 3.8887 | lr 0.000080
2025-01-08 03:22:39 - INFO - [Validate] Epoch 00149 | valid_rmse 4.9182 | valid_pr 0.9756 | valid_criterion 7.4389 | score 0.2561
2025-01-08 03:22:39 - INFO - No improvement for 100 epochs
2025-01-08 03:22:39 - INFO - Early stopping triggered. No improvement for 100 epochs
2025-01-08 03:22:39 - INFO - Best model was saved at epoch 49
2025-01-08 03:22:39 - INFO - [Validate] Epoch 00149 | valid_rmse1 4.461467 | valid_pr1 0.974434 | valid_criterion 7.133534
