2025-01-08 01:59:17 - INFO - 01.train.py
2025-01-08 01:59:17 - INFO - train data: 5390
2025-01-08 01:59:17 - INFO - valid data: 1166
2025-01-08 01:59:18 - INFO - Total parameters: 1212803
2025-01-08 01:59:18 - INFO - Trainable parameters: 1212803
2025-01-08 01:59:31 - INFO - [Train] Epoch 00000 | train_loss 819.0996 | train_rmse 41.8259 | lr 0.000201
2025-01-08 01:59:31 - INFO - [Validate] Epoch 00000 | valid_rmse 42.4834 | valid_pr -0.1470 | valid_criterion 24.2404 | score -1.4240
2025-01-08 01:59:31 - INFO - [Validate] Best score achieved: -1.424035
2025-01-08 01:59:43 - INFO - [Train] Epoch 00001 | train_loss 777.8351 | train_rmse 41.3105 | lr 0.000401
2025-01-08 01:59:43 - INFO - [Validate] Epoch 00001 | valid_rmse 41.0437 | valid_pr 0.6050 | valid_criterion 19.1868 | score -0.9187
2025-01-08 01:59:43 - INFO - [Validate] Best score achieved: -0.918682
2025-01-08 01:59:54 - INFO - [Train] Epoch 00002 | train_loss 635.8810 | train_rmse 37.8776 | lr 0.000601
2025-01-08 01:59:54 - INFO - [Validate] Epoch 00002 | valid_rmse 38.5661 | valid_pr 0.6896 | valid_criterion 29.8862 | score -1.9886
2025-01-08 01:59:54 - INFO - No improvement for 1 epochs
2025-01-08 02:00:06 - INFO - [Train] Epoch 00003 | train_loss 392.1585 | train_rmse 30.5157 | lr 0.000801
2025-01-08 02:00:06 - INFO - [Validate] Epoch 00003 | valid_rmse 24.7502 | valid_pr 0.7959 | valid_criterion 20.2926 | score -1.0293
2025-01-08 02:00:06 - INFO - No improvement for 2 epochs
2025-01-08 02:00:18 - INFO - [Train] Epoch 00004 | train_loss 58.4128 | train_rmse 11.2725 | lr 0.001001
2025-01-08 02:00:18 - INFO - [Validate] Epoch 00004 | valid_rmse 8.6808 | valid_pr 0.9301 | valid_criterion 10.3325 | score -0.0333
2025-01-08 02:00:18 - INFO - [Validate] Best score achieved: -0.033253
2025-01-08 02:00:29 - INFO - [Train] Epoch 00005 | train_loss 32.0610 | train_rmse 8.1366 | lr 0.001201
2025-01-08 02:00:29 - INFO - [Validate] Epoch 00005 | valid_rmse 6.6622 | valid_pr 0.9464 | valid_criterion 9.7114 | score 0.0289
2025-01-08 02:00:29 - INFO - [Validate] Best score achieved: 0.028857
2025-01-08 02:00:41 - INFO - [Train] Epoch 00006 | train_loss 28.9543 | train_rmse 7.5515 | lr 0.001401
2025-01-08 02:00:41 - INFO - [Validate] Epoch 00006 | valid_rmse 7.7681 | valid_pr 0.9197 | valid_criterion 9.8874 | score 0.0113
2025-01-08 02:00:41 - INFO - No improvement for 1 epochs
2025-01-08 02:00:53 - INFO - [Train] Epoch 00007 | train_loss 26.4700 | train_rmse 7.2482 | lr 0.001601
2025-01-08 02:00:53 - INFO - [Validate] Epoch 00007 | valid_rmse 6.6874 | valid_pr 0.9518 | valid_criterion 9.3039 | score 0.0696
2025-01-08 02:00:53 - INFO - [Validate] Best score achieved: 0.069607
2025-01-08 02:01:04 - INFO - [Train] Epoch 00008 | train_loss 24.7625 | train_rmse 7.0326 | lr 0.001801
2025-01-08 02:01:04 - INFO - [Validate] Epoch 00008 | valid_rmse 5.7851 | valid_pr 0.9561 | valid_criterion 8.8659 | score 0.1134
2025-01-08 02:01:04 - INFO - [Validate] Best score achieved: 0.113411
2025-01-08 02:01:16 - INFO - [Train] Epoch 00009 | train_loss 23.9494 | train_rmse 6.7825 | lr 0.002001
2025-01-08 02:01:16 - INFO - [Validate] Epoch 00009 | valid_rmse 8.4994 | valid_pr 0.9418 | valid_criterion 13.5926 | score -0.3593
2025-01-08 02:01:16 - INFO - No improvement for 1 epochs
2025-01-08 02:01:28 - INFO - [Train] Epoch 00010 | train_loss 23.5467 | train_rmse 6.7923 | lr 0.002201
2025-01-08 02:01:28 - INFO - [Validate] Epoch 00010 | valid_rmse 7.1751 | valid_pr 0.9437 | valid_criterion 10.2154 | score -0.0215
2025-01-08 02:01:28 - INFO - No improvement for 2 epochs
2025-01-08 02:01:40 - INFO - [Train] Epoch 00011 | train_loss 20.0987 | train_rmse 6.2439 | lr 0.002401
2025-01-08 02:01:40 - INFO - [Validate] Epoch 00011 | valid_rmse 6.8718 | valid_pr 0.9523 | valid_criterion 9.8736 | score 0.0126
2025-01-08 02:01:40 - INFO - No improvement for 3 epochs
2025-01-08 02:01:52 - INFO - [Train] Epoch 00012 | train_loss 19.8243 | train_rmse 6.2115 | lr 0.002601
2025-01-08 02:01:52 - INFO - [Validate] Epoch 00012 | valid_rmse 6.3958 | valid_pr 0.9557 | valid_criterion 10.9642 | score -0.0964
2025-01-08 02:01:52 - INFO - No improvement for 4 epochs
2025-01-08 02:02:03 - INFO - [Train] Epoch 00013 | train_loss 19.3574 | train_rmse 6.0719 | lr 0.002801
2025-01-08 02:02:03 - INFO - [Validate] Epoch 00013 | valid_rmse 6.7560 | valid_pr 0.9416 | valid_criterion 9.5881 | score 0.0412
2025-01-08 02:02:03 - INFO - No improvement for 5 epochs
2025-01-08 02:02:15 - INFO - [Train] Epoch 00014 | train_loss 19.9159 | train_rmse 6.1986 | lr 0.003001
2025-01-08 02:02:15 - INFO - [Validate] Epoch 00014 | valid_rmse 6.0294 | valid_pr 0.9548 | valid_criterion 9.0832 | score 0.0917
2025-01-08 02:02:15 - INFO - No improvement for 6 epochs
2025-01-08 02:02:27 - INFO - [Train] Epoch 00015 | train_loss 19.1940 | train_rmse 6.0234 | lr 0.003201
2025-01-08 02:02:27 - INFO - [Validate] Epoch 00015 | valid_rmse 7.3373 | valid_pr 0.9320 | valid_criterion 11.0527 | score -0.1053
2025-01-08 02:02:27 - INFO - No improvement for 7 epochs
2025-01-08 02:02:39 - INFO - [Train] Epoch 00016 | train_loss 19.2348 | train_rmse 6.0566 | lr 0.003401
2025-01-08 02:02:39 - INFO - [Validate] Epoch 00016 | valid_rmse 6.4168 | valid_pr 0.9491 | valid_criterion 9.1919 | score 0.0808
2025-01-08 02:02:39 - INFO - No improvement for 8 epochs
2025-01-08 02:02:51 - INFO - [Train] Epoch 00017 | train_loss 17.9020 | train_rmse 5.8559 | lr 0.003601
2025-01-08 02:02:51 - INFO - [Validate] Epoch 00017 | valid_rmse 6.7148 | valid_pr 0.9447 | valid_criterion 8.9591 | score 0.1041
2025-01-08 02:02:51 - INFO - No improvement for 9 epochs
2025-01-08 02:03:02 - INFO - [Train] Epoch 00018 | train_loss 17.0714 | train_rmse 5.6738 | lr 0.003801
2025-01-08 02:03:02 - INFO - [Validate] Epoch 00018 | valid_rmse 5.4871 | valid_pr 0.9612 | valid_criterion 8.1482 | score 0.1852
2025-01-08 02:03:02 - INFO - [Validate] Best score achieved: 0.185182
2025-01-08 02:03:14 - INFO - [Train] Epoch 00019 | train_loss 16.5999 | train_rmse 5.5649 | lr 0.004001
2025-01-08 02:03:14 - INFO - [Validate] Epoch 00019 | valid_rmse 6.8277 | valid_pr 0.9610 | valid_criterion 8.7418 | score 0.1258
2025-01-08 02:03:14 - INFO - No improvement for 1 epochs
2025-01-08 02:03:26 - INFO - [Train] Epoch 00020 | train_loss 15.5234 | train_rmse 5.3789 | lr 0.004201
2025-01-08 02:03:26 - INFO - [Validate] Epoch 00020 | valid_rmse 5.9775 | valid_pr 0.9587 | valid_criterion 8.9644 | score 0.1036
2025-01-08 02:03:26 - INFO - No improvement for 2 epochs
2025-01-08 02:03:38 - INFO - [Train] Epoch 00021 | train_loss 18.8403 | train_rmse 5.9322 | lr 0.004401
2025-01-08 02:03:38 - INFO - [Validate] Epoch 00021 | valid_rmse 5.8164 | valid_pr 0.9612 | valid_criterion 8.4217 | score 0.1578
2025-01-08 02:03:38 - INFO - No improvement for 3 epochs
2025-01-08 02:03:50 - INFO - [Train] Epoch 00022 | train_loss 17.2379 | train_rmse 5.6233 | lr 0.004601
2025-01-08 02:03:50 - INFO - [Validate] Epoch 00022 | valid_rmse 6.4455 | valid_pr 0.9583 | valid_criterion 8.3812 | score 0.1619
2025-01-08 02:03:50 - INFO - No improvement for 4 epochs
2025-01-08 02:04:02 - INFO - [Train] Epoch 00023 | train_loss 17.9874 | train_rmse 5.7759 | lr 0.004801
2025-01-08 02:04:02 - INFO - [Validate] Epoch 00023 | valid_rmse 6.1953 | valid_pr 0.9618 | valid_criterion 8.5355 | score 0.1465
2025-01-08 02:04:02 - INFO - No improvement for 5 epochs
2025-01-08 02:04:14 - INFO - [Train] Epoch 00024 | train_loss 16.7062 | train_rmse 5.5418 | lr 0.005001
2025-01-08 02:04:14 - INFO - [Validate] Epoch 00024 | valid_rmse 6.0434 | valid_pr 0.9646 | valid_criterion 8.2127 | score 0.1787
2025-01-08 02:04:14 - INFO - No improvement for 6 epochs
2025-01-08 02:04:26 - INFO - [Train] Epoch 00025 | train_loss 15.5694 | train_rmse 5.3193 | lr 0.005200
2025-01-08 02:04:26 - INFO - [Validate] Epoch 00025 | valid_rmse 5.7989 | valid_pr 0.9619 | valid_criterion 8.6971 | score 0.1303
2025-01-08 02:04:26 - INFO - No improvement for 7 epochs
2025-01-08 02:04:37 - INFO - [Train] Epoch 00026 | train_loss 17.8507 | train_rmse 5.7764 | lr 0.005400
2025-01-08 02:04:37 - INFO - [Validate] Epoch 00026 | valid_rmse 5.5661 | valid_pr 0.9601 | valid_criterion 8.6997 | score 0.1300
2025-01-08 02:04:37 - INFO - No improvement for 8 epochs
2025-01-08 02:04:49 - INFO - [Train] Epoch 00027 | train_loss 15.8402 | train_rmse 5.3176 | lr 0.005600
2025-01-08 02:04:49 - INFO - [Validate] Epoch 00027 | valid_rmse 5.5191 | valid_pr 0.9663 | valid_criterion 9.3510 | score 0.0649
2025-01-08 02:04:49 - INFO - No improvement for 9 epochs
2025-01-08 02:05:02 - INFO - [Train] Epoch 00028 | train_loss 15.9506 | train_rmse 5.2904 | lr 0.005800
2025-01-08 02:05:02 - INFO - [Validate] Epoch 00028 | valid_rmse 5.9467 | valid_pr 0.9631 | valid_criterion 9.0409 | score 0.0959
2025-01-08 02:05:02 - INFO - No improvement for 10 epochs
2025-01-08 02:05:13 - INFO - [Train] Epoch 00029 | train_loss 15.4937 | train_rmse 5.2993 | lr 0.006000
2025-01-08 02:05:13 - INFO - [Validate] Epoch 00029 | valid_rmse 5.4893 | valid_pr 0.9648 | valid_criterion 8.1142 | score 0.1886
2025-01-08 02:05:13 - INFO - [Validate] Best score achieved: 0.188578
2025-01-08 02:05:25 - INFO - [Train] Epoch 00030 | train_loss 16.6774 | train_rmse 5.5025 | lr 0.006200
2025-01-08 02:05:25 - INFO - [Validate] Epoch 00030 | valid_rmse 5.7544 | valid_pr 0.9596 | valid_criterion 8.4880 | score 0.1512
2025-01-08 02:05:25 - INFO - No improvement for 1 epochs
2025-01-08 02:05:37 - INFO - [Train] Epoch 00031 | train_loss 17.2798 | train_rmse 5.5912 | lr 0.006400
2025-01-08 02:05:37 - INFO - [Validate] Epoch 00031 | valid_rmse 5.2851 | valid_pr 0.9658 | valid_criterion 7.9897 | score 0.2010
2025-01-08 02:05:37 - INFO - [Validate] Best score achieved: 0.201033
2025-01-08 02:05:48 - INFO - [Train] Epoch 00032 | train_loss 16.1457 | train_rmse 5.3463 | lr 0.006600
2025-01-08 02:05:48 - INFO - [Validate] Epoch 00032 | valid_rmse 6.5752 | valid_pr 0.9667 | valid_criterion 8.6481 | score 0.1352
2025-01-08 02:05:48 - INFO - No improvement for 1 epochs
2025-01-08 02:06:00 - INFO - [Train] Epoch 00033 | train_loss 17.4151 | train_rmse 5.5653 | lr 0.006800
2025-01-08 02:06:00 - INFO - [Validate] Epoch 00033 | valid_rmse 4.9917 | valid_pr 0.9696 | valid_criterion 8.0765 | score 0.1924
2025-01-08 02:06:00 - INFO - No improvement for 2 epochs
2025-01-08 02:06:12 - INFO - [Train] Epoch 00034 | train_loss 14.6361 | train_rmse 5.0196 | lr 0.007000
2025-01-08 02:06:12 - INFO - [Validate] Epoch 00034 | valid_rmse 5.4902 | valid_pr 0.9696 | valid_criterion 8.1846 | score 0.1815
2025-01-08 02:06:12 - INFO - No improvement for 3 epochs
2025-01-08 02:06:23 - INFO - [Train] Epoch 00035 | train_loss 16.2945 | train_rmse 5.3214 | lr 0.007200
2025-01-08 02:06:23 - INFO - [Validate] Epoch 00035 | valid_rmse 5.9096 | valid_pr 0.9693 | valid_criterion 7.6668 | score 0.2333
2025-01-08 02:06:23 - INFO - [Validate] Best score achieved: 0.233323
2025-01-08 02:06:35 - INFO - [Train] Epoch 00036 | train_loss 14.8456 | train_rmse 5.1085 | lr 0.007400
2025-01-08 02:06:35 - INFO - [Validate] Epoch 00036 | valid_rmse 5.0491 | valid_pr 0.9691 | valid_criterion 8.0153 | score 0.1985
2025-01-08 02:06:35 - INFO - No improvement for 1 epochs
2025-01-08 02:06:47 - INFO - [Train] Epoch 00037 | train_loss 15.6448 | train_rmse 5.1909 | lr 0.007600
2025-01-08 02:06:47 - INFO - [Validate] Epoch 00037 | valid_rmse 5.8683 | valid_pr 0.9646 | valid_criterion 7.9649 | score 0.2035
2025-01-08 02:06:47 - INFO - No improvement for 2 epochs
2025-01-08 02:06:59 - INFO - [Train] Epoch 00038 | train_loss 16.3273 | train_rmse 5.3009 | lr 0.007800
2025-01-08 02:06:59 - INFO - [Validate] Epoch 00038 | valid_rmse 5.6037 | valid_pr 0.9673 | valid_criterion 8.0587 | score 0.1941
2025-01-08 02:06:59 - INFO - No improvement for 3 epochs
2025-01-08 02:07:10 - INFO - [Train] Epoch 00039 | train_loss 15.8893 | train_rmse 5.2659 | lr 0.008000
2025-01-08 02:07:10 - INFO - [Validate] Epoch 00039 | valid_rmse 5.9643 | valid_pr 0.9689 | valid_criterion 8.4081 | score 0.1592
2025-01-08 02:07:10 - INFO - No improvement for 4 epochs
2025-01-08 02:07:22 - INFO - [Train] Epoch 00040 | train_loss 16.1127 | train_rmse 5.2546 | lr 0.008200
2025-01-08 02:07:22 - INFO - [Validate] Epoch 00040 | valid_rmse 6.7763 | valid_pr 0.9705 | valid_criterion 7.7482 | score 0.2252
2025-01-08 02:07:22 - INFO - No improvement for 5 epochs
2025-01-08 02:07:34 - INFO - [Train] Epoch 00041 | train_loss 16.0437 | train_rmse 5.2007 | lr 0.008400
2025-01-08 02:07:34 - INFO - [Validate] Epoch 00041 | valid_rmse 5.5832 | valid_pr 0.9694 | valid_criterion 7.8690 | score 0.2131
2025-01-08 02:07:34 - INFO - No improvement for 6 epochs
2025-01-08 02:07:45 - INFO - [Train] Epoch 00042 | train_loss 16.0050 | train_rmse 5.1683 | lr 0.008600
2025-01-08 02:07:45 - INFO - [Validate] Epoch 00042 | valid_rmse 5.2258 | valid_pr 0.9656 | valid_criterion 8.3841 | score 0.1616
2025-01-08 02:07:45 - INFO - No improvement for 7 epochs
2025-01-08 02:07:57 - INFO - [Train] Epoch 00043 | train_loss 16.5524 | train_rmse 5.3642 | lr 0.008800
2025-01-08 02:07:57 - INFO - [Validate] Epoch 00043 | valid_rmse 5.4031 | valid_pr 0.9699 | valid_criterion 7.9992 | score 0.2001
2025-01-08 02:07:57 - INFO - No improvement for 8 epochs
2025-01-08 02:08:09 - INFO - [Train] Epoch 00044 | train_loss 15.9498 | train_rmse 5.2882 | lr 0.009000
2025-01-08 02:08:09 - INFO - [Validate] Epoch 00044 | valid_rmse 5.1698 | valid_pr 0.9714 | valid_criterion 7.5099 | score 0.2490
2025-01-08 02:08:09 - INFO - [Validate] Best score achieved: 0.249012
2025-01-08 02:08:20 - INFO - [Train] Epoch 00045 | train_loss 15.7996 | train_rmse 5.1978 | lr 0.009200
2025-01-08 02:08:20 - INFO - [Validate] Epoch 00045 | valid_rmse 5.5141 | valid_pr 0.9693 | valid_criterion 8.0804 | score 0.1920
2025-01-08 02:08:20 - INFO - No improvement for 1 epochs
2025-01-08 02:08:32 - INFO - [Train] Epoch 00046 | train_loss 17.7560 | train_rmse 5.5698 | lr 0.009400
2025-01-08 02:08:32 - INFO - [Validate] Epoch 00046 | valid_rmse 7.4763 | valid_pr 0.9663 | valid_criterion 9.7108 | score 0.0289
2025-01-08 02:08:32 - INFO - No improvement for 2 epochs
2025-01-08 02:08:44 - INFO - [Train] Epoch 00047 | train_loss 14.8682 | train_rmse 5.0423 | lr 0.009600
2025-01-08 02:08:44 - INFO - [Validate] Epoch 00047 | valid_rmse 5.5897 | valid_pr 0.9610 | valid_criterion 8.4636 | score 0.1536
2025-01-08 02:08:44 - INFO - No improvement for 3 epochs
2025-01-08 02:08:55 - INFO - [Train] Epoch 00048 | train_loss 16.2232 | train_rmse 5.2511 | lr 0.009800
2025-01-08 02:08:55 - INFO - [Validate] Epoch 00048 | valid_rmse 6.9713 | valid_pr 0.9549 | valid_criterion 11.0006 | score -0.1001
2025-01-08 02:08:55 - INFO - No improvement for 4 epochs
2025-01-08 02:09:07 - INFO - [Train] Epoch 00049 | train_loss 14.9134 | train_rmse 5.0581 | lr 0.010000
2025-01-08 02:09:07 - INFO - [Validate] Epoch 00049 | valid_rmse 4.7703 | valid_pr 0.9714 | valid_criterion 8.1244 | score 0.1876
2025-01-08 02:09:07 - INFO - No improvement for 5 epochs
2025-01-08 02:09:19 - INFO - [Train] Epoch 00050 | train_loss 16.4744 | train_rmse 5.2749 | lr 0.010000
2025-01-08 02:09:19 - INFO - [Validate] Epoch 00050 | valid_rmse 4.6902 | valid_pr 0.9729 | valid_criterion 7.3966 | score 0.2603
2025-01-08 02:09:19 - INFO - [Validate] Best score achieved: 0.260336
2025-01-08 02:09:30 - INFO - [Train] Epoch 00051 | train_loss 14.9974 | train_rmse 5.0102 | lr 0.010000
2025-01-08 02:09:30 - INFO - [Validate] Epoch 00051 | valid_rmse 5.6840 | valid_pr 0.9699 | valid_criterion 8.0182 | score 0.1982
2025-01-08 02:09:30 - INFO - No improvement for 1 epochs
2025-01-08 02:09:42 - INFO - [Train] Epoch 00052 | train_loss 16.0210 | train_rmse 5.2235 | lr 0.010000
2025-01-08 02:09:42 - INFO - [Validate] Epoch 00052 | valid_rmse 5.2597 | valid_pr 0.9680 | valid_criterion 7.9653 | score 0.2035
2025-01-08 02:09:42 - INFO - No improvement for 2 epochs
2025-01-08 02:09:54 - INFO - [Train] Epoch 00053 | train_loss 15.0997 | train_rmse 5.0564 | lr 0.010000
2025-01-08 02:09:54 - INFO - [Validate] Epoch 00053 | valid_rmse 5.6087 | valid_pr 0.9671 | valid_criterion 7.6156 | score 0.2384
2025-01-08 02:09:54 - INFO - No improvement for 3 epochs
2025-01-08 02:10:05 - INFO - [Train] Epoch 00054 | train_loss 16.4228 | train_rmse 5.2547 | lr 0.010000
2025-01-08 02:10:05 - INFO - [Validate] Epoch 00054 | valid_rmse 5.8662 | valid_pr 0.9688 | valid_criterion 7.8555 | score 0.2144
2025-01-08 02:10:05 - INFO - No improvement for 4 epochs
2025-01-08 02:10:17 - INFO - [Train] Epoch 00055 | train_loss 16.2472 | train_rmse 5.3271 | lr 0.010000
2025-01-08 02:10:17 - INFO - [Validate] Epoch 00055 | valid_rmse 5.3866 | valid_pr 0.9667 | valid_criterion 7.9316 | score 0.2068
2025-01-08 02:10:17 - INFO - No improvement for 5 epochs
2025-01-08 02:10:29 - INFO - [Train] Epoch 00056 | train_loss 15.4778 | train_rmse 5.1368 | lr 0.010000
2025-01-08 02:10:29 - INFO - [Validate] Epoch 00056 | valid_rmse 5.3126 | valid_pr 0.9709 | valid_criterion 7.9368 | score 0.2063
2025-01-08 02:10:29 - INFO - No improvement for 6 epochs
2025-01-08 02:10:41 - INFO - [Train] Epoch 00057 | train_loss 14.4409 | train_rmse 4.8522 | lr 0.010000
2025-01-08 02:10:41 - INFO - [Validate] Epoch 00057 | valid_rmse 4.8792 | valid_pr 0.9734 | valid_criterion 7.3346 | score 0.2665
2025-01-08 02:10:41 - INFO - [Validate] Best score achieved: 0.266545
2025-01-08 02:10:53 - INFO - [Train] Epoch 00058 | train_loss 15.3931 | train_rmse 5.1109 | lr 0.010000
2025-01-08 02:10:53 - INFO - [Validate] Epoch 00058 | valid_rmse 6.1077 | valid_pr 0.9705 | valid_criterion 8.9865 | score 0.1013
2025-01-08 02:10:53 - INFO - No improvement for 1 epochs
2025-01-08 02:11:05 - INFO - [Train] Epoch 00059 | train_loss 14.4873 | train_rmse 4.8870 | lr 0.010000
2025-01-08 02:11:05 - INFO - [Validate] Epoch 00059 | valid_rmse 7.8387 | valid_pr 0.9672 | valid_criterion 8.6274 | score 0.1373
2025-01-08 02:11:05 - INFO - No improvement for 2 epochs
2025-01-08 02:11:17 - INFO - [Train] Epoch 00060 | train_loss 15.3663 | train_rmse 5.0883 | lr 0.010000
2025-01-08 02:11:17 - INFO - [Validate] Epoch 00060 | valid_rmse 5.1607 | valid_pr 0.9709 | valid_criterion 7.6465 | score 0.2353
2025-01-08 02:11:17 - INFO - No improvement for 3 epochs
2025-01-08 02:11:28 - INFO - [Train] Epoch 00061 | train_loss 16.0969 | train_rmse 5.2899 | lr 0.010000
2025-01-08 02:11:28 - INFO - [Validate] Epoch 00061 | valid_rmse 5.7025 | valid_pr 0.9707 | valid_criterion 8.1654 | score 0.1835
2025-01-08 02:11:28 - INFO - No improvement for 4 epochs
2025-01-08 02:11:40 - INFO - [Train] Epoch 00062 | train_loss 14.3698 | train_rmse 4.8587 | lr 0.010000
2025-01-08 02:11:40 - INFO - [Validate] Epoch 00062 | valid_rmse 4.6191 | valid_pr 0.9731 | valid_criterion 7.4396 | score 0.2560
2025-01-08 02:11:40 - INFO - No improvement for 5 epochs
2025-01-08 02:11:52 - INFO - [Train] Epoch 00063 | train_loss 14.3415 | train_rmse 4.8720 | lr 0.010000
2025-01-08 02:11:52 - INFO - [Validate] Epoch 00063 | valid_rmse 4.8126 | valid_pr 0.9705 | valid_criterion 7.8935 | score 0.2107
2025-01-08 02:11:52 - INFO - No improvement for 6 epochs
2025-01-08 02:12:04 - INFO - [Train] Epoch 00064 | train_loss 14.8493 | train_rmse 4.9503 | lr 0.010000
2025-01-08 02:12:04 - INFO - [Validate] Epoch 00064 | valid_rmse 5.2692 | valid_pr 0.9700 | valid_criterion 7.9532 | score 0.2047
2025-01-08 02:12:04 - INFO - No improvement for 7 epochs
2025-01-08 02:12:16 - INFO - [Train] Epoch 00065 | train_loss 16.7154 | train_rmse 5.3258 | lr 0.010000
2025-01-08 02:12:16 - INFO - [Validate] Epoch 00065 | valid_rmse 5.1414 | valid_pr 0.9665 | valid_criterion 8.2784 | score 0.1722
2025-01-08 02:12:16 - INFO - No improvement for 8 epochs
2025-01-08 02:12:27 - INFO - [Train] Epoch 00066 | train_loss 15.2292 | train_rmse 5.0229 | lr 0.010000
2025-01-08 02:12:27 - INFO - [Validate] Epoch 00066 | valid_rmse 5.3174 | valid_pr 0.9654 | valid_criterion 8.6743 | score 0.1326
2025-01-08 02:12:27 - INFO - No improvement for 9 epochs
2025-01-08 02:12:39 - INFO - [Train] Epoch 00067 | train_loss 14.6057 | train_rmse 4.9253 | lr 0.010000
2025-01-08 02:12:39 - INFO - [Validate] Epoch 00067 | valid_rmse 5.3466 | valid_pr 0.9740 | valid_criterion 7.7424 | score 0.2258
2025-01-08 02:12:39 - INFO - No improvement for 10 epochs
2025-01-08 02:12:51 - INFO - [Train] Epoch 00068 | train_loss 14.8193 | train_rmse 4.9629 | lr 0.010000
2025-01-08 02:12:51 - INFO - [Validate] Epoch 00068 | valid_rmse 5.0953 | valid_pr 0.9674 | valid_criterion 8.8925 | score 0.1108
2025-01-08 02:12:51 - INFO - No improvement for 11 epochs
2025-01-08 02:13:02 - INFO - [Train] Epoch 00069 | train_loss 13.3153 | train_rmse 4.6531 | lr 0.010000
2025-01-08 02:13:02 - INFO - [Validate] Epoch 00069 | valid_rmse 8.1049 | valid_pr 0.9683 | valid_criterion 8.5138 | score 0.1486
2025-01-08 02:13:02 - INFO - No improvement for 12 epochs
2025-01-08 02:13:14 - INFO - [Train] Epoch 00070 | train_loss 14.2597 | train_rmse 4.8852 | lr 0.010000
2025-01-08 02:13:14 - INFO - [Validate] Epoch 00070 | valid_rmse 5.1696 | valid_pr 0.9681 | valid_criterion 8.1019 | score 0.1898
2025-01-08 02:13:14 - INFO - No improvement for 13 epochs
2025-01-08 02:13:26 - INFO - [Train] Epoch 00071 | train_loss 14.6495 | train_rmse 4.9941 | lr 0.010000
2025-01-08 02:13:26 - INFO - [Validate] Epoch 00071 | valid_rmse 4.8774 | valid_pr 0.9697 | valid_criterion 8.5624 | score 0.1438
2025-01-08 02:13:26 - INFO - No improvement for 14 epochs
2025-01-08 02:13:38 - INFO - [Train] Epoch 00072 | train_loss 14.9472 | train_rmse 5.0068 | lr 0.010000
2025-01-08 02:13:38 - INFO - [Validate] Epoch 00072 | valid_rmse 5.1565 | valid_pr 0.9710 | valid_criterion 8.0007 | score 0.1999
2025-01-08 02:13:38 - INFO - No improvement for 15 epochs
2025-01-08 02:13:49 - INFO - [Train] Epoch 00073 | train_loss 14.7707 | train_rmse 4.9321 | lr 0.010000
2025-01-08 02:13:49 - INFO - [Validate] Epoch 00073 | valid_rmse 5.1944 | valid_pr 0.9663 | valid_criterion 8.5294 | score 0.1471
2025-01-08 02:13:49 - INFO - No improvement for 16 epochs
2025-01-08 02:14:01 - INFO - [Train] Epoch 00074 | train_loss 15.0232 | train_rmse 5.0374 | lr 0.010000
2025-01-08 02:14:01 - INFO - [Validate] Epoch 00074 | valid_rmse 5.5157 | valid_pr 0.9605 | valid_criterion 9.1558 | score 0.0844
2025-01-08 02:14:01 - INFO - No improvement for 17 epochs
2025-01-08 02:14:13 - INFO - [Train] Epoch 00075 | train_loss 14.7967 | train_rmse 4.9671 | lr 0.010000
2025-01-08 02:14:13 - INFO - [Validate] Epoch 00075 | valid_rmse 5.3853 | valid_pr 0.9700 | valid_criterion 7.5984 | score 0.2402
2025-01-08 02:14:13 - INFO - No improvement for 18 epochs
2025-01-08 02:14:25 - INFO - [Train] Epoch 00076 | train_loss 14.9634 | train_rmse 5.0112 | lr 0.010000
2025-01-08 02:14:25 - INFO - [Validate] Epoch 00076 | valid_rmse 5.1814 | valid_pr 0.9706 | valid_criterion 7.9704 | score 0.2030
2025-01-08 02:14:25 - INFO - No improvement for 19 epochs
2025-01-08 02:14:36 - INFO - [Train] Epoch 00077 | train_loss 14.0576 | train_rmse 4.8071 | lr 0.010000
2025-01-08 02:14:36 - INFO - [Validate] Epoch 00077 | valid_rmse 4.9199 | valid_pr 0.9719 | valid_criterion 7.8205 | score 0.2179
2025-01-08 02:14:36 - INFO - No improvement for 20 epochs
2025-01-08 02:14:48 - INFO - [Train] Epoch 00078 | train_loss 14.7929 | train_rmse 4.9917 | lr 0.010000
2025-01-08 02:14:48 - INFO - [Validate] Epoch 00078 | valid_rmse 5.8613 | valid_pr 0.9668 | valid_criterion 8.0940 | score 0.1906
2025-01-08 02:14:48 - INFO - No improvement for 21 epochs
2025-01-08 02:15:00 - INFO - [Train] Epoch 00079 | train_loss 14.8894 | train_rmse 4.9740 | lr 0.010000
2025-01-08 02:15:00 - INFO - [Validate] Epoch 00079 | valid_rmse 8.3368 | valid_pr 0.9685 | valid_criterion 8.4241 | score 0.1576
2025-01-08 02:15:00 - INFO - No improvement for 22 epochs
2025-01-08 02:15:11 - INFO - [Train] Epoch 00080 | train_loss 17.0571 | train_rmse 5.4149 | lr 0.010000
2025-01-08 02:15:11 - INFO - [Validate] Epoch 00080 | valid_rmse 5.3824 | valid_pr 0.9708 | valid_criterion 8.5311 | score 0.1469
2025-01-08 02:15:11 - INFO - No improvement for 23 epochs
2025-01-08 02:15:23 - INFO - [Train] Epoch 00081 | train_loss 14.1796 | train_rmse 4.8423 | lr 0.010000
2025-01-08 02:15:23 - INFO - [Validate] Epoch 00081 | valid_rmse 4.8222 | valid_pr 0.9702 | valid_criterion 7.7708 | score 0.2229
2025-01-08 02:15:23 - INFO - No improvement for 24 epochs
2025-01-08 02:15:34 - INFO - [Train] Epoch 00082 | train_loss 13.5402 | train_rmse 4.6869 | lr 0.010000
2025-01-08 02:15:34 - INFO - [Validate] Epoch 00082 | valid_rmse 6.2416 | valid_pr 0.9688 | valid_criterion 8.5920 | score 0.1408
2025-01-08 02:15:34 - INFO - No improvement for 25 epochs
2025-01-08 02:15:46 - INFO - [Train] Epoch 00083 | train_loss 13.1736 | train_rmse 4.5997 | lr 0.002000
2025-01-08 02:15:46 - INFO - [Validate] Epoch 00083 | valid_rmse 6.1284 | valid_pr 0.9694 | valid_criterion 7.8380 | score 0.2162
2025-01-08 02:15:46 - INFO - No improvement for 26 epochs
2025-01-08 02:15:58 - INFO - [Train] Epoch 00084 | train_loss 12.1764 | train_rmse 4.3727 | lr 0.002000
2025-01-08 02:15:58 - INFO - [Validate] Epoch 00084 | valid_rmse 5.4596 | valid_pr 0.9672 | valid_criterion 8.2561 | score 0.1744
2025-01-08 02:15:58 - INFO - No improvement for 27 epochs
2025-01-08 02:16:09 - INFO - [Train] Epoch 00085 | train_loss 12.0280 | train_rmse 4.4285 | lr 0.002000
2025-01-08 02:16:09 - INFO - [Validate] Epoch 00085 | valid_rmse 5.0831 | valid_pr 0.9700 | valid_criterion 8.0070 | score 0.1993
2025-01-08 02:16:09 - INFO - No improvement for 28 epochs
2025-01-08 02:16:21 - INFO - [Train] Epoch 00086 | train_loss 11.5636 | train_rmse 4.2442 | lr 0.002000
2025-01-08 02:16:21 - INFO - [Validate] Epoch 00086 | valid_rmse 4.9694 | valid_pr 0.9718 | valid_criterion 8.0067 | score 0.1993
2025-01-08 02:16:21 - INFO - No improvement for 29 epochs
2025-01-08 02:16:33 - INFO - [Train] Epoch 00087 | train_loss 12.5264 | train_rmse 4.4982 | lr 0.002000
2025-01-08 02:16:33 - INFO - [Validate] Epoch 00087 | valid_rmse 4.9043 | valid_pr 0.9715 | valid_criterion 7.8948 | score 0.2105
2025-01-08 02:16:33 - INFO - No improvement for 30 epochs
2025-01-08 02:16:45 - INFO - [Train] Epoch 00088 | train_loss 11.6562 | train_rmse 4.3141 | lr 0.002000
2025-01-08 02:16:45 - INFO - [Validate] Epoch 00088 | valid_rmse 4.7861 | valid_pr 0.9729 | valid_criterion 7.7195 | score 0.2281
2025-01-08 02:16:45 - INFO - No improvement for 31 epochs
2025-01-08 02:16:56 - INFO - [Train] Epoch 00089 | train_loss 11.6763 | train_rmse 4.2704 | lr 0.002000
2025-01-08 02:16:56 - INFO - [Validate] Epoch 00089 | valid_rmse 4.7160 | valid_pr 0.9728 | valid_criterion 7.6682 | score 0.2332
2025-01-08 02:16:56 - INFO - No improvement for 32 epochs
2025-01-08 02:17:08 - INFO - [Train] Epoch 00090 | train_loss 12.5268 | train_rmse 4.5790 | lr 0.002000
2025-01-08 02:17:08 - INFO - [Validate] Epoch 00090 | valid_rmse 4.9147 | valid_pr 0.9715 | valid_criterion 7.8950 | score 0.2105
2025-01-08 02:17:08 - INFO - No improvement for 33 epochs
2025-01-08 02:17:20 - INFO - [Train] Epoch 00091 | train_loss 10.9663 | train_rmse 4.2262 | lr 0.002000
2025-01-08 02:17:20 - INFO - [Validate] Epoch 00091 | valid_rmse 4.7172 | valid_pr 0.9734 | valid_criterion 7.6167 | score 0.2383
2025-01-08 02:17:20 - INFO - No improvement for 34 epochs
2025-01-08 02:17:31 - INFO - [Train] Epoch 00092 | train_loss 10.2964 | train_rmse 3.9977 | lr 0.002000
2025-01-08 02:17:31 - INFO - [Validate] Epoch 00092 | valid_rmse 4.9264 | valid_pr 0.9721 | valid_criterion 7.8297 | score 0.2170
2025-01-08 02:17:31 - INFO - No improvement for 35 epochs
2025-01-08 02:17:43 - INFO - [Train] Epoch 00093 | train_loss 10.9034 | train_rmse 4.1814 | lr 0.002000
2025-01-08 02:17:43 - INFO - [Validate] Epoch 00093 | valid_rmse 4.7035 | valid_pr 0.9738 | valid_criterion 7.5693 | score 0.2431
2025-01-08 02:17:43 - INFO - No improvement for 36 epochs
2025-01-08 02:17:55 - INFO - [Train] Epoch 00094 | train_loss 10.7766 | train_rmse 4.1256 | lr 0.002000
2025-01-08 02:17:55 - INFO - [Validate] Epoch 00094 | valid_rmse 4.9121 | valid_pr 0.9722 | valid_criterion 7.7054 | score 0.2295
2025-01-08 02:17:55 - INFO - No improvement for 37 epochs
2025-01-08 02:18:06 - INFO - [Train] Epoch 00095 | train_loss 10.9532 | train_rmse 4.1972 | lr 0.002000
2025-01-08 02:18:06 - INFO - [Validate] Epoch 00095 | valid_rmse 4.9564 | valid_pr 0.9705 | valid_criterion 7.8699 | score 0.2130
2025-01-08 02:18:06 - INFO - No improvement for 38 epochs
2025-01-08 02:18:18 - INFO - [Train] Epoch 00096 | train_loss 10.8478 | train_rmse 4.1779 | lr 0.002000
2025-01-08 02:18:18 - INFO - [Validate] Epoch 00096 | valid_rmse 5.0017 | valid_pr 0.9711 | valid_criterion 7.8166 | score 0.2183
2025-01-08 02:18:18 - INFO - No improvement for 39 epochs
2025-01-08 02:18:30 - INFO - [Train] Epoch 00097 | train_loss 10.5262 | train_rmse 4.1134 | lr 0.002000
2025-01-08 02:18:30 - INFO - [Validate] Epoch 00097 | valid_rmse 4.7959 | valid_pr 0.9731 | valid_criterion 7.5111 | score 0.2489
2025-01-08 02:18:30 - INFO - No improvement for 40 epochs
2025-01-08 02:18:42 - INFO - [Train] Epoch 00098 | train_loss 11.2807 | train_rmse 4.3107 | lr 0.002000
2025-01-08 02:18:42 - INFO - [Validate] Epoch 00098 | valid_rmse 5.0748 | valid_pr 0.9722 | valid_criterion 7.7383 | score 0.2262
2025-01-08 02:18:42 - INFO - No improvement for 41 epochs
2025-01-08 02:18:54 - INFO - [Train] Epoch 00099 | train_loss 10.1405 | train_rmse 3.9993 | lr 0.002000
2025-01-08 02:18:54 - INFO - [Validate] Epoch 00099 | valid_rmse 4.6708 | valid_pr 0.9726 | valid_criterion 7.7386 | score 0.2261
2025-01-08 02:18:54 - INFO - No improvement for 42 epochs
2025-01-08 02:19:05 - INFO - [Train] Epoch 00100 | train_loss 10.6400 | train_rmse 4.1580 | lr 0.002000
2025-01-08 02:19:05 - INFO - [Validate] Epoch 00100 | valid_rmse 4.7455 | valid_pr 0.9738 | valid_criterion 7.6160 | score 0.2384
2025-01-08 02:19:05 - INFO - No improvement for 43 epochs
2025-01-08 02:19:17 - INFO - [Train] Epoch 00101 | train_loss 10.9785 | train_rmse 4.2340 | lr 0.002000
2025-01-08 02:19:17 - INFO - [Validate] Epoch 00101 | valid_rmse 4.8695 | valid_pr 0.9725 | valid_criterion 7.8005 | score 0.2200
2025-01-08 02:19:17 - INFO - No improvement for 44 epochs
2025-01-08 02:19:29 - INFO - [Train] Epoch 00102 | train_loss 10.8486 | train_rmse 4.2480 | lr 0.002000
2025-01-08 02:19:29 - INFO - [Validate] Epoch 00102 | valid_rmse 4.7639 | valid_pr 0.9714 | valid_criterion 7.9299 | score 0.2070
2025-01-08 02:19:29 - INFO - No improvement for 45 epochs
2025-01-08 02:19:41 - INFO - [Train] Epoch 00103 | train_loss 11.5759 | train_rmse 4.4564 | lr 0.002000
2025-01-08 02:19:41 - INFO - [Validate] Epoch 00103 | valid_rmse 4.8650 | valid_pr 0.9711 | valid_criterion 7.9602 | score 0.2040
2025-01-08 02:19:41 - INFO - No improvement for 46 epochs
2025-01-08 02:19:53 - INFO - [Train] Epoch 00104 | train_loss 10.0977 | train_rmse 4.0932 | lr 0.000400
2025-01-08 02:19:53 - INFO - [Validate] Epoch 00104 | valid_rmse 4.8724 | valid_pr 0.9716 | valid_criterion 7.8825 | score 0.2118
2025-01-08 02:19:53 - INFO - No improvement for 47 epochs
2025-01-08 02:20:05 - INFO - [Train] Epoch 00105 | train_loss 10.5900 | train_rmse 4.1724 | lr 0.000400
2025-01-08 02:20:05 - INFO - [Validate] Epoch 00105 | valid_rmse 4.9856 | valid_pr 0.9718 | valid_criterion 8.0443 | score 0.1956
2025-01-08 02:20:05 - INFO - No improvement for 48 epochs
2025-01-08 02:20:16 - INFO - [Train] Epoch 00106 | train_loss 10.0367 | train_rmse 4.0027 | lr 0.000400
2025-01-08 02:20:16 - INFO - [Validate] Epoch 00106 | valid_rmse 5.0337 | valid_pr 0.9721 | valid_criterion 7.8796 | score 0.2120
2025-01-08 02:20:16 - INFO - No improvement for 49 epochs
2025-01-08 02:20:28 - INFO - [Train] Epoch 00107 | train_loss 10.0950 | train_rmse 4.0478 | lr 0.000400
2025-01-08 02:20:28 - INFO - [Validate] Epoch 00107 | valid_rmse 4.9976 | valid_pr 0.9721 | valid_criterion 7.9801 | score 0.2020
2025-01-08 02:20:28 - INFO - No improvement for 50 epochs
2025-01-08 02:20:40 - INFO - [Train] Epoch 00108 | train_loss 9.9268 | train_rmse 4.0145 | lr 0.000400
2025-01-08 02:20:40 - INFO - [Validate] Epoch 00108 | valid_rmse 4.8248 | valid_pr 0.9722 | valid_criterion 7.8451 | score 0.2155
2025-01-08 02:20:40 - INFO - No improvement for 51 epochs
2025-01-08 02:20:51 - INFO - [Train] Epoch 00109 | train_loss 10.6150 | train_rmse 4.1771 | lr 0.000400
2025-01-08 02:20:51 - INFO - [Validate] Epoch 00109 | valid_rmse 4.8544 | valid_pr 0.9724 | valid_criterion 7.8092 | score 0.2191
2025-01-08 02:20:51 - INFO - No improvement for 52 epochs
2025-01-08 02:21:03 - INFO - [Train] Epoch 00110 | train_loss 9.7183 | train_rmse 4.0013 | lr 0.000400
2025-01-08 02:21:03 - INFO - [Validate] Epoch 00110 | valid_rmse 4.7116 | valid_pr 0.9723 | valid_criterion 7.7551 | score 0.2245
2025-01-08 02:21:03 - INFO - No improvement for 53 epochs
2025-01-08 02:21:15 - INFO - [Train] Epoch 00111 | train_loss 10.7941 | train_rmse 4.2512 | lr 0.000400
2025-01-08 02:21:15 - INFO - [Validate] Epoch 00111 | valid_rmse 4.8857 | valid_pr 0.9719 | valid_criterion 7.8557 | score 0.2144
2025-01-08 02:21:15 - INFO - No improvement for 54 epochs
2025-01-08 02:21:26 - INFO - [Train] Epoch 00112 | train_loss 9.4687 | train_rmse 3.9080 | lr 0.000400
2025-01-08 02:21:26 - INFO - [Validate] Epoch 00112 | valid_rmse 4.8394 | valid_pr 0.9716 | valid_criterion 7.7784 | score 0.2222
2025-01-08 02:21:26 - INFO - No improvement for 55 epochs
2025-01-08 02:21:38 - INFO - [Train] Epoch 00113 | train_loss 9.6483 | train_rmse 3.9503 | lr 0.000400
2025-01-08 02:21:38 - INFO - [Validate] Epoch 00113 | valid_rmse 4.8889 | valid_pr 0.9716 | valid_criterion 7.8681 | score 0.2132
2025-01-08 02:21:38 - INFO - No improvement for 56 epochs
2025-01-08 02:21:50 - INFO - [Train] Epoch 00114 | train_loss 11.4956 | train_rmse 4.4818 | lr 0.000400
2025-01-08 02:21:50 - INFO - [Validate] Epoch 00114 | valid_rmse 4.9007 | valid_pr 0.9723 | valid_criterion 7.7853 | score 0.2215
2025-01-08 02:21:50 - INFO - No improvement for 57 epochs
2025-01-08 02:22:01 - INFO - [Train] Epoch 00115 | train_loss 10.4445 | train_rmse 4.1515 | lr 0.000400
2025-01-08 02:22:01 - INFO - [Validate] Epoch 00115 | valid_rmse 4.9972 | valid_pr 0.9717 | valid_criterion 7.8869 | score 0.2113
2025-01-08 02:22:01 - INFO - No improvement for 58 epochs
2025-01-08 02:22:13 - INFO - [Train] Epoch 00116 | train_loss 11.3887 | train_rmse 4.4260 | lr 0.000400
2025-01-08 02:22:13 - INFO - [Validate] Epoch 00116 | valid_rmse 4.9086 | valid_pr 0.9712 | valid_criterion 7.8662 | score 0.2134
2025-01-08 02:22:13 - INFO - No improvement for 59 epochs
2025-01-08 02:22:25 - INFO - [Train] Epoch 00117 | train_loss 10.3801 | train_rmse 4.2135 | lr 0.000400
2025-01-08 02:22:25 - INFO - [Validate] Epoch 00117 | valid_rmse 5.3860 | valid_pr 0.9707 | valid_criterion 8.0434 | score 0.1957
2025-01-08 02:22:25 - INFO - No improvement for 60 epochs
2025-01-08 02:22:37 - INFO - [Train] Epoch 00118 | train_loss 10.0632 | train_rmse 4.0559 | lr 0.000400
2025-01-08 02:22:37 - INFO - [Validate] Epoch 00118 | valid_rmse 4.7977 | valid_pr 0.9718 | valid_criterion 7.8356 | score 0.2164
2025-01-08 02:22:37 - INFO - No improvement for 61 epochs
2025-01-08 02:22:49 - INFO - [Train] Epoch 00119 | train_loss 10.1549 | train_rmse 4.0415 | lr 0.000400
2025-01-08 02:22:49 - INFO - [Validate] Epoch 00119 | valid_rmse 5.0166 | valid_pr 0.9710 | valid_criterion 7.8823 | score 0.2118
2025-01-08 02:22:49 - INFO - No improvement for 62 epochs
2025-01-08 02:23:01 - INFO - [Train] Epoch 00120 | train_loss 9.6580 | train_rmse 3.9766 | lr 0.000400
2025-01-08 02:23:01 - INFO - [Validate] Epoch 00120 | valid_rmse 4.9572 | valid_pr 0.9711 | valid_criterion 7.9716 | score 0.2028
2025-01-08 02:23:01 - INFO - No improvement for 63 epochs
2025-01-08 02:23:12 - INFO - [Train] Epoch 00121 | train_loss 10.0565 | train_rmse 4.1197 | lr 0.000400
2025-01-08 02:23:12 - INFO - [Validate] Epoch 00121 | valid_rmse 5.0121 | valid_pr 0.9717 | valid_criterion 7.7891 | score 0.2211
2025-01-08 02:23:12 - INFO - No improvement for 64 epochs
2025-01-08 02:23:24 - INFO - [Train] Epoch 00122 | train_loss 9.7513 | train_rmse 4.0225 | lr 0.000400
2025-01-08 02:23:24 - INFO - [Validate] Epoch 00122 | valid_rmse 4.8026 | valid_pr 0.9716 | valid_criterion 7.8100 | score 0.2190
2025-01-08 02:23:24 - INFO - No improvement for 65 epochs
2025-01-08 02:23:36 - INFO - [Train] Epoch 00123 | train_loss 9.7281 | train_rmse 4.0109 | lr 0.000400
2025-01-08 02:23:36 - INFO - [Validate] Epoch 00123 | valid_rmse 4.8432 | valid_pr 0.9725 | valid_criterion 7.7181 | score 0.2282
2025-01-08 02:23:36 - INFO - No improvement for 66 epochs
2025-01-08 02:23:48 - INFO - [Train] Epoch 00124 | train_loss 8.7727 | train_rmse 3.7279 | lr 0.000400
2025-01-08 02:23:48 - INFO - [Validate] Epoch 00124 | valid_rmse 4.9774 | valid_pr 0.9717 | valid_criterion 7.8664 | score 0.2134
2025-01-08 02:23:48 - INFO - No improvement for 67 epochs
2025-01-08 02:24:00 - INFO - [Train] Epoch 00125 | train_loss 9.0310 | train_rmse 3.8250 | lr 0.000080
2025-01-08 02:24:00 - INFO - [Validate] Epoch 00125 | valid_rmse 4.9957 | valid_pr 0.9717 | valid_criterion 7.8181 | score 0.2182
2025-01-08 02:24:00 - INFO - No improvement for 68 epochs
2025-01-08 02:24:11 - INFO - [Train] Epoch 00126 | train_loss 9.3901 | train_rmse 3.9414 | lr 0.000080
2025-01-08 02:24:11 - INFO - [Validate] Epoch 00126 | valid_rmse 4.9209 | valid_pr 0.9717 | valid_criterion 7.8282 | score 0.2172
2025-01-08 02:24:11 - INFO - No improvement for 69 epochs
2025-01-08 02:24:23 - INFO - [Train] Epoch 00127 | train_loss 9.4915 | train_rmse 3.9545 | lr 0.000080
2025-01-08 02:24:23 - INFO - [Validate] Epoch 00127 | valid_rmse 4.8353 | valid_pr 0.9712 | valid_criterion 7.8673 | score 0.2133
2025-01-08 02:24:23 - INFO - No improvement for 70 epochs
2025-01-08 02:24:35 - INFO - [Train] Epoch 00128 | train_loss 9.5644 | train_rmse 3.9814 | lr 0.000080
2025-01-08 02:24:35 - INFO - [Validate] Epoch 00128 | valid_rmse 5.0384 | valid_pr 0.9711 | valid_criterion 7.8722 | score 0.2128
2025-01-08 02:24:35 - INFO - No improvement for 71 epochs
2025-01-08 02:24:46 - INFO - [Train] Epoch 00129 | train_loss 10.2173 | train_rmse 4.1626 | lr 0.000080
2025-01-08 02:24:46 - INFO - [Validate] Epoch 00129 | valid_rmse 4.8178 | valid_pr 0.9715 | valid_criterion 7.8592 | score 0.2141
2025-01-08 02:24:46 - INFO - No improvement for 72 epochs
2025-01-08 02:24:58 - INFO - [Train] Epoch 00130 | train_loss 9.0948 | train_rmse 3.8486 | lr 0.000080
2025-01-08 02:24:58 - INFO - [Validate] Epoch 00130 | valid_rmse 5.2330 | valid_pr 0.9711 | valid_criterion 7.9799 | score 0.2020
2025-01-08 02:24:58 - INFO - No improvement for 73 epochs
2025-01-08 02:25:10 - INFO - [Train] Epoch 00131 | train_loss 9.1407 | train_rmse 3.9044 | lr 0.000080
2025-01-08 02:25:10 - INFO - [Validate] Epoch 00131 | valid_rmse 4.9625 | valid_pr 0.9710 | valid_criterion 7.9499 | score 0.2050
2025-01-08 02:25:10 - INFO - No improvement for 74 epochs
2025-01-08 02:25:22 - INFO - [Train] Epoch 00132 | train_loss 8.7188 | train_rmse 3.7335 | lr 0.000080
2025-01-08 02:25:22 - INFO - [Validate] Epoch 00132 | valid_rmse 5.0748 | valid_pr 0.9714 | valid_criterion 7.8953 | score 0.2105
2025-01-08 02:25:22 - INFO - No improvement for 75 epochs
2025-01-08 02:25:33 - INFO - [Train] Epoch 00133 | train_loss 9.6268 | train_rmse 4.0333 | lr 0.000080
2025-01-08 02:25:33 - INFO - [Validate] Epoch 00133 | valid_rmse 5.0090 | valid_pr 0.9708 | valid_criterion 7.9116 | score 0.2088
2025-01-08 02:25:33 - INFO - No improvement for 76 epochs
2025-01-08 02:25:45 - INFO - [Train] Epoch 00134 | train_loss 10.7120 | train_rmse 4.3336 | lr 0.000080
2025-01-08 02:25:45 - INFO - [Validate] Epoch 00134 | valid_rmse 4.8953 | valid_pr 0.9706 | valid_criterion 7.9665 | score 0.2033
2025-01-08 02:25:45 - INFO - No improvement for 77 epochs
2025-01-08 02:25:57 - INFO - [Train] Epoch 00135 | train_loss 9.2115 | train_rmse 3.8730 | lr 0.000080
2025-01-08 02:25:57 - INFO - [Validate] Epoch 00135 | valid_rmse 4.8843 | valid_pr 0.9720 | valid_criterion 7.9079 | score 0.2092
2025-01-08 02:25:57 - INFO - No improvement for 78 epochs
2025-01-08 02:26:08 - INFO - [Train] Epoch 00136 | train_loss 10.8528 | train_rmse 4.2989 | lr 0.000080
2025-01-08 02:26:08 - INFO - [Validate] Epoch 00136 | valid_rmse 4.8222 | valid_pr 0.9706 | valid_criterion 7.9693 | score 0.2031
2025-01-08 02:26:08 - INFO - No improvement for 79 epochs
2025-01-08 02:26:20 - INFO - [Train] Epoch 00137 | train_loss 8.8635 | train_rmse 3.7505 | lr 0.000080
2025-01-08 02:26:20 - INFO - [Validate] Epoch 00137 | valid_rmse 4.7622 | valid_pr 0.9714 | valid_criterion 7.8327 | score 0.2167
2025-01-08 02:26:20 - INFO - No improvement for 80 epochs
2025-01-08 02:26:32 - INFO - [Train] Epoch 00138 | train_loss 10.0831 | train_rmse 4.1497 | lr 0.000080
2025-01-08 02:26:32 - INFO - [Validate] Epoch 00138 | valid_rmse 4.9580 | valid_pr 0.9718 | valid_criterion 7.8473 | score 0.2153
2025-01-08 02:26:32 - INFO - No improvement for 81 epochs
2025-01-08 02:26:43 - INFO - [Train] Epoch 00139 | train_loss 9.0643 | train_rmse 3.8671 | lr 0.000080
2025-01-08 02:26:43 - INFO - [Validate] Epoch 00139 | valid_rmse 4.9064 | valid_pr 0.9714 | valid_criterion 7.8655 | score 0.2135
2025-01-08 02:26:43 - INFO - No improvement for 82 epochs
2025-01-08 02:26:55 - INFO - [Train] Epoch 00140 | train_loss 9.9252 | train_rmse 4.1125 | lr 0.000080
2025-01-08 02:26:55 - INFO - [Validate] Epoch 00140 | valid_rmse 4.8745 | valid_pr 0.9709 | valid_criterion 7.9248 | score 0.2075
2025-01-08 02:26:55 - INFO - No improvement for 83 epochs
2025-01-08 02:27:07 - INFO - [Train] Epoch 00141 | train_loss 10.9175 | train_rmse 4.3112 | lr 0.000080
2025-01-08 02:27:07 - INFO - [Validate] Epoch 00141 | valid_rmse 4.9874 | valid_pr 0.9712 | valid_criterion 7.8915 | score 0.2108
2025-01-08 02:27:07 - INFO - No improvement for 84 epochs
2025-01-08 02:27:19 - INFO - [Train] Epoch 00142 | train_loss 9.0092 | train_rmse 3.8610 | lr 0.000080
2025-01-08 02:27:19 - INFO - [Validate] Epoch 00142 | valid_rmse 4.9744 | valid_pr 0.9702 | valid_criterion 8.1084 | score 0.1892
2025-01-08 02:27:19 - INFO - No improvement for 85 epochs
2025-01-08 02:27:30 - INFO - [Train] Epoch 00143 | train_loss 9.3982 | train_rmse 3.9253 | lr 0.000080
2025-01-08 02:27:30 - INFO - [Validate] Epoch 00143 | valid_rmse 4.9342 | valid_pr 0.9706 | valid_criterion 7.9708 | score 0.2029
2025-01-08 02:27:30 - INFO - No improvement for 86 epochs
2025-01-08 02:27:42 - INFO - [Train] Epoch 00144 | train_loss 10.1267 | train_rmse 4.1817 | lr 0.000080
2025-01-08 02:27:42 - INFO - [Validate] Epoch 00144 | valid_rmse 5.0368 | valid_pr 0.9707 | valid_criterion 8.1134 | score 0.1887
2025-01-08 02:27:42 - INFO - No improvement for 87 epochs
2025-01-08 02:27:54 - INFO - [Train] Epoch 00145 | train_loss 10.3728 | train_rmse 4.2015 | lr 0.000080
2025-01-08 02:27:54 - INFO - [Validate] Epoch 00145 | valid_rmse 5.0293 | valid_pr 0.9718 | valid_criterion 7.8135 | score 0.2187
2025-01-08 02:27:54 - INFO - No improvement for 88 epochs
2025-01-08 02:28:06 - INFO - [Train] Epoch 00146 | train_loss 9.3256 | train_rmse 3.9464 | lr 0.000016
2025-01-08 02:28:06 - INFO - [Validate] Epoch 00146 | valid_rmse 5.2282 | valid_pr 0.9722 | valid_criterion 7.7910 | score 0.2209
2025-01-08 02:28:06 - INFO - No improvement for 89 epochs
2025-01-08 02:28:18 - INFO - [Train] Epoch 00147 | train_loss 9.9090 | train_rmse 4.1043 | lr 0.000016
2025-01-08 02:28:18 - INFO - [Validate] Epoch 00147 | valid_rmse 4.8567 | valid_pr 0.9720 | valid_criterion 7.8418 | score 0.2158
2025-01-08 02:28:18 - INFO - No improvement for 90 epochs
2025-01-08 02:28:29 - INFO - [Train] Epoch 00148 | train_loss 8.6407 | train_rmse 3.7264 | lr 0.000016
2025-01-08 02:28:29 - INFO - [Validate] Epoch 00148 | valid_rmse 5.0864 | valid_pr 0.9716 | valid_criterion 7.8910 | score 0.2109
2025-01-08 02:28:29 - INFO - No improvement for 91 epochs
2025-01-08 02:28:41 - INFO - [Train] Epoch 00149 | train_loss 9.7429 | train_rmse 4.1257 | lr 0.000016
2025-01-08 02:28:41 - INFO - [Validate] Epoch 00149 | valid_rmse 5.1362 | valid_pr 0.9719 | valid_criterion 7.8657 | score 0.2134
2025-01-08 02:28:41 - INFO - No improvement for 92 epochs
2025-01-08 02:28:53 - INFO - [Train] Epoch 00150 | train_loss 9.2675 | train_rmse 3.9142 | lr 0.000016
2025-01-08 02:28:53 - INFO - [Validate] Epoch 00150 | valid_rmse 4.8378 | valid_pr 0.9717 | valid_criterion 7.8283 | score 0.2172
2025-01-08 02:28:53 - INFO - No improvement for 93 epochs
2025-01-08 02:29:05 - INFO - [Train] Epoch 00151 | train_loss 9.0764 | train_rmse 3.8312 | lr 0.000016
2025-01-08 02:29:05 - INFO - [Validate] Epoch 00151 | valid_rmse 5.0246 | valid_pr 0.9719 | valid_criterion 7.9041 | score 0.2096
2025-01-08 02:29:05 - INFO - No improvement for 94 epochs
2025-01-08 02:29:16 - INFO - [Train] Epoch 00152 | train_loss 8.4908 | train_rmse 3.6510 | lr 0.000016
2025-01-08 02:29:16 - INFO - [Validate] Epoch 00152 | valid_rmse 5.0964 | valid_pr 0.9713 | valid_criterion 8.0388 | score 0.1961
2025-01-08 02:29:16 - INFO - No improvement for 95 epochs
2025-01-08 02:29:28 - INFO - [Train] Epoch 00153 | train_loss 9.2274 | train_rmse 3.8903 | lr 0.000016
2025-01-08 02:29:28 - INFO - [Validate] Epoch 00153 | valid_rmse 5.0509 | valid_pr 0.9714 | valid_criterion 7.8849 | score 0.2115
2025-01-08 02:29:28 - INFO - No improvement for 96 epochs
2025-01-08 02:29:39 - INFO - [Train] Epoch 00154 | train_loss 8.8304 | train_rmse 3.7944 | lr 0.000016
2025-01-08 02:29:39 - INFO - [Validate] Epoch 00154 | valid_rmse 5.1055 | valid_pr 0.9708 | valid_criterion 7.9175 | score 0.2083
2025-01-08 02:29:39 - INFO - No improvement for 97 epochs
2025-01-08 02:29:51 - INFO - [Train] Epoch 00155 | train_loss 9.9591 | train_rmse 4.0872 | lr 0.000016
2025-01-08 02:29:51 - INFO - [Validate] Epoch 00155 | valid_rmse 4.9083 | valid_pr 0.9719 | valid_criterion 7.8167 | score 0.2183
2025-01-08 02:29:51 - INFO - No improvement for 98 epochs
2025-01-08 02:30:03 - INFO - [Train] Epoch 00156 | train_loss 9.4204 | train_rmse 3.9649 | lr 0.000016
2025-01-08 02:30:03 - INFO - [Validate] Epoch 00156 | valid_rmse 4.8417 | valid_pr 0.9710 | valid_criterion 7.9606 | score 0.2039
2025-01-08 02:30:03 - INFO - No improvement for 99 epochs
2025-01-08 02:30:14 - INFO - [Train] Epoch 00157 | train_loss 9.4759 | train_rmse 4.0305 | lr 0.000016
2025-01-08 02:30:14 - INFO - [Validate] Epoch 00157 | valid_rmse 4.9962 | valid_pr 0.9715 | valid_criterion 7.8433 | score 0.2157
2025-01-08 02:30:14 - INFO - No improvement for 100 epochs
2025-01-08 02:30:14 - INFO - Early stopping triggered. No improvement for 100 epochs
2025-01-08 02:30:14 - INFO - Best model was saved at epoch 57
2025-01-08 02:30:15 - INFO - [Validate] Epoch 00157 | valid_rmse1 4.879215 | valid_pr1 0.973359 | valid_criterion 7.334554
