2025-02-11 12:23:10 - INFO - /inspire/ssd/ws-f4d69b29-e0a5-44e6-bd92-acf4de9990f0/public-project/hurenling-241310070200/LamNet/model/LamNet/01.train.py
2025-02-11 12:23:10 - INFO - train data: 242
2025-02-11 12:23:10 - INFO - valid data: 44
2025-02-11 12:23:10 - INFO - Total parameters: 1212803
2025-02-11 12:23:10 - INFO - Trainable parameters: 1212803
2025-02-11 12:23:12 - INFO - [Train] Epoch 00000 | train_loss 706.6448 | train_rmse 39.1008 | lr 0.000010
2025-02-11 12:23:12 - INFO - [Validate] Epoch 00000 | valid_rmse 39.8475 | valid_pr -0.4003 | valid_criterion 18.1345 | score -0.8134
2025-02-11 12:23:12 - INFO - [Validate] Best score achieved: -0.813449
2025-02-11 12:23:14 - INFO - [Train] Epoch 00001 | train_loss 707.6354 | train_rmse 39.1250 | lr 0.000020
2025-02-11 12:23:14 - INFO - [Validate] Epoch 00001 | valid_rmse 39.5938 | valid_pr 0.7231 | valid_criterion 17.7341 | score -0.7734
2025-02-11 12:23:14 - INFO - [Validate] Best score achieved: -0.773409
2025-02-11 12:23:15 - INFO - [Train] Epoch 00002 | train_loss 709.1625 | train_rmse 39.1315 | lr 0.000030
2025-02-11 12:23:15 - INFO - [Validate] Epoch 00002 | valid_rmse 38.8455 | valid_pr 0.0897 | valid_criterion 16.8761 | score -0.6876
2025-02-11 12:23:15 - INFO - [Validate] Best score achieved: -0.687607
2025-02-11 12:23:17 - INFO - [Train] Epoch 00003 | train_loss 706.1647 | train_rmse 39.1072 | lr 0.000040
2025-02-11 12:23:17 - INFO - [Validate] Epoch 00003 | valid_rmse 39.0099 | valid_pr 0.2133 | valid_criterion 16.9691 | score -0.6969
2025-02-11 12:23:17 - INFO - No improvement for 1 epochs
2025-02-11 12:23:18 - INFO - [Train] Epoch 00004 | train_loss 704.7201 | train_rmse 39.0913 | lr 0.000050
2025-02-11 12:23:18 - INFO - [Validate] Epoch 00004 | valid_rmse 38.8519 | valid_pr 0.2615 | valid_criterion 16.8661 | score -0.6866
2025-02-11 12:23:18 - INFO - [Validate] Best score achieved: -0.686614
2025-02-11 12:23:20 - INFO - [Train] Epoch 00005 | train_loss 704.0326 | train_rmse 39.1155 | lr 0.000060
2025-02-11 12:23:20 - INFO - [Validate] Epoch 00005 | valid_rmse 38.7758 | valid_pr 0.2714 | valid_criterion 16.7610 | score -0.6761
2025-02-11 12:23:20 - INFO - [Validate] Best score achieved: -0.676099
2025-02-11 12:23:21 - INFO - [Train] Epoch 00006 | train_loss 701.6856 | train_rmse 39.0918 | lr 0.000070
2025-02-11 12:23:21 - INFO - [Validate] Epoch 00006 | valid_rmse 39.4748 | valid_pr 0.0339 | valid_criterion 18.0641 | score -0.8064
2025-02-11 12:23:21 - INFO - No improvement for 1 epochs
2025-02-11 12:23:22 - INFO - [Train] Epoch 00007 | train_loss 697.9886 | train_rmse 39.1058 | lr 0.000080
2025-02-11 12:23:22 - INFO - [Validate] Epoch 00007 | valid_rmse 40.0051 | valid_pr -0.0538 | valid_criterion 18.8858 | score -0.8886
2025-02-11 12:23:22 - INFO - No improvement for 2 epochs
2025-02-11 12:23:24 - INFO - [Train] Epoch 00008 | train_loss 690.3153 | train_rmse 39.0946 | lr 0.000090
2025-02-11 12:23:24 - INFO - [Validate] Epoch 00008 | valid_rmse 40.3839 | valid_pr -0.1485 | valid_criterion 19.1104 | score -0.9110
2025-02-11 12:23:24 - INFO - No improvement for 3 epochs
2025-02-11 12:23:25 - INFO - [Train] Epoch 00009 | train_loss 684.3065 | train_rmse 39.1174 | lr 0.000100
2025-02-11 12:23:25 - INFO - [Validate] Epoch 00009 | valid_rmse 39.8288 | valid_pr -0.1097 | valid_criterion 17.8238 | score -0.7824
2025-02-11 12:23:25 - INFO - No improvement for 4 epochs
2025-02-11 12:23:27 - INFO - [Train] Epoch 00010 | train_loss 676.9206 | train_rmse 39.1551 | lr 0.000110
2025-02-11 12:23:27 - INFO - [Validate] Epoch 00010 | valid_rmse 39.6531 | valid_pr -0.0879 | valid_criterion 18.1159 | score -0.8116
2025-02-11 12:23:27 - INFO - No improvement for 5 epochs
2025-02-11 12:23:28 - INFO - [Train] Epoch 00011 | train_loss 660.2765 | train_rmse 39.2554 | lr 0.000120
2025-02-11 12:23:28 - INFO - [Validate] Epoch 00011 | valid_rmse 37.3892 | valid_pr -0.0275 | valid_criterion 15.2497 | score -0.5250
2025-02-11 12:23:28 - INFO - [Validate] Best score achieved: -0.524972
2025-02-11 12:23:30 - INFO - [Train] Epoch 00012 | train_loss 654.9108 | train_rmse 39.3723 | lr 0.000130
2025-02-11 12:23:30 - INFO - [Validate] Epoch 00012 | valid_rmse 34.4349 | valid_pr 0.0035 | valid_criterion 12.0217 | score -0.2022
2025-02-11 12:23:30 - INFO - [Validate] Best score achieved: -0.202168
2025-02-11 12:23:31 - INFO - [Train] Epoch 00013 | train_loss 631.3380 | train_rmse 39.3215 | lr 0.000140
2025-02-11 12:23:31 - INFO - [Validate] Epoch 00013 | valid_rmse 38.6839 | valid_pr -0.0376 | valid_criterion 19.2039 | score -0.9204
2025-02-11 12:23:31 - INFO - No improvement for 1 epochs
2025-02-11 12:23:32 - INFO - [Train] Epoch 00014 | train_loss 611.9021 | train_rmse 39.5713 | lr 0.000150
2025-02-11 12:23:32 - INFO - [Validate] Epoch 00014 | valid_rmse 34.6419 | valid_pr 0.0671 | valid_criterion 12.8316 | score -0.2832
2025-02-11 12:23:32 - INFO - No improvement for 2 epochs
2025-02-11 12:23:34 - INFO - [Train] Epoch 00015 | train_loss 585.5973 | train_rmse 39.4979 | lr 0.000160
2025-02-11 12:23:34 - INFO - [Validate] Epoch 00015 | valid_rmse 38.0620 | valid_pr -0.0243 | valid_criterion 18.2651 | score -0.8265
2025-02-11 12:23:34 - INFO - No improvement for 3 epochs
2025-02-11 12:23:35 - INFO - [Train] Epoch 00016 | train_loss 578.8330 | train_rmse 39.7493 | lr 0.000170
2025-02-11 12:23:35 - INFO - [Validate] Epoch 00016 | valid_rmse 39.7812 | valid_pr -0.0850 | valid_criterion 20.4203 | score -1.0420
2025-02-11 12:23:35 - INFO - No improvement for 4 epochs
2025-02-11 12:23:37 - INFO - [Train] Epoch 00017 | train_loss 556.5069 | train_rmse 39.5606 | lr 0.000180
2025-02-11 12:23:37 - INFO - [Validate] Epoch 00017 | valid_rmse 40.9113 | valid_pr -0.0944 | valid_criterion 21.9654 | score -1.1965
2025-02-11 12:23:37 - INFO - No improvement for 5 epochs
2025-02-11 12:23:38 - INFO - [Train] Epoch 00018 | train_loss 548.2832 | train_rmse 39.7640 | lr 0.000190
2025-02-11 12:23:38 - INFO - [Validate] Epoch 00018 | valid_rmse 42.8452 | valid_pr 0.0685 | valid_criterion 21.3201 | score -1.1320
2025-02-11 12:23:38 - INFO - No improvement for 6 epochs
2025-02-11 12:23:40 - INFO - [Train] Epoch 00019 | train_loss 537.4847 | train_rmse 39.7749 | lr 0.000200
2025-02-11 12:23:40 - INFO - [Validate] Epoch 00019 | valid_rmse 36.3050 | valid_pr 0.1795 | valid_criterion 12.7599 | score -0.2760
2025-02-11 12:23:40 - INFO - No improvement for 7 epochs
2025-02-11 12:23:41 - INFO - [Train] Epoch 00020 | train_loss 514.8717 | train_rmse 39.5739 | lr 0.000210
2025-02-11 12:23:41 - INFO - [Validate] Epoch 00020 | valid_rmse 50.6704 | valid_pr 0.0576 | valid_criterion 34.1187 | score -2.4119
2025-02-11 12:23:41 - INFO - No improvement for 8 epochs
2025-02-11 12:23:43 - INFO - [Train] Epoch 00021 | train_loss 509.5078 | train_rmse 39.5997 | lr 0.000220
2025-02-11 12:23:43 - INFO - [Validate] Epoch 00021 | valid_rmse 43.7763 | valid_pr 0.1371 | valid_criterion 22.8268 | score -1.2827
2025-02-11 12:23:43 - INFO - No improvement for 9 epochs
2025-02-11 12:23:44 - INFO - [Train] Epoch 00022 | train_loss 487.8669 | train_rmse 39.6603 | lr 0.000230
2025-02-11 12:23:44 - INFO - [Validate] Epoch 00022 | valid_rmse 34.8915 | valid_pr 0.3710 | valid_criterion 9.9980 | score 0.0002
2025-02-11 12:23:44 - INFO - [Validate] Best score achieved: 0.000202
2025-02-11 12:23:46 - INFO - [Train] Epoch 00023 | train_loss 469.2133 | train_rmse 39.4049 | lr 0.000240
2025-02-11 12:23:46 - INFO - [Validate] Epoch 00023 | valid_rmse 35.1075 | valid_pr 0.2547 | valid_criterion 12.9932 | score -0.2993
2025-02-11 12:23:46 - INFO - No improvement for 1 epochs
2025-02-11 12:23:48 - INFO - [Train] Epoch 00024 | train_loss 455.5180 | train_rmse 39.6737 | lr 0.000250
2025-02-11 12:23:48 - INFO - [Validate] Epoch 00024 | valid_rmse 39.0985 | valid_pr 0.3476 | valid_criterion 16.6912 | score -0.6691
2025-02-11 12:23:48 - INFO - No improvement for 2 epochs
2025-02-11 12:23:49 - INFO - [Train] Epoch 00025 | train_loss 467.6645 | train_rmse 39.8007 | lr 0.000260
2025-02-11 12:23:49 - INFO - [Validate] Epoch 00025 | valid_rmse 43.7736 | valid_pr 0.2807 | valid_criterion 22.6105 | score -1.2611
2025-02-11 12:23:49 - INFO - No improvement for 3 epochs
2025-02-11 12:23:50 - INFO - [Train] Epoch 00026 | train_loss 416.1513 | train_rmse 39.4499 | lr 0.000270
2025-02-11 12:23:50 - INFO - [Validate] Epoch 00026 | valid_rmse 41.9620 | valid_pr 0.3343 | valid_criterion 19.6438 | score -0.9644
2025-02-11 12:23:50 - INFO - No improvement for 4 epochs
2025-02-11 12:23:52 - INFO - [Train] Epoch 00027 | train_loss 414.8099 | train_rmse 39.2928 | lr 0.000280
2025-02-11 12:23:52 - INFO - [Validate] Epoch 00027 | valid_rmse 35.8280 | valid_pr 0.2854 | valid_criterion 12.7032 | score -0.2703
2025-02-11 12:23:52 - INFO - No improvement for 5 epochs
2025-02-11 12:23:53 - INFO - [Train] Epoch 00028 | train_loss 436.2766 | train_rmse 39.6817 | lr 0.000290
2025-02-11 12:23:53 - INFO - [Validate] Epoch 00028 | valid_rmse 37.2912 | valid_pr 0.5356 | valid_criterion 16.0232 | score -0.6023
2025-02-11 12:23:53 - INFO - No improvement for 6 epochs
2025-02-11 12:23:55 - INFO - [Train] Epoch 00029 | train_loss 413.4631 | train_rmse 39.4778 | lr 0.000300
2025-02-11 12:23:55 - INFO - [Validate] Epoch 00029 | valid_rmse 30.7878 | valid_pr 0.4231 | valid_criterion 13.7680 | score -0.3768
2025-02-11 12:23:55 - INFO - No improvement for 7 epochs
2025-02-11 12:23:56 - INFO - [Train] Epoch 00030 | train_loss 405.1572 | train_rmse 39.1953 | lr 0.000310
2025-02-11 12:23:56 - INFO - [Validate] Epoch 00030 | valid_rmse 41.4002 | valid_pr 0.5206 | valid_criterion 20.4800 | score -1.0480
2025-02-11 12:23:56 - INFO - No improvement for 8 epochs
2025-02-11 12:23:58 - INFO - [Train] Epoch 00031 | train_loss 407.7602 | train_rmse 39.6151 | lr 0.000320
2025-02-11 12:23:58 - INFO - [Validate] Epoch 00031 | valid_rmse 43.1121 | valid_pr 0.5642 | valid_criterion 24.8650 | score -1.4865
2025-02-11 12:23:58 - INFO - No improvement for 9 epochs
2025-02-11 12:23:59 - INFO - [Train] Epoch 00032 | train_loss 380.8783 | train_rmse 39.1167 | lr 0.000330
2025-02-11 12:23:59 - INFO - [Validate] Epoch 00032 | valid_rmse 32.1794 | valid_pr 0.5614 | valid_criterion 15.7427 | score -0.5743
2025-02-11 12:23:59 - INFO - No improvement for 10 epochs
2025-02-11 12:24:00 - INFO - [Train] Epoch 00033 | train_loss 356.5150 | train_rmse 39.2260 | lr 0.000340
2025-02-11 12:24:00 - INFO - [Validate] Epoch 00033 | valid_rmse 26.9257 | valid_pr 0.5285 | valid_criterion 13.8903 | score -0.3890
2025-02-11 12:24:00 - INFO - No improvement for 11 epochs
2025-02-11 12:24:02 - INFO - [Train] Epoch 00034 | train_loss 353.2430 | train_rmse 39.5239 | lr 0.000350
2025-02-11 12:24:02 - INFO - [Validate] Epoch 00034 | valid_rmse 33.0188 | valid_pr 0.5774 | valid_criterion 15.9239 | score -0.5924
2025-02-11 12:24:02 - INFO - No improvement for 12 epochs
2025-02-11 12:24:03 - INFO - [Train] Epoch 00035 | train_loss 327.5044 | train_rmse 39.4510 | lr 0.000360
2025-02-11 12:24:03 - INFO - [Validate] Epoch 00035 | valid_rmse 30.9289 | valid_pr 0.5960 | valid_criterion 18.7226 | score -0.8723
2025-02-11 12:24:03 - INFO - No improvement for 13 epochs
2025-02-11 12:24:05 - INFO - [Train] Epoch 00036 | train_loss 352.4324 | train_rmse 39.5558 | lr 0.000370
2025-02-11 12:24:05 - INFO - [Validate] Epoch 00036 | valid_rmse 24.9480 | valid_pr 0.7446 | valid_criterion 4.8373 | score 0.5163
2025-02-11 12:24:05 - INFO - [Validate] Best score achieved: 0.516268
2025-02-11 12:24:06 - INFO - [Train] Epoch 00037 | train_loss 322.4890 | train_rmse 39.8883 | lr 0.000380
2025-02-11 12:24:06 - INFO - [Validate] Epoch 00037 | valid_rmse 32.5963 | valid_pr 0.6083 | valid_criterion 13.7618 | score -0.3762
2025-02-11 12:24:06 - INFO - No improvement for 1 epochs
2025-02-11 12:24:08 - INFO - [Train] Epoch 00038 | train_loss 290.4400 | train_rmse 39.8354 | lr 0.000390
2025-02-11 12:24:08 - INFO - [Validate] Epoch 00038 | valid_rmse 25.8274 | valid_pr 0.7142 | valid_criterion 8.1384 | score 0.1862
2025-02-11 12:24:08 - INFO - No improvement for 2 epochs
2025-02-11 12:24:09 - INFO - [Train] Epoch 00039 | train_loss 311.1347 | train_rmse 39.5543 | lr 0.000400
2025-02-11 12:24:09 - INFO - [Validate] Epoch 00039 | valid_rmse 33.7539 | valid_pr 0.4973 | valid_criterion 14.7549 | score -0.4755
2025-02-11 12:24:09 - INFO - No improvement for 3 epochs
2025-02-11 12:24:10 - INFO - [Train] Epoch 00040 | train_loss 286.5831 | train_rmse 40.3407 | lr 0.000410
2025-02-11 12:24:10 - INFO - [Validate] Epoch 00040 | valid_rmse 36.2740 | valid_pr 0.6800 | valid_criterion 16.2419 | score -0.6242
2025-02-11 12:24:10 - INFO - No improvement for 4 epochs
2025-02-11 12:24:12 - INFO - [Train] Epoch 00041 | train_loss 273.5751 | train_rmse 39.6295 | lr 0.000420
2025-02-11 12:24:12 - INFO - [Validate] Epoch 00041 | valid_rmse 27.3271 | valid_pr 0.7073 | valid_criterion 10.2354 | score -0.0235
2025-02-11 12:24:12 - INFO - No improvement for 5 epochs
2025-02-11 12:24:13 - INFO - [Train] Epoch 00042 | train_loss 295.1956 | train_rmse 39.8359 | lr 0.000430
2025-02-11 12:24:13 - INFO - [Validate] Epoch 00042 | valid_rmse 16.9253 | valid_pr 0.7327 | valid_criterion 9.3572 | score 0.0643
2025-02-11 12:24:13 - INFO - No improvement for 6 epochs
2025-02-11 12:24:15 - INFO - [Train] Epoch 00043 | train_loss 246.5170 | train_rmse 40.2865 | lr 0.000440
2025-02-11 12:24:15 - INFO - [Validate] Epoch 00043 | valid_rmse 28.9463 | valid_pr 0.7259 | valid_criterion 15.9099 | score -0.5910
2025-02-11 12:24:15 - INFO - No improvement for 7 epochs
2025-02-11 12:24:16 - INFO - [Train] Epoch 00044 | train_loss 251.4538 | train_rmse 39.6438 | lr 0.000450
2025-02-11 12:24:16 - INFO - [Validate] Epoch 00044 | valid_rmse 25.5504 | valid_pr 0.7220 | valid_criterion 17.4428 | score -0.7443
2025-02-11 12:24:16 - INFO - No improvement for 8 epochs
2025-02-11 12:24:18 - INFO - [Train] Epoch 00045 | train_loss 231.9551 | train_rmse 39.9299 | lr 0.000460
2025-02-11 12:24:18 - INFO - [Validate] Epoch 00045 | valid_rmse 22.2956 | valid_pr 0.8063 | valid_criterion 9.3817 | score 0.0618
2025-02-11 12:24:18 - INFO - No improvement for 9 epochs
2025-02-11 12:24:19 - INFO - [Train] Epoch 00046 | train_loss 209.2696 | train_rmse 39.7223 | lr 0.000470
2025-02-11 12:24:19 - INFO - [Validate] Epoch 00046 | valid_rmse 19.7374 | valid_pr 0.8245 | valid_criterion 10.8634 | score -0.0863
2025-02-11 12:24:19 - INFO - No improvement for 10 epochs
2025-02-11 12:24:21 - INFO - [Train] Epoch 00047 | train_loss 244.8128 | train_rmse 40.0271 | lr 0.000480
2025-02-11 12:24:21 - INFO - [Validate] Epoch 00047 | valid_rmse 21.2555 | valid_pr 0.8139 | valid_criterion 2.8677 | score 0.7132
2025-02-11 12:24:21 - INFO - [Validate] Best score achieved: 0.713230
2025-02-11 12:24:22 - INFO - [Train] Epoch 00048 | train_loss 233.7578 | train_rmse 41.0285 | lr 0.000490
2025-02-11 12:24:22 - INFO - [Validate] Epoch 00048 | valid_rmse 19.3446 | valid_pr 0.7430 | valid_criterion 9.0160 | score 0.0984
2025-02-11 12:24:22 - INFO - No improvement for 1 epochs
2025-02-11 12:24:24 - INFO - [Train] Epoch 00049 | train_loss 200.2974 | train_rmse 40.6528 | lr 0.000500
2025-02-11 12:24:24 - INFO - [Validate] Epoch 00049 | valid_rmse 26.6256 | valid_pr 0.6509 | valid_criterion 13.1886 | score -0.3189
2025-02-11 12:24:24 - INFO - No improvement for 2 epochs
2025-02-11 12:24:25 - INFO - [Train] Epoch 00050 | train_loss 198.0696 | train_rmse 40.7953 | lr 0.000500
2025-02-11 12:24:25 - INFO - [Validate] Epoch 00050 | valid_rmse 16.2846 | valid_pr 0.7539 | valid_criterion 5.5759 | score 0.4424
2025-02-11 12:24:25 - INFO - No improvement for 3 epochs
2025-02-11 12:24:27 - INFO - [Train] Epoch 00051 | train_loss 212.5594 | train_rmse 42.0386 | lr 0.000500
2025-02-11 12:24:27 - INFO - [Validate] Epoch 00051 | valid_rmse 15.1231 | valid_pr 0.8347 | valid_criterion 5.3225 | score 0.4677
2025-02-11 12:24:27 - INFO - No improvement for 4 epochs
2025-02-11 12:24:28 - INFO - [Train] Epoch 00052 | train_loss 177.2340 | train_rmse 40.0026 | lr 0.000500
2025-02-11 12:24:28 - INFO - [Validate] Epoch 00052 | valid_rmse 18.4653 | valid_pr 0.8783 | valid_criterion 13.3832 | score -0.3383
2025-02-11 12:24:28 - INFO - No improvement for 5 epochs
2025-02-11 12:24:30 - INFO - [Train] Epoch 00053 | train_loss 192.0743 | train_rmse 40.6920 | lr 0.000500
2025-02-11 12:24:30 - INFO - [Validate] Epoch 00053 | valid_rmse 27.8873 | valid_pr 0.7698 | valid_criterion 18.1942 | score -0.8194
2025-02-11 12:24:30 - INFO - No improvement for 6 epochs
2025-02-11 12:24:31 - INFO - [Train] Epoch 00054 | train_loss 159.6316 | train_rmse 40.2074 | lr 0.000500
2025-02-11 12:24:31 - INFO - [Validate] Epoch 00054 | valid_rmse 14.7434 | valid_pr 0.7997 | valid_criterion 8.8154 | score 0.1185
2025-02-11 12:24:31 - INFO - No improvement for 7 epochs
2025-02-11 12:24:33 - INFO - [Train] Epoch 00055 | train_loss 149.0373 | train_rmse 40.5394 | lr 0.000500
2025-02-11 12:24:33 - INFO - [Validate] Epoch 00055 | valid_rmse 18.8250 | valid_pr 0.7323 | valid_criterion 6.7229 | score 0.3277
2025-02-11 12:24:33 - INFO - No improvement for 8 epochs
2025-02-11 12:24:34 - INFO - [Train] Epoch 00056 | train_loss 152.3891 | train_rmse 40.3176 | lr 0.000500
2025-02-11 12:24:34 - INFO - [Validate] Epoch 00056 | valid_rmse 13.9198 | valid_pr 0.8680 | valid_criterion 2.9047 | score 0.7095
2025-02-11 12:24:34 - INFO - No improvement for 9 epochs
2025-02-11 12:24:36 - INFO - [Train] Epoch 00057 | train_loss 133.6095 | train_rmse 39.7519 | lr 0.000500
2025-02-11 12:24:36 - INFO - [Validate] Epoch 00057 | valid_rmse 16.0674 | valid_pr 0.8234 | valid_criterion 5.5205 | score 0.4479
2025-02-11 12:24:36 - INFO - No improvement for 10 epochs
2025-02-11 12:24:37 - INFO - [Train] Epoch 00058 | train_loss 104.5587 | train_rmse 39.5656 | lr 0.000500
2025-02-11 12:24:37 - INFO - [Validate] Epoch 00058 | valid_rmse 13.5636 | valid_pr 0.8686 | valid_criterion 2.8477 | score 0.7152
2025-02-11 12:24:37 - INFO - [Validate] Best score achieved: 0.715229
2025-02-11 12:24:39 - INFO - [Train] Epoch 00059 | train_loss 117.6422 | train_rmse 40.6832 | lr 0.000500
2025-02-11 12:24:39 - INFO - [Validate] Epoch 00059 | valid_rmse 14.5535 | valid_pr 0.8731 | valid_criterion 9.0526 | score 0.0947
2025-02-11 12:24:39 - INFO - No improvement for 1 epochs
2025-02-11 12:24:40 - INFO - [Train] Epoch 00060 | train_loss 119.9609 | train_rmse 40.4843 | lr 0.000500
2025-02-11 12:24:40 - INFO - [Validate] Epoch 00060 | valid_rmse 14.3529 | valid_pr 0.8568 | valid_criterion 4.7121 | score 0.5288
2025-02-11 12:24:40 - INFO - No improvement for 2 epochs
2025-02-11 12:24:42 - INFO - [Train] Epoch 00061 | train_loss 139.0525 | train_rmse 40.8131 | lr 0.000500
2025-02-11 12:24:42 - INFO - [Validate] Epoch 00061 | valid_rmse 11.6131 | valid_pr 0.9640 | valid_criterion 3.9760 | score 0.6024
2025-02-11 12:24:42 - INFO - No improvement for 3 epochs
2025-02-11 12:24:43 - INFO - [Train] Epoch 00062 | train_loss 137.9585 | train_rmse 39.3598 | lr 0.000500
2025-02-11 12:24:43 - INFO - [Validate] Epoch 00062 | valid_rmse 20.8595 | valid_pr 0.7633 | valid_criterion 2.7230 | score 0.7277
2025-02-11 12:24:43 - INFO - [Validate] Best score achieved: 0.727696
2025-02-11 12:24:45 - INFO - [Train] Epoch 00063 | train_loss 155.1346 | train_rmse 37.9799 | lr 0.000500
2025-02-11 12:24:45 - INFO - [Validate] Epoch 00063 | valid_rmse 8.8846 | valid_pr 0.9657 | valid_criterion 5.2998 | score 0.4700
2025-02-11 12:24:45 - INFO - No improvement for 1 epochs
2025-02-11 12:24:46 - INFO - [Train] Epoch 00064 | train_loss 119.4594 | train_rmse 38.5406 | lr 0.000500
2025-02-11 12:24:46 - INFO - [Validate] Epoch 00064 | valid_rmse 11.9098 | valid_pr 0.8900 | valid_criterion 3.9632 | score 0.6037
2025-02-11 12:24:46 - INFO - No improvement for 2 epochs
2025-02-11 12:24:47 - INFO - [Train] Epoch 00065 | train_loss 96.4522 | train_rmse 38.8556 | lr 0.000500
2025-02-11 12:24:47 - INFO - [Validate] Epoch 00065 | valid_rmse 12.4513 | valid_pr 0.9430 | valid_criterion 9.8922 | score 0.0108
2025-02-11 12:24:47 - INFO - No improvement for 3 epochs
2025-02-11 12:24:49 - INFO - [Train] Epoch 00066 | train_loss 68.9840 | train_rmse 37.3254 | lr 0.000500
2025-02-11 12:24:49 - INFO - [Validate] Epoch 00066 | valid_rmse 21.0206 | valid_pr 0.7423 | valid_criterion 22.0735 | score -1.2074
2025-02-11 12:24:49 - INFO - No improvement for 4 epochs
2025-02-11 12:24:50 - INFO - [Train] Epoch 00067 | train_loss 105.3417 | train_rmse 38.0857 | lr 0.000500
2025-02-11 12:24:50 - INFO - [Validate] Epoch 00067 | valid_rmse 13.5674 | valid_pr 0.9154 | valid_criterion 10.4091 | score -0.0409
2025-02-11 12:24:50 - INFO - No improvement for 5 epochs
2025-02-11 12:24:52 - INFO - [Train] Epoch 00068 | train_loss 94.8353 | train_rmse 37.5911 | lr 0.000500
2025-02-11 12:24:52 - INFO - [Validate] Epoch 00068 | valid_rmse 10.8538 | valid_pr 0.9225 | valid_criterion 4.5467 | score 0.5453
2025-02-11 12:24:52 - INFO - No improvement for 6 epochs
2025-02-11 12:24:53 - INFO - [Train] Epoch 00069 | train_loss 81.6633 | train_rmse 35.9781 | lr 0.000500
2025-02-11 12:24:53 - INFO - [Validate] Epoch 00069 | valid_rmse 9.3597 | valid_pr 0.9280 | valid_criterion 5.0396 | score 0.4960
2025-02-11 12:24:53 - INFO - No improvement for 7 epochs
2025-02-11 12:24:55 - INFO - [Train] Epoch 00070 | train_loss 59.5792 | train_rmse 35.7431 | lr 0.000500
2025-02-11 12:24:55 - INFO - [Validate] Epoch 00070 | valid_rmse 10.5174 | valid_pr 0.9320 | valid_criterion 4.0744 | score 0.5926
2025-02-11 12:24:55 - INFO - No improvement for 8 epochs
2025-02-11 12:24:56 - INFO - [Train] Epoch 00071 | train_loss 66.6319 | train_rmse 33.1573 | lr 0.000500
2025-02-11 12:24:56 - INFO - [Validate] Epoch 00071 | valid_rmse 12.5143 | valid_pr 0.8934 | valid_criterion 8.8005 | score 0.1199
2025-02-11 12:24:56 - INFO - No improvement for 9 epochs
2025-02-11 12:24:58 - INFO - [Train] Epoch 00072 | train_loss 52.3208 | train_rmse 34.7459 | lr 0.000500
2025-02-11 12:24:58 - INFO - [Validate] Epoch 00072 | valid_rmse 8.7313 | valid_pr 0.9630 | valid_criterion 2.2918 | score 0.7708
2025-02-11 12:24:58 - INFO - [Validate] Best score achieved: 0.770824
2025-02-11 12:24:59 - INFO - [Train] Epoch 00073 | train_loss 65.6848 | train_rmse 30.5833 | lr 0.000500
2025-02-11 12:24:59 - INFO - [Validate] Epoch 00073 | valid_rmse 17.5478 | valid_pr 0.7715 | valid_criterion 26.2025 | score -1.6202
2025-02-11 12:24:59 - INFO - No improvement for 1 epochs
2025-02-11 12:25:01 - INFO - [Train] Epoch 00074 | train_loss 40.2630 | train_rmse 31.7366 | lr 0.000500
2025-02-11 12:25:01 - INFO - [Validate] Epoch 00074 | valid_rmse 17.3669 | valid_pr 0.8107 | valid_criterion 19.9831 | score -0.9983
2025-02-11 12:25:01 - INFO - No improvement for 2 epochs
2025-02-11 12:25:02 - INFO - [Train] Epoch 00075 | train_loss 69.0566 | train_rmse 31.9210 | lr 0.000500
2025-02-11 12:25:02 - INFO - [Validate] Epoch 00075 | valid_rmse 9.4571 | valid_pr 0.9435 | valid_criterion 4.3220 | score 0.5678
2025-02-11 12:25:02 - INFO - No improvement for 3 epochs
2025-02-11 12:25:04 - INFO - [Train] Epoch 00076 | train_loss 82.2142 | train_rmse 21.0763 | lr 0.000500
2025-02-11 12:25:04 - INFO - [Validate] Epoch 00076 | valid_rmse 11.6981 | valid_pr 0.9690 | valid_criterion 9.6418 | score 0.0358
2025-02-11 12:25:04 - INFO - No improvement for 4 epochs
2025-02-11 12:25:05 - INFO - [Train] Epoch 00077 | train_loss 45.2848 | train_rmse 24.6840 | lr 0.000500
2025-02-11 12:25:05 - INFO - [Validate] Epoch 00077 | valid_rmse 10.6889 | valid_pr 0.9400 | valid_criterion 9.1807 | score 0.0819
2025-02-11 12:25:05 - INFO - No improvement for 5 epochs
2025-02-11 12:25:07 - INFO - [Train] Epoch 00078 | train_loss 43.5065 | train_rmse 25.6155 | lr 0.000500
2025-02-11 12:25:07 - INFO - [Validate] Epoch 00078 | valid_rmse 7.8220 | valid_pr 0.9511 | valid_criterion 1.8527 | score 0.8147
2025-02-11 12:25:07 - INFO - [Validate] Best score achieved: 0.814732
2025-02-11 12:25:08 - INFO - [Train] Epoch 00079 | train_loss 37.3463 | train_rmse 22.0602 | lr 0.000500
2025-02-11 12:25:08 - INFO - [Validate] Epoch 00079 | valid_rmse 12.6906 | valid_pr 0.8594 | valid_criterion 18.7441 | score -0.8744
2025-02-11 12:25:08 - INFO - No improvement for 1 epochs
2025-02-11 12:25:10 - INFO - [Train] Epoch 00080 | train_loss 41.8116 | train_rmse 22.5164 | lr 0.000500
2025-02-11 12:25:10 - INFO - [Validate] Epoch 00080 | valid_rmse 10.8414 | valid_pr 0.8938 | valid_criterion 15.1737 | score -0.5174
2025-02-11 12:25:10 - INFO - No improvement for 2 epochs
2025-02-11 12:25:11 - INFO - [Train] Epoch 00081 | train_loss 41.7100 | train_rmse 19.7743 | lr 0.000500
2025-02-11 12:25:11 - INFO - [Validate] Epoch 00081 | valid_rmse 8.2160 | valid_pr 0.9550 | valid_criterion 4.9545 | score 0.5045
2025-02-11 12:25:11 - INFO - No improvement for 3 epochs
2025-02-11 12:25:13 - INFO - [Train] Epoch 00082 | train_loss 34.4136 | train_rmse 15.7175 | lr 0.000500
2025-02-11 12:25:13 - INFO - [Validate] Epoch 00082 | valid_rmse 13.4154 | valid_pr 0.9112 | valid_criterion 13.6890 | score -0.3689
2025-02-11 12:25:13 - INFO - No improvement for 4 epochs
2025-02-11 12:25:14 - INFO - [Train] Epoch 00083 | train_loss 27.3048 | train_rmse 17.5292 | lr 0.000500
2025-02-11 12:25:14 - INFO - [Validate] Epoch 00083 | valid_rmse 8.1892 | valid_pr 0.9299 | valid_criterion 6.5613 | score 0.3439
2025-02-11 12:25:14 - INFO - No improvement for 5 epochs
2025-02-11 12:25:16 - INFO - [Train] Epoch 00084 | train_loss 25.2241 | train_rmse 18.7219 | lr 0.000500
2025-02-11 12:25:16 - INFO - [Validate] Epoch 00084 | valid_rmse 5.3856 | valid_pr 0.9607 | valid_criterion 6.4976 | score 0.3502
2025-02-11 12:25:16 - INFO - No improvement for 6 epochs
2025-02-11 12:25:17 - INFO - [Train] Epoch 00085 | train_loss 21.5215 | train_rmse 18.7041 | lr 0.000500
2025-02-11 12:25:17 - INFO - [Validate] Epoch 00085 | valid_rmse 3.9835 | valid_pr 0.9881 | valid_criterion 3.3180 | score 0.6682
2025-02-11 12:25:17 - INFO - No improvement for 7 epochs
2025-02-11 12:25:19 - INFO - [Train] Epoch 00086 | train_loss 29.6093 | train_rmse 16.0303 | lr 0.000500
2025-02-11 12:25:19 - INFO - [Validate] Epoch 00086 | valid_rmse 6.8743 | valid_pr 0.9644 | valid_criterion 6.2162 | score 0.3784
2025-02-11 12:25:19 - INFO - No improvement for 8 epochs
2025-02-11 12:25:20 - INFO - [Train] Epoch 00087 | train_loss 26.7552 | train_rmse 10.3111 | lr 0.000500
2025-02-11 12:25:20 - INFO - [Validate] Epoch 00087 | valid_rmse 5.6952 | valid_pr 0.9719 | valid_criterion 6.7804 | score 0.3220
2025-02-11 12:25:20 - INFO - No improvement for 9 epochs
2025-02-11 12:25:22 - INFO - [Train] Epoch 00088 | train_loss 26.7832 | train_rmse 11.2641 | lr 0.000500
2025-02-11 12:25:22 - INFO - [Validate] Epoch 00088 | valid_rmse 8.3430 | valid_pr 0.9571 | valid_criterion 4.0792 | score 0.5921
2025-02-11 12:25:22 - INFO - No improvement for 10 epochs
2025-02-11 12:25:23 - INFO - [Train] Epoch 00089 | train_loss 19.7148 | train_rmse 9.0207 | lr 0.000500
2025-02-11 12:25:23 - INFO - [Validate] Epoch 00089 | valid_rmse 4.8464 | valid_pr 0.9773 | valid_criterion 7.3665 | score 0.2634
2025-02-11 12:25:23 - INFO - No improvement for 11 epochs
2025-02-11 12:25:25 - INFO - [Train] Epoch 00090 | train_loss 28.8935 | train_rmse 13.4191 | lr 0.000500
2025-02-11 12:25:25 - INFO - [Validate] Epoch 00090 | valid_rmse 4.7831 | valid_pr 0.9861 | valid_criterion 6.0545 | score 0.3946
2025-02-11 12:25:25 - INFO - No improvement for 12 epochs
2025-02-11 12:25:26 - INFO - [Train] Epoch 00091 | train_loss 24.7089 | train_rmse 8.1656 | lr 0.000500
2025-02-11 12:25:26 - INFO - [Validate] Epoch 00091 | valid_rmse 5.7612 | valid_pr 0.9833 | valid_criterion 5.4582 | score 0.4542
2025-02-11 12:25:26 - INFO - No improvement for 13 epochs
2025-02-11 12:25:28 - INFO - [Train] Epoch 00092 | train_loss 25.6624 | train_rmse 10.7849 | lr 0.000500
2025-02-11 12:25:28 - INFO - [Validate] Epoch 00092 | valid_rmse 4.1078 | valid_pr 0.9876 | valid_criterion 5.7716 | score 0.4228
2025-02-11 12:25:28 - INFO - No improvement for 14 epochs
2025-02-11 12:25:29 - INFO - [Train] Epoch 00093 | train_loss 28.7512 | train_rmse 8.5198 | lr 0.000500
2025-02-11 12:25:29 - INFO - [Validate] Epoch 00093 | valid_rmse 4.8662 | valid_pr 0.9901 | valid_criterion 3.8927 | score 0.6107
2025-02-11 12:25:29 - INFO - No improvement for 15 epochs
2025-02-11 12:25:30 - INFO - [Train] Epoch 00094 | train_loss 16.9278 | train_rmse 6.4812 | lr 0.000500
2025-02-11 12:25:30 - INFO - [Validate] Epoch 00094 | valid_rmse 4.7756 | valid_pr 0.9900 | valid_criterion 3.9795 | score 0.6021
2025-02-11 12:25:30 - INFO - No improvement for 16 epochs
2025-02-11 12:25:32 - INFO - [Train] Epoch 00095 | train_loss 13.1753 | train_rmse 6.0132 | lr 0.000500
2025-02-11 12:25:32 - INFO - [Validate] Epoch 00095 | valid_rmse 5.3331 | valid_pr 0.9736 | valid_criterion 5.5802 | score 0.4420
2025-02-11 12:25:32 - INFO - No improvement for 17 epochs
2025-02-11 12:25:33 - INFO - [Train] Epoch 00096 | train_loss 23.7311 | train_rmse 7.8164 | lr 0.000500
2025-02-11 12:25:33 - INFO - [Validate] Epoch 00096 | valid_rmse 4.7686 | valid_pr 0.9866 | valid_criterion 6.6059 | score 0.3394
2025-02-11 12:25:33 - INFO - No improvement for 18 epochs
2025-02-11 12:25:35 - INFO - [Train] Epoch 00097 | train_loss 16.6857 | train_rmse 5.9316 | lr 0.000500
2025-02-11 12:25:35 - INFO - [Validate] Epoch 00097 | valid_rmse 4.2005 | valid_pr 0.9846 | valid_criterion 1.9014 | score 0.8099
2025-02-11 12:25:35 - INFO - No improvement for 19 epochs
2025-02-11 12:25:36 - INFO - [Train] Epoch 00098 | train_loss 11.9169 | train_rmse 4.9725 | lr 0.000500
2025-02-11 12:25:36 - INFO - [Validate] Epoch 00098 | valid_rmse 3.3091 | valid_pr 0.9924 | valid_criterion 4.4923 | score 0.5508
2025-02-11 12:25:36 - INFO - No improvement for 20 epochs
2025-02-11 12:25:38 - INFO - [Train] Epoch 00099 | train_loss 20.1036 | train_rmse 6.7236 | lr 0.000500
2025-02-11 12:25:38 - INFO - [Validate] Epoch 00099 | valid_rmse 4.5637 | valid_pr 0.9923 | valid_criterion 5.6497 | score 0.4350
2025-02-11 12:25:38 - INFO - No improvement for 21 epochs
2025-02-11 12:25:39 - INFO - [Train] Epoch 00100 | train_loss 19.3047 | train_rmse 6.8446 | lr 0.000500
2025-02-11 12:25:39 - INFO - [Validate] Epoch 00100 | valid_rmse 5.1740 | valid_pr 0.9805 | valid_criterion 9.5302 | score 0.0470
2025-02-11 12:25:39 - INFO - No improvement for 22 epochs
2025-02-11 12:25:40 - INFO - [Train] Epoch 00101 | train_loss 20.7101 | train_rmse 6.9679 | lr 0.000500
2025-02-11 12:25:40 - INFO - [Validate] Epoch 00101 | valid_rmse 4.1701 | valid_pr 0.9815 | valid_criterion 8.4632 | score 0.1537
2025-02-11 12:25:40 - INFO - No improvement for 23 epochs
2025-02-11 12:25:42 - INFO - [Train] Epoch 00102 | train_loss 12.0387 | train_rmse 5.2487 | lr 0.000500
2025-02-11 12:25:42 - INFO - [Validate] Epoch 00102 | valid_rmse 3.7185 | valid_pr 0.9841 | valid_criterion 6.6757 | score 0.3324
2025-02-11 12:25:42 - INFO - No improvement for 24 epochs
2025-02-11 12:25:43 - INFO - [Train] Epoch 00103 | train_loss 17.7450 | train_rmse 6.4591 | lr 0.000500
2025-02-11 12:25:43 - INFO - [Validate] Epoch 00103 | valid_rmse 3.9278 | valid_pr 0.9797 | valid_criterion 5.8875 | score 0.4112
2025-02-11 12:25:43 - INFO - No improvement for 25 epochs
2025-02-11 12:25:45 - INFO - [Train] Epoch 00104 | train_loss 12.4309 | train_rmse 5.9231 | lr 0.000500
2025-02-11 12:25:45 - INFO - [Validate] Epoch 00104 | valid_rmse 5.4742 | valid_pr 0.9750 | valid_criterion 4.0624 | score 0.5938
2025-02-11 12:25:45 - INFO - No improvement for 26 epochs
2025-02-11 12:25:46 - INFO - [Train] Epoch 00105 | train_loss 17.8551 | train_rmse 5.9297 | lr 0.000500
2025-02-11 12:25:46 - INFO - [Validate] Epoch 00105 | valid_rmse 3.3984 | valid_pr 0.9927 | valid_criterion 2.5400 | score 0.7460
2025-02-11 12:25:46 - INFO - No improvement for 27 epochs
2025-02-11 12:25:47 - INFO - [Train] Epoch 00106 | train_loss 18.0782 | train_rmse 6.4664 | lr 0.000500
2025-02-11 12:25:47 - INFO - [Validate] Epoch 00106 | valid_rmse 5.2522 | valid_pr 0.9742 | valid_criterion 4.0351 | score 0.5965
2025-02-11 12:25:47 - INFO - No improvement for 28 epochs
2025-02-11 12:25:49 - INFO - [Train] Epoch 00107 | train_loss 16.8448 | train_rmse 7.7670 | lr 0.000500
2025-02-11 12:25:49 - INFO - [Validate] Epoch 00107 | valid_rmse 5.3453 | valid_pr 0.9831 | valid_criterion 5.7206 | score 0.4279
2025-02-11 12:25:49 - INFO - No improvement for 29 epochs
2025-02-11 12:25:50 - INFO - [Train] Epoch 00108 | train_loss 16.0150 | train_rmse 6.1483 | lr 0.000500
2025-02-11 12:25:50 - INFO - [Validate] Epoch 00108 | valid_rmse 4.3495 | valid_pr 0.9778 | valid_criterion 5.2891 | score 0.4711
2025-02-11 12:25:50 - INFO - No improvement for 30 epochs
2025-02-11 12:25:51 - INFO - [Train] Epoch 00109 | train_loss 19.9061 | train_rmse 6.8462 | lr 0.000500
2025-02-11 12:25:51 - INFO - [Validate] Epoch 00109 | valid_rmse 4.2027 | valid_pr 0.9946 | valid_criterion 7.1422 | score 0.2858
2025-02-11 12:25:51 - INFO - No improvement for 31 epochs
2025-02-11 12:25:53 - INFO - [Train] Epoch 00110 | train_loss 13.4717 | train_rmse 5.8683 | lr 0.000500
2025-02-11 12:25:53 - INFO - [Validate] Epoch 00110 | valid_rmse 5.5850 | valid_pr 0.9912 | valid_criterion 8.0327 | score 0.1967
2025-02-11 12:25:53 - INFO - No improvement for 32 epochs
2025-02-11 12:25:54 - INFO - [Train] Epoch 00111 | train_loss 13.6003 | train_rmse 6.7097 | lr 0.000500
2025-02-11 12:25:54 - INFO - [Validate] Epoch 00111 | valid_rmse 6.7902 | valid_pr 0.9856 | valid_criterion 3.4425 | score 0.6558
2025-02-11 12:25:54 - INFO - No improvement for 33 epochs
2025-02-11 12:25:56 - INFO - [Train] Epoch 00112 | train_loss 18.8663 | train_rmse 6.7569 | lr 0.000500
2025-02-11 12:25:56 - INFO - [Validate] Epoch 00112 | valid_rmse 2.9750 | valid_pr 0.9901 | valid_criterion 5.7623 | score 0.4238
2025-02-11 12:25:56 - INFO - No improvement for 34 epochs
2025-02-11 12:25:57 - INFO - [Train] Epoch 00113 | train_loss 23.0358 | train_rmse 8.7235 | lr 0.000500
2025-02-11 12:25:57 - INFO - [Validate] Epoch 00113 | valid_rmse 3.3307 | valid_pr 0.9864 | valid_criterion 6.1143 | score 0.3886
2025-02-11 12:25:57 - INFO - No improvement for 35 epochs
2025-02-11 12:25:58 - INFO - [Train] Epoch 00114 | train_loss 16.5116 | train_rmse 6.0541 | lr 0.000500
2025-02-11 12:25:58 - INFO - [Validate] Epoch 00114 | valid_rmse 3.3284 | valid_pr 0.9894 | valid_criterion 2.4558 | score 0.7544
2025-02-11 12:25:58 - INFO - No improvement for 36 epochs
2025-02-11 12:26:00 - INFO - [Train] Epoch 00115 | train_loss 21.1091 | train_rmse 7.9215 | lr 0.000500
2025-02-11 12:26:00 - INFO - [Validate] Epoch 00115 | valid_rmse 7.1789 | valid_pr 0.9534 | valid_criterion 7.2527 | score 0.2747
2025-02-11 12:26:00 - INFO - No improvement for 37 epochs
2025-02-11 12:26:01 - INFO - [Train] Epoch 00116 | train_loss 28.7020 | train_rmse 8.4103 | lr 0.000500
2025-02-11 12:26:01 - INFO - [Validate] Epoch 00116 | valid_rmse 4.0497 | valid_pr 0.9868 | valid_criterion 4.8314 | score 0.5169
2025-02-11 12:26:01 - INFO - No improvement for 38 epochs
2025-02-11 12:26:03 - INFO - [Train] Epoch 00117 | train_loss 9.4079 | train_rmse 5.6166 | lr 0.000500
2025-02-11 12:26:03 - INFO - [Validate] Epoch 00117 | valid_rmse 3.5804 | valid_pr 0.9821 | valid_criterion 4.1085 | score 0.5892
2025-02-11 12:26:03 - INFO - No improvement for 39 epochs
2025-02-11 12:26:04 - INFO - [Train] Epoch 00118 | train_loss 17.0075 | train_rmse 6.4107 | lr 0.000500
2025-02-11 12:26:04 - INFO - [Validate] Epoch 00118 | valid_rmse 4.6114 | valid_pr 0.9891 | valid_criterion 4.4470 | score 0.5553
2025-02-11 12:26:04 - INFO - No improvement for 40 epochs
2025-02-11 12:26:06 - INFO - [Train] Epoch 00119 | train_loss 16.0628 | train_rmse 7.3024 | lr 0.000500
2025-02-11 12:26:06 - INFO - [Validate] Epoch 00119 | valid_rmse 3.8858 | valid_pr 0.9880 | valid_criterion 5.6414 | score 0.4359
2025-02-11 12:26:06 - INFO - No improvement for 41 epochs
2025-02-11 12:26:07 - INFO - [Train] Epoch 00120 | train_loss 20.0303 | train_rmse 6.9988 | lr 0.000500
2025-02-11 12:26:07 - INFO - [Validate] Epoch 00120 | valid_rmse 3.3751 | valid_pr 0.9880 | valid_criterion 7.1276 | score 0.2872
2025-02-11 12:26:07 - INFO - No improvement for 42 epochs
2025-02-11 12:26:09 - INFO - [Train] Epoch 00121 | train_loss 24.4049 | train_rmse 8.7350 | lr 0.000500
2025-02-11 12:26:09 - INFO - [Validate] Epoch 00121 | valid_rmse 3.7104 | valid_pr 0.9817 | valid_criterion 6.6191 | score 0.3381
2025-02-11 12:26:09 - INFO - No improvement for 43 epochs
2025-02-11 12:26:10 - INFO - [Train] Epoch 00122 | train_loss 18.4810 | train_rmse 7.1308 | lr 0.000500
2025-02-11 12:26:10 - INFO - [Validate] Epoch 00122 | valid_rmse 5.0997 | valid_pr 0.9803 | valid_criterion 8.9082 | score 0.1092
2025-02-11 12:26:10 - INFO - No improvement for 44 epochs
2025-02-11 12:26:12 - INFO - [Train] Epoch 00123 | train_loss 14.4906 | train_rmse 6.1162 | lr 0.000500
2025-02-11 12:26:12 - INFO - [Validate] Epoch 00123 | valid_rmse 5.0493 | valid_pr 0.9809 | valid_criterion 7.0371 | score 0.2963
2025-02-11 12:26:12 - INFO - No improvement for 45 epochs
2025-02-11 12:26:13 - INFO - [Train] Epoch 00124 | train_loss 13.0625 | train_rmse 6.0802 | lr 0.000500
2025-02-11 12:26:13 - INFO - [Validate] Epoch 00124 | valid_rmse 4.7926 | valid_pr 0.9856 | valid_criterion 5.7409 | score 0.4259
2025-02-11 12:26:13 - INFO - No improvement for 46 epochs
2025-02-11 12:26:15 - INFO - [Train] Epoch 00125 | train_loss 24.3560 | train_rmse 8.3674 | lr 0.000500
2025-02-11 12:26:15 - INFO - [Validate] Epoch 00125 | valid_rmse 4.9388 | valid_pr 0.9929 | valid_criterion 1.5986 | score 0.8401
2025-02-11 12:26:15 - INFO - [Validate] Best score achieved: 0.840137
2025-02-11 12:26:16 - INFO - [Train] Epoch 00126 | train_loss 24.4138 | train_rmse 8.3970 | lr 0.000500
2025-02-11 12:26:16 - INFO - [Validate] Epoch 00126 | valid_rmse 6.1486 | valid_pr 0.9585 | valid_criterion 5.8510 | score 0.4149
2025-02-11 12:26:16 - INFO - No improvement for 1 epochs
2025-02-11 12:26:17 - INFO - [Train] Epoch 00127 | train_loss 19.0106 | train_rmse 9.1994 | lr 0.000500
2025-02-11 12:26:17 - INFO - [Validate] Epoch 00127 | valid_rmse 2.6599 | valid_pr 0.9939 | valid_criterion 4.8518 | score 0.5148
2025-02-11 12:26:17 - INFO - No improvement for 2 epochs
2025-02-11 12:26:19 - INFO - [Train] Epoch 00128 | train_loss 13.0184 | train_rmse 7.8119 | lr 0.000500
2025-02-11 12:26:19 - INFO - [Validate] Epoch 00128 | valid_rmse 4.8938 | valid_pr 0.9798 | valid_criterion 8.0000 | score 0.2000
2025-02-11 12:26:19 - INFO - No improvement for 3 epochs
2025-02-11 12:26:20 - INFO - [Train] Epoch 00129 | train_loss 18.2064 | train_rmse 6.9991 | lr 0.000500
2025-02-11 12:26:20 - INFO - [Validate] Epoch 00129 | valid_rmse 3.9397 | valid_pr 0.9890 | valid_criterion 5.7531 | score 0.4247
2025-02-11 12:26:20 - INFO - No improvement for 4 epochs
2025-02-11 12:26:22 - INFO - [Train] Epoch 00130 | train_loss 20.2344 | train_rmse 7.5654 | lr 0.000500
2025-02-11 12:26:22 - INFO - [Validate] Epoch 00130 | valid_rmse 4.7012 | valid_pr 0.9857 | valid_criterion 4.9560 | score 0.5044
2025-02-11 12:26:22 - INFO - No improvement for 5 epochs
2025-02-11 12:26:23 - INFO - [Train] Epoch 00131 | train_loss 13.9972 | train_rmse 6.7012 | lr 0.000500
2025-02-11 12:26:23 - INFO - [Validate] Epoch 00131 | valid_rmse 4.6514 | valid_pr 0.9684 | valid_criterion 8.5228 | score 0.1477
2025-02-11 12:26:23 - INFO - No improvement for 6 epochs
2025-02-11 12:26:25 - INFO - [Train] Epoch 00132 | train_loss 22.3190 | train_rmse 7.8163 | lr 0.000500
2025-02-11 12:26:25 - INFO - [Validate] Epoch 00132 | valid_rmse 3.2557 | valid_pr 0.9887 | valid_criterion 2.2766 | score 0.7723
2025-02-11 12:26:25 - INFO - No improvement for 7 epochs
2025-02-11 12:26:26 - INFO - [Train] Epoch 00133 | train_loss 13.3996 | train_rmse 6.4671 | lr 0.000500
2025-02-11 12:26:26 - INFO - [Validate] Epoch 00133 | valid_rmse 4.1824 | valid_pr 0.9936 | valid_criterion 5.3416 | score 0.4658
2025-02-11 12:26:26 - INFO - No improvement for 8 epochs
2025-02-11 12:26:27 - INFO - [Train] Epoch 00134 | train_loss 12.5509 | train_rmse 6.3527 | lr 0.000500
2025-02-11 12:26:27 - INFO - [Validate] Epoch 00134 | valid_rmse 3.5303 | valid_pr 0.9930 | valid_criterion 5.0789 | score 0.4921
2025-02-11 12:26:27 - INFO - No improvement for 9 epochs
2025-02-11 12:26:29 - INFO - [Train] Epoch 00135 | train_loss 14.4199 | train_rmse 6.5669 | lr 0.000500
2025-02-11 12:26:29 - INFO - [Validate] Epoch 00135 | valid_rmse 3.6744 | valid_pr 0.9883 | valid_criterion 4.9072 | score 0.5093
2025-02-11 12:26:29 - INFO - No improvement for 10 epochs
2025-02-11 12:26:30 - INFO - [Train] Epoch 00136 | train_loss 19.6045 | train_rmse 8.2631 | lr 0.000500
2025-02-11 12:26:30 - INFO - [Validate] Epoch 00136 | valid_rmse 6.2630 | valid_pr 0.9501 | valid_criterion 8.9535 | score 0.1047
2025-02-11 12:26:30 - INFO - No improvement for 11 epochs
2025-02-11 12:26:32 - INFO - [Train] Epoch 00137 | train_loss 14.2725 | train_rmse 7.2331 | lr 0.000500
2025-02-11 12:26:32 - INFO - [Validate] Epoch 00137 | valid_rmse 3.6981 | valid_pr 0.9818 | valid_criterion 6.5027 | score 0.3497
2025-02-11 12:26:32 - INFO - No improvement for 12 epochs
2025-02-11 12:26:33 - INFO - [Train] Epoch 00138 | train_loss 16.5460 | train_rmse 7.5928 | lr 0.000500
2025-02-11 12:26:33 - INFO - [Validate] Epoch 00138 | valid_rmse 3.8195 | valid_pr 0.9891 | valid_criterion 5.6664 | score 0.4334
2025-02-11 12:26:33 - INFO - No improvement for 13 epochs
2025-02-11 12:26:35 - INFO - [Train] Epoch 00139 | train_loss 12.3181 | train_rmse 6.6210 | lr 0.000500
2025-02-11 12:26:35 - INFO - [Validate] Epoch 00139 | valid_rmse 4.1452 | valid_pr 0.9877 | valid_criterion 3.6502 | score 0.6350
2025-02-11 12:26:35 - INFO - No improvement for 14 epochs
2025-02-11 12:26:36 - INFO - [Train] Epoch 00140 | train_loss 15.0753 | train_rmse 7.1954 | lr 0.000500
2025-02-11 12:26:36 - INFO - [Validate] Epoch 00140 | valid_rmse 2.9782 | valid_pr 0.9935 | valid_criterion 3.5122 | score 0.6488
2025-02-11 12:26:36 - INFO - No improvement for 15 epochs
2025-02-11 12:26:37 - INFO - [Train] Epoch 00141 | train_loss 17.8610 | train_rmse 6.5988 | lr 0.000500
2025-02-11 12:26:37 - INFO - [Validate] Epoch 00141 | valid_rmse 6.5930 | valid_pr 0.9841 | valid_criterion 10.7225 | score -0.0723
2025-02-11 12:26:37 - INFO - No improvement for 16 epochs
2025-02-11 12:26:39 - INFO - [Train] Epoch 00142 | train_loss 16.5935 | train_rmse 7.8045 | lr 0.000500
2025-02-11 12:26:39 - INFO - [Validate] Epoch 00142 | valid_rmse 3.6948 | valid_pr 0.9858 | valid_criterion 3.7190 | score 0.6281
2025-02-11 12:26:39 - INFO - No improvement for 17 epochs
2025-02-11 12:26:40 - INFO - [Train] Epoch 00143 | train_loss 14.7194 | train_rmse 5.7993 | lr 0.000500
2025-02-11 12:26:40 - INFO - [Validate] Epoch 00143 | valid_rmse 4.8216 | valid_pr 0.9900 | valid_criterion 5.4183 | score 0.4582
2025-02-11 12:26:40 - INFO - No improvement for 18 epochs
2025-02-11 12:26:42 - INFO - [Train] Epoch 00144 | train_loss 13.9062 | train_rmse 5.6033 | lr 0.000500
2025-02-11 12:26:42 - INFO - [Validate] Epoch 00144 | valid_rmse 7.2413 | valid_pr 0.9877 | valid_criterion 7.1216 | score 0.2878
2025-02-11 12:26:42 - INFO - No improvement for 19 epochs
2025-02-11 12:26:43 - INFO - [Train] Epoch 00145 | train_loss 14.6996 | train_rmse 6.8345 | lr 0.000500
2025-02-11 12:26:43 - INFO - [Validate] Epoch 00145 | valid_rmse 3.8107 | valid_pr 0.9886 | valid_criterion 6.7447 | score 0.3255
2025-02-11 12:26:43 - INFO - No improvement for 20 epochs
2025-02-11 12:26:45 - INFO - [Train] Epoch 00146 | train_loss 19.9644 | train_rmse 6.7762 | lr 0.000500
2025-02-11 12:26:45 - INFO - [Validate] Epoch 00146 | valid_rmse 4.1778 | valid_pr 0.9815 | valid_criterion 8.3107 | score 0.1689
2025-02-11 12:26:45 - INFO - No improvement for 21 epochs
2025-02-11 12:26:46 - INFO - [Train] Epoch 00147 | train_loss 10.9160 | train_rmse 6.2018 | lr 0.000500
2025-02-11 12:26:46 - INFO - [Validate] Epoch 00147 | valid_rmse 4.4074 | valid_pr 0.9828 | valid_criterion 6.5558 | score 0.3444
2025-02-11 12:26:46 - INFO - No improvement for 22 epochs
2025-02-11 12:26:47 - INFO - [Train] Epoch 00148 | train_loss 17.7274 | train_rmse 6.6970 | lr 0.000100
2025-02-11 12:26:47 - INFO - [Validate] Epoch 00148 | valid_rmse 5.6860 | valid_pr 0.9790 | valid_criterion 3.8386 | score 0.6161
2025-02-11 12:26:47 - INFO - No improvement for 23 epochs
2025-02-11 12:26:49 - INFO - [Train] Epoch 00149 | train_loss 13.3326 | train_rmse 7.2812 | lr 0.000100
2025-02-11 12:26:49 - INFO - [Validate] Epoch 00149 | valid_rmse 4.0696 | valid_pr 0.9888 | valid_criterion 5.9016 | score 0.4098
2025-02-11 12:26:49 - INFO - No improvement for 24 epochs
2025-02-11 12:26:50 - INFO - [Train] Epoch 00150 | train_loss 13.9636 | train_rmse 6.3903 | lr 0.000100
2025-02-11 12:26:50 - INFO - [Validate] Epoch 00150 | valid_rmse 4.2782 | valid_pr 0.9954 | valid_criterion 6.7289 | score 0.3271
2025-02-11 12:26:50 - INFO - No improvement for 25 epochs
2025-02-11 12:26:52 - INFO - [Train] Epoch 00151 | train_loss 13.8761 | train_rmse 6.5444 | lr 0.000100
2025-02-11 12:26:52 - INFO - [Validate] Epoch 00151 | valid_rmse 3.7991 | valid_pr 0.9963 | valid_criterion 6.0950 | score 0.3905
2025-02-11 12:26:52 - INFO - No improvement for 26 epochs
2025-02-11 12:26:53 - INFO - [Train] Epoch 00152 | train_loss 9.7900 | train_rmse 6.0866 | lr 0.000100
2025-02-11 12:26:53 - INFO - [Validate] Epoch 00152 | valid_rmse 3.5630 | valid_pr 0.9946 | valid_criterion 5.6852 | score 0.4315
2025-02-11 12:26:53 - INFO - No improvement for 27 epochs
2025-02-11 12:26:55 - INFO - [Train] Epoch 00153 | train_loss 17.7303 | train_rmse 7.3742 | lr 0.000100
2025-02-11 12:26:55 - INFO - [Validate] Epoch 00153 | valid_rmse 4.7069 | valid_pr 0.9916 | valid_criterion 5.5402 | score 0.4460
2025-02-11 12:26:55 - INFO - No improvement for 28 epochs
2025-02-11 12:26:56 - INFO - [Train] Epoch 00154 | train_loss 10.2996 | train_rmse 6.0381 | lr 0.000100
2025-02-11 12:26:56 - INFO - [Validate] Epoch 00154 | valid_rmse 3.7869 | valid_pr 0.9959 | valid_criterion 5.8391 | score 0.4161
2025-02-11 12:26:56 - INFO - No improvement for 29 epochs
2025-02-11 12:26:58 - INFO - [Train] Epoch 00155 | train_loss 12.8932 | train_rmse 6.3784 | lr 0.000100
2025-02-11 12:26:58 - INFO - [Validate] Epoch 00155 | valid_rmse 4.3640 | valid_pr 0.9892 | valid_criterion 5.2387 | score 0.4761
2025-02-11 12:26:58 - INFO - No improvement for 30 epochs
2025-02-11 12:26:59 - INFO - [Train] Epoch 00156 | train_loss 10.6641 | train_rmse 6.4898 | lr 0.000100
2025-02-11 12:26:59 - INFO - [Validate] Epoch 00156 | valid_rmse 4.8832 | valid_pr 0.9949 | valid_criterion 7.0785 | score 0.2922
2025-02-11 12:26:59 - INFO - No improvement for 31 epochs
2025-02-11 12:27:01 - INFO - [Train] Epoch 00157 | train_loss 17.0877 | train_rmse 7.9190 | lr 0.000100
2025-02-11 12:27:01 - INFO - [Validate] Epoch 00157 | valid_rmse 3.8681 | valid_pr 0.9923 | valid_criterion 6.1266 | score 0.3873
2025-02-11 12:27:01 - INFO - No improvement for 32 epochs
2025-02-11 12:27:03 - INFO - [Train] Epoch 00158 | train_loss 13.9850 | train_rmse 7.1048 | lr 0.000100
2025-02-11 12:27:03 - INFO - [Validate] Epoch 00158 | valid_rmse 3.6774 | valid_pr 0.9933 | valid_criterion 4.8992 | score 0.5101
2025-02-11 12:27:03 - INFO - No improvement for 33 epochs
2025-02-11 12:27:04 - INFO - [Train] Epoch 00159 | train_loss 18.5995 | train_rmse 8.4373 | lr 0.000100
2025-02-11 12:27:04 - INFO - [Validate] Epoch 00159 | valid_rmse 4.1199 | valid_pr 0.9889 | valid_criterion 4.8296 | score 0.5170
2025-02-11 12:27:04 - INFO - No improvement for 34 epochs
2025-02-11 12:27:06 - INFO - [Train] Epoch 00160 | train_loss 13.4244 | train_rmse 8.6796 | lr 0.000100
2025-02-11 12:27:06 - INFO - [Validate] Epoch 00160 | valid_rmse 4.2649 | valid_pr 0.9941 | valid_criterion 6.8191 | score 0.3181
2025-02-11 12:27:06 - INFO - No improvement for 35 epochs
2025-02-11 12:27:07 - INFO - [Train] Epoch 00161 | train_loss 12.3202 | train_rmse 6.7805 | lr 0.000100
2025-02-11 12:27:07 - INFO - [Validate] Epoch 00161 | valid_rmse 4.4004 | valid_pr 0.9931 | valid_criterion 5.6619 | score 0.4338
2025-02-11 12:27:07 - INFO - No improvement for 36 epochs
2025-02-11 12:27:09 - INFO - [Train] Epoch 00162 | train_loss 9.8399 | train_rmse 6.6381 | lr 0.000100
2025-02-11 12:27:09 - INFO - [Validate] Epoch 00162 | valid_rmse 5.3948 | valid_pr 0.9908 | valid_criterion 7.1829 | score 0.2817
2025-02-11 12:27:09 - INFO - No improvement for 37 epochs
2025-02-11 12:27:10 - INFO - [Train] Epoch 00163 | train_loss 15.8999 | train_rmse 8.7548 | lr 0.000100
2025-02-11 12:27:10 - INFO - [Validate] Epoch 00163 | valid_rmse 5.0102 | valid_pr 0.9963 | valid_criterion 7.7228 | score 0.2277
2025-02-11 12:27:10 - INFO - No improvement for 38 epochs
2025-02-11 12:27:12 - INFO - [Train] Epoch 00164 | train_loss 16.1291 | train_rmse 7.8386 | lr 0.000100
2025-02-11 12:27:12 - INFO - [Validate] Epoch 00164 | valid_rmse 5.6371 | valid_pr 0.9903 | valid_criterion 8.7519 | score 0.1248
2025-02-11 12:27:12 - INFO - No improvement for 39 epochs
2025-02-11 12:27:13 - INFO - [Train] Epoch 00165 | train_loss 14.1785 | train_rmse 6.9585 | lr 0.000100
2025-02-11 12:27:13 - INFO - [Validate] Epoch 00165 | valid_rmse 4.3004 | valid_pr 0.9889 | valid_criterion 7.5672 | score 0.2433
2025-02-11 12:27:13 - INFO - No improvement for 40 epochs
2025-02-11 12:27:15 - INFO - [Train] Epoch 00166 | train_loss 11.5374 | train_rmse 6.1376 | lr 0.000100
2025-02-11 12:27:15 - INFO - [Validate] Epoch 00166 | valid_rmse 5.1081 | valid_pr 0.9924 | valid_criterion 7.5476 | score 0.2452
2025-02-11 12:27:15 - INFO - No improvement for 41 epochs
2025-02-11 12:27:16 - INFO - [Train] Epoch 00167 | train_loss 13.1339 | train_rmse 7.4055 | lr 0.000100
2025-02-11 12:27:16 - INFO - [Validate] Epoch 00167 | valid_rmse 5.3127 | valid_pr 0.9956 | valid_criterion 7.6458 | score 0.2354
2025-02-11 12:27:16 - INFO - No improvement for 42 epochs
2025-02-11 12:27:18 - INFO - [Train] Epoch 00168 | train_loss 9.3222 | train_rmse 6.1309 | lr 0.000100
2025-02-11 12:27:18 - INFO - [Validate] Epoch 00168 | valid_rmse 4.4911 | valid_pr 0.9915 | valid_criterion 6.8352 | score 0.3165
2025-02-11 12:27:18 - INFO - No improvement for 43 epochs
2025-02-11 12:27:19 - INFO - [Train] Epoch 00169 | train_loss 8.4911 | train_rmse 6.0853 | lr 0.000020
2025-02-11 12:27:19 - INFO - [Validate] Epoch 00169 | valid_rmse 4.4851 | valid_pr 0.9961 | valid_criterion 6.2530 | score 0.3747
2025-02-11 12:27:19 - INFO - No improvement for 44 epochs
2025-02-11 12:27:21 - INFO - [Train] Epoch 00170 | train_loss 11.8630 | train_rmse 6.8103 | lr 0.000020
2025-02-11 12:27:21 - INFO - [Validate] Epoch 00170 | valid_rmse 3.9982 | valid_pr 0.9920 | valid_criterion 5.0712 | score 0.4929
2025-02-11 12:27:21 - INFO - No improvement for 45 epochs
2025-02-11 12:27:22 - INFO - [Train] Epoch 00171 | train_loss 11.6362 | train_rmse 7.1366 | lr 0.000020
2025-02-11 12:27:22 - INFO - [Validate] Epoch 00171 | valid_rmse 3.2051 | valid_pr 0.9926 | valid_criterion 4.3309 | score 0.5669
2025-02-11 12:27:22 - INFO - No improvement for 46 epochs
2025-02-11 12:27:24 - INFO - [Train] Epoch 00172 | train_loss 17.6404 | train_rmse 9.3639 | lr 0.000020
2025-02-11 12:27:24 - INFO - [Validate] Epoch 00172 | valid_rmse 4.0140 | valid_pr 0.9928 | valid_criterion 3.5602 | score 0.6440
2025-02-11 12:27:24 - INFO - No improvement for 47 epochs
2025-02-11 12:27:25 - INFO - [Train] Epoch 00173 | train_loss 13.8259 | train_rmse 7.0473 | lr 0.000020
2025-02-11 12:27:25 - INFO - [Validate] Epoch 00173 | valid_rmse 2.9169 | valid_pr 0.9939 | valid_criterion 3.1238 | score 0.6876
2025-02-11 12:27:25 - INFO - No improvement for 48 epochs
2025-02-11 12:27:27 - INFO - [Train] Epoch 00174 | train_loss 13.5821 | train_rmse 8.0331 | lr 0.000020
2025-02-11 12:27:27 - INFO - [Validate] Epoch 00174 | valid_rmse 3.3091 | valid_pr 0.9902 | valid_criterion 4.0556 | score 0.5944
2025-02-11 12:27:27 - INFO - No improvement for 49 epochs
2025-02-11 12:27:28 - INFO - [Train] Epoch 00175 | train_loss 13.1101 | train_rmse 7.2087 | lr 0.000020
2025-02-11 12:27:28 - INFO - [Validate] Epoch 00175 | valid_rmse 2.3532 | valid_pr 0.9934 | valid_criterion 4.5269 | score 0.5473
2025-02-11 12:27:28 - INFO - No improvement for 50 epochs
2025-02-11 12:27:29 - INFO - [Train] Epoch 00176 | train_loss 15.0415 | train_rmse 7.0271 | lr 0.000020
2025-02-11 12:27:29 - INFO - [Validate] Epoch 00176 | valid_rmse 3.3016 | valid_pr 0.9964 | valid_criterion 5.0146 | score 0.4985
2025-02-11 12:27:29 - INFO - No improvement for 51 epochs
2025-02-11 12:27:31 - INFO - [Train] Epoch 00177 | train_loss 18.4110 | train_rmse 8.5893 | lr 0.000020
2025-02-11 12:27:31 - INFO - [Validate] Epoch 00177 | valid_rmse 3.8441 | valid_pr 0.9942 | valid_criterion 6.1345 | score 0.3866
2025-02-11 12:27:31 - INFO - No improvement for 52 epochs
2025-02-11 12:27:32 - INFO - [Train] Epoch 00178 | train_loss 10.5372 | train_rmse 7.1518 | lr 0.000020
2025-02-11 12:27:32 - INFO - [Validate] Epoch 00178 | valid_rmse 3.6532 | valid_pr 0.9938 | valid_criterion 5.4650 | score 0.4535
2025-02-11 12:27:32 - INFO - No improvement for 53 epochs
2025-02-11 12:27:34 - INFO - [Train] Epoch 00179 | train_loss 14.3050 | train_rmse 6.7941 | lr 0.000020
2025-02-11 12:27:34 - INFO - [Validate] Epoch 00179 | valid_rmse 4.0325 | valid_pr 0.9947 | valid_criterion 6.8159 | score 0.3184
2025-02-11 12:27:34 - INFO - No improvement for 54 epochs
2025-02-11 12:27:35 - INFO - [Train] Epoch 00180 | train_loss 12.8834 | train_rmse 8.8985 | lr 0.000020
2025-02-11 12:27:35 - INFO - [Validate] Epoch 00180 | valid_rmse 5.4786 | valid_pr 0.9911 | valid_criterion 8.0047 | score 0.1995
2025-02-11 12:27:35 - INFO - No improvement for 55 epochs
2025-02-11 12:27:37 - INFO - [Train] Epoch 00181 | train_loss 13.8261 | train_rmse 7.3896 | lr 0.000020
2025-02-11 12:27:37 - INFO - [Validate] Epoch 00181 | valid_rmse 3.4510 | valid_pr 0.9947 | valid_criterion 5.3322 | score 0.4668
2025-02-11 12:27:37 - INFO - No improvement for 56 epochs
2025-02-11 12:27:38 - INFO - [Train] Epoch 00182 | train_loss 9.4768 | train_rmse 6.2151 | lr 0.000020
2025-02-11 12:27:38 - INFO - [Validate] Epoch 00182 | valid_rmse 5.4970 | valid_pr 0.9883 | valid_criterion 8.3397 | score 0.1660
2025-02-11 12:27:38 - INFO - No improvement for 57 epochs
2025-02-11 12:27:39 - INFO - [Train] Epoch 00183 | train_loss 9.0129 | train_rmse 7.2461 | lr 0.000020
2025-02-11 12:27:39 - INFO - [Validate] Epoch 00183 | valid_rmse 4.1021 | valid_pr 0.9943 | valid_criterion 6.5589 | score 0.3441
2025-02-11 12:27:39 - INFO - No improvement for 58 epochs
2025-02-11 12:27:41 - INFO - [Train] Epoch 00184 | train_loss 12.6252 | train_rmse 7.0406 | lr 0.000020
2025-02-11 12:27:41 - INFO - [Validate] Epoch 00184 | valid_rmse 3.7295 | valid_pr 0.9936 | valid_criterion 6.4404 | score 0.3560
2025-02-11 12:27:41 - INFO - No improvement for 59 epochs
2025-02-11 12:27:42 - INFO - [Train] Epoch 00185 | train_loss 27.1139 | train_rmse 8.7235 | lr 0.000020
2025-02-11 12:27:42 - INFO - [Validate] Epoch 00185 | valid_rmse 3.9280 | valid_pr 0.9921 | valid_criterion 6.2545 | score 0.3746
2025-02-11 12:27:42 - INFO - No improvement for 60 epochs
2025-02-11 12:27:44 - INFO - [Train] Epoch 00186 | train_loss 10.6647 | train_rmse 7.0529 | lr 0.000020
2025-02-11 12:27:44 - INFO - [Validate] Epoch 00186 | valid_rmse 3.1656 | valid_pr 0.9913 | valid_criterion 4.6447 | score 0.5355
2025-02-11 12:27:44 - INFO - No improvement for 61 epochs
2025-02-11 12:27:45 - INFO - [Train] Epoch 00187 | train_loss 13.3672 | train_rmse 8.3756 | lr 0.000020
2025-02-11 12:27:45 - INFO - [Validate] Epoch 00187 | valid_rmse 2.4569 | valid_pr 0.9948 | valid_criterion 3.5868 | score 0.6413
2025-02-11 12:27:45 - INFO - No improvement for 62 epochs
2025-02-11 12:27:46 - INFO - [Train] Epoch 00188 | train_loss 12.0359 | train_rmse 7.1256 | lr 0.000020
2025-02-11 12:27:46 - INFO - [Validate] Epoch 00188 | valid_rmse 5.7424 | valid_pr 0.9926 | valid_criterion 8.2217 | score 0.1778
2025-02-11 12:27:46 - INFO - No improvement for 63 epochs
2025-02-11 12:27:48 - INFO - [Train] Epoch 00189 | train_loss 11.2557 | train_rmse 6.3387 | lr 0.000020
2025-02-11 12:27:48 - INFO - [Validate] Epoch 00189 | valid_rmse 5.2714 | valid_pr 0.9889 | valid_criterion 7.2733 | score 0.2727
2025-02-11 12:27:48 - INFO - No improvement for 64 epochs
2025-02-11 12:27:49 - INFO - [Train] Epoch 00190 | train_loss 14.8847 | train_rmse 7.6823 | lr 0.000020
2025-02-11 12:27:49 - INFO - [Validate] Epoch 00190 | valid_rmse 3.8466 | valid_pr 0.9920 | valid_criterion 5.8764 | score 0.4124
2025-02-11 12:27:49 - INFO - No improvement for 65 epochs
2025-02-11 12:27:51 - INFO - [Train] Epoch 00191 | train_loss 13.0681 | train_rmse 7.2931 | lr 0.000020
2025-02-11 12:27:51 - INFO - [Validate] Epoch 00191 | valid_rmse 3.4700 | valid_pr 0.9930 | valid_criterion 6.5583 | score 0.3442
2025-02-11 12:27:51 - INFO - No improvement for 66 epochs
2025-02-11 12:27:52 - INFO - [Train] Epoch 00192 | train_loss 13.6177 | train_rmse 6.3911 | lr 0.000020
2025-02-11 12:27:52 - INFO - [Validate] Epoch 00192 | valid_rmse 2.7014 | valid_pr 0.9918 | valid_criterion 4.2548 | score 0.5745
2025-02-11 12:27:52 - INFO - No improvement for 67 epochs
2025-02-11 12:27:54 - INFO - [Train] Epoch 00193 | train_loss 10.3099 | train_rmse 7.5945 | lr 0.000020
2025-02-11 12:27:54 - INFO - [Validate] Epoch 00193 | valid_rmse 2.9133 | valid_pr 0.9939 | valid_criterion 3.5500 | score 0.6450
2025-02-11 12:27:54 - INFO - No improvement for 68 epochs
2025-02-11 12:27:55 - INFO - [Train] Epoch 00194 | train_loss 18.4635 | train_rmse 7.3326 | lr 0.000020
2025-02-11 12:27:55 - INFO - [Validate] Epoch 00194 | valid_rmse 4.3760 | valid_pr 0.9924 | valid_criterion 6.7042 | score 0.3296
2025-02-11 12:27:55 - INFO - No improvement for 69 epochs
2025-02-11 12:27:56 - INFO - [Train] Epoch 00195 | train_loss 9.9567 | train_rmse 6.2445 | lr 0.000020
2025-02-11 12:27:56 - INFO - [Validate] Epoch 00195 | valid_rmse 4.4367 | valid_pr 0.9953 | valid_criterion 6.8714 | score 0.3129
2025-02-11 12:27:56 - INFO - No improvement for 70 epochs
2025-02-11 12:27:58 - INFO - [Train] Epoch 00196 | train_loss 16.4575 | train_rmse 7.2820 | lr 0.000004
2025-02-11 12:27:58 - INFO - [Validate] Epoch 00196 | valid_rmse 3.6885 | valid_pr 0.9925 | valid_criterion 4.8464 | score 0.5154
2025-02-11 12:27:58 - INFO - No improvement for 71 epochs
2025-02-11 12:27:59 - INFO - [Train] Epoch 00197 | train_loss 14.1192 | train_rmse 8.5708 | lr 0.000004
2025-02-11 12:27:59 - INFO - [Validate] Epoch 00197 | valid_rmse 3.5336 | valid_pr 0.9890 | valid_criterion 5.0892 | score 0.4911
2025-02-11 12:27:59 - INFO - No improvement for 72 epochs
2025-02-11 12:28:01 - INFO - [Train] Epoch 00198 | train_loss 11.5528 | train_rmse 8.5485 | lr 0.000004
2025-02-11 12:28:01 - INFO - [Validate] Epoch 00198 | valid_rmse 4.0270 | valid_pr 0.9922 | valid_criterion 5.9919 | score 0.4008
2025-02-11 12:28:01 - INFO - No improvement for 73 epochs
2025-02-11 12:28:02 - INFO - [Train] Epoch 00199 | train_loss 11.2904 | train_rmse 7.6860 | lr 0.000004
2025-02-11 12:28:02 - INFO - [Validate] Epoch 00199 | valid_rmse 3.6299 | valid_pr 0.9922 | valid_criterion 5.5756 | score 0.4424
2025-02-11 12:28:02 - INFO - No improvement for 74 epochs
2025-02-11 12:28:04 - INFO - [Train] Epoch 00200 | train_loss 14.5249 | train_rmse 6.8762 | lr 0.000004
2025-02-11 12:28:04 - INFO - [Validate] Epoch 00200 | valid_rmse 3.4382 | valid_pr 0.9920 | valid_criterion 4.7425 | score 0.5258
2025-02-11 12:28:04 - INFO - No improvement for 75 epochs
2025-02-11 12:28:05 - INFO - [Train] Epoch 00201 | train_loss 12.6283 | train_rmse 8.5979 | lr 0.000004
2025-02-11 12:28:05 - INFO - [Validate] Epoch 00201 | valid_rmse 4.7761 | valid_pr 0.9873 | valid_criterion 7.3890 | score 0.2611
2025-02-11 12:28:05 - INFO - No improvement for 76 epochs
2025-02-11 12:28:07 - INFO - [Train] Epoch 00202 | train_loss 10.3965 | train_rmse 8.0108 | lr 0.000004
2025-02-11 12:28:07 - INFO - [Validate] Epoch 00202 | valid_rmse 4.2519 | valid_pr 0.9956 | valid_criterion 6.8070 | score 0.3193
2025-02-11 12:28:07 - INFO - No improvement for 77 epochs
2025-02-11 12:28:08 - INFO - [Train] Epoch 00203 | train_loss 12.6154 | train_rmse 7.3323 | lr 0.000004
2025-02-11 12:28:08 - INFO - [Validate] Epoch 00203 | valid_rmse 4.1125 | valid_pr 0.9920 | valid_criterion 6.7977 | score 0.3202
2025-02-11 12:28:08 - INFO - No improvement for 78 epochs
2025-02-11 12:28:10 - INFO - [Train] Epoch 00204 | train_loss 13.7028 | train_rmse 7.3515 | lr 0.000004
2025-02-11 12:28:10 - INFO - [Validate] Epoch 00204 | valid_rmse 5.1255 | valid_pr 0.9948 | valid_criterion 8.3746 | score 0.1625
2025-02-11 12:28:10 - INFO - No improvement for 79 epochs
2025-02-11 12:28:11 - INFO - [Train] Epoch 00205 | train_loss 11.6243 | train_rmse 7.7465 | lr 0.000004
2025-02-11 12:28:11 - INFO - [Validate] Epoch 00205 | valid_rmse 5.5018 | valid_pr 0.9920 | valid_criterion 8.8330 | score 0.1167
2025-02-11 12:28:11 - INFO - No improvement for 80 epochs
2025-02-11 12:28:13 - INFO - [Train] Epoch 00206 | train_loss 12.2449 | train_rmse 6.4010 | lr 0.000004
2025-02-11 12:28:13 - INFO - [Validate] Epoch 00206 | valid_rmse 4.8331 | valid_pr 0.9874 | valid_criterion 7.3553 | score 0.2645
2025-02-11 12:28:13 - INFO - No improvement for 81 epochs
2025-02-11 12:28:15 - INFO - [Train] Epoch 00207 | train_loss 10.8489 | train_rmse 6.9237 | lr 0.000004
2025-02-11 12:28:15 - INFO - [Validate] Epoch 00207 | valid_rmse 6.2921 | valid_pr 0.9898 | valid_criterion 9.0888 | score 0.0911
2025-02-11 12:28:15 - INFO - No improvement for 82 epochs
2025-02-11 12:28:16 - INFO - [Train] Epoch 00208 | train_loss 9.0712 | train_rmse 6.7297 | lr 0.000004
2025-02-11 12:28:16 - INFO - [Validate] Epoch 00208 | valid_rmse 4.7763 | valid_pr 0.9911 | valid_criterion 7.3672 | score 0.2633
2025-02-11 12:28:16 - INFO - No improvement for 83 epochs
2025-02-11 12:28:17 - INFO - [Train] Epoch 00209 | train_loss 10.4558 | train_rmse 7.0154 | lr 0.000004
2025-02-11 12:28:17 - INFO - [Validate] Epoch 00209 | valid_rmse 5.1056 | valid_pr 0.9901 | valid_criterion 7.9667 | score 0.2033
2025-02-11 12:28:17 - INFO - No improvement for 84 epochs
2025-02-11 12:28:19 - INFO - [Train] Epoch 00210 | train_loss 13.4244 | train_rmse 6.3489 | lr 0.000004
2025-02-11 12:28:19 - INFO - [Validate] Epoch 00210 | valid_rmse 4.7478 | valid_pr 0.9917 | valid_criterion 7.0404 | score 0.2960
2025-02-11 12:28:19 - INFO - No improvement for 85 epochs
2025-02-11 12:28:20 - INFO - [Train] Epoch 00211 | train_loss 14.5683 | train_rmse 7.7377 | lr 0.000004
2025-02-11 12:28:20 - INFO - [Validate] Epoch 00211 | valid_rmse 3.7851 | valid_pr 0.9946 | valid_criterion 4.6761 | score 0.5324
2025-02-11 12:28:20 - INFO - No improvement for 86 epochs
2025-02-11 12:28:22 - INFO - [Train] Epoch 00212 | train_loss 11.2603 | train_rmse 5.7679 | lr 0.000004
2025-02-11 12:28:22 - INFO - [Validate] Epoch 00212 | valid_rmse 2.9696 | valid_pr 0.9951 | valid_criterion 4.6619 | score 0.5338
2025-02-11 12:28:22 - INFO - No improvement for 87 epochs
2025-02-11 12:28:23 - INFO - [Train] Epoch 00213 | train_loss 12.2128 | train_rmse 6.2317 | lr 0.000004
2025-02-11 12:28:23 - INFO - [Validate] Epoch 00213 | valid_rmse 3.6139 | valid_pr 0.9943 | valid_criterion 5.7550 | score 0.4245
2025-02-11 12:28:23 - INFO - No improvement for 88 epochs
2025-02-11 12:28:25 - INFO - [Train] Epoch 00214 | train_loss 14.3275 | train_rmse 8.1877 | lr 0.000004
2025-02-11 12:28:25 - INFO - [Validate] Epoch 00214 | valid_rmse 3.9218 | valid_pr 0.9913 | valid_criterion 5.7157 | score 0.4284
2025-02-11 12:28:25 - INFO - No improvement for 89 epochs
2025-02-11 12:28:26 - INFO - [Train] Epoch 00215 | train_loss 12.0380 | train_rmse 6.2500 | lr 0.000004
2025-02-11 12:28:26 - INFO - [Validate] Epoch 00215 | valid_rmse 2.4623 | valid_pr 0.9942 | valid_criterion 3.8583 | score 0.6142
2025-02-11 12:28:26 - INFO - No improvement for 90 epochs
2025-02-11 12:28:28 - INFO - [Train] Epoch 00216 | train_loss 16.9068 | train_rmse 7.8529 | lr 0.000004
2025-02-11 12:28:28 - INFO - [Validate] Epoch 00216 | valid_rmse 4.1010 | valid_pr 0.9914 | valid_criterion 6.8368 | score 0.3163
2025-02-11 12:28:28 - INFO - No improvement for 91 epochs
2025-02-11 12:28:29 - INFO - [Train] Epoch 00217 | train_loss 17.9854 | train_rmse 8.6535 | lr 0.000001
2025-02-11 12:28:29 - INFO - [Validate] Epoch 00217 | valid_rmse 4.7053 | valid_pr 0.9938 | valid_criterion 7.9316 | score 0.2068
2025-02-11 12:28:29 - INFO - No improvement for 92 epochs
2025-02-11 12:28:30 - INFO - [Train] Epoch 00218 | train_loss 11.5258 | train_rmse 6.3471 | lr 0.000001
2025-02-11 12:28:30 - INFO - [Validate] Epoch 00218 | valid_rmse 3.4505 | valid_pr 0.9933 | valid_criterion 5.5487 | score 0.4451
2025-02-11 12:28:30 - INFO - No improvement for 93 epochs
2025-02-11 12:28:32 - INFO - [Train] Epoch 00219 | train_loss 9.9796 | train_rmse 8.0289 | lr 0.000001
2025-02-11 12:28:32 - INFO - [Validate] Epoch 00219 | valid_rmse 3.8545 | valid_pr 0.9916 | valid_criterion 6.2185 | score 0.3782
2025-02-11 12:28:32 - INFO - No improvement for 94 epochs
2025-02-11 12:28:33 - INFO - [Train] Epoch 00220 | train_loss 10.2564 | train_rmse 6.4705 | lr 0.000001
2025-02-11 12:28:33 - INFO - [Validate] Epoch 00220 | valid_rmse 3.4193 | valid_pr 0.9936 | valid_criterion 5.3514 | score 0.4649
2025-02-11 12:28:33 - INFO - No improvement for 95 epochs
2025-02-11 12:28:35 - INFO - [Train] Epoch 00221 | train_loss 10.8978 | train_rmse 5.5323 | lr 0.000001
2025-02-11 12:28:35 - INFO - [Validate] Epoch 00221 | valid_rmse 3.3181 | valid_pr 0.9936 | valid_criterion 5.2075 | score 0.4793
2025-02-11 12:28:35 - INFO - No improvement for 96 epochs
2025-02-11 12:28:36 - INFO - [Train] Epoch 00222 | train_loss 8.2514 | train_rmse 6.0637 | lr 0.000001
2025-02-11 12:28:36 - INFO - [Validate] Epoch 00222 | valid_rmse 3.3416 | valid_pr 0.9951 | valid_criterion 4.8088 | score 0.5191
2025-02-11 12:28:36 - INFO - No improvement for 97 epochs
2025-02-11 12:28:37 - INFO - [Train] Epoch 00223 | train_loss 11.2427 | train_rmse 8.7936 | lr 0.000001
2025-02-11 12:28:37 - INFO - [Validate] Epoch 00223 | valid_rmse 4.9254 | valid_pr 0.9922 | valid_criterion 7.6553 | score 0.2345
2025-02-11 12:28:37 - INFO - No improvement for 98 epochs
2025-02-11 12:28:39 - INFO - [Train] Epoch 00224 | train_loss 11.8882 | train_rmse 7.7097 | lr 0.000001
2025-02-11 12:28:39 - INFO - [Validate] Epoch 00224 | valid_rmse 3.1133 | valid_pr 0.9942 | valid_criterion 5.3218 | score 0.4678
2025-02-11 12:28:39 - INFO - No improvement for 99 epochs
2025-02-11 12:28:40 - INFO - [Train] Epoch 00225 | train_loss 10.9474 | train_rmse 8.0895 | lr 0.000001
2025-02-11 12:28:40 - INFO - [Validate] Epoch 00225 | valid_rmse 4.6017 | valid_pr 0.9950 | valid_criterion 6.3750 | score 0.3625
2025-02-11 12:28:40 - INFO - No improvement for 100 epochs
2025-02-11 12:28:40 - INFO - Early stopping triggered. No improvement for 100 epochs
2025-02-11 12:28:40 - INFO - Best model was saved at epoch 125
2025-02-11 12:28:40 - INFO - [Validate] Epoch 00225 | valid_rmse1 4.938776 | valid_pr1 0.992903 | valid_criterion 1.598633
