2025-01-08 10:56:03 - INFO - 01.train.py
2025-01-08 10:56:03 - INFO - train data: 5016
2025-01-08 10:56:03 - INFO - valid data: 1100
2025-01-08 10:56:03 - INFO - Total parameters: 1212803
2025-01-08 10:56:03 - INFO - Trainable parameters: 1212803
2025-01-08 10:56:15 - INFO - [Train] Epoch 00000 | train_loss 832.3514 | train_rmse 41.9884 | lr 0.000201
2025-01-08 10:56:15 - INFO - [Validate] Epoch 00000 | valid_rmse 42.3021 | valid_pr 0.0650 | valid_criterion 23.6463 | score -1.3646
2025-01-08 10:56:15 - INFO - [Validate] Best score achieved: -1.364628
2025-01-08 10:56:26 - INFO - [Train] Epoch 00001 | train_loss 784.3017 | train_rmse 41.2435 | lr 0.000401
2025-01-08 10:56:26 - INFO - [Validate] Epoch 00001 | valid_rmse 40.9859 | valid_pr 0.7275 | valid_criterion 29.8699 | score -1.9870
2025-01-08 10:56:26 - INFO - No improvement for 1 epochs
2025-01-08 10:56:37 - INFO - [Train] Epoch 00002 | train_loss 629.7184 | train_rmse 37.6056 | lr 0.000601
2025-01-08 10:56:37 - INFO - [Validate] Epoch 00002 | valid_rmse 49.6435 | valid_pr 0.7748 | valid_criterion 41.1069 | score -3.1107
2025-01-08 10:56:37 - INFO - No improvement for 2 epochs
2025-01-08 10:56:48 - INFO - [Train] Epoch 00003 | train_loss 426.4271 | train_rmse 31.4162 | lr 0.000801
2025-01-08 10:56:48 - INFO - [Validate] Epoch 00003 | valid_rmse 31.8729 | valid_pr 0.8004 | valid_criterion 30.3310 | score -2.0331
2025-01-08 10:56:48 - INFO - No improvement for 3 epochs
2025-01-08 10:56:59 - INFO - [Train] Epoch 00004 | train_loss 80.7877 | train_rmse 13.4587 | lr 0.001001
2025-01-08 10:56:59 - INFO - [Validate] Epoch 00004 | valid_rmse 10.4070 | valid_pr 0.8918 | valid_criterion 13.3594 | score -0.3359
2025-01-08 10:56:59 - INFO - [Validate] Best score achieved: -0.335945
2025-01-08 10:57:10 - INFO - [Train] Epoch 00005 | train_loss 33.3278 | train_rmse 8.1901 | lr 0.001201
2025-01-08 10:57:10 - INFO - [Validate] Epoch 00005 | valid_rmse 6.2445 | valid_pr 0.9515 | valid_criterion 8.9758 | score 0.1024
2025-01-08 10:57:10 - INFO - [Validate] Best score achieved: 0.102423
2025-01-08 10:57:22 - INFO - [Train] Epoch 00006 | train_loss 28.1323 | train_rmse 7.4300 | lr 0.001401
2025-01-08 10:57:22 - INFO - [Validate] Epoch 00006 | valid_rmse 7.9390 | valid_pr 0.9308 | valid_criterion 9.5707 | score 0.0429
2025-01-08 10:57:22 - INFO - No improvement for 1 epochs
2025-01-08 10:57:33 - INFO - [Train] Epoch 00007 | train_loss 29.3592 | train_rmse 7.6038 | lr 0.001601
2025-01-08 10:57:33 - INFO - [Validate] Epoch 00007 | valid_rmse 5.9488 | valid_pr 0.9550 | valid_criterion 8.2775 | score 0.1722
2025-01-08 10:57:33 - INFO - [Validate] Best score achieved: 0.172247
2025-01-08 10:57:45 - INFO - [Train] Epoch 00008 | train_loss 25.9740 | train_rmse 7.1369 | lr 0.001801
2025-01-08 10:57:45 - INFO - [Validate] Epoch 00008 | valid_rmse 6.9270 | valid_pr 0.9429 | valid_criterion 11.7464 | score -0.1746
2025-01-08 10:57:45 - INFO - No improvement for 1 epochs
2025-01-08 10:57:56 - INFO - [Train] Epoch 00009 | train_loss 24.1412 | train_rmse 6.7984 | lr 0.002001
2025-01-08 10:57:56 - INFO - [Validate] Epoch 00009 | valid_rmse 8.8048 | valid_pr 0.9312 | valid_criterion 14.7501 | score -0.4750
2025-01-08 10:57:56 - INFO - No improvement for 2 epochs
2025-01-08 10:58:07 - INFO - [Train] Epoch 00010 | train_loss 23.1427 | train_rmse 6.7033 | lr 0.002201
2025-01-08 10:58:07 - INFO - [Validate] Epoch 00010 | valid_rmse 7.2659 | valid_pr 0.9364 | valid_criterion 9.3682 | score 0.0632
2025-01-08 10:58:07 - INFO - No improvement for 3 epochs
2025-01-08 10:58:19 - INFO - [Train] Epoch 00011 | train_loss 20.9032 | train_rmse 6.3008 | lr 0.002401
2025-01-08 10:58:19 - INFO - [Validate] Epoch 00011 | valid_rmse 8.1583 | valid_pr 0.9496 | valid_criterion 11.9807 | score -0.1981
2025-01-08 10:58:19 - INFO - No improvement for 4 epochs
2025-01-08 10:58:30 - INFO - [Train] Epoch 00012 | train_loss 23.1854 | train_rmse 6.7194 | lr 0.002601
2025-01-08 10:58:30 - INFO - [Validate] Epoch 00012 | valid_rmse 5.3701 | valid_pr 0.9629 | valid_criterion 8.7795 | score 0.1221
2025-01-08 10:58:30 - INFO - No improvement for 5 epochs
2025-01-08 10:58:41 - INFO - [Train] Epoch 00013 | train_loss 19.6660 | train_rmse 6.1378 | lr 0.002801
2025-01-08 10:58:41 - INFO - [Validate] Epoch 00013 | valid_rmse 6.3680 | valid_pr 0.9618 | valid_criterion 8.0039 | score 0.1996
2025-01-08 10:58:41 - INFO - [Validate] Best score achieved: 0.199615
2025-01-08 10:58:53 - INFO - [Train] Epoch 00014 | train_loss 18.8324 | train_rmse 5.9653 | lr 0.003001
2025-01-08 10:58:53 - INFO - [Validate] Epoch 00014 | valid_rmse 5.9461 | valid_pr 0.9582 | valid_criterion 9.2238 | score 0.0776
2025-01-08 10:58:53 - INFO - No improvement for 1 epochs
2025-01-08 10:59:04 - INFO - [Train] Epoch 00015 | train_loss 21.2243 | train_rmse 6.3286 | lr 0.003201
2025-01-08 10:59:04 - INFO - [Validate] Epoch 00015 | valid_rmse 5.7134 | valid_pr 0.9616 | valid_criterion 8.1140 | score 0.1886
2025-01-08 10:59:04 - INFO - No improvement for 2 epochs
2025-01-08 10:59:15 - INFO - [Train] Epoch 00016 | train_loss 18.6727 | train_rmse 5.9236 | lr 0.003401
2025-01-08 10:59:15 - INFO - [Validate] Epoch 00016 | valid_rmse 6.2521 | valid_pr 0.9578 | valid_criterion 9.1243 | score 0.0876
2025-01-08 10:59:15 - INFO - No improvement for 3 epochs
2025-01-08 10:59:27 - INFO - [Train] Epoch 00017 | train_loss 19.1582 | train_rmse 6.0355 | lr 0.003601
2025-01-08 10:59:27 - INFO - [Validate] Epoch 00017 | valid_rmse 7.0095 | valid_pr 0.9499 | valid_criterion 12.4228 | score -0.2423
2025-01-08 10:59:27 - INFO - No improvement for 4 epochs
2025-01-08 10:59:38 - INFO - [Train] Epoch 00018 | train_loss 19.1541 | train_rmse 5.9204 | lr 0.003801
2025-01-08 10:59:38 - INFO - [Validate] Epoch 00018 | valid_rmse 5.7074 | valid_pr 0.9598 | valid_criterion 8.5149 | score 0.1485
2025-01-08 10:59:38 - INFO - No improvement for 5 epochs
2025-01-08 10:59:50 - INFO - [Train] Epoch 00019 | train_loss 18.0465 | train_rmse 5.7897 | lr 0.004001
2025-01-08 10:59:50 - INFO - [Validate] Epoch 00019 | valid_rmse 8.7849 | valid_pr 0.9483 | valid_criterion 10.4126 | score -0.0413
2025-01-08 10:59:50 - INFO - No improvement for 6 epochs
2025-01-08 11:00:01 - INFO - [Train] Epoch 00020 | train_loss 19.3311 | train_rmse 5.9789 | lr 0.004201
2025-01-08 11:00:01 - INFO - [Validate] Epoch 00020 | valid_rmse 5.7138 | valid_pr 0.9586 | valid_criterion 9.5320 | score 0.0468
2025-01-08 11:00:01 - INFO - No improvement for 7 epochs
2025-01-08 11:00:13 - INFO - [Train] Epoch 00021 | train_loss 18.2238 | train_rmse 5.8132 | lr 0.004401
2025-01-08 11:00:13 - INFO - [Validate] Epoch 00021 | valid_rmse 5.9192 | valid_pr 0.9584 | valid_criterion 8.6107 | score 0.1389
2025-01-08 11:00:13 - INFO - No improvement for 8 epochs
2025-01-08 11:00:24 - INFO - [Train] Epoch 00022 | train_loss 17.2726 | train_rmse 5.6154 | lr 0.004601
2025-01-08 11:00:24 - INFO - [Validate] Epoch 00022 | valid_rmse 8.6208 | valid_pr 0.9606 | valid_criterion 10.0769 | score -0.0077
2025-01-08 11:00:24 - INFO - No improvement for 9 epochs
2025-01-08 11:00:36 - INFO - [Train] Epoch 00023 | train_loss 17.7126 | train_rmse 5.7083 | lr 0.004801
2025-01-08 11:00:36 - INFO - [Validate] Epoch 00023 | valid_rmse 5.7255 | valid_pr 0.9569 | valid_criterion 9.7559 | score 0.0244
2025-01-08 11:00:36 - INFO - No improvement for 10 epochs
2025-01-08 11:00:48 - INFO - [Train] Epoch 00024 | train_loss 17.0932 | train_rmse 5.5866 | lr 0.005001
2025-01-08 11:00:48 - INFO - [Validate] Epoch 00024 | valid_rmse 5.7078 | valid_pr 0.9611 | valid_criterion 8.7798 | score 0.1220
2025-01-08 11:00:48 - INFO - No improvement for 11 epochs
2025-01-08 11:00:59 - INFO - [Train] Epoch 00025 | train_loss 17.5961 | train_rmse 5.6601 | lr 0.005200
2025-01-08 11:00:59 - INFO - [Validate] Epoch 00025 | valid_rmse 8.3864 | valid_pr 0.9516 | valid_criterion 9.9793 | score 0.0021
2025-01-08 11:00:59 - INFO - No improvement for 12 epochs
2025-01-08 11:01:11 - INFO - [Train] Epoch 00026 | train_loss 17.7376 | train_rmse 5.7042 | lr 0.005400
2025-01-08 11:01:11 - INFO - [Validate] Epoch 00026 | valid_rmse 5.8877 | valid_pr 0.9651 | valid_criterion 8.8136 | score 0.1186
2025-01-08 11:01:11 - INFO - No improvement for 13 epochs
2025-01-08 11:01:22 - INFO - [Train] Epoch 00027 | train_loss 16.9148 | train_rmse 5.5100 | lr 0.005600
2025-01-08 11:01:22 - INFO - [Validate] Epoch 00027 | valid_rmse 6.5252 | valid_pr 0.9593 | valid_criterion 7.5727 | score 0.2427
2025-01-08 11:01:22 - INFO - [Validate] Best score achieved: 0.242728
2025-01-08 11:01:34 - INFO - [Train] Epoch 00028 | train_loss 18.9656 | train_rmse 5.9168 | lr 0.005800
2025-01-08 11:01:34 - INFO - [Validate] Epoch 00028 | valid_rmse 6.7010 | valid_pr 0.9502 | valid_criterion 9.9992 | score 0.0001
2025-01-08 11:01:34 - INFO - No improvement for 1 epochs
2025-01-08 11:01:45 - INFO - [Train] Epoch 00029 | train_loss 18.7586 | train_rmse 5.8839 | lr 0.006000
2025-01-08 11:01:45 - INFO - [Validate] Epoch 00029 | valid_rmse 5.3801 | valid_pr 0.9630 | valid_criterion 8.4168 | score 0.1583
2025-01-08 11:01:45 - INFO - No improvement for 2 epochs
2025-01-08 11:01:56 - INFO - [Train] Epoch 00030 | train_loss 16.6284 | train_rmse 5.5240 | lr 0.006200
2025-01-08 11:01:56 - INFO - [Validate] Epoch 00030 | valid_rmse 7.2190 | valid_pr 0.9624 | valid_criterion 10.0717 | score -0.0072
2025-01-08 11:01:56 - INFO - No improvement for 3 epochs
2025-01-08 11:02:07 - INFO - [Train] Epoch 00031 | train_loss 17.3136 | train_rmse 5.6470 | lr 0.006400
2025-01-08 11:02:07 - INFO - [Validate] Epoch 00031 | valid_rmse 6.2466 | valid_pr 0.9561 | valid_criterion 10.2638 | score -0.0264
2025-01-08 11:02:07 - INFO - No improvement for 4 epochs
2025-01-08 11:02:19 - INFO - [Train] Epoch 00032 | train_loss 16.7742 | train_rmse 5.4236 | lr 0.006600
2025-01-08 11:02:19 - INFO - [Validate] Epoch 00032 | valid_rmse 5.7085 | valid_pr 0.9633 | valid_criterion 8.2514 | score 0.1749
2025-01-08 11:02:19 - INFO - No improvement for 5 epochs
2025-01-08 11:02:30 - INFO - [Train] Epoch 00033 | train_loss 17.7687 | train_rmse 5.6367 | lr 0.006800
2025-01-08 11:02:30 - INFO - [Validate] Epoch 00033 | valid_rmse 6.5877 | valid_pr 0.9556 | valid_criterion 8.5318 | score 0.1468
2025-01-08 11:02:30 - INFO - No improvement for 6 epochs
2025-01-08 11:02:41 - INFO - [Train] Epoch 00034 | train_loss 16.6592 | train_rmse 5.4094 | lr 0.007000
2025-01-08 11:02:41 - INFO - [Validate] Epoch 00034 | valid_rmse 6.5807 | valid_pr 0.9632 | valid_criterion 8.2767 | score 0.1723
2025-01-08 11:02:41 - INFO - No improvement for 7 epochs
2025-01-08 11:02:52 - INFO - [Train] Epoch 00035 | train_loss 16.7445 | train_rmse 5.4148 | lr 0.007200
2025-01-08 11:02:52 - INFO - [Validate] Epoch 00035 | valid_rmse 5.6022 | valid_pr 0.9664 | valid_criterion 8.3282 | score 0.1672
2025-01-08 11:02:52 - INFO - No improvement for 8 epochs
2025-01-08 11:03:04 - INFO - [Train] Epoch 00036 | train_loss 18.3214 | train_rmse 5.7217 | lr 0.007400
2025-01-08 11:03:04 - INFO - [Validate] Epoch 00036 | valid_rmse 5.9198 | valid_pr 0.9676 | valid_criterion 7.9790 | score 0.2021
2025-01-08 11:03:04 - INFO - No improvement for 9 epochs
2025-01-08 11:03:15 - INFO - [Train] Epoch 00037 | train_loss 16.9890 | train_rmse 5.4454 | lr 0.007600
2025-01-08 11:03:15 - INFO - [Validate] Epoch 00037 | valid_rmse 5.0934 | valid_pr 0.9676 | valid_criterion 8.0186 | score 0.1981
2025-01-08 11:03:15 - INFO - No improvement for 10 epochs
2025-01-08 11:03:27 - INFO - [Train] Epoch 00038 | train_loss 19.7403 | train_rmse 5.9228 | lr 0.007800
2025-01-08 11:03:27 - INFO - [Validate] Epoch 00038 | valid_rmse 6.6618 | valid_pr 0.9596 | valid_criterion 9.6363 | score 0.0364
2025-01-08 11:03:27 - INFO - No improvement for 11 epochs
2025-01-08 11:03:38 - INFO - [Train] Epoch 00039 | train_loss 17.1533 | train_rmse 5.4868 | lr 0.008000
2025-01-08 11:03:38 - INFO - [Validate] Epoch 00039 | valid_rmse 6.6487 | valid_pr 0.9444 | valid_criterion 10.8253 | score -0.0825
2025-01-08 11:03:38 - INFO - No improvement for 12 epochs
2025-01-08 11:03:50 - INFO - [Train] Epoch 00040 | train_loss 17.7412 | train_rmse 5.5568 | lr 0.008200
2025-01-08 11:03:50 - INFO - [Validate] Epoch 00040 | valid_rmse 5.7116 | valid_pr 0.9612 | valid_criterion 8.3266 | score 0.1673
2025-01-08 11:03:50 - INFO - No improvement for 13 epochs
2025-01-08 11:04:02 - INFO - [Train] Epoch 00041 | train_loss 17.8495 | train_rmse 5.5352 | lr 0.008400
2025-01-08 11:04:02 - INFO - [Validate] Epoch 00041 | valid_rmse 6.5442 | valid_pr 0.9647 | valid_criterion 8.4767 | score 0.1523
2025-01-08 11:04:02 - INFO - No improvement for 14 epochs
2025-01-08 11:04:13 - INFO - [Train] Epoch 00042 | train_loss 17.0069 | train_rmse 5.3971 | lr 0.008600
2025-01-08 11:04:13 - INFO - [Validate] Epoch 00042 | valid_rmse 5.9077 | valid_pr 0.9640 | valid_criterion 8.7325 | score 0.1268
2025-01-08 11:04:13 - INFO - No improvement for 15 epochs
2025-01-08 11:04:24 - INFO - [Train] Epoch 00043 | train_loss 17.9439 | train_rmse 5.5525 | lr 0.008800
2025-01-08 11:04:24 - INFO - [Validate] Epoch 00043 | valid_rmse 6.5163 | valid_pr 0.9607 | valid_criterion 8.6006 | score 0.1399
2025-01-08 11:04:24 - INFO - No improvement for 16 epochs
2025-01-08 11:04:35 - INFO - [Train] Epoch 00044 | train_loss 17.6463 | train_rmse 5.5116 | lr 0.009000
2025-01-08 11:04:35 - INFO - [Validate] Epoch 00044 | valid_rmse 6.4701 | valid_pr 0.9538 | valid_criterion 8.1175 | score 0.1882
2025-01-08 11:04:35 - INFO - No improvement for 17 epochs
2025-01-08 11:04:47 - INFO - [Train] Epoch 00045 | train_loss 18.9101 | train_rmse 5.7556 | lr 0.009200
2025-01-08 11:04:47 - INFO - [Validate] Epoch 00045 | valid_rmse 7.4747 | valid_pr 0.9592 | valid_criterion 11.3186 | score -0.1319
2025-01-08 11:04:47 - INFO - No improvement for 18 epochs
2025-01-08 11:04:58 - INFO - [Train] Epoch 00046 | train_loss 17.5375 | train_rmse 5.4950 | lr 0.009400
2025-01-08 11:04:58 - INFO - [Validate] Epoch 00046 | valid_rmse 5.4067 | valid_pr 0.9669 | valid_criterion 7.9938 | score 0.2006
2025-01-08 11:04:58 - INFO - No improvement for 19 epochs
2025-01-08 11:05:09 - INFO - [Train] Epoch 00047 | train_loss 17.9961 | train_rmse 5.5343 | lr 0.009600
2025-01-08 11:05:09 - INFO - [Validate] Epoch 00047 | valid_rmse 4.8519 | valid_pr 0.9693 | valid_criterion 8.0124 | score 0.1988
2025-01-08 11:05:09 - INFO - No improvement for 20 epochs
2025-01-08 11:05:21 - INFO - [Train] Epoch 00048 | train_loss 16.9587 | train_rmse 5.2571 | lr 0.009800
2025-01-08 11:05:21 - INFO - [Validate] Epoch 00048 | valid_rmse 5.9698 | valid_pr 0.9664 | valid_criterion 8.8078 | score 0.1192
2025-01-08 11:05:21 - INFO - No improvement for 21 epochs
2025-01-08 11:05:32 - INFO - [Train] Epoch 00049 | train_loss 20.3477 | train_rmse 5.9830 | lr 0.010000
2025-01-08 11:05:32 - INFO - [Validate] Epoch 00049 | valid_rmse 6.7443 | valid_pr 0.9414 | valid_criterion 9.2777 | score 0.0722
2025-01-08 11:05:32 - INFO - No improvement for 22 epochs
2025-01-08 11:05:44 - INFO - [Train] Epoch 00050 | train_loss 18.7292 | train_rmse 5.5963 | lr 0.010000
2025-01-08 11:05:44 - INFO - [Validate] Epoch 00050 | valid_rmse 5.9760 | valid_pr 0.9618 | valid_criterion 8.2753 | score 0.1725
2025-01-08 11:05:44 - INFO - No improvement for 23 epochs
2025-01-08 11:05:56 - INFO - [Train] Epoch 00051 | train_loss 18.9727 | train_rmse 5.7112 | lr 0.010000
2025-01-08 11:05:56 - INFO - [Validate] Epoch 00051 | valid_rmse 7.4055 | valid_pr 0.9653 | valid_criterion 8.4267 | score 0.1573
2025-01-08 11:05:56 - INFO - No improvement for 24 epochs
2025-01-08 11:06:07 - INFO - [Train] Epoch 00052 | train_loss 18.6917 | train_rmse 5.6332 | lr 0.010000
2025-01-08 11:06:07 - INFO - [Validate] Epoch 00052 | valid_rmse 6.0491 | valid_pr 0.9644 | valid_criterion 9.0061 | score 0.0994
2025-01-08 11:06:07 - INFO - No improvement for 25 epochs
2025-01-08 11:06:18 - INFO - [Train] Epoch 00053 | train_loss 17.4104 | train_rmse 5.3834 | lr 0.010000
2025-01-08 11:06:18 - INFO - [Validate] Epoch 00053 | valid_rmse 6.2978 | valid_pr 0.9488 | valid_criterion 10.5011 | score -0.0501
2025-01-08 11:06:18 - INFO - No improvement for 26 epochs
2025-01-08 11:06:29 - INFO - [Train] Epoch 00054 | train_loss 18.3868 | train_rmse 5.5002 | lr 0.010000
2025-01-08 11:06:29 - INFO - [Validate] Epoch 00054 | valid_rmse 6.3091 | valid_pr 0.9655 | valid_criterion 8.2215 | score 0.1779
2025-01-08 11:06:29 - INFO - No improvement for 27 epochs
2025-01-08 11:06:41 - INFO - [Train] Epoch 00055 | train_loss 17.7054 | train_rmse 5.3726 | lr 0.010000
2025-01-08 11:06:41 - INFO - [Validate] Epoch 00055 | valid_rmse 6.1427 | valid_pr 0.9651 | valid_criterion 9.7602 | score 0.0240
2025-01-08 11:06:41 - INFO - No improvement for 28 epochs
2025-01-08 11:06:52 - INFO - [Train] Epoch 00056 | train_loss 18.1046 | train_rmse 5.4451 | lr 0.010000
2025-01-08 11:06:52 - INFO - [Validate] Epoch 00056 | valid_rmse 5.0634 | valid_pr 0.9681 | valid_criterion 8.0111 | score 0.1989
2025-01-08 11:06:52 - INFO - No improvement for 29 epochs
2025-01-08 11:07:04 - INFO - [Train] Epoch 00057 | train_loss 17.4492 | train_rmse 5.3891 | lr 0.010000
2025-01-08 11:07:04 - INFO - [Validate] Epoch 00057 | valid_rmse 6.7897 | valid_pr 0.9669 | valid_criterion 9.3368 | score 0.0663
2025-01-08 11:07:04 - INFO - No improvement for 30 epochs
2025-01-08 11:07:15 - INFO - [Train] Epoch 00058 | train_loss 16.8995 | train_rmse 5.2207 | lr 0.010000
2025-01-08 11:07:15 - INFO - [Validate] Epoch 00058 | valid_rmse 6.1604 | valid_pr 0.9564 | valid_criterion 10.0899 | score -0.0090
2025-01-08 11:07:15 - INFO - No improvement for 31 epochs
2025-01-08 11:07:27 - INFO - [Train] Epoch 00059 | train_loss 19.1118 | train_rmse 5.6287 | lr 0.010000
2025-01-08 11:07:27 - INFO - [Validate] Epoch 00059 | valid_rmse 5.2391 | valid_pr 0.9652 | valid_criterion 8.0425 | score 0.1957
2025-01-08 11:07:27 - INFO - No improvement for 32 epochs
2025-01-08 11:07:38 - INFO - [Train] Epoch 00060 | train_loss 16.2238 | train_rmse 5.1058 | lr 0.010000
2025-01-08 11:07:38 - INFO - [Validate] Epoch 00060 | valid_rmse 5.2792 | valid_pr 0.9648 | valid_criterion 9.2511 | score 0.0749
2025-01-08 11:07:38 - INFO - No improvement for 33 epochs
2025-01-08 11:07:50 - INFO - [Train] Epoch 00061 | train_loss 17.0619 | train_rmse 5.3048 | lr 0.010000
2025-01-08 11:07:50 - INFO - [Validate] Epoch 00061 | valid_rmse 6.2840 | valid_pr 0.9609 | valid_criterion 9.0430 | score 0.0957
2025-01-08 11:07:50 - INFO - No improvement for 34 epochs
2025-01-08 11:08:01 - INFO - [Train] Epoch 00062 | train_loss 16.8391 | train_rmse 5.2368 | lr 0.010000
2025-01-08 11:08:01 - INFO - [Validate] Epoch 00062 | valid_rmse 5.5475 | valid_pr 0.9635 | valid_criterion 9.0079 | score 0.0992
2025-01-08 11:08:01 - INFO - No improvement for 35 epochs
2025-01-08 11:08:13 - INFO - [Train] Epoch 00063 | train_loss 15.4855 | train_rmse 4.9488 | lr 0.010000
2025-01-08 11:08:13 - INFO - [Validate] Epoch 00063 | valid_rmse 5.3556 | valid_pr 0.9683 | valid_criterion 8.9352 | score 0.1065
2025-01-08 11:08:13 - INFO - No improvement for 36 epochs
2025-01-08 11:08:24 - INFO - [Train] Epoch 00064 | train_loss 16.7650 | train_rmse 5.2729 | lr 0.010000
2025-01-08 11:08:24 - INFO - [Validate] Epoch 00064 | valid_rmse 6.7373 | valid_pr 0.9584 | valid_criterion 9.4227 | score 0.0577
2025-01-08 11:08:24 - INFO - No improvement for 37 epochs
2025-01-08 11:08:35 - INFO - [Train] Epoch 00065 | train_loss 19.0862 | train_rmse 5.6433 | lr 0.010000
2025-01-08 11:08:35 - INFO - [Validate] Epoch 00065 | valid_rmse 5.8525 | valid_pr 0.9636 | valid_criterion 9.2456 | score 0.0754
2025-01-08 11:08:35 - INFO - No improvement for 38 epochs
2025-01-08 11:08:46 - INFO - [Train] Epoch 00066 | train_loss 18.1803 | train_rmse 5.4576 | lr 0.010000
2025-01-08 11:08:46 - INFO - [Validate] Epoch 00066 | valid_rmse 5.3282 | valid_pr 0.9661 | valid_criterion 8.0996 | score 0.1900
2025-01-08 11:08:46 - INFO - No improvement for 39 epochs
2025-01-08 11:08:57 - INFO - [Train] Epoch 00067 | train_loss 17.1151 | train_rmse 5.3062 | lr 0.010000
2025-01-08 11:08:57 - INFO - [Validate] Epoch 00067 | valid_rmse 4.9159 | valid_pr 0.9684 | valid_criterion 8.0194 | score 0.1981
2025-01-08 11:08:57 - INFO - No improvement for 40 epochs
2025-01-08 11:09:09 - INFO - [Train] Epoch 00068 | train_loss 18.9435 | train_rmse 5.6996 | lr 0.010000
2025-01-08 11:09:09 - INFO - [Validate] Epoch 00068 | valid_rmse 4.6528 | valid_pr 0.9716 | valid_criterion 7.7490 | score 0.2251
2025-01-08 11:09:09 - INFO - No improvement for 41 epochs
2025-01-08 11:09:20 - INFO - [Train] Epoch 00069 | train_loss 16.9851 | train_rmse 5.3202 | lr 0.010000
2025-01-08 11:09:20 - INFO - [Validate] Epoch 00069 | valid_rmse 4.9142 | valid_pr 0.9699 | valid_criterion 7.8944 | score 0.2106
2025-01-08 11:09:20 - INFO - No improvement for 42 epochs
2025-01-08 11:09:32 - INFO - [Train] Epoch 00070 | train_loss 16.4557 | train_rmse 5.1271 | lr 0.010000
2025-01-08 11:09:32 - INFO - [Validate] Epoch 00070 | valid_rmse 4.7990 | valid_pr 0.9741 | valid_criterion 7.7977 | score 0.2202
2025-01-08 11:09:32 - INFO - No improvement for 43 epochs
2025-01-08 11:09:43 - INFO - [Train] Epoch 00071 | train_loss 17.8301 | train_rmse 5.3607 | lr 0.010000
2025-01-08 11:09:43 - INFO - [Validate] Epoch 00071 | valid_rmse 5.0765 | valid_pr 0.9682 | valid_criterion 8.0202 | score 0.1980
2025-01-08 11:09:43 - INFO - No improvement for 44 epochs
2025-01-08 11:09:54 - INFO - [Train] Epoch 00072 | train_loss 15.8072 | train_rmse 5.0216 | lr 0.010000
2025-01-08 11:09:54 - INFO - [Validate] Epoch 00072 | valid_rmse 4.8028 | valid_pr 0.9712 | valid_criterion 8.0038 | score 0.1996
2025-01-08 11:09:54 - INFO - No improvement for 45 epochs
2025-01-08 11:10:05 - INFO - [Train] Epoch 00073 | train_loss 15.4196 | train_rmse 4.9064 | lr 0.010000
2025-01-08 11:10:05 - INFO - [Validate] Epoch 00073 | valid_rmse 5.2575 | valid_pr 0.9709 | valid_criterion 8.2527 | score 0.1747
2025-01-08 11:10:05 - INFO - No improvement for 46 epochs
2025-01-08 11:10:17 - INFO - [Train] Epoch 00074 | train_loss 16.4408 | train_rmse 5.1591 | lr 0.010000
2025-01-08 11:10:17 - INFO - [Validate] Epoch 00074 | valid_rmse 5.8721 | valid_pr 0.9633 | valid_criterion 8.8555 | score 0.1145
2025-01-08 11:10:17 - INFO - No improvement for 47 epochs
2025-01-08 11:10:28 - INFO - [Train] Epoch 00075 | train_loss 16.4045 | train_rmse 5.1210 | lr 0.010000
2025-01-08 11:10:28 - INFO - [Validate] Epoch 00075 | valid_rmse 5.0387 | valid_pr 0.9683 | valid_criterion 8.2839 | score 0.1716
2025-01-08 11:10:28 - INFO - No improvement for 48 epochs
2025-01-08 11:10:39 - INFO - [Train] Epoch 00076 | train_loss 15.6043 | train_rmse 4.9864 | lr 0.010000
2025-01-08 11:10:39 - INFO - [Validate] Epoch 00076 | valid_rmse 5.0463 | valid_pr 0.9696 | valid_criterion 8.0230 | score 0.1977
2025-01-08 11:10:39 - INFO - No improvement for 49 epochs
2025-01-08 11:10:51 - INFO - [Train] Epoch 00077 | train_loss 15.0434 | train_rmse 4.9172 | lr 0.010000
2025-01-08 11:10:51 - INFO - [Validate] Epoch 00077 | valid_rmse 5.0883 | valid_pr 0.9713 | valid_criterion 7.6180 | score 0.2382
2025-01-08 11:10:51 - INFO - No improvement for 50 epochs
2025-01-08 11:11:02 - INFO - [Train] Epoch 00078 | train_loss 14.3741 | train_rmse 4.7797 | lr 0.010000
2025-01-08 11:11:02 - INFO - [Validate] Epoch 00078 | valid_rmse 5.4962 | valid_pr 0.9712 | valid_criterion 8.3352 | score 0.1665
2025-01-08 11:11:02 - INFO - No improvement for 51 epochs
2025-01-08 11:11:13 - INFO - [Train] Epoch 00079 | train_loss 14.2131 | train_rmse 4.6933 | lr 0.010000
2025-01-08 11:11:13 - INFO - [Validate] Epoch 00079 | valid_rmse 5.5035 | valid_pr 0.9681 | valid_criterion 8.2138 | score 0.1786
2025-01-08 11:11:13 - INFO - No improvement for 52 epochs
2025-01-08 11:11:24 - INFO - [Train] Epoch 00080 | train_loss 14.4339 | train_rmse 4.7552 | lr 0.010000
2025-01-08 11:11:24 - INFO - [Validate] Epoch 00080 | valid_rmse 5.4136 | valid_pr 0.9718 | valid_criterion 9.1130 | score 0.0887
2025-01-08 11:11:24 - INFO - No improvement for 53 epochs
2025-01-08 11:11:36 - INFO - [Train] Epoch 00081 | train_loss 16.8566 | train_rmse 5.2714 | lr 0.010000
2025-01-08 11:11:36 - INFO - [Validate] Epoch 00081 | valid_rmse 4.9106 | valid_pr 0.9699 | valid_criterion 8.0714 | score 0.1929
2025-01-08 11:11:36 - INFO - No improvement for 54 epochs
2025-01-08 11:11:47 - INFO - [Train] Epoch 00082 | train_loss 15.2048 | train_rmse 4.9317 | lr 0.010000
2025-01-08 11:11:47 - INFO - [Validate] Epoch 00082 | valid_rmse 5.1574 | valid_pr 0.9701 | valid_criterion 8.6275 | score 0.1373
2025-01-08 11:11:47 - INFO - No improvement for 55 epochs
2025-01-08 11:11:58 - INFO - [Train] Epoch 00083 | train_loss 15.5977 | train_rmse 4.9769 | lr 0.010000
2025-01-08 11:11:58 - INFO - [Validate] Epoch 00083 | valid_rmse 6.5349 | valid_pr 0.9684 | valid_criterion 7.8602 | score 0.2140
2025-01-08 11:11:58 - INFO - No improvement for 56 epochs
2025-01-08 11:12:09 - INFO - [Train] Epoch 00084 | train_loss 14.7622 | train_rmse 4.8177 | lr 0.010000
2025-01-08 11:12:09 - INFO - [Validate] Epoch 00084 | valid_rmse 5.5723 | valid_pr 0.9695 | valid_criterion 8.4656 | score 0.1534
2025-01-08 11:12:09 - INFO - No improvement for 57 epochs
2025-01-08 11:12:21 - INFO - [Train] Epoch 00085 | train_loss 14.5117 | train_rmse 4.8012 | lr 0.010000
2025-01-08 11:12:21 - INFO - [Validate] Epoch 00085 | valid_rmse 4.9644 | valid_pr 0.9694 | valid_criterion 8.3044 | score 0.1696
2025-01-08 11:12:21 - INFO - No improvement for 58 epochs
2025-01-08 11:12:32 - INFO - [Train] Epoch 00086 | train_loss 14.4050 | train_rmse 4.7909 | lr 0.010000
2025-01-08 11:12:32 - INFO - [Validate] Epoch 00086 | valid_rmse 4.8889 | valid_pr 0.9710 | valid_criterion 7.9197 | score 0.2080
2025-01-08 11:12:32 - INFO - No improvement for 59 epochs
2025-01-08 11:12:43 - INFO - [Train] Epoch 00087 | train_loss 15.0884 | train_rmse 4.9249 | lr 0.010000
2025-01-08 11:12:43 - INFO - [Validate] Epoch 00087 | valid_rmse 4.6535 | valid_pr 0.9760 | valid_criterion 7.3911 | score 0.2609
2025-01-08 11:12:43 - INFO - [Validate] Best score achieved: 0.260892
2025-01-08 11:12:54 - INFO - [Train] Epoch 00088 | train_loss 13.7519 | train_rmse 4.6098 | lr 0.010000
2025-01-08 11:12:54 - INFO - [Validate] Epoch 00088 | valid_rmse 5.0764 | valid_pr 0.9665 | valid_criterion 8.7180 | score 0.1282
2025-01-08 11:12:54 - INFO - No improvement for 1 epochs
2025-01-08 11:13:06 - INFO - [Train] Epoch 00089 | train_loss 14.2931 | train_rmse 4.7544 | lr 0.002000
2025-01-08 11:13:06 - INFO - [Validate] Epoch 00089 | valid_rmse 4.8943 | valid_pr 0.9703 | valid_criterion 7.8690 | score 0.2131
2025-01-08 11:13:06 - INFO - No improvement for 2 epochs
2025-01-08 11:13:18 - INFO - [Train] Epoch 00090 | train_loss 13.5048 | train_rmse 4.5185 | lr 0.002000
2025-01-08 11:13:18 - INFO - [Validate] Epoch 00090 | valid_rmse 4.7695 | valid_pr 0.9726 | valid_criterion 7.9534 | score 0.2047
2025-01-08 11:13:18 - INFO - No improvement for 3 epochs
2025-01-08 11:13:29 - INFO - [Train] Epoch 00091 | train_loss 11.3895 | train_rmse 4.0279 | lr 0.002000
2025-01-08 11:13:29 - INFO - [Validate] Epoch 00091 | valid_rmse 4.7500 | valid_pr 0.9715 | valid_criterion 8.0734 | score 0.1927
2025-01-08 11:13:29 - INFO - No improvement for 4 epochs
2025-01-08 11:13:40 - INFO - [Train] Epoch 00092 | train_loss 13.5774 | train_rmse 4.6374 | lr 0.002000
2025-01-08 11:13:40 - INFO - [Validate] Epoch 00092 | valid_rmse 4.7428 | valid_pr 0.9730 | valid_criterion 7.8899 | score 0.2110
2025-01-08 11:13:40 - INFO - No improvement for 5 epochs
2025-01-08 11:13:51 - INFO - [Train] Epoch 00093 | train_loss 11.9073 | train_rmse 4.2654 | lr 0.002000
2025-01-08 11:13:51 - INFO - [Validate] Epoch 00093 | valid_rmse 4.7813 | valid_pr 0.9741 | valid_criterion 7.7014 | score 0.2299
2025-01-08 11:13:51 - INFO - No improvement for 6 epochs
2025-01-08 11:14:03 - INFO - [Train] Epoch 00094 | train_loss 11.6342 | train_rmse 4.1878 | lr 0.002000
2025-01-08 11:14:03 - INFO - [Validate] Epoch 00094 | valid_rmse 4.6627 | valid_pr 0.9730 | valid_criterion 7.8687 | score 0.2131
2025-01-08 11:14:03 - INFO - No improvement for 7 epochs
2025-01-08 11:14:14 - INFO - [Train] Epoch 00095 | train_loss 12.9121 | train_rmse 4.4416 | lr 0.002000
2025-01-08 11:14:14 - INFO - [Validate] Epoch 00095 | valid_rmse 4.9205 | valid_pr 0.9735 | valid_criterion 7.7824 | score 0.2218
2025-01-08 11:14:14 - INFO - No improvement for 8 epochs
2025-01-08 11:14:25 - INFO - [Train] Epoch 00096 | train_loss 12.4473 | train_rmse 4.3542 | lr 0.002000
2025-01-08 11:14:25 - INFO - [Validate] Epoch 00096 | valid_rmse 4.7064 | valid_pr 0.9753 | valid_criterion 7.4264 | score 0.2574
2025-01-08 11:14:25 - INFO - No improvement for 9 epochs
2025-01-08 11:14:36 - INFO - [Train] Epoch 00097 | train_loss 12.2574 | train_rmse 4.3297 | lr 0.002000
2025-01-08 11:14:36 - INFO - [Validate] Epoch 00097 | valid_rmse 4.4231 | valid_pr 0.9761 | valid_criterion 7.4765 | score 0.2524
2025-01-08 11:14:36 - INFO - No improvement for 10 epochs
2025-01-08 11:14:47 - INFO - [Train] Epoch 00098 | train_loss 10.8006 | train_rmse 4.0096 | lr 0.002000
2025-01-08 11:14:47 - INFO - [Validate] Epoch 00098 | valid_rmse 4.8644 | valid_pr 0.9745 | valid_criterion 7.6741 | score 0.2326
2025-01-08 11:14:47 - INFO - No improvement for 11 epochs
2025-01-08 11:14:59 - INFO - [Train] Epoch 00099 | train_loss 11.4170 | train_rmse 4.1792 | lr 0.002000
2025-01-08 11:14:59 - INFO - [Validate] Epoch 00099 | valid_rmse 4.8195 | valid_pr 0.9727 | valid_criterion 8.0055 | score 0.1994
2025-01-08 11:14:59 - INFO - No improvement for 12 epochs
2025-01-08 11:15:10 - INFO - [Train] Epoch 00100 | train_loss 11.8521 | train_rmse 4.2858 | lr 0.002000
2025-01-08 11:15:10 - INFO - [Validate] Epoch 00100 | valid_rmse 4.5445 | valid_pr 0.9750 | valid_criterion 7.6081 | score 0.2392
2025-01-08 11:15:10 - INFO - No improvement for 13 epochs
2025-01-08 11:15:21 - INFO - [Train] Epoch 00101 | train_loss 11.2095 | train_rmse 4.1178 | lr 0.002000
2025-01-08 11:15:21 - INFO - [Validate] Epoch 00101 | valid_rmse 5.1581 | valid_pr 0.9750 | valid_criterion 7.5948 | score 0.2405
2025-01-08 11:15:21 - INFO - No improvement for 14 epochs
2025-01-08 11:15:33 - INFO - [Train] Epoch 00102 | train_loss 11.1634 | train_rmse 4.0861 | lr 0.002000
2025-01-08 11:15:33 - INFO - [Validate] Epoch 00102 | valid_rmse 4.4703 | valid_pr 0.9746 | valid_criterion 7.5127 | score 0.2487
2025-01-08 11:15:33 - INFO - No improvement for 15 epochs
2025-01-08 11:15:45 - INFO - [Train] Epoch 00103 | train_loss 11.9031 | train_rmse 4.3233 | lr 0.002000
2025-01-08 11:15:45 - INFO - [Validate] Epoch 00103 | valid_rmse 4.5634 | valid_pr 0.9756 | valid_criterion 7.5106 | score 0.2489
2025-01-08 11:15:45 - INFO - No improvement for 16 epochs
2025-01-08 11:15:56 - INFO - [Train] Epoch 00104 | train_loss 11.0271 | train_rmse 4.0965 | lr 0.002000
2025-01-08 11:15:56 - INFO - [Validate] Epoch 00104 | valid_rmse 4.4480 | valid_pr 0.9751 | valid_criterion 7.4963 | score 0.2504
2025-01-08 11:15:56 - INFO - No improvement for 17 epochs
2025-01-08 11:16:07 - INFO - [Train] Epoch 00105 | train_loss 10.4144 | train_rmse 3.9492 | lr 0.002000
2025-01-08 11:16:07 - INFO - [Validate] Epoch 00105 | valid_rmse 5.4271 | valid_pr 0.9736 | valid_criterion 7.8727 | score 0.2127
2025-01-08 11:16:07 - INFO - No improvement for 18 epochs
2025-01-08 11:16:18 - INFO - [Train] Epoch 00106 | train_loss 10.0305 | train_rmse 3.8342 | lr 0.002000
2025-01-08 11:16:18 - INFO - [Validate] Epoch 00106 | valid_rmse 4.3524 | valid_pr 0.9758 | valid_criterion 7.4180 | score 0.2582
2025-01-08 11:16:18 - INFO - No improvement for 19 epochs
2025-01-08 11:16:30 - INFO - [Train] Epoch 00107 | train_loss 11.7161 | train_rmse 4.2767 | lr 0.002000
2025-01-08 11:16:30 - INFO - [Validate] Epoch 00107 | valid_rmse 4.6231 | valid_pr 0.9750 | valid_criterion 7.5621 | score 0.2438
2025-01-08 11:16:30 - INFO - No improvement for 20 epochs
2025-01-08 11:16:41 - INFO - [Train] Epoch 00108 | train_loss 10.7392 | train_rmse 4.0555 | lr 0.002000
2025-01-08 11:16:41 - INFO - [Validate] Epoch 00108 | valid_rmse 4.9433 | valid_pr 0.9738 | valid_criterion 7.7601 | score 0.2240
2025-01-08 11:16:41 - INFO - No improvement for 21 epochs
2025-01-08 11:16:52 - INFO - [Train] Epoch 00109 | train_loss 11.4796 | train_rmse 4.2358 | lr 0.002000
2025-01-08 11:16:52 - INFO - [Validate] Epoch 00109 | valid_rmse 4.4420 | valid_pr 0.9754 | valid_criterion 7.4716 | score 0.2528
2025-01-08 11:16:52 - INFO - No improvement for 22 epochs
2025-01-08 11:17:04 - INFO - [Train] Epoch 00110 | train_loss 12.8077 | train_rmse 4.5714 | lr 0.002000
2025-01-08 11:17:04 - INFO - [Validate] Epoch 00110 | valid_rmse 5.0022 | valid_pr 0.9746 | valid_criterion 7.5803 | score 0.2420
2025-01-08 11:17:04 - INFO - No improvement for 23 epochs
2025-01-08 11:17:15 - INFO - [Train] Epoch 00111 | train_loss 10.4882 | train_rmse 4.0084 | lr 0.002000
2025-01-08 11:17:15 - INFO - [Validate] Epoch 00111 | valid_rmse 4.5101 | valid_pr 0.9741 | valid_criterion 7.6963 | score 0.2304
2025-01-08 11:17:15 - INFO - No improvement for 24 epochs
2025-01-08 11:17:26 - INFO - [Train] Epoch 00112 | train_loss 11.0215 | train_rmse 4.1168 | lr 0.002000
2025-01-08 11:17:26 - INFO - [Validate] Epoch 00112 | valid_rmse 4.7378 | valid_pr 0.9738 | valid_criterion 7.8077 | score 0.2192
2025-01-08 11:17:26 - INFO - No improvement for 25 epochs
2025-01-08 11:17:37 - INFO - [Train] Epoch 00113 | train_loss 10.2384 | train_rmse 4.0228 | lr 0.002000
2025-01-08 11:17:37 - INFO - [Validate] Epoch 00113 | valid_rmse 5.0301 | valid_pr 0.9727 | valid_criterion 8.0122 | score 0.1988
2025-01-08 11:17:37 - INFO - No improvement for 26 epochs
2025-01-08 11:17:49 - INFO - [Train] Epoch 00114 | train_loss 11.2977 | train_rmse 4.2198 | lr 0.002000
2025-01-08 11:17:49 - INFO - [Validate] Epoch 00114 | valid_rmse 4.6577 | valid_pr 0.9752 | valid_criterion 7.6562 | score 0.2344
2025-01-08 11:17:49 - INFO - No improvement for 27 epochs
2025-01-08 11:18:00 - INFO - [Train] Epoch 00115 | train_loss 10.8883 | train_rmse 4.1326 | lr 0.002000
2025-01-08 11:18:00 - INFO - [Validate] Epoch 00115 | valid_rmse 4.5958 | valid_pr 0.9733 | valid_criterion 7.7742 | score 0.2226
2025-01-08 11:18:00 - INFO - No improvement for 28 epochs
2025-01-08 11:18:11 - INFO - [Train] Epoch 00116 | train_loss 10.5692 | train_rmse 4.1425 | lr 0.002000
2025-01-08 11:18:11 - INFO - [Validate] Epoch 00116 | valid_rmse 4.6822 | valid_pr 0.9734 | valid_criterion 7.7327 | score 0.2267
2025-01-08 11:18:11 - INFO - No improvement for 29 epochs
2025-01-08 11:18:22 - INFO - [Train] Epoch 00117 | train_loss 10.5391 | train_rmse 4.0977 | lr 0.002000
2025-01-08 11:18:22 - INFO - [Validate] Epoch 00117 | valid_rmse 4.8778 | valid_pr 0.9736 | valid_criterion 7.7381 | score 0.2262
2025-01-08 11:18:22 - INFO - No improvement for 30 epochs
2025-01-08 11:18:34 - INFO - [Train] Epoch 00118 | train_loss 9.9239 | train_rmse 3.9690 | lr 0.002000
2025-01-08 11:18:34 - INFO - [Validate] Epoch 00118 | valid_rmse 4.6661 | valid_pr 0.9734 | valid_criterion 7.9862 | score 0.2014
2025-01-08 11:18:34 - INFO - No improvement for 31 epochs
2025-01-08 11:18:45 - INFO - [Train] Epoch 00119 | train_loss 11.0007 | train_rmse 4.3343 | lr 0.002000
2025-01-08 11:18:45 - INFO - [Validate] Epoch 00119 | valid_rmse 4.8049 | valid_pr 0.9756 | valid_criterion 7.3708 | score 0.2629
2025-01-08 11:18:45 - INFO - [Validate] Best score achieved: 0.262920
2025-01-08 11:18:56 - INFO - [Train] Epoch 00120 | train_loss 9.7092 | train_rmse 4.1161 | lr 0.002000
2025-01-08 11:18:56 - INFO - [Validate] Epoch 00120 | valid_rmse 4.8424 | valid_pr 0.9741 | valid_criterion 7.5997 | score 0.2400
2025-01-08 11:18:56 - INFO - No improvement for 1 epochs
2025-01-08 11:19:08 - INFO - [Train] Epoch 00121 | train_loss 10.4266 | train_rmse 4.1988 | lr 0.002000
2025-01-08 11:19:08 - INFO - [Validate] Epoch 00121 | valid_rmse 4.8710 | valid_pr 0.9741 | valid_criterion 7.9309 | score 0.2069
2025-01-08 11:19:08 - INFO - No improvement for 2 epochs
2025-01-08 11:19:19 - INFO - [Train] Epoch 00122 | train_loss 10.8707 | train_rmse 4.7821 | lr 0.002000
2025-01-08 11:19:19 - INFO - [Validate] Epoch 00122 | valid_rmse 5.1180 | valid_pr 0.9726 | valid_criterion 8.0274 | score 0.1973
2025-01-08 11:19:19 - INFO - No improvement for 3 epochs
2025-01-08 11:19:30 - INFO - [Train] Epoch 00123 | train_loss 9.0510 | train_rmse 4.3702 | lr 0.002000
2025-01-08 11:19:30 - INFO - [Validate] Epoch 00123 | valid_rmse 4.8320 | valid_pr 0.9719 | valid_criterion 7.8547 | score 0.2145
2025-01-08 11:19:30 - INFO - No improvement for 4 epochs
2025-01-08 11:19:42 - INFO - [Train] Epoch 00124 | train_loss 8.7808 | train_rmse 4.7067 | lr 0.002000
2025-01-08 11:19:42 - INFO - [Validate] Epoch 00124 | valid_rmse 4.5585 | valid_pr 0.9743 | valid_criterion 7.4978 | score 0.2502
2025-01-08 11:19:42 - INFO - No improvement for 5 epochs
2025-01-08 11:19:53 - INFO - [Train] Epoch 00125 | train_loss 9.4637 | train_rmse 5.0406 | lr 0.002000
2025-01-08 11:19:53 - INFO - [Validate] Epoch 00125 | valid_rmse 5.0479 | valid_pr 0.9737 | valid_criterion 7.7886 | score 0.2211
2025-01-08 11:19:53 - INFO - No improvement for 6 epochs
2025-01-08 11:20:04 - INFO - [Train] Epoch 00126 | train_loss 8.4387 | train_rmse 4.9800 | lr 0.002000
2025-01-08 11:20:04 - INFO - [Validate] Epoch 00126 | valid_rmse 5.5151 | valid_pr 0.9715 | valid_criterion 8.0308 | score 0.1969
2025-01-08 11:20:04 - INFO - No improvement for 7 epochs
2025-01-08 11:20:15 - INFO - [Train] Epoch 00127 | train_loss 6.6768 | train_rmse 5.0481 | lr 0.000400
2025-01-08 11:20:15 - INFO - [Validate] Epoch 00127 | valid_rmse 4.7535 | valid_pr 0.9728 | valid_criterion 7.5592 | score 0.2441
2025-01-08 11:20:15 - INFO - No improvement for 8 epochs
2025-01-08 11:20:27 - INFO - [Train] Epoch 00128 | train_loss 5.5573 | train_rmse 5.2323 | lr 0.000400
2025-01-08 11:20:27 - INFO - [Validate] Epoch 00128 | valid_rmse 4.9263 | valid_pr 0.9746 | valid_criterion 7.6060 | score 0.2394
2025-01-08 11:20:27 - INFO - No improvement for 9 epochs
2025-01-08 11:20:38 - INFO - [Train] Epoch 00129 | train_loss 4.2394 | train_rmse 5.2194 | lr 0.000400
2025-01-08 11:20:38 - INFO - [Validate] Epoch 00129 | valid_rmse 4.8610 | valid_pr 0.9732 | valid_criterion 7.7639 | score 0.2236
2025-01-08 11:20:38 - INFO - No improvement for 10 epochs
2025-01-08 11:20:49 - INFO - [Train] Epoch 00130 | train_loss 3.8164 | train_rmse 5.4338 | lr 0.000400
2025-01-08 11:20:49 - INFO - [Validate] Epoch 00130 | valid_rmse 4.6899 | valid_pr 0.9741 | valid_criterion 7.6816 | score 0.2318
2025-01-08 11:20:49 - INFO - No improvement for 11 epochs
2025-01-08 11:21:00 - INFO - [Train] Epoch 00131 | train_loss 4.6111 | train_rmse 5.7124 | lr 0.000400
2025-01-08 11:21:00 - INFO - [Validate] Epoch 00131 | valid_rmse 5.0364 | valid_pr 0.9741 | valid_criterion 7.6046 | score 0.2395
2025-01-08 11:21:00 - INFO - No improvement for 12 epochs
2025-01-08 11:21:11 - INFO - [Train] Epoch 00132 | train_loss 2.5166 | train_rmse 5.6290 | lr 0.000400
2025-01-08 11:21:11 - INFO - [Validate] Epoch 00132 | valid_rmse 4.8536 | valid_pr 0.9743 | valid_criterion 7.6104 | score 0.2390
2025-01-08 11:21:11 - INFO - No improvement for 13 epochs
2025-01-08 11:21:23 - INFO - [Train] Epoch 00133 | train_loss 3.1822 | train_rmse 6.1582 | lr 0.000400
2025-01-08 11:21:23 - INFO - [Validate] Epoch 00133 | valid_rmse 5.1586 | valid_pr 0.9725 | valid_criterion 7.9143 | score 0.2086
2025-01-08 11:21:23 - INFO - No improvement for 14 epochs
2025-01-08 11:21:34 - INFO - [Train] Epoch 00134 | train_loss -0.8482 | train_rmse 6.1712 | lr 0.000400
2025-01-08 11:21:34 - INFO - [Validate] Epoch 00134 | valid_rmse 4.9019 | valid_pr 0.9722 | valid_criterion 7.6045 | score 0.2395
2025-01-08 11:21:34 - INFO - No improvement for 15 epochs
2025-01-08 11:21:45 - INFO - [Train] Epoch 00135 | train_loss -0.5652 | train_rmse 6.5918 | lr 0.000400
2025-01-08 11:21:45 - INFO - [Validate] Epoch 00135 | valid_rmse 5.2081 | valid_pr 0.9714 | valid_criterion 7.6762 | score 0.2324
2025-01-08 11:21:45 - INFO - No improvement for 16 epochs
2025-01-08 11:21:56 - INFO - [Train] Epoch 00136 | train_loss -2.9913 | train_rmse 6.8334 | lr 0.000400
2025-01-08 11:21:56 - INFO - [Validate] Epoch 00136 | valid_rmse 5.6255 | valid_pr 0.9710 | valid_criterion 7.9654 | score 0.2035
2025-01-08 11:21:56 - INFO - No improvement for 17 epochs
2025-01-08 11:22:08 - INFO - [Train] Epoch 00137 | train_loss -3.3731 | train_rmse 6.7880 | lr 0.000400
2025-01-08 11:22:08 - INFO - [Validate] Epoch 00137 | valid_rmse 5.3206 | valid_pr 0.9688 | valid_criterion 8.1540 | score 0.1846
2025-01-08 11:22:08 - INFO - No improvement for 18 epochs
2025-01-08 11:22:19 - INFO - [Train] Epoch 00138 | train_loss -8.2332 | train_rmse 7.7669 | lr 0.000400
2025-01-08 11:22:19 - INFO - [Validate] Epoch 00138 | valid_rmse 8.8121 | valid_pr 0.8966 | valid_criterion 20.0493 | score -1.0049
2025-01-08 11:22:19 - INFO - No improvement for 19 epochs
2025-01-08 11:22:30 - INFO - [Train] Epoch 00139 | train_loss -15.2989 | train_rmse 9.1025 | lr 0.000400
2025-01-08 11:22:30 - INFO - [Validate] Epoch 00139 | valid_rmse 7.6442 | valid_pr 0.9293 | valid_criterion 15.9771 | score -0.5977
2025-01-08 11:22:30 - INFO - No improvement for 20 epochs
2025-01-08 11:22:41 - INFO - [Train] Epoch 00140 | train_loss -18.2554 | train_rmse 9.5926 | lr 0.000400
2025-01-08 11:22:41 - INFO - [Validate] Epoch 00140 | valid_rmse 7.1273 | valid_pr 0.9390 | valid_criterion 15.5430 | score -0.5543
2025-01-08 11:22:41 - INFO - No improvement for 21 epochs
2025-01-08 11:22:52 - INFO - [Train] Epoch 00141 | train_loss -27.1605 | train_rmse 11.0176 | lr 0.000400
2025-01-08 11:22:52 - INFO - [Validate] Epoch 00141 | valid_rmse 6.4062 | valid_pr 0.9592 | valid_criterion 11.3542 | score -0.1354
2025-01-08 11:22:52 - INFO - No improvement for 22 epochs
2025-01-08 11:23:04 - INFO - [Train] Epoch 00142 | train_loss -26.9785 | train_rmse 11.0733 | lr 0.000400
2025-01-08 11:23:04 - INFO - [Validate] Epoch 00142 | valid_rmse 6.1949 | valid_pr 0.9599 | valid_criterion 10.8044 | score -0.0804
2025-01-08 11:23:04 - INFO - No improvement for 23 epochs
2025-01-08 11:23:15 - INFO - [Train] Epoch 00143 | train_loss -33.7135 | train_rmse 11.8264 | lr 0.000400
2025-01-08 11:23:15 - INFO - [Validate] Epoch 00143 | valid_rmse 9.9546 | valid_pr 0.8636 | valid_criterion 24.3880 | score -1.4388
2025-01-08 11:23:15 - INFO - No improvement for 24 epochs
2025-01-08 11:23:26 - INFO - [Train] Epoch 00144 | train_loss -39.1648 | train_rmse 12.6335 | lr 0.000400
2025-01-08 11:23:26 - INFO - [Validate] Epoch 00144 | valid_rmse 9.0824 | valid_pr 0.8993 | valid_criterion 20.9857 | score -1.0986
2025-01-08 11:23:26 - INFO - No improvement for 25 epochs
2025-01-08 11:23:38 - INFO - [Train] Epoch 00145 | train_loss -52.3515 | train_rmse 13.9271 | lr 0.000400
2025-01-08 11:23:38 - INFO - [Validate] Epoch 00145 | valid_rmse 10.6005 | valid_pr 0.8437 | valid_criterion 26.8717 | score -1.6872
2025-01-08 11:23:38 - INFO - No improvement for 26 epochs
2025-01-08 11:23:49 - INFO - [Train] Epoch 00146 | train_loss -65.9174 | train_rmse 14.6367 | lr 0.000400
2025-01-08 11:23:49 - INFO - [Validate] Epoch 00146 | valid_rmse 12.2639 | valid_pr 0.8027 | valid_criterion 36.8626 | score -2.6863
2025-01-08 11:23:49 - INFO - No improvement for 27 epochs
2025-01-08 11:24:01 - INFO - [Train] Epoch 00147 | train_loss -63.9206 | train_rmse 14.7270 | lr 0.000400
2025-01-08 11:24:01 - INFO - [Validate] Epoch 00147 | valid_rmse 11.4532 | valid_pr 0.8214 | valid_criterion 31.8648 | score -2.1865
2025-01-08 11:24:01 - INFO - No improvement for 28 epochs
2025-01-08 11:24:12 - INFO - [Train] Epoch 00148 | train_loss -78.3429 | train_rmse 16.1434 | lr 0.000080
2025-01-08 11:24:12 - INFO - [Validate] Epoch 00148 | valid_rmse 12.8119 | valid_pr 0.7921 | valid_criterion 38.3569 | score -2.8357
2025-01-08 11:24:12 - INFO - No improvement for 29 epochs
2025-01-08 11:24:23 - INFO - [Train] Epoch 00149 | train_loss -86.5661 | train_rmse 16.9223 | lr 0.000080
2025-01-08 11:24:23 - INFO - [Validate] Epoch 00149 | valid_rmse 8.0892 | valid_pr 0.9199 | valid_criterion 18.5611 | score -0.8561
2025-01-08 11:24:23 - INFO - No improvement for 30 epochs
2025-01-08 11:24:34 - INFO - [Train] Epoch 00150 | train_loss -83.9848 | train_rmse 16.9702 | lr 0.000080
2025-01-08 11:24:34 - INFO - [Validate] Epoch 00150 | valid_rmse 11.1952 | valid_pr 0.8333 | valid_criterion 30.2445 | score -2.0244
2025-01-08 11:24:34 - INFO - No improvement for 31 epochs
2025-01-08 11:24:46 - INFO - [Train] Epoch 00151 | train_loss -96.2384 | train_rmse 17.3381 | lr 0.000080
2025-01-08 11:24:46 - INFO - [Validate] Epoch 00151 | valid_rmse 10.4372 | valid_pr 0.8514 | valid_criterion 29.6922 | score -1.9692
2025-01-08 11:24:46 - INFO - No improvement for 32 epochs
2025-01-08 11:24:57 - INFO - [Train] Epoch 00152 | train_loss -95.5252 | train_rmse 17.2863 | lr 0.000080
2025-01-08 11:24:57 - INFO - [Validate] Epoch 00152 | valid_rmse 10.0636 | valid_pr 0.8603 | valid_criterion 27.7592 | score -1.7759
2025-01-08 11:24:57 - INFO - No improvement for 33 epochs
2025-01-08 11:25:09 - INFO - [Train] Epoch 00153 | train_loss -101.9541 | train_rmse 17.5510 | lr 0.000080
2025-01-08 11:25:09 - INFO - [Validate] Epoch 00153 | valid_rmse 9.2585 | valid_pr 0.8860 | valid_criterion 23.4201 | score -1.3420
2025-01-08 11:25:09 - INFO - No improvement for 34 epochs
2025-01-08 11:25:20 - INFO - [Train] Epoch 00154 | train_loss -100.0141 | train_rmse 17.6064 | lr 0.000080
2025-01-08 11:25:20 - INFO - [Validate] Epoch 00154 | valid_rmse 14.4607 | valid_pr 0.7437 | valid_criterion 44.0243 | score -3.4024
2025-01-08 11:25:20 - INFO - No improvement for 35 epochs
2025-01-08 11:25:32 - INFO - [Train] Epoch 00155 | train_loss -108.0989 | train_rmse 17.5987 | lr 0.000080
2025-01-08 11:25:32 - INFO - [Validate] Epoch 00155 | valid_rmse 26.4842 | valid_pr 0.5081 | valid_criterion 85.6371 | score -7.5637
2025-01-08 11:25:32 - INFO - No improvement for 36 epochs
2025-01-08 11:25:43 - INFO - [Train] Epoch 00156 | train_loss -108.2700 | train_rmse 17.8520 | lr 0.000080
2025-01-08 11:25:43 - INFO - [Validate] Epoch 00156 | valid_rmse 9.1005 | valid_pr 0.8919 | valid_criterion 22.6996 | score -1.2700
2025-01-08 11:25:43 - INFO - No improvement for 37 epochs
2025-01-08 11:25:54 - INFO - [Train] Epoch 00157 | train_loss -100.9475 | train_rmse 18.1521 | lr 0.000080
2025-01-08 11:25:54 - INFO - [Validate] Epoch 00157 | valid_rmse 29.2072 | valid_pr 0.5038 | valid_criterion 95.4911 | score -8.5491
2025-01-08 11:25:54 - INFO - No improvement for 38 epochs
2025-01-08 11:26:05 - INFO - [Train] Epoch 00158 | train_loss -110.7593 | train_rmse 18.9109 | lr 0.000080
2025-01-08 11:26:05 - INFO - [Validate] Epoch 00158 | valid_rmse 10.4222 | valid_pr 0.8521 | valid_criterion 26.6943 | score -1.6694
2025-01-08 11:26:05 - INFO - No improvement for 39 epochs
2025-01-08 11:26:16 - INFO - [Train] Epoch 00159 | train_loss -114.0246 | train_rmse 18.9051 | lr 0.000080
2025-01-08 11:26:16 - INFO - [Validate] Epoch 00159 | valid_rmse 8.7863 | valid_pr 0.9054 | valid_criterion 20.3710 | score -1.0371
2025-01-08 11:26:16 - INFO - No improvement for 40 epochs
2025-01-08 11:26:28 - INFO - [Train] Epoch 00160 | train_loss -127.6673 | train_rmse 19.4871 | lr 0.000080
2025-01-08 11:26:28 - INFO - [Validate] Epoch 00160 | valid_rmse 9.1928 | valid_pr 0.8890 | valid_criterion 23.2336 | score -1.3234
2025-01-08 11:26:28 - INFO - No improvement for 41 epochs
2025-01-08 11:26:39 - INFO - [Train] Epoch 00161 | train_loss -131.6603 | train_rmse 19.3633 | lr 0.000080
2025-01-08 11:26:39 - INFO - [Validate] Epoch 00161 | valid_rmse 9.7438 | valid_pr 0.8737 | valid_criterion 24.7434 | score -1.4743
2025-01-08 11:26:39 - INFO - No improvement for 42 epochs
2025-01-08 11:26:50 - INFO - [Train] Epoch 00162 | train_loss -119.5757 | train_rmse 19.3001 | lr 0.000080
2025-01-08 11:26:50 - INFO - [Validate] Epoch 00162 | valid_rmse 9.1873 | valid_pr 0.8986 | valid_criterion 20.2240 | score -1.0224
2025-01-08 11:26:50 - INFO - No improvement for 43 epochs
2025-01-08 11:27:01 - INFO - [Train] Epoch 00163 | train_loss -126.6290 | train_rmse 19.3267 | lr 0.000080
2025-01-08 11:27:01 - INFO - [Validate] Epoch 00163 | valid_rmse 22.0326 | valid_pr 0.5715 | valid_criterion 70.2096 | score -6.0210
2025-01-08 11:27:01 - INFO - No improvement for 44 epochs
2025-01-08 11:27:13 - INFO - [Train] Epoch 00164 | train_loss -130.9040 | train_rmse 19.8221 | lr 0.000080
2025-01-08 11:27:13 - INFO - [Validate] Epoch 00164 | valid_rmse 14.0015 | valid_pr 0.7471 | valid_criterion 41.1563 | score -3.1156
2025-01-08 11:27:13 - INFO - No improvement for 45 epochs
2025-01-08 11:27:24 - INFO - [Train] Epoch 00165 | train_loss -131.3949 | train_rmse 20.1068 | lr 0.000080
2025-01-08 11:27:24 - INFO - [Validate] Epoch 00165 | valid_rmse 48.9260 | valid_pr 0.3429 | valid_criterion 161.4245 | score -15.1424
2025-01-08 11:27:24 - INFO - No improvement for 46 epochs
2025-01-08 11:27:35 - INFO - [Train] Epoch 00166 | train_loss -132.9361 | train_rmse 20.1820 | lr 0.000080
2025-01-08 11:27:35 - INFO - [Validate] Epoch 00166 | valid_rmse 16.1268 | valid_pr 0.6940 | valid_criterion 49.5955 | score -3.9596
2025-01-08 11:27:35 - INFO - No improvement for 47 epochs
2025-01-08 11:27:47 - INFO - [Train] Epoch 00167 | train_loss -148.8137 | train_rmse 20.4945 | lr 0.000080
2025-01-08 11:27:47 - INFO - [Validate] Epoch 00167 | valid_rmse 56.3317 | valid_pr 0.2849 | valid_criterion 185.6314 | score -17.5631
2025-01-08 11:27:47 - INFO - No improvement for 48 epochs
2025-01-08 11:27:58 - INFO - [Train] Epoch 00168 | train_loss -150.9003 | train_rmse 21.6899 | lr 0.000080
2025-01-08 11:27:58 - INFO - [Validate] Epoch 00168 | valid_rmse 13.2521 | valid_pr 0.7710 | valid_criterion 39.6389 | score -2.9639
2025-01-08 11:27:58 - INFO - No improvement for 49 epochs
2025-01-08 11:28:09 - INFO - [Train] Epoch 00169 | train_loss -150.0867 | train_rmse 21.5866 | lr 0.000016
2025-01-08 11:28:09 - INFO - [Validate] Epoch 00169 | valid_rmse 14.7868 | valid_pr 0.7245 | valid_criterion 43.5974 | score -3.3597
2025-01-08 11:28:09 - INFO - No improvement for 50 epochs
2025-01-08 11:28:20 - INFO - [Train] Epoch 00170 | train_loss -164.7385 | train_rmse 21.9524 | lr 0.000016
2025-01-08 11:28:20 - INFO - [Validate] Epoch 00170 | valid_rmse 14.7824 | valid_pr 0.7245 | valid_criterion 44.4027 | score -3.4403
2025-01-08 11:28:20 - INFO - No improvement for 51 epochs
2025-01-08 11:28:31 - INFO - [Train] Epoch 00171 | train_loss -167.7277 | train_rmse 22.0337 | lr 0.000016
2025-01-08 11:28:31 - INFO - [Validate] Epoch 00171 | valid_rmse 25.2031 | valid_pr 0.5248 | valid_criterion 81.1178 | score -7.1118
2025-01-08 11:28:31 - INFO - No improvement for 52 epochs
2025-01-08 11:28:43 - INFO - [Train] Epoch 00172 | train_loss -175.9875 | train_rmse 22.3864 | lr 0.000016
2025-01-08 11:28:43 - INFO - [Validate] Epoch 00172 | valid_rmse 9.1068 | valid_pr 0.9474 | valid_criterion 13.6202 | score -0.3620
2025-01-08 11:28:43 - INFO - No improvement for 53 epochs
2025-01-08 11:28:54 - INFO - [Train] Epoch 00173 | train_loss -166.6767 | train_rmse 21.9075 | lr 0.000016
2025-01-08 11:28:54 - INFO - [Validate] Epoch 00173 | valid_rmse 15.4801 | valid_pr 0.7025 | valid_criterion 46.6590 | score -3.6659
2025-01-08 11:28:54 - INFO - No improvement for 54 epochs
2025-01-08 11:29:05 - INFO - [Train] Epoch 00174 | train_loss -162.8662 | train_rmse 22.3146 | lr 0.000016
2025-01-08 11:29:05 - INFO - [Validate] Epoch 00174 | valid_rmse 29.7155 | valid_pr 0.4669 | valid_criterion 96.4410 | score -8.6441
2025-01-08 11:29:05 - INFO - No improvement for 55 epochs
2025-01-08 11:29:16 - INFO - [Train] Epoch 00175 | train_loss -142.3458 | train_rmse 21.5553 | lr 0.000016
2025-01-08 11:29:16 - INFO - [Validate] Epoch 00175 | valid_rmse 18.2767 | valid_pr 0.6480 | valid_criterion 57.2060 | score -4.7206
2025-01-08 11:29:16 - INFO - No improvement for 56 epochs
2025-01-08 11:29:28 - INFO - [Train] Epoch 00176 | train_loss -171.3615 | train_rmse 22.3703 | lr 0.000016
2025-01-08 11:29:28 - INFO - [Validate] Epoch 00176 | valid_rmse 9.6054 | valid_pr 0.8977 | valid_criterion 20.1426 | score -1.0143
2025-01-08 11:29:28 - INFO - No improvement for 57 epochs
2025-01-08 11:29:39 - INFO - [Train] Epoch 00177 | train_loss -149.5141 | train_rmse 21.3898 | lr 0.000016
2025-01-08 11:29:39 - INFO - [Validate] Epoch 00177 | valid_rmse 17.1435 | valid_pr 0.6734 | valid_criterion 53.2280 | score -4.3228
2025-01-08 11:29:39 - INFO - No improvement for 58 epochs
2025-01-08 11:29:50 - INFO - [Train] Epoch 00178 | train_loss -150.6981 | train_rmse 21.7202 | lr 0.000016
2025-01-08 11:29:50 - INFO - [Validate] Epoch 00178 | valid_rmse 28.4415 | valid_pr 0.4919 | valid_criterion 92.5071 | score -8.2507
2025-01-08 11:29:50 - INFO - No improvement for 59 epochs
2025-01-08 11:30:02 - INFO - [Train] Epoch 00179 | train_loss -174.7105 | train_rmse 22.3169 | lr 0.000016
2025-01-08 11:30:02 - INFO - [Validate] Epoch 00179 | valid_rmse 22.6353 | valid_pr 0.5555 | valid_criterion 71.8367 | score -6.1837
2025-01-08 11:30:02 - INFO - No improvement for 60 epochs
2025-01-08 11:30:13 - INFO - [Train] Epoch 00180 | train_loss -156.0465 | train_rmse 20.8590 | lr 0.000016
2025-01-08 11:30:13 - INFO - [Validate] Epoch 00180 | valid_rmse 30.7219 | valid_pr 0.4880 | valid_criterion 100.4739 | score -9.0474
2025-01-08 11:30:13 - INFO - No improvement for 61 epochs
2025-01-08 11:30:25 - INFO - [Train] Epoch 00181 | train_loss -168.0775 | train_rmse 22.2302 | lr 0.000016
2025-01-08 11:30:25 - INFO - [Validate] Epoch 00181 | valid_rmse 18.1065 | valid_pr 0.6403 | valid_criterion 55.6968 | score -4.5697
2025-01-08 11:30:25 - INFO - No improvement for 62 epochs
2025-01-08 11:30:36 - INFO - [Train] Epoch 00182 | train_loss -161.1910 | train_rmse 21.8999 | lr 0.000016
2025-01-08 11:30:36 - INFO - [Validate] Epoch 00182 | valid_rmse 20.1106 | valid_pr 0.5737 | valid_criterion 61.5338 | score -5.1534
2025-01-08 11:30:36 - INFO - No improvement for 63 epochs
2025-01-08 11:30:47 - INFO - [Train] Epoch 00183 | train_loss -153.5157 | train_rmse 21.5312 | lr 0.000016
2025-01-08 11:30:47 - INFO - [Validate] Epoch 00183 | valid_rmse 13.2439 | valid_pr 0.7664 | valid_criterion 37.3462 | score -2.7346
2025-01-08 11:30:47 - INFO - No improvement for 64 epochs
2025-01-08 11:30:59 - INFO - [Train] Epoch 00184 | train_loss -161.6040 | train_rmse 21.8955 | lr 0.000016
2025-01-08 11:30:59 - INFO - [Validate] Epoch 00184 | valid_rmse 16.1883 | valid_pr 0.6923 | valid_criterion 49.3467 | score -3.9347
2025-01-08 11:30:59 - INFO - No improvement for 65 epochs
2025-01-08 11:31:10 - INFO - [Train] Epoch 00185 | train_loss -166.9805 | train_rmse 22.2599 | lr 0.000016
2025-01-08 11:31:10 - INFO - [Validate] Epoch 00185 | valid_rmse 15.8182 | valid_pr 0.6905 | valid_criterion 47.2745 | score -3.7274
2025-01-08 11:31:10 - INFO - No improvement for 66 epochs
2025-01-08 11:31:22 - INFO - [Train] Epoch 00186 | train_loss -160.0149 | train_rmse 21.5009 | lr 0.000016
2025-01-08 11:31:22 - INFO - [Validate] Epoch 00186 | valid_rmse 9.8976 | valid_pr 0.8841 | valid_criterion 22.6624 | score -1.2662
2025-01-08 11:31:22 - INFO - No improvement for 67 epochs
2025-01-08 11:31:33 - INFO - [Train] Epoch 00187 | train_loss -173.8058 | train_rmse 23.0573 | lr 0.000016
2025-01-08 11:31:33 - INFO - [Validate] Epoch 00187 | valid_rmse 13.3227 | valid_pr 0.7585 | valid_criterion 38.2888 | score -2.8289
2025-01-08 11:31:33 - INFO - No improvement for 68 epochs
2025-01-08 11:31:45 - INFO - [Train] Epoch 00188 | train_loss -157.4177 | train_rmse 22.1855 | lr 0.000016
2025-01-08 11:31:45 - INFO - [Validate] Epoch 00188 | valid_rmse 11.4762 | valid_pr 0.8239 | valid_criterion 30.8519 | score -2.0852
2025-01-08 11:31:45 - INFO - No improvement for 69 epochs
2025-01-08 11:31:56 - INFO - [Train] Epoch 00189 | train_loss -154.5763 | train_rmse 21.7878 | lr 0.000016
2025-01-08 11:31:56 - INFO - [Validate] Epoch 00189 | valid_rmse 19.7934 | valid_pr 0.6165 | valid_criterion 62.0139 | score -5.2014
2025-01-08 11:31:56 - INFO - No improvement for 70 epochs
2025-01-08 11:32:07 - INFO - [Train] Epoch 00190 | train_loss -168.2350 | train_rmse 22.5131 | lr 0.000003
2025-01-08 11:32:07 - INFO - [Validate] Epoch 00190 | valid_rmse 9.0671 | valid_pr 0.9406 | valid_criterion 13.8228 | score -0.3823
2025-01-08 11:32:07 - INFO - No improvement for 71 epochs
2025-01-08 11:32:19 - INFO - [Train] Epoch 00191 | train_loss -166.2757 | train_rmse 22.8768 | lr 0.000003
2025-01-08 11:32:19 - INFO - [Validate] Epoch 00191 | valid_rmse 24.9034 | valid_pr 0.5357 | valid_criterion 80.1983 | score -7.0198
2025-01-08 11:32:19 - INFO - No improvement for 72 epochs
2025-01-08 11:32:30 - INFO - [Train] Epoch 00192 | train_loss -162.7653 | train_rmse 22.6183 | lr 0.000003
2025-01-08 11:32:30 - INFO - [Validate] Epoch 00192 | valid_rmse 9.3655 | valid_pr 0.9091 | valid_criterion 18.2922 | score -0.8292
2025-01-08 11:32:30 - INFO - No improvement for 73 epochs
2025-01-08 11:32:41 - INFO - [Train] Epoch 00193 | train_loss -172.2139 | train_rmse 22.1869 | lr 0.000003
2025-01-08 11:32:41 - INFO - [Validate] Epoch 00193 | valid_rmse 15.8170 | valid_pr 0.6864 | valid_criterion 46.3215 | score -3.6321
2025-01-08 11:32:41 - INFO - No improvement for 74 epochs
2025-01-08 11:32:53 - INFO - [Train] Epoch 00194 | train_loss -167.1252 | train_rmse 22.7613 | lr 0.000003
2025-01-08 11:32:53 - INFO - [Validate] Epoch 00194 | valid_rmse 14.3549 | valid_pr 0.7232 | valid_criterion 40.2534 | score -3.0253
2025-01-08 11:32:53 - INFO - No improvement for 75 epochs
2025-01-08 11:33:04 - INFO - [Train] Epoch 00195 | train_loss -164.9991 | train_rmse 22.5570 | lr 0.000003
2025-01-08 11:33:04 - INFO - [Validate] Epoch 00195 | valid_rmse 31.5515 | valid_pr 0.4503 | valid_criterion 102.8656 | score -9.2866
2025-01-08 11:33:04 - INFO - No improvement for 76 epochs
2025-01-08 11:33:15 - INFO - [Train] Epoch 00196 | train_loss -175.5964 | train_rmse 22.7752 | lr 0.000003
2025-01-08 11:33:15 - INFO - [Validate] Epoch 00196 | valid_rmse 10.8702 | valid_pr 0.8511 | valid_criterion 25.9548 | score -1.5955
2025-01-08 11:33:15 - INFO - No improvement for 77 epochs
2025-01-08 11:33:27 - INFO - [Train] Epoch 00197 | train_loss -169.6209 | train_rmse 22.1811 | lr 0.000003
2025-01-08 11:33:27 - INFO - [Validate] Epoch 00197 | valid_rmse 9.4203 | valid_pr 0.9188 | valid_criterion 17.3922 | score -0.7392
2025-01-08 11:33:27 - INFO - No improvement for 78 epochs
2025-01-08 11:33:38 - INFO - [Train] Epoch 00198 | train_loss -175.1310 | train_rmse 22.5247 | lr 0.000003
2025-01-08 11:33:38 - INFO - [Validate] Epoch 00198 | valid_rmse 9.0993 | valid_pr 0.9319 | valid_criterion 15.5139 | score -0.5514
2025-01-08 11:33:38 - INFO - No improvement for 79 epochs
2025-01-08 11:33:49 - INFO - [Train] Epoch 00199 | train_loss -164.0889 | train_rmse 22.6492 | lr 0.000003
2025-01-08 11:33:49 - INFO - [Validate] Epoch 00199 | valid_rmse 57.5382 | valid_pr 0.3025 | valid_criterion 190.1179 | score -18.0118
2025-01-08 11:33:49 - INFO - No improvement for 80 epochs
2025-01-08 11:34:00 - INFO - [Train] Epoch 00200 | train_loss -176.1827 | train_rmse 23.0483 | lr 0.000003
2025-01-08 11:34:00 - INFO - [Validate] Epoch 00200 | valid_rmse 24.1462 | valid_pr 0.5294 | valid_criterion 76.8481 | score -6.6848
2025-01-08 11:34:00 - INFO - No improvement for 81 epochs
2025-01-08 11:34:12 - INFO - [Train] Epoch 00201 | train_loss -182.8866 | train_rmse 22.9071 | lr 0.000003
2025-01-08 11:34:12 - INFO - [Validate] Epoch 00201 | valid_rmse 33.8669 | valid_pr 0.4328 | valid_criterion 110.6956 | score -10.0696
2025-01-08 11:34:12 - INFO - No improvement for 82 epochs
2025-01-08 11:34:23 - INFO - [Train] Epoch 00202 | train_loss -178.0178 | train_rmse 22.8887 | lr 0.000003
2025-01-08 11:34:23 - INFO - [Validate] Epoch 00202 | valid_rmse 21.3495 | valid_pr 0.5955 | valid_criterion 68.1105 | score -5.8110
2025-01-08 11:34:23 - INFO - No improvement for 83 epochs
2025-01-08 11:34:34 - INFO - [Train] Epoch 00203 | train_loss -160.6863 | train_rmse 22.2526 | lr 0.000003
2025-01-08 11:34:34 - INFO - [Validate] Epoch 00203 | valid_rmse 18.1110 | valid_pr 0.6423 | valid_criterion 55.4749 | score -4.5475
2025-01-08 11:34:34 - INFO - No improvement for 84 epochs
2025-01-08 11:34:46 - INFO - [Train] Epoch 00204 | train_loss -173.6199 | train_rmse 22.4874 | lr 0.000003
2025-01-08 11:34:46 - INFO - [Validate] Epoch 00204 | valid_rmse 17.1444 | valid_pr 0.6697 | valid_criterion 53.2933 | score -4.3293
2025-01-08 11:34:46 - INFO - No improvement for 85 epochs
2025-01-08 11:34:57 - INFO - [Train] Epoch 00205 | train_loss -182.6979 | train_rmse 23.0390 | lr 0.000003
2025-01-08 11:34:57 - INFO - [Validate] Epoch 00205 | valid_rmse 22.0097 | valid_pr 0.5802 | valid_criterion 70.0822 | score -6.0082
2025-01-08 11:34:57 - INFO - No improvement for 86 epochs
2025-01-08 11:35:08 - INFO - [Train] Epoch 00206 | train_loss -171.4542 | train_rmse 22.4759 | lr 0.000003
2025-01-08 11:35:08 - INFO - [Validate] Epoch 00206 | valid_rmse 14.5985 | valid_pr 0.7376 | valid_criterion 44.6791 | score -3.4679
2025-01-08 11:35:08 - INFO - No improvement for 87 epochs
2025-01-08 11:35:19 - INFO - [Train] Epoch 00207 | train_loss -170.8817 | train_rmse 22.5833 | lr 0.000003
2025-01-08 11:35:19 - INFO - [Validate] Epoch 00207 | valid_rmse 11.1148 | valid_pr 0.8372 | valid_criterion 27.6185 | score -1.7619
2025-01-08 11:35:19 - INFO - No improvement for 88 epochs
2025-01-08 11:35:31 - INFO - [Train] Epoch 00208 | train_loss -171.5024 | train_rmse 22.2580 | lr 0.000003
2025-01-08 11:35:31 - INFO - [Validate] Epoch 00208 | valid_rmse 26.6829 | valid_pr 0.5001 | valid_criterion 86.1167 | score -7.6117
2025-01-08 11:35:31 - INFO - No improvement for 89 epochs
2025-01-08 11:35:42 - INFO - [Train] Epoch 00209 | train_loss -190.1141 | train_rmse 23.4154 | lr 0.000003
2025-01-08 11:35:42 - INFO - [Validate] Epoch 00209 | valid_rmse 23.4677 | valid_pr 0.5327 | valid_criterion 74.4749 | score -6.4475
2025-01-08 11:35:42 - INFO - No improvement for 90 epochs
2025-01-08 11:35:53 - INFO - [Train] Epoch 00210 | train_loss -170.5443 | train_rmse 22.5856 | lr 0.000003
2025-01-08 11:35:53 - INFO - [Validate] Epoch 00210 | valid_rmse 11.6850 | valid_pr 0.8151 | valid_criterion 30.2425 | score -2.0243
2025-01-08 11:35:53 - INFO - No improvement for 91 epochs
2025-01-08 11:36:05 - INFO - [Train] Epoch 00211 | train_loss -185.9619 | train_rmse 23.1500 | lr 0.000001
2025-01-08 11:36:05 - INFO - [Validate] Epoch 00211 | valid_rmse 17.5389 | valid_pr 0.6650 | valid_criterion 54.6793 | score -4.4679
2025-01-08 11:36:05 - INFO - No improvement for 92 epochs
2025-01-08 11:36:16 - INFO - [Train] Epoch 00212 | train_loss -185.1272 | train_rmse 23.4638 | lr 0.000001
2025-01-08 11:36:16 - INFO - [Validate] Epoch 00212 | valid_rmse 11.7443 | valid_pr 0.8084 | valid_criterion 32.2405 | score -2.2241
2025-01-08 11:36:16 - INFO - No improvement for 93 epochs
2025-01-08 11:36:27 - INFO - [Train] Epoch 00213 | train_loss -168.3683 | train_rmse 23.2123 | lr 0.000001
2025-01-08 11:36:27 - INFO - [Validate] Epoch 00213 | valid_rmse 48.9951 | valid_pr 0.3293 | valid_criterion 161.4395 | score -15.1440
2025-01-08 11:36:27 - INFO - No improvement for 94 epochs
2025-01-08 11:36:38 - INFO - [Train] Epoch 00214 | train_loss -166.6762 | train_rmse 22.4604 | lr 0.000001
2025-01-08 11:36:38 - INFO - [Validate] Epoch 00214 | valid_rmse 47.3725 | valid_pr 0.3541 | valid_criterion 156.3021 | score -14.6302
2025-01-08 11:36:38 - INFO - No improvement for 95 epochs
2025-01-08 11:36:50 - INFO - [Train] Epoch 00215 | train_loss -188.4974 | train_rmse 23.7719 | lr 0.000001
2025-01-08 11:36:50 - INFO - [Validate] Epoch 00215 | valid_rmse 14.2234 | valid_pr 0.7339 | valid_criterion 41.5258 | score -3.1526
2025-01-08 11:36:50 - INFO - No improvement for 96 epochs
2025-01-08 11:37:01 - INFO - [Train] Epoch 00216 | train_loss -177.5423 | train_rmse 23.4212 | lr 0.000001
2025-01-08 11:37:01 - INFO - [Validate] Epoch 00216 | valid_rmse 9.0670 | valid_pr 0.9444 | valid_criterion 13.7201 | score -0.3720
2025-01-08 11:37:01 - INFO - No improvement for 97 epochs
2025-01-08 11:37:13 - INFO - [Train] Epoch 00217 | train_loss -177.5209 | train_rmse 23.1619 | lr 0.000001
2025-01-08 11:37:13 - INFO - [Validate] Epoch 00217 | valid_rmse 24.3456 | valid_pr 0.5426 | valid_criterion 78.4905 | score -6.8491
2025-01-08 11:37:13 - INFO - No improvement for 98 epochs
2025-01-08 11:37:24 - INFO - [Train] Epoch 00218 | train_loss -184.6470 | train_rmse 23.5917 | lr 0.000001
2025-01-08 11:37:24 - INFO - [Validate] Epoch 00218 | valid_rmse 24.5186 | valid_pr 0.5433 | valid_criterion 78.8691 | score -6.8869
2025-01-08 11:37:24 - INFO - No improvement for 99 epochs
2025-01-08 11:37:35 - INFO - [Train] Epoch 00219 | train_loss -159.1570 | train_rmse 22.4303 | lr 0.000001
2025-01-08 11:37:35 - INFO - [Validate] Epoch 00219 | valid_rmse 8.7050 | valid_pr 0.9281 | valid_criterion 15.9887 | score -0.5989
2025-01-08 11:37:35 - INFO - No improvement for 100 epochs
2025-01-08 11:37:35 - INFO - Early stopping triggered. No improvement for 100 epochs
2025-01-08 11:37:35 - INFO - Best model was saved at epoch 119
2025-01-08 11:37:36 - INFO - [Validate] Epoch 00219 | valid_rmse1 4.804943 | valid_pr1 0.975578 | valid_criterion 7.370800
