2025-02-25 03:13:39 - INFO - 01.train.py
2025-02-25 03:13:39 - INFO - train data: 5170
2025-02-25 03:13:39 - INFO - valid data: 1188
2025-02-25 03:13:39 - INFO - Total parameters: 1212803
2025-02-25 03:13:39 - INFO - Trainable parameters: 1212803
2025-02-25 03:13:53 - INFO - [Train] Epoch 00000 | train_loss 805.6870 | train_rmse 41.4175 | lr 0.000201
2025-02-25 03:13:53 - INFO - [Validate] Epoch 00000 | valid_rmse 42.4433 | valid_pr -0.0610 | valid_criterion 24.0838 | score -1.4084
2025-02-25 03:13:53 - INFO - [Validate] Best score achieved: -1.408385
2025-02-25 03:14:05 - INFO - [Train] Epoch 00001 | train_loss 767.1210 | train_rmse 40.8273 | lr 0.000401
2025-02-25 03:14:05 - INFO - [Validate] Epoch 00001 | valid_rmse 40.5301 | valid_pr 0.6242 | valid_criterion 20.9132 | score -1.0913
2025-02-25 03:14:05 - INFO - [Validate] Best score achieved: -1.091319
2025-02-25 03:14:17 - INFO - [Train] Epoch 00002 | train_loss 625.3403 | train_rmse 37.4693 | lr 0.000601
2025-02-25 03:14:17 - INFO - [Validate] Epoch 00002 | valid_rmse 30.9700 | valid_pr 0.8414 | valid_criterion 21.8797 | score -1.1880
2025-02-25 03:14:17 - INFO - No improvement for 1 epochs
2025-02-25 03:14:29 - INFO - [Train] Epoch 00003 | train_loss 431.6745 | train_rmse 31.7073 | lr 0.000801
2025-02-25 03:14:29 - INFO - [Validate] Epoch 00003 | valid_rmse 29.3120 | valid_pr 0.8515 | valid_criterion 30.8760 | score -2.0876
2025-02-25 03:14:29 - INFO - No improvement for 2 epochs
2025-02-25 03:14:41 - INFO - [Train] Epoch 00004 | train_loss 80.1548 | train_rmse 13.3809 | lr 0.001001
2025-02-25 03:14:41 - INFO - [Validate] Epoch 00004 | valid_rmse 7.1836 | valid_pr 0.9343 | valid_criterion 10.8424 | score -0.0842
2025-02-25 03:14:41 - INFO - [Validate] Best score achieved: -0.084243
2025-02-25 03:14:53 - INFO - [Train] Epoch 00005 | train_loss 30.1884 | train_rmse 7.6171 | lr 0.001201
2025-02-25 03:14:53 - INFO - [Validate] Epoch 00005 | valid_rmse 11.5562 | valid_pr 0.8742 | valid_criterion 11.5217 | score -0.1522
2025-02-25 03:14:53 - INFO - No improvement for 1 epochs
2025-02-25 03:15:05 - INFO - [Train] Epoch 00006 | train_loss 27.5394 | train_rmse 7.2393 | lr 0.001401
2025-02-25 03:15:05 - INFO - [Validate] Epoch 00006 | valid_rmse 11.7819 | valid_pr 0.8073 | valid_criterion 22.6192 | score -1.2619
2025-02-25 03:15:05 - INFO - No improvement for 2 epochs
2025-02-25 03:15:17 - INFO - [Train] Epoch 00007 | train_loss 25.3145 | train_rmse 6.9886 | lr 0.001601
2025-02-25 03:15:17 - INFO - [Validate] Epoch 00007 | valid_rmse 6.9162 | valid_pr 0.9391 | valid_criterion 10.9347 | score -0.0935
2025-02-25 03:15:17 - INFO - No improvement for 3 epochs
2025-02-25 03:15:29 - INFO - [Train] Epoch 00008 | train_loss 22.6415 | train_rmse 6.5328 | lr 0.001801
2025-02-25 03:15:29 - INFO - [Validate] Epoch 00008 | valid_rmse 6.3872 | valid_pr 0.9533 | valid_criterion 8.9982 | score 0.1002
2025-02-25 03:15:29 - INFO - [Validate] Best score achieved: 0.100176
2025-02-25 03:15:41 - INFO - [Train] Epoch 00009 | train_loss 21.9859 | train_rmse 6.4548 | lr 0.002001
2025-02-25 03:15:41 - INFO - [Validate] Epoch 00009 | valid_rmse 5.5341 | valid_pr 0.9643 | valid_criterion 8.3766 | score 0.1623
2025-02-25 03:15:41 - INFO - [Validate] Best score achieved: 0.162336
2025-02-25 03:15:53 - INFO - [Train] Epoch 00010 | train_loss 18.9710 | train_rmse 5.9247 | lr 0.002201
2025-02-25 03:15:53 - INFO - [Validate] Epoch 00010 | valid_rmse 5.8781 | valid_pr 0.9560 | valid_criterion 8.5484 | score 0.1452
2025-02-25 03:15:53 - INFO - No improvement for 1 epochs
2025-02-25 03:16:25 - INFO - [Train] Epoch 00011 | train_loss 18.3456 | train_rmse 5.8158 | lr 0.002401
2025-02-25 03:16:25 - INFO - [Validate] Epoch 00011 | valid_rmse 7.5885 | valid_pr 0.9639 | valid_criterion 8.5383 | score 0.1462
2025-02-25 03:16:25 - INFO - No improvement for 2 epochs
2025-02-25 03:16:37 - INFO - [Train] Epoch 00012 | train_loss 17.5601 | train_rmse 5.7210 | lr 0.002601
2025-02-25 03:16:37 - INFO - [Validate] Epoch 00012 | valid_rmse 5.6396 | valid_pr 0.9605 | valid_criterion 8.6624 | score 0.1338
2025-02-25 03:16:37 - INFO - No improvement for 3 epochs
2025-02-25 03:17:19 - INFO - [Train] Epoch 00013 | train_loss 14.8648 | train_rmse 5.2111 | lr 0.002801
2025-02-25 03:17:19 - INFO - [Validate] Epoch 00013 | valid_rmse 5.3157 | valid_pr 0.9651 | valid_criterion 8.0757 | score 0.1924
2025-02-25 03:17:19 - INFO - [Validate] Best score achieved: 0.192426
2025-02-25 03:17:31 - INFO - [Train] Epoch 00014 | train_loss 17.1185 | train_rmse 5.6868 | lr 0.003001
2025-02-25 03:17:31 - INFO - [Validate] Epoch 00014 | valid_rmse 5.0831 | valid_pr 0.9667 | valid_criterion 8.2899 | score 0.1710
2025-02-25 03:17:31 - INFO - No improvement for 1 epochs
2025-02-25 03:17:43 - INFO - [Train] Epoch 00015 | train_loss 16.6287 | train_rmse 5.5149 | lr 0.003201
2025-02-25 03:17:43 - INFO - [Validate] Epoch 00015 | valid_rmse 5.4964 | valid_pr 0.9608 | valid_criterion 8.4254 | score 0.1575
2025-02-25 03:17:43 - INFO - No improvement for 2 epochs
2025-02-25 03:18:22 - INFO - [Train] Epoch 00016 | train_loss 15.0041 | train_rmse 5.2604 | lr 0.003401
2025-02-25 03:18:22 - INFO - [Validate] Epoch 00016 | valid_rmse 5.0140 | valid_pr 0.9689 | valid_criterion 7.5606 | score 0.2439
2025-02-25 03:18:22 - INFO - [Validate] Best score achieved: 0.243940
2025-02-25 03:18:34 - INFO - [Train] Epoch 00017 | train_loss 15.1957 | train_rmse 5.2619 | lr 0.003601
2025-02-25 03:18:34 - INFO - [Validate] Epoch 00017 | valid_rmse 5.6296 | valid_pr 0.9594 | valid_criterion 8.4162 | score 0.1584
2025-02-25 03:18:34 - INFO - No improvement for 1 epochs
2025-02-25 03:19:16 - INFO - [Train] Epoch 00018 | train_loss 15.6260 | train_rmse 5.3749 | lr 0.003801
2025-02-25 03:19:16 - INFO - [Validate] Epoch 00018 | valid_rmse 6.5743 | valid_pr 0.9651 | valid_criterion 9.0643 | score 0.0936
2025-02-25 03:19:16 - INFO - No improvement for 2 epochs
2025-02-25 03:19:28 - INFO - [Train] Epoch 00019 | train_loss 15.9579 | train_rmse 5.3986 | lr 0.004001
2025-02-25 03:19:28 - INFO - [Validate] Epoch 00019 | valid_rmse 5.1138 | valid_pr 0.9704 | valid_criterion 7.8224 | score 0.2178
2025-02-25 03:19:28 - INFO - No improvement for 3 epochs
2025-02-25 03:19:40 - INFO - [Train] Epoch 00020 | train_loss 15.1168 | train_rmse 5.2584 | lr 0.004201
2025-02-25 03:19:40 - INFO - [Validate] Epoch 00020 | valid_rmse 5.4740 | valid_pr 0.9663 | valid_criterion 8.5355 | score 0.1464
2025-02-25 03:19:40 - INFO - No improvement for 4 epochs
2025-02-25 03:20:20 - INFO - [Train] Epoch 00021 | train_loss 14.5028 | train_rmse 5.1066 | lr 0.004401
2025-02-25 03:20:20 - INFO - [Validate] Epoch 00021 | valid_rmse 4.6465 | valid_pr 0.9734 | valid_criterion 7.1180 | score 0.2882
2025-02-25 03:20:20 - INFO - [Validate] Best score achieved: 0.288199
2025-02-25 03:20:31 - INFO - [Train] Epoch 00022 | train_loss 15.1588 | train_rmse 5.2487 | lr 0.004601
2025-02-25 03:20:31 - INFO - [Validate] Epoch 00022 | valid_rmse 5.7933 | valid_pr 0.9620 | valid_criterion 8.9289 | score 0.1071
2025-02-25 03:20:31 - INFO - No improvement for 1 epochs
2025-02-25 03:20:43 - INFO - [Train] Epoch 00023 | train_loss 13.8465 | train_rmse 4.9771 | lr 0.004801
2025-02-25 03:20:43 - INFO - [Validate] Epoch 00023 | valid_rmse 6.6600 | valid_pr 0.9610 | valid_criterion 8.1653 | score 0.1835
2025-02-25 03:20:43 - INFO - No improvement for 2 epochs
2025-02-25 03:20:55 - INFO - [Train] Epoch 00024 | train_loss 15.4564 | train_rmse 5.2727 | lr 0.005001
2025-02-25 03:20:55 - INFO - [Validate] Epoch 00024 | valid_rmse 6.0294 | valid_pr 0.9717 | valid_criterion 8.2444 | score 0.1756
2025-02-25 03:20:55 - INFO - No improvement for 3 epochs
2025-02-25 03:21:07 - INFO - [Train] Epoch 00025 | train_loss 14.2572 | train_rmse 4.9950 | lr 0.005200
2025-02-25 03:21:07 - INFO - [Validate] Epoch 00025 | valid_rmse 5.0925 | valid_pr 0.9685 | valid_criterion 7.6745 | score 0.2326
2025-02-25 03:21:07 - INFO - No improvement for 4 epochs
2025-02-25 03:21:19 - INFO - [Train] Epoch 00026 | train_loss 15.0307 | train_rmse 5.1896 | lr 0.005400
2025-02-25 03:21:19 - INFO - [Validate] Epoch 00026 | valid_rmse 5.4847 | valid_pr 0.9672 | valid_criterion 8.0493 | score 0.1951
2025-02-25 03:21:19 - INFO - No improvement for 5 epochs
2025-02-25 03:21:31 - INFO - [Train] Epoch 00027 | train_loss 14.7234 | train_rmse 5.0787 | lr 0.005600
2025-02-25 03:21:31 - INFO - [Validate] Epoch 00027 | valid_rmse 5.7430 | valid_pr 0.9662 | valid_criterion 8.3219 | score 0.1678
2025-02-25 03:21:31 - INFO - No improvement for 6 epochs
2025-02-25 03:21:44 - INFO - [Train] Epoch 00028 | train_loss 15.2826 | train_rmse 5.1784 | lr 0.005800
2025-02-25 03:21:44 - INFO - [Validate] Epoch 00028 | valid_rmse 5.4031 | valid_pr 0.9683 | valid_criterion 8.2897 | score 0.1710
2025-02-25 03:21:44 - INFO - No improvement for 7 epochs
2025-02-25 03:22:16 - INFO - [Train] Epoch 00029 | train_loss 13.1023 | train_rmse 4.7555 | lr 0.006000
2025-02-25 03:22:16 - INFO - [Validate] Epoch 00029 | valid_rmse 5.7308 | valid_pr 0.9580 | valid_criterion 8.9660 | score 0.1034
2025-02-25 03:22:16 - INFO - No improvement for 8 epochs
2025-02-25 03:22:28 - INFO - [Train] Epoch 00030 | train_loss 13.4766 | train_rmse 4.8456 | lr 0.006200
2025-02-25 03:22:28 - INFO - [Validate] Epoch 00030 | valid_rmse 5.4911 | valid_pr 0.9702 | valid_criterion 7.7644 | score 0.2236
2025-02-25 03:22:28 - INFO - No improvement for 9 epochs
2025-02-25 03:22:40 - INFO - [Train] Epoch 00031 | train_loss 15.1390 | train_rmse 5.1613 | lr 0.006400
2025-02-25 03:22:40 - INFO - [Validate] Epoch 00031 | valid_rmse 6.0794 | valid_pr 0.9694 | valid_criterion 7.9104 | score 0.2090
2025-02-25 03:22:40 - INFO - No improvement for 10 epochs
2025-02-25 03:23:20 - INFO - [Train] Epoch 00032 | train_loss 14.6694 | train_rmse 5.0718 | lr 0.006600
2025-02-25 03:23:20 - INFO - [Validate] Epoch 00032 | valid_rmse 5.8449 | valid_pr 0.9662 | valid_criterion 7.8809 | score 0.2119
2025-02-25 03:23:20 - INFO - No improvement for 11 epochs
2025-02-25 03:23:32 - INFO - [Train] Epoch 00033 | train_loss 14.9629 | train_rmse 5.0999 | lr 0.006800
2025-02-25 03:23:32 - INFO - [Validate] Epoch 00033 | valid_rmse 5.6521 | valid_pr 0.9627 | valid_criterion 8.0056 | score 0.1994
2025-02-25 03:23:32 - INFO - No improvement for 12 epochs
2025-02-25 03:23:43 - INFO - [Train] Epoch 00034 | train_loss 13.7441 | train_rmse 4.8771 | lr 0.007000
2025-02-25 03:23:43 - INFO - [Validate] Epoch 00034 | valid_rmse 4.8121 | valid_pr 0.9701 | valid_criterion 7.8185 | score 0.2182
2025-02-25 03:23:43 - INFO - No improvement for 13 epochs
2025-02-25 03:23:55 - INFO - [Train] Epoch 00035 | train_loss 15.1028 | train_rmse 5.1377 | lr 0.007200
2025-02-25 03:23:55 - INFO - [Validate] Epoch 00035 | valid_rmse 5.6856 | valid_pr 0.9579 | valid_criterion 9.1345 | score 0.0866
2025-02-25 03:23:55 - INFO - No improvement for 14 epochs
2025-02-25 03:24:07 - INFO - [Train] Epoch 00036 | train_loss 13.1155 | train_rmse 4.7215 | lr 0.007400
2025-02-25 03:24:07 - INFO - [Validate] Epoch 00036 | valid_rmse 5.0767 | valid_pr 0.9702 | valid_criterion 7.6869 | score 0.2313
2025-02-25 03:24:07 - INFO - No improvement for 15 epochs
2025-02-25 03:24:19 - INFO - [Train] Epoch 00037 | train_loss 13.7119 | train_rmse 4.8138 | lr 0.007600
2025-02-25 03:24:19 - INFO - [Validate] Epoch 00037 | valid_rmse 4.7304 | valid_pr 0.9719 | valid_criterion 7.6045 | score 0.2396
2025-02-25 03:24:19 - INFO - No improvement for 16 epochs
2025-02-25 03:24:31 - INFO - [Train] Epoch 00038 | train_loss 13.0204 | train_rmse 4.7035 | lr 0.007800
2025-02-25 03:24:31 - INFO - [Validate] Epoch 00038 | valid_rmse 4.8812 | valid_pr 0.9720 | valid_criterion 7.3079 | score 0.2692
2025-02-25 03:24:31 - INFO - No improvement for 17 epochs
2025-02-25 03:24:43 - INFO - [Train] Epoch 00039 | train_loss 14.6478 | train_rmse 5.0709 | lr 0.008000
2025-02-25 03:24:43 - INFO - [Validate] Epoch 00039 | valid_rmse 5.8136 | valid_pr 0.9679 | valid_criterion 8.3912 | score 0.1609
2025-02-25 03:24:43 - INFO - No improvement for 18 epochs
2025-02-25 03:24:55 - INFO - [Train] Epoch 00040 | train_loss 15.0433 | train_rmse 5.0922 | lr 0.008200
2025-02-25 03:24:55 - INFO - [Validate] Epoch 00040 | valid_rmse 6.0350 | valid_pr 0.9708 | valid_criterion 7.7176 | score 0.2282
2025-02-25 03:24:55 - INFO - No improvement for 19 epochs
2025-02-25 03:25:07 - INFO - [Train] Epoch 00041 | train_loss 12.9409 | train_rmse 4.6314 | lr 0.008400
2025-02-25 03:25:07 - INFO - [Validate] Epoch 00041 | valid_rmse 5.8847 | valid_pr 0.9643 | valid_criterion 8.1523 | score 0.1848
2025-02-25 03:25:07 - INFO - No improvement for 20 epochs
2025-02-25 03:25:19 - INFO - [Train] Epoch 00042 | train_loss 14.9103 | train_rmse 4.9853 | lr 0.008600
2025-02-25 03:25:19 - INFO - [Validate] Epoch 00042 | valid_rmse 4.9239 | valid_pr 0.9698 | valid_criterion 7.6061 | score 0.2394
2025-02-25 03:25:19 - INFO - No improvement for 21 epochs
2025-02-25 03:25:31 - INFO - [Train] Epoch 00043 | train_loss 13.8838 | train_rmse 4.8858 | lr 0.008800
2025-02-25 03:25:31 - INFO - [Validate] Epoch 00043 | valid_rmse 5.1191 | valid_pr 0.9692 | valid_criterion 7.8686 | score 0.2131
2025-02-25 03:25:31 - INFO - No improvement for 22 epochs
2025-02-25 03:25:43 - INFO - [Train] Epoch 00044 | train_loss 15.6543 | train_rmse 5.1903 | lr 0.009000
2025-02-25 03:25:43 - INFO - [Validate] Epoch 00044 | valid_rmse 6.8930 | valid_pr 0.9708 | valid_criterion 7.7832 | score 0.2217
2025-02-25 03:25:43 - INFO - No improvement for 23 epochs
2025-02-25 03:26:17 - INFO - [Train] Epoch 00045 | train_loss 14.1415 | train_rmse 4.9231 | lr 0.009200
2025-02-25 03:26:17 - INFO - [Validate] Epoch 00045 | valid_rmse 6.9509 | valid_pr 0.9656 | valid_criterion 7.6943 | score 0.2306
2025-02-25 03:26:17 - INFO - No improvement for 24 epochs
2025-02-25 03:26:29 - INFO - [Train] Epoch 00046 | train_loss 14.8132 | train_rmse 5.0579 | lr 0.009400
2025-02-25 03:26:29 - INFO - [Validate] Epoch 00046 | valid_rmse 5.3641 | valid_pr 0.9739 | valid_criterion 7.1520 | score 0.2848
2025-02-25 03:26:29 - INFO - No improvement for 25 epochs
2025-02-25 03:26:42 - INFO - [Train] Epoch 00047 | train_loss 14.6809 | train_rmse 4.9807 | lr 0.009600
2025-02-25 03:26:42 - INFO - [Validate] Epoch 00047 | valid_rmse 5.7618 | valid_pr 0.9727 | valid_criterion 7.7664 | score 0.2234
2025-02-25 03:26:42 - INFO - No improvement for 26 epochs
2025-02-25 03:26:54 - INFO - [Train] Epoch 00048 | train_loss 13.1476 | train_rmse 4.7064 | lr 0.009800
2025-02-25 03:26:54 - INFO - [Validate] Epoch 00048 | valid_rmse 5.9351 | valid_pr 0.9643 | valid_criterion 8.3359 | score 0.1664
2025-02-25 03:26:54 - INFO - No improvement for 27 epochs
2025-02-25 03:27:06 - INFO - [Train] Epoch 00049 | train_loss 18.0297 | train_rmse 5.6030 | lr 0.010000
2025-02-25 03:27:06 - INFO - [Validate] Epoch 00049 | valid_rmse 8.5705 | valid_pr 0.9689 | valid_criterion 7.7052 | score 0.2295
2025-02-25 03:27:06 - INFO - No improvement for 28 epochs
2025-02-25 03:27:18 - INFO - [Train] Epoch 00050 | train_loss 14.3729 | train_rmse 4.8762 | lr 0.010000
2025-02-25 03:27:18 - INFO - [Validate] Epoch 00050 | valid_rmse 5.0895 | valid_pr 0.9683 | valid_criterion 7.8192 | score 0.2181
2025-02-25 03:27:18 - INFO - No improvement for 29 epochs
2025-02-25 03:27:30 - INFO - [Train] Epoch 00051 | train_loss 15.0845 | train_rmse 5.0311 | lr 0.010000
2025-02-25 03:27:30 - INFO - [Validate] Epoch 00051 | valid_rmse 8.5344 | valid_pr 0.9618 | valid_criterion 10.6588 | score -0.0659
2025-02-25 03:27:30 - INFO - No improvement for 30 epochs
2025-02-25 03:27:42 - INFO - [Train] Epoch 00052 | train_loss 15.8197 | train_rmse 5.1627 | lr 0.010000
2025-02-25 03:27:42 - INFO - [Validate] Epoch 00052 | valid_rmse 4.8515 | valid_pr 0.9758 | valid_criterion 7.4043 | score 0.2596
2025-02-25 03:27:42 - INFO - No improvement for 31 epochs
2025-02-25 03:27:54 - INFO - [Train] Epoch 00053 | train_loss 15.8158 | train_rmse 5.2338 | lr 0.010000
2025-02-25 03:27:54 - INFO - [Validate] Epoch 00053 | valid_rmse 6.1048 | valid_pr 0.9710 | valid_criterion 8.7403 | score 0.1260
2025-02-25 03:27:54 - INFO - No improvement for 32 epochs
2025-02-25 03:28:27 - INFO - [Train] Epoch 00054 | train_loss 15.4251 | train_rmse 5.1301 | lr 0.010000
2025-02-25 03:28:27 - INFO - [Validate] Epoch 00054 | valid_rmse 5.2952 | valid_pr 0.9688 | valid_criterion 8.1779 | score 0.1822
2025-02-25 03:28:27 - INFO - No improvement for 33 epochs
2025-02-25 03:28:39 - INFO - [Train] Epoch 00055 | train_loss 14.7305 | train_rmse 4.9512 | lr 0.010000
2025-02-25 03:28:39 - INFO - [Validate] Epoch 00055 | valid_rmse 4.9226 | valid_pr 0.9729 | valid_criterion 7.8373 | score 0.2163
2025-02-25 03:28:39 - INFO - No improvement for 34 epochs
2025-02-25 03:29:20 - INFO - [Train] Epoch 00056 | train_loss 13.7665 | train_rmse 4.8022 | lr 0.010000
2025-02-25 03:29:20 - INFO - [Validate] Epoch 00056 | valid_rmse 8.8581 | valid_pr 0.9654 | valid_criterion 11.0244 | score -0.1024
2025-02-25 03:29:20 - INFO - No improvement for 35 epochs
2025-02-25 03:29:32 - INFO - [Train] Epoch 00057 | train_loss 13.6795 | train_rmse 4.7655 | lr 0.010000
2025-02-25 03:29:32 - INFO - [Validate] Epoch 00057 | valid_rmse 6.1051 | valid_pr 0.9714 | valid_criterion 7.6126 | score 0.2387
2025-02-25 03:29:32 - INFO - No improvement for 36 epochs
2025-02-25 03:29:44 - INFO - [Train] Epoch 00058 | train_loss 13.3351 | train_rmse 4.6780 | lr 0.010000
2025-02-25 03:29:44 - INFO - [Validate] Epoch 00058 | valid_rmse 5.0880 | valid_pr 0.9689 | valid_criterion 7.6645 | score 0.2336
2025-02-25 03:29:44 - INFO - No improvement for 37 epochs
2025-02-25 03:30:23 - INFO - [Train] Epoch 00059 | train_loss 14.1143 | train_rmse 4.8115 | lr 0.010000
2025-02-25 03:30:23 - INFO - [Validate] Epoch 00059 | valid_rmse 4.7927 | valid_pr 0.9742 | valid_criterion 8.0680 | score 0.1932
2025-02-25 03:30:23 - INFO - No improvement for 38 epochs
2025-02-25 03:30:35 - INFO - [Train] Epoch 00060 | train_loss 14.0865 | train_rmse 4.8576 | lr 0.010000
2025-02-25 03:30:35 - INFO - [Validate] Epoch 00060 | valid_rmse 5.4875 | valid_pr 0.9658 | valid_criterion 8.0984 | score 0.1902
2025-02-25 03:30:35 - INFO - No improvement for 39 epochs
2025-02-25 03:31:17 - INFO - [Train] Epoch 00061 | train_loss 13.2976 | train_rmse 4.7029 | lr 0.010000
2025-02-25 03:31:17 - INFO - [Validate] Epoch 00061 | valid_rmse 5.7532 | valid_pr 0.9583 | valid_criterion 9.3183 | score 0.0682
2025-02-25 03:31:17 - INFO - No improvement for 40 epochs
2025-02-25 03:31:29 - INFO - [Train] Epoch 00062 | train_loss 13.2448 | train_rmse 4.5956 | lr 0.010000
2025-02-25 03:31:29 - INFO - [Validate] Epoch 00062 | valid_rmse 5.4820 | valid_pr 0.9698 | valid_criterion 7.9737 | score 0.2026
2025-02-25 03:31:29 - INFO - No improvement for 41 epochs
2025-02-25 03:31:41 - INFO - [Train] Epoch 00063 | train_loss 14.2705 | train_rmse 4.8719 | lr 0.010000
2025-02-25 03:31:41 - INFO - [Validate] Epoch 00063 | valid_rmse 5.8510 | valid_pr 0.9681 | valid_criterion 8.8805 | score 0.1120
2025-02-25 03:31:41 - INFO - No improvement for 42 epochs
2025-02-25 03:32:20 - INFO - [Train] Epoch 00064 | train_loss 16.3895 | train_rmse 5.3202 | lr 0.010000
2025-02-25 03:32:20 - INFO - [Validate] Epoch 00064 | valid_rmse 5.9215 | valid_pr 0.9660 | valid_criterion 8.3049 | score 0.1695
2025-02-25 03:32:20 - INFO - No improvement for 43 epochs
2025-02-25 03:32:32 - INFO - [Train] Epoch 00065 | train_loss 15.3457 | train_rmse 5.1387 | lr 0.010000
2025-02-25 03:32:32 - INFO - [Validate] Epoch 00065 | valid_rmse 4.7687 | valid_pr 0.9739 | valid_criterion 7.4044 | score 0.2596
2025-02-25 03:32:32 - INFO - No improvement for 44 epochs
2025-02-25 03:32:45 - INFO - [Train] Epoch 00066 | train_loss 13.7817 | train_rmse 4.8287 | lr 0.010000
2025-02-25 03:32:45 - INFO - [Validate] Epoch 00066 | valid_rmse 5.3370 | valid_pr 0.9719 | valid_criterion 7.6215 | score 0.2379
2025-02-25 03:32:45 - INFO - No improvement for 45 epochs
2025-02-25 03:33:25 - INFO - [Train] Epoch 00067 | train_loss 14.0564 | train_rmse 4.8319 | lr 0.010000
2025-02-25 03:33:25 - INFO - [Validate] Epoch 00067 | valid_rmse 6.2909 | valid_pr 0.9685 | valid_criterion 8.2291 | score 0.1771
2025-02-25 03:33:25 - INFO - No improvement for 46 epochs
2025-02-25 03:33:37 - INFO - [Train] Epoch 00068 | train_loss 13.5349 | train_rmse 4.7685 | lr 0.010000
2025-02-25 03:33:37 - INFO - [Validate] Epoch 00068 | valid_rmse 4.8769 | valid_pr 0.9727 | valid_criterion 7.3983 | score 0.2602
2025-02-25 03:33:37 - INFO - No improvement for 47 epochs
2025-02-25 03:34:18 - INFO - [Train] Epoch 00069 | train_loss 12.4590 | train_rmse 4.4785 | lr 0.010000
2025-02-25 03:34:18 - INFO - [Validate] Epoch 00069 | valid_rmse 5.4473 | valid_pr 0.9691 | valid_criterion 7.9452 | score 0.2055
2025-02-25 03:34:18 - INFO - No improvement for 48 epochs
2025-02-25 03:34:30 - INFO - [Train] Epoch 00070 | train_loss 13.8815 | train_rmse 4.8329 | lr 0.010000
2025-02-25 03:34:30 - INFO - [Validate] Epoch 00070 | valid_rmse 5.0397 | valid_pr 0.9717 | valid_criterion 7.5341 | score 0.2466
2025-02-25 03:34:30 - INFO - No improvement for 49 epochs
2025-02-25 03:34:42 - INFO - [Train] Epoch 00071 | train_loss 13.6998 | train_rmse 4.7651 | lr 0.010000
2025-02-25 03:34:42 - INFO - [Validate] Epoch 00071 | valid_rmse 8.4373 | valid_pr 0.9712 | valid_criterion 11.9235 | score -0.1923
2025-02-25 03:34:42 - INFO - No improvement for 50 epochs
2025-02-25 03:35:21 - INFO - [Train] Epoch 00072 | train_loss 15.1895 | train_rmse 5.1182 | lr 0.010000
2025-02-25 03:35:21 - INFO - [Validate] Epoch 00072 | valid_rmse 5.8930 | valid_pr 0.9714 | valid_criterion 7.6491 | score 0.2351
2025-02-25 03:35:21 - INFO - No improvement for 51 epochs
2025-02-25 03:35:33 - INFO - [Train] Epoch 00073 | train_loss 13.3480 | train_rmse 4.6720 | lr 0.010000
2025-02-25 03:35:33 - INFO - [Validate] Epoch 00073 | valid_rmse 5.1655 | valid_pr 0.9690 | valid_criterion 8.6847 | score 0.1315
2025-02-25 03:35:33 - INFO - No improvement for 52 epochs
2025-02-25 03:36:16 - INFO - [Train] Epoch 00074 | train_loss 14.4529 | train_rmse 4.9577 | lr 0.010000
2025-02-25 03:36:16 - INFO - [Validate] Epoch 00074 | valid_rmse 5.6553 | valid_pr 0.9705 | valid_criterion 7.8688 | score 0.2131
2025-02-25 03:36:16 - INFO - No improvement for 53 epochs
2025-02-25 03:36:28 - INFO - [Train] Epoch 00075 | train_loss 14.5335 | train_rmse 4.9679 | lr 0.010000
2025-02-25 03:36:28 - INFO - [Validate] Epoch 00075 | valid_rmse 4.6959 | valid_pr 0.9731 | valid_criterion 7.0986 | score 0.2901
2025-02-25 03:36:28 - INFO - [Validate] Best score achieved: 0.290137
2025-02-25 03:36:39 - INFO - [Train] Epoch 00076 | train_loss 14.0881 | train_rmse 4.8571 | lr 0.010000
2025-02-25 03:36:39 - INFO - [Validate] Epoch 00076 | valid_rmse 5.7805 | valid_pr 0.9728 | valid_criterion 8.5903 | score 0.1410
2025-02-25 03:36:39 - INFO - No improvement for 1 epochs
2025-02-25 03:37:19 - INFO - [Train] Epoch 00077 | train_loss 13.8795 | train_rmse 4.8209 | lr 0.010000
2025-02-25 03:37:19 - INFO - [Validate] Epoch 00077 | valid_rmse 4.8955 | valid_pr 0.9749 | valid_criterion 7.1208 | score 0.2879
2025-02-25 03:37:19 - INFO - No improvement for 2 epochs
2025-02-25 03:37:31 - INFO - [Train] Epoch 00078 | train_loss 12.8282 | train_rmse 4.5979 | lr 0.010000
2025-02-25 03:37:31 - INFO - [Validate] Epoch 00078 | valid_rmse 5.3422 | valid_pr 0.9710 | valid_criterion 7.8552 | score 0.2145
2025-02-25 03:37:31 - INFO - No improvement for 3 epochs
2025-02-25 03:37:43 - INFO - [Train] Epoch 00079 | train_loss 13.7479 | train_rmse 4.7791 | lr 0.010000
2025-02-25 03:37:43 - INFO - [Validate] Epoch 00079 | valid_rmse 5.5343 | valid_pr 0.9713 | valid_criterion 7.6700 | score 0.2330
2025-02-25 03:37:43 - INFO - No improvement for 4 epochs
2025-02-25 03:37:55 - INFO - [Train] Epoch 00080 | train_loss 13.3597 | train_rmse 4.7158 | lr 0.010000
2025-02-25 03:37:55 - INFO - [Validate] Epoch 00080 | valid_rmse 4.8756 | valid_pr 0.9690 | valid_criterion 7.7338 | score 0.2266
2025-02-25 03:37:55 - INFO - No improvement for 5 epochs
2025-02-25 03:38:07 - INFO - [Train] Epoch 00081 | train_loss 15.5706 | train_rmse 5.1256 | lr 0.010000
2025-02-25 03:38:07 - INFO - [Validate] Epoch 00081 | valid_rmse 7.6606 | valid_pr 0.9555 | valid_criterion 9.2823 | score 0.0718
2025-02-25 03:38:07 - INFO - No improvement for 6 epochs
2025-02-25 03:38:19 - INFO - [Train] Epoch 00082 | train_loss 13.9876 | train_rmse 4.8028 | lr 0.010000
2025-02-25 03:38:19 - INFO - [Validate] Epoch 00082 | valid_rmse 5.7587 | valid_pr 0.9665 | valid_criterion 8.0958 | score 0.1904
2025-02-25 03:38:19 - INFO - No improvement for 7 epochs
2025-02-25 03:38:30 - INFO - [Train] Epoch 00083 | train_loss 14.9909 | train_rmse 5.0199 | lr 0.010000
2025-02-25 03:38:30 - INFO - [Validate] Epoch 00083 | valid_rmse 4.7329 | valid_pr 0.9740 | valid_criterion 7.3998 | score 0.2600
2025-02-25 03:38:30 - INFO - No improvement for 8 epochs
2025-02-25 03:38:43 - INFO - [Train] Epoch 00084 | train_loss 13.6868 | train_rmse 4.7431 | lr 0.010000
2025-02-25 03:38:43 - INFO - [Validate] Epoch 00084 | valid_rmse 5.5565 | valid_pr 0.9679 | valid_criterion 7.6214 | score 0.2379
2025-02-25 03:38:43 - INFO - No improvement for 9 epochs
2025-02-25 03:38:55 - INFO - [Train] Epoch 00085 | train_loss 12.8818 | train_rmse 4.5047 | lr 0.010000
2025-02-25 03:38:55 - INFO - [Validate] Epoch 00085 | valid_rmse 5.8757 | valid_pr 0.9685 | valid_criterion 8.1374 | score 0.1863
2025-02-25 03:38:55 - INFO - No improvement for 10 epochs
2025-02-25 03:39:26 - INFO - [Train] Epoch 00086 | train_loss 13.0347 | train_rmse 4.5496 | lr 0.010000
2025-02-25 03:39:26 - INFO - [Validate] Epoch 00086 | valid_rmse 6.4912 | valid_pr 0.9738 | valid_criterion 7.6419 | score 0.2358
2025-02-25 03:39:26 - INFO - No improvement for 11 epochs
2025-02-25 03:39:38 - INFO - [Train] Epoch 00087 | train_loss 14.2899 | train_rmse 4.9185 | lr 0.010000
2025-02-25 03:39:38 - INFO - [Validate] Epoch 00087 | valid_rmse 5.2615 | valid_pr 0.9721 | valid_criterion 7.5833 | score 0.2417
2025-02-25 03:39:38 - INFO - No improvement for 12 epochs
2025-02-25 03:39:53 - INFO - [Train] Epoch 00088 | train_loss 13.3522 | train_rmse 4.6783 | lr 0.010000
2025-02-25 03:39:53 - INFO - [Validate] Epoch 00088 | valid_rmse 5.5660 | valid_pr 0.9704 | valid_criterion 7.9207 | score 0.2079
2025-02-25 03:39:53 - INFO - No improvement for 13 epochs
2025-02-25 03:40:05 - INFO - [Train] Epoch 00089 | train_loss 14.1450 | train_rmse 4.8998 | lr 0.010000
2025-02-25 03:40:05 - INFO - [Validate] Epoch 00089 | valid_rmse 5.4628 | valid_pr 0.9688 | valid_criterion 8.5921 | score 0.1408
2025-02-25 03:40:05 - INFO - No improvement for 14 epochs
2025-02-25 03:40:17 - INFO - [Train] Epoch 00090 | train_loss 13.1298 | train_rmse 4.6625 | lr 0.010000
2025-02-25 03:40:17 - INFO - [Validate] Epoch 00090 | valid_rmse 5.5194 | valid_pr 0.9703 | valid_criterion 7.7959 | score 0.2204
2025-02-25 03:40:17 - INFO - No improvement for 15 epochs
2025-02-25 03:40:29 - INFO - [Train] Epoch 00091 | train_loss 13.5189 | train_rmse 4.7161 | lr 0.010000
2025-02-25 03:40:29 - INFO - [Validate] Epoch 00091 | valid_rmse 6.5501 | valid_pr 0.9680 | valid_criterion 8.4780 | score 0.1522
2025-02-25 03:40:29 - INFO - No improvement for 16 epochs
2025-02-25 03:40:41 - INFO - [Train] Epoch 00092 | train_loss 12.4731 | train_rmse 4.5141 | lr 0.010000
2025-02-25 03:40:41 - INFO - [Validate] Epoch 00092 | valid_rmse 5.8996 | valid_pr 0.9691 | valid_criterion 7.9009 | score 0.2099
2025-02-25 03:40:41 - INFO - No improvement for 17 epochs
2025-02-25 03:40:53 - INFO - [Train] Epoch 00093 | train_loss 11.8060 | train_rmse 4.3509 | lr 0.010000
2025-02-25 03:40:53 - INFO - [Validate] Epoch 00093 | valid_rmse 5.4246 | valid_pr 0.9693 | valid_criterion 8.1192 | score 0.1881
2025-02-25 03:40:53 - INFO - No improvement for 18 epochs
2025-02-25 03:41:06 - INFO - [Train] Epoch 00094 | train_loss 14.8614 | train_rmse 4.9654 | lr 0.010000
2025-02-25 03:41:06 - INFO - [Validate] Epoch 00094 | valid_rmse 5.1143 | valid_pr 0.9721 | valid_criterion 7.7712 | score 0.2229
2025-02-25 03:41:06 - INFO - No improvement for 19 epochs
2025-02-25 03:41:18 - INFO - [Train] Epoch 00095 | train_loss 14.4337 | train_rmse 4.9603 | lr 0.010000
2025-02-25 03:41:18 - INFO - [Validate] Epoch 00095 | valid_rmse 5.0046 | valid_pr 0.9734 | valid_criterion 7.5484 | score 0.2452
2025-02-25 03:41:18 - INFO - No improvement for 20 epochs
2025-02-25 03:41:30 - INFO - [Train] Epoch 00096 | train_loss 13.5105 | train_rmse 4.7241 | lr 0.002000
2025-02-25 03:41:30 - INFO - [Validate] Epoch 00096 | valid_rmse 5.0364 | valid_pr 0.9729 | valid_criterion 7.5134 | score 0.2487
2025-02-25 03:41:30 - INFO - No improvement for 21 epochs
2025-02-25 03:41:42 - INFO - [Train] Epoch 00097 | train_loss 13.2001 | train_rmse 4.6600 | lr 0.002000
2025-02-25 03:41:42 - INFO - [Validate] Epoch 00097 | valid_rmse 4.9007 | valid_pr 0.9726 | valid_criterion 7.6731 | score 0.2327
2025-02-25 03:41:42 - INFO - No improvement for 22 epochs
2025-02-25 03:41:54 - INFO - [Train] Epoch 00098 | train_loss 12.3349 | train_rmse 4.4466 | lr 0.002000
2025-02-25 03:41:54 - INFO - [Validate] Epoch 00098 | valid_rmse 4.7843 | valid_pr 0.9744 | valid_criterion 7.4556 | score 0.2544
2025-02-25 03:41:54 - INFO - No improvement for 23 epochs
2025-02-25 03:42:06 - INFO - [Train] Epoch 00099 | train_loss 10.8378 | train_rmse 4.1404 | lr 0.002000
2025-02-25 03:42:06 - INFO - [Validate] Epoch 00099 | valid_rmse 5.0615 | valid_pr 0.9742 | valid_criterion 7.4674 | score 0.2533
2025-02-25 03:42:06 - INFO - No improvement for 24 epochs
2025-02-25 03:42:19 - INFO - [Train] Epoch 00100 | train_loss 10.2163 | train_rmse 4.0165 | lr 0.002000
2025-02-25 03:42:19 - INFO - [Validate] Epoch 00100 | valid_rmse 5.0106 | valid_pr 0.9731 | valid_criterion 7.6825 | score 0.2317
2025-02-25 03:42:19 - INFO - No improvement for 25 epochs
2025-02-25 03:42:31 - INFO - [Train] Epoch 00101 | train_loss 10.8541 | train_rmse 4.1519 | lr 0.002000
2025-02-25 03:42:31 - INFO - [Validate] Epoch 00101 | valid_rmse 4.7521 | valid_pr 0.9745 | valid_criterion 7.2747 | score 0.2725
2025-02-25 03:42:31 - INFO - No improvement for 26 epochs
2025-02-25 03:42:43 - INFO - [Train] Epoch 00102 | train_loss 11.1226 | train_rmse 4.2536 | lr 0.002000
2025-02-25 03:42:43 - INFO - [Validate] Epoch 00102 | valid_rmse 4.9542 | valid_pr 0.9746 | valid_criterion 7.3636 | score 0.2636
2025-02-25 03:42:43 - INFO - No improvement for 27 epochs
2025-02-25 03:43:16 - INFO - [Train] Epoch 00103 | train_loss 10.7484 | train_rmse 4.1389 | lr 0.002000
2025-02-25 03:43:16 - INFO - [Validate] Epoch 00103 | valid_rmse 5.1459 | valid_pr 0.9728 | valid_criterion 7.6247 | score 0.2375
2025-02-25 03:43:16 - INFO - No improvement for 28 epochs
2025-02-25 03:43:29 - INFO - [Train] Epoch 00104 | train_loss 12.1260 | train_rmse 4.5231 | lr 0.002000
2025-02-25 03:43:29 - INFO - [Validate] Epoch 00104 | valid_rmse 5.5384 | valid_pr 0.9726 | valid_criterion 7.5253 | score 0.2475
2025-02-25 03:43:29 - INFO - No improvement for 29 epochs
2025-02-25 03:43:41 - INFO - [Train] Epoch 00105 | train_loss 11.4227 | train_rmse 4.3269 | lr 0.002000
2025-02-25 03:43:41 - INFO - [Validate] Epoch 00105 | valid_rmse 5.3713 | valid_pr 0.9730 | valid_criterion 7.6435 | score 0.2357
2025-02-25 03:43:41 - INFO - No improvement for 30 epochs
2025-02-25 03:43:53 - INFO - [Train] Epoch 00106 | train_loss 11.5356 | train_rmse 4.4442 | lr 0.002000
2025-02-25 03:43:53 - INFO - [Validate] Epoch 00106 | valid_rmse 5.3153 | valid_pr 0.9710 | valid_criterion 7.7306 | score 0.2269
2025-02-25 03:43:53 - INFO - No improvement for 31 epochs
2025-02-25 03:44:05 - INFO - [Train] Epoch 00107 | train_loss 10.7577 | train_rmse 4.2177 | lr 0.002000
2025-02-25 03:44:05 - INFO - [Validate] Epoch 00107 | valid_rmse 4.8783 | valid_pr 0.9735 | valid_criterion 7.4999 | score 0.2500
2025-02-25 03:44:05 - INFO - No improvement for 32 epochs
2025-02-25 03:44:17 - INFO - [Train] Epoch 00108 | train_loss 10.1164 | train_rmse 4.0617 | lr 0.002000
2025-02-25 03:44:17 - INFO - [Validate] Epoch 00108 | valid_rmse 4.7860 | valid_pr 0.9751 | valid_criterion 7.1969 | score 0.2803
2025-02-25 03:44:17 - INFO - No improvement for 33 epochs
2025-02-25 03:44:29 - INFO - [Train] Epoch 00109 | train_loss 12.0939 | train_rmse 4.5637 | lr 0.002000
2025-02-25 03:44:29 - INFO - [Validate] Epoch 00109 | valid_rmse 5.1437 | valid_pr 0.9738 | valid_criterion 7.5887 | score 0.2411
2025-02-25 03:44:29 - INFO - No improvement for 34 epochs
2025-02-25 03:44:41 - INFO - [Train] Epoch 00110 | train_loss 9.8443 | train_rmse 4.0114 | lr 0.002000
2025-02-25 03:44:41 - INFO - [Validate] Epoch 00110 | valid_rmse 5.3608 | valid_pr 0.9713 | valid_criterion 7.7464 | score 0.2254
2025-02-25 03:44:41 - INFO - No improvement for 35 epochs
2025-02-25 03:44:53 - INFO - [Train] Epoch 00111 | train_loss 11.6732 | train_rmse 4.4818 | lr 0.002000
2025-02-25 03:44:53 - INFO - [Validate] Epoch 00111 | valid_rmse 4.8962 | valid_pr 0.9725 | valid_criterion 7.6100 | score 0.2390
2025-02-25 03:44:53 - INFO - No improvement for 36 epochs
2025-02-25 03:45:19 - INFO - [Train] Epoch 00112 | train_loss 11.2264 | train_rmse 4.4023 | lr 0.002000
2025-02-25 03:45:19 - INFO - [Validate] Epoch 00112 | valid_rmse 5.1474 | valid_pr 0.9724 | valid_criterion 7.7791 | score 0.2221
2025-02-25 03:45:19 - INFO - No improvement for 37 epochs
2025-02-25 03:45:31 - INFO - [Train] Epoch 00113 | train_loss 11.4001 | train_rmse 4.4485 | lr 0.002000
2025-02-25 03:45:31 - INFO - [Validate] Epoch 00113 | valid_rmse 4.8395 | valid_pr 0.9741 | valid_criterion 7.3236 | score 0.2676
2025-02-25 03:45:31 - INFO - No improvement for 38 epochs
2025-02-25 03:45:44 - INFO - [Train] Epoch 00114 | train_loss 11.7493 | train_rmse 4.4692 | lr 0.002000
2025-02-25 03:45:44 - INFO - [Validate] Epoch 00114 | valid_rmse 5.0502 | valid_pr 0.9732 | valid_criterion 7.4448 | score 0.2555
2025-02-25 03:45:44 - INFO - No improvement for 39 epochs
2025-02-25 03:46:22 - INFO - [Train] Epoch 00115 | train_loss 10.6859 | train_rmse 4.1974 | lr 0.002000
2025-02-25 03:46:22 - INFO - [Validate] Epoch 00115 | valid_rmse 6.0177 | valid_pr 0.9726 | valid_criterion 7.9976 | score 0.2002
2025-02-25 03:46:22 - INFO - No improvement for 40 epochs
2025-02-25 03:46:34 - INFO - [Train] Epoch 00116 | train_loss 10.8891 | train_rmse 4.3167 | lr 0.002000
2025-02-25 03:46:34 - INFO - [Validate] Epoch 00116 | valid_rmse 4.9691 | valid_pr 0.9736 | valid_criterion 7.6127 | score 0.2387
2025-02-25 03:46:34 - INFO - No improvement for 41 epochs
2025-02-25 03:46:46 - INFO - [Train] Epoch 00117 | train_loss 10.0408 | train_rmse 4.0676 | lr 0.000400
2025-02-25 03:46:46 - INFO - [Validate] Epoch 00117 | valid_rmse 4.9559 | valid_pr 0.9719 | valid_criterion 7.8218 | score 0.2178
2025-02-25 03:46:46 - INFO - No improvement for 42 epochs
2025-02-25 03:46:58 - INFO - [Train] Epoch 00118 | train_loss 9.9855 | train_rmse 4.0814 | lr 0.000400
2025-02-25 03:46:58 - INFO - [Validate] Epoch 00118 | valid_rmse 5.6119 | valid_pr 0.9722 | valid_criterion 7.9580 | score 0.2042
2025-02-25 03:46:58 - INFO - No improvement for 43 epochs
2025-02-25 03:47:10 - INFO - [Train] Epoch 00119 | train_loss 8.8729 | train_rmse 3.8072 | lr 0.000400
2025-02-25 03:47:10 - INFO - [Validate] Epoch 00119 | valid_rmse 5.3308 | valid_pr 0.9725 | valid_criterion 7.7059 | score 0.2294
2025-02-25 03:47:10 - INFO - No improvement for 44 epochs
2025-02-25 03:47:22 - INFO - [Train] Epoch 00120 | train_loss 10.5301 | train_rmse 4.2852 | lr 0.000400
2025-02-25 03:47:22 - INFO - [Validate] Epoch 00120 | valid_rmse 4.9537 | valid_pr 0.9730 | valid_criterion 7.5795 | score 0.2421
2025-02-25 03:47:22 - INFO - No improvement for 45 epochs
2025-02-25 03:47:34 - INFO - [Train] Epoch 00121 | train_loss 11.5422 | train_rmse 4.5092 | lr 0.000400
2025-02-25 03:47:34 - INFO - [Validate] Epoch 00121 | valid_rmse 5.3411 | valid_pr 0.9723 | valid_criterion 7.7111 | score 0.2289
2025-02-25 03:47:34 - INFO - No improvement for 46 epochs
2025-02-25 03:47:46 - INFO - [Train] Epoch 00122 | train_loss 11.0399 | train_rmse 4.3763 | lr 0.000400
2025-02-25 03:47:46 - INFO - [Validate] Epoch 00122 | valid_rmse 5.2244 | valid_pr 0.9734 | valid_criterion 7.6098 | score 0.2390
2025-02-25 03:47:46 - INFO - No improvement for 47 epochs
2025-02-25 03:48:19 - INFO - [Train] Epoch 00123 | train_loss 9.1738 | train_rmse 3.8609 | lr 0.000400
2025-02-25 03:48:19 - INFO - [Validate] Epoch 00123 | valid_rmse 4.9880 | valid_pr 0.9729 | valid_criterion 7.6680 | score 0.2332
2025-02-25 03:48:19 - INFO - No improvement for 48 epochs
2025-02-25 03:48:31 - INFO - [Train] Epoch 00124 | train_loss 9.6850 | train_rmse 4.0425 | lr 0.000400
2025-02-25 03:48:31 - INFO - [Validate] Epoch 00124 | valid_rmse 5.5883 | valid_pr 0.9727 | valid_criterion 7.7095 | score 0.2291
2025-02-25 03:48:31 - INFO - No improvement for 49 epochs
2025-02-25 03:48:43 - INFO - [Train] Epoch 00125 | train_loss 9.2496 | train_rmse 3.9516 | lr 0.000400
2025-02-25 03:48:43 - INFO - [Validate] Epoch 00125 | valid_rmse 5.3188 | valid_pr 0.9727 | valid_criterion 7.6770 | score 0.2323
2025-02-25 03:48:43 - INFO - No improvement for 50 epochs
2025-02-25 03:49:23 - INFO - [Train] Epoch 00126 | train_loss 9.2333 | train_rmse 3.9188 | lr 0.000400
2025-02-25 03:49:23 - INFO - [Validate] Epoch 00126 | valid_rmse 5.5987 | valid_pr 0.9722 | valid_criterion 7.9153 | score 0.2085
2025-02-25 03:49:23 - INFO - No improvement for 51 epochs
2025-02-25 03:49:35 - INFO - [Train] Epoch 00127 | train_loss 9.9888 | train_rmse 4.1657 | lr 0.000400
2025-02-25 03:49:35 - INFO - [Validate] Epoch 00127 | valid_rmse 5.7061 | valid_pr 0.9727 | valid_criterion 7.9291 | score 0.2071
2025-02-25 03:49:35 - INFO - No improvement for 52 epochs
2025-02-25 03:50:17 - INFO - [Train] Epoch 00128 | train_loss 9.3193 | train_rmse 3.9937 | lr 0.000400
2025-02-25 03:50:17 - INFO - [Validate] Epoch 00128 | valid_rmse 5.1743 | valid_pr 0.9722 | valid_criterion 7.6905 | score 0.2310
2025-02-25 03:50:17 - INFO - No improvement for 53 epochs
2025-02-25 03:50:29 - INFO - [Train] Epoch 00129 | train_loss 10.2882 | train_rmse 4.1697 | lr 0.000400
2025-02-25 03:50:29 - INFO - [Validate] Epoch 00129 | valid_rmse 5.5598 | valid_pr 0.9734 | valid_criterion 7.7190 | score 0.2281
2025-02-25 03:50:29 - INFO - No improvement for 54 epochs
2025-02-25 03:50:41 - INFO - [Train] Epoch 00130 | train_loss 10.3743 | train_rmse 4.1776 | lr 0.000400
2025-02-25 03:50:41 - INFO - [Validate] Epoch 00130 | valid_rmse 5.1027 | valid_pr 0.9728 | valid_criterion 7.5817 | score 0.2418
2025-02-25 03:50:41 - INFO - No improvement for 55 epochs
2025-02-25 03:50:58 - INFO - [Train] Epoch 00131 | train_loss 8.8759 | train_rmse 3.8368 | lr 0.000400
2025-02-25 03:50:58 - INFO - [Validate] Epoch 00131 | valid_rmse 5.2971 | valid_pr 0.9731 | valid_criterion 7.6319 | score 0.2368
2025-02-25 03:50:58 - INFO - No improvement for 56 epochs
2025-02-25 03:51:10 - INFO - [Train] Epoch 00132 | train_loss 9.9908 | train_rmse 4.1462 | lr 0.000400
2025-02-25 03:51:10 - INFO - [Validate] Epoch 00132 | valid_rmse 4.9427 | valid_pr 0.9724 | valid_criterion 7.6766 | score 0.2323
2025-02-25 03:51:10 - INFO - No improvement for 57 epochs
2025-02-25 03:51:22 - INFO - [Train] Epoch 00133 | train_loss 9.2589 | train_rmse 3.9784 | lr 0.000400
2025-02-25 03:51:22 - INFO - [Validate] Epoch 00133 | valid_rmse 5.0015 | valid_pr 0.9727 | valid_criterion 7.5937 | score 0.2406
2025-02-25 03:51:22 - INFO - No improvement for 58 epochs
2025-02-25 03:51:34 - INFO - [Train] Epoch 00134 | train_loss 10.4086 | train_rmse 4.2716 | lr 0.000400
2025-02-25 03:51:34 - INFO - [Validate] Epoch 00134 | valid_rmse 5.5438 | valid_pr 0.9723 | valid_criterion 7.7356 | score 0.2264
2025-02-25 03:51:34 - INFO - No improvement for 59 epochs
2025-02-25 03:51:46 - INFO - [Train] Epoch 00135 | train_loss 9.1057 | train_rmse 4.0220 | lr 0.000400
2025-02-25 03:51:46 - INFO - [Validate] Epoch 00135 | valid_rmse 5.6685 | valid_pr 0.9725 | valid_criterion 7.7083 | score 0.2292
2025-02-25 03:51:46 - INFO - No improvement for 60 epochs
2025-02-25 03:51:58 - INFO - [Train] Epoch 00136 | train_loss 9.5670 | train_rmse 4.0906 | lr 0.000400
2025-02-25 03:51:58 - INFO - [Validate] Epoch 00136 | valid_rmse 5.2202 | valid_pr 0.9737 | valid_criterion 7.5007 | score 0.2499
2025-02-25 03:51:58 - INFO - No improvement for 61 epochs
2025-02-25 03:52:10 - INFO - [Train] Epoch 00137 | train_loss 8.1085 | train_rmse 3.7030 | lr 0.000400
2025-02-25 03:52:10 - INFO - [Validate] Epoch 00137 | valid_rmse 5.3458 | valid_pr 0.9725 | valid_criterion 7.6714 | score 0.2329
2025-02-25 03:52:10 - INFO - No improvement for 62 epochs
2025-02-25 03:52:22 - INFO - [Train] Epoch 00138 | train_loss 10.1249 | train_rmse 4.2648 | lr 0.000080
2025-02-25 03:52:22 - INFO - [Validate] Epoch 00138 | valid_rmse 5.1036 | valid_pr 0.9732 | valid_criterion 7.5102 | score 0.2490
2025-02-25 03:52:22 - INFO - No improvement for 63 epochs
2025-02-25 03:52:34 - INFO - [Train] Epoch 00139 | train_loss 10.0074 | train_rmse 4.2648 | lr 0.000080
2025-02-25 03:52:34 - INFO - [Validate] Epoch 00139 | valid_rmse 5.0663 | valid_pr 0.9729 | valid_criterion 7.5703 | score 0.2430
2025-02-25 03:52:34 - INFO - No improvement for 64 epochs
2025-02-25 03:52:46 - INFO - [Train] Epoch 00140 | train_loss 9.4502 | train_rmse 4.0851 | lr 0.000080
2025-02-25 03:52:46 - INFO - [Validate] Epoch 00140 | valid_rmse 5.6817 | valid_pr 0.9728 | valid_criterion 8.0467 | score 0.1953
2025-02-25 03:52:46 - INFO - No improvement for 65 epochs
2025-02-25 03:52:58 - INFO - [Train] Epoch 00141 | train_loss 10.3515 | train_rmse 4.3680 | lr 0.000080
2025-02-25 03:52:58 - INFO - [Validate] Epoch 00141 | valid_rmse 5.5994 | valid_pr 0.9732 | valid_criterion 7.7007 | score 0.2299
2025-02-25 03:52:58 - INFO - No improvement for 66 epochs
2025-02-25 03:53:10 - INFO - [Train] Epoch 00142 | train_loss 10.5614 | train_rmse 4.4620 | lr 0.000080
2025-02-25 03:53:10 - INFO - [Validate] Epoch 00142 | valid_rmse 5.5759 | valid_pr 0.9724 | valid_criterion 7.6782 | score 0.2322
2025-02-25 03:53:10 - INFO - No improvement for 67 epochs
2025-02-25 03:53:22 - INFO - [Train] Epoch 00143 | train_loss 8.8571 | train_rmse 4.0210 | lr 0.000080
2025-02-25 03:53:22 - INFO - [Validate] Epoch 00143 | valid_rmse 5.3243 | valid_pr 0.9725 | valid_criterion 7.6105 | score 0.2390
2025-02-25 03:53:22 - INFO - No improvement for 68 epochs
2025-02-25 03:53:34 - INFO - [Train] Epoch 00144 | train_loss 9.1974 | train_rmse 4.1117 | lr 0.000080
2025-02-25 03:53:34 - INFO - [Validate] Epoch 00144 | valid_rmse 5.1954 | valid_pr 0.9728 | valid_criterion 7.6945 | score 0.2306
2025-02-25 03:53:34 - INFO - No improvement for 69 epochs
2025-02-25 03:53:46 - INFO - [Train] Epoch 00145 | train_loss 9.3126 | train_rmse 4.0629 | lr 0.000080
2025-02-25 03:53:46 - INFO - [Validate] Epoch 00145 | valid_rmse 5.2628 | valid_pr 0.9725 | valid_criterion 7.7095 | score 0.2290
2025-02-25 03:53:46 - INFO - No improvement for 70 epochs
2025-02-25 03:53:58 - INFO - [Train] Epoch 00146 | train_loss 9.2454 | train_rmse 4.1574 | lr 0.000080
2025-02-25 03:53:58 - INFO - [Validate] Epoch 00146 | valid_rmse 5.2236 | valid_pr 0.9726 | valid_criterion 7.5760 | score 0.2424
2025-02-25 03:53:58 - INFO - No improvement for 71 epochs
2025-02-25 03:54:10 - INFO - [Train] Epoch 00147 | train_loss 8.6086 | train_rmse 3.9067 | lr 0.000080
2025-02-25 03:54:10 - INFO - [Validate] Epoch 00147 | valid_rmse 5.0917 | valid_pr 0.9729 | valid_criterion 7.5574 | score 0.2443
2025-02-25 03:54:10 - INFO - No improvement for 72 epochs
2025-02-25 03:54:22 - INFO - [Train] Epoch 00148 | train_loss 9.7350 | train_rmse 4.2248 | lr 0.000080
2025-02-25 03:54:22 - INFO - [Validate] Epoch 00148 | valid_rmse 5.3386 | valid_pr 0.9727 | valid_criterion 7.6007 | score 0.2399
2025-02-25 03:54:22 - INFO - No improvement for 73 epochs
2025-02-25 03:54:34 - INFO - [Train] Epoch 00149 | train_loss 9.6036 | train_rmse 4.2264 | lr 0.000080
2025-02-25 03:54:34 - INFO - [Validate] Epoch 00149 | valid_rmse 5.7933 | valid_pr 0.9725 | valid_criterion 7.7817 | score 0.2218
2025-02-25 03:54:34 - INFO - No improvement for 74 epochs
2025-02-25 03:54:46 - INFO - [Train] Epoch 00150 | train_loss 9.4334 | train_rmse 4.2022 | lr 0.000080
2025-02-25 03:54:46 - INFO - [Validate] Epoch 00150 | valid_rmse 6.0188 | valid_pr 0.9725 | valid_criterion 7.7709 | score 0.2229
2025-02-25 03:54:46 - INFO - No improvement for 75 epochs
2025-02-25 03:55:19 - INFO - [Train] Epoch 00151 | train_loss 8.6444 | train_rmse 4.0514 | lr 0.000080
2025-02-25 03:55:19 - INFO - [Validate] Epoch 00151 | valid_rmse 5.3173 | valid_pr 0.9727 | valid_criterion 7.6575 | score 0.2342
2025-02-25 03:55:19 - INFO - No improvement for 76 epochs
2025-02-25 03:55:30 - INFO - [Train] Epoch 00152 | train_loss 9.8048 | train_rmse 4.3718 | lr 0.000080
2025-02-25 03:55:30 - INFO - [Validate] Epoch 00152 | valid_rmse 5.1960 | valid_pr 0.9727 | valid_criterion 7.5320 | score 0.2468
2025-02-25 03:55:30 - INFO - No improvement for 77 epochs
2025-02-25 03:55:43 - INFO - [Train] Epoch 00153 | train_loss 9.0737 | train_rmse 4.1925 | lr 0.000080
2025-02-25 03:55:43 - INFO - [Validate] Epoch 00153 | valid_rmse 5.5277 | valid_pr 0.9721 | valid_criterion 7.7942 | score 0.2206
2025-02-25 03:55:43 - INFO - No improvement for 78 epochs
2025-02-25 03:56:07 - INFO - [Train] Epoch 00154 | train_loss 9.3476 | train_rmse 4.2490 | lr 0.000080
2025-02-25 03:56:07 - INFO - [Validate] Epoch 00154 | valid_rmse 6.0117 | valid_pr 0.9722 | valid_criterion 7.9068 | score 0.2093
2025-02-25 03:56:07 - INFO - No improvement for 79 epochs
2025-02-25 03:56:19 - INFO - [Train] Epoch 00155 | train_loss 9.1919 | train_rmse 4.3127 | lr 0.000080
2025-02-25 03:56:19 - INFO - [Validate] Epoch 00155 | valid_rmse 5.4394 | valid_pr 0.9720 | valid_criterion 7.7028 | score 0.2297
2025-02-25 03:56:19 - INFO - No improvement for 80 epochs
2025-02-25 03:56:30 - INFO - [Train] Epoch 00156 | train_loss 9.0132 | train_rmse 4.2461 | lr 0.000080
2025-02-25 03:56:30 - INFO - [Validate] Epoch 00156 | valid_rmse 5.3633 | valid_pr 0.9716 | valid_criterion 7.6490 | score 0.2351
2025-02-25 03:56:30 - INFO - No improvement for 81 epochs
2025-02-25 03:56:42 - INFO - [Train] Epoch 00157 | train_loss 8.7251 | train_rmse 4.2225 | lr 0.000080
2025-02-25 03:56:42 - INFO - [Validate] Epoch 00157 | valid_rmse 5.3891 | valid_pr 0.9720 | valid_criterion 7.6326 | score 0.2367
2025-02-25 03:56:42 - INFO - No improvement for 82 epochs
2025-02-25 03:56:54 - INFO - [Train] Epoch 00158 | train_loss 8.3079 | train_rmse 4.1206 | lr 0.000080
2025-02-25 03:56:54 - INFO - [Validate] Epoch 00158 | valid_rmse 4.9682 | valid_pr 0.9715 | valid_criterion 7.6049 | score 0.2395
2025-02-25 03:56:54 - INFO - No improvement for 83 epochs
2025-02-25 03:57:06 - INFO - [Train] Epoch 00159 | train_loss 8.3284 | train_rmse 4.0945 | lr 0.000016
2025-02-25 03:57:06 - INFO - [Validate] Epoch 00159 | valid_rmse 5.1001 | valid_pr 0.9714 | valid_criterion 7.6802 | score 0.2320
2025-02-25 03:57:06 - INFO - No improvement for 84 epochs
2025-02-25 03:57:18 - INFO - [Train] Epoch 00160 | train_loss 8.0396 | train_rmse 4.0714 | lr 0.000016
2025-02-25 03:57:18 - INFO - [Validate] Epoch 00160 | valid_rmse 5.6374 | valid_pr 0.9712 | valid_criterion 7.6524 | score 0.2348
2025-02-25 03:57:18 - INFO - No improvement for 85 epochs
2025-02-25 03:57:30 - INFO - [Train] Epoch 00161 | train_loss 8.9412 | train_rmse 4.3799 | lr 0.000016
2025-02-25 03:57:30 - INFO - [Validate] Epoch 00161 | valid_rmse 5.2236 | valid_pr 0.9714 | valid_criterion 7.6576 | score 0.2342
2025-02-25 03:57:30 - INFO - No improvement for 86 epochs
2025-02-25 03:57:42 - INFO - [Train] Epoch 00162 | train_loss 8.4481 | train_rmse 4.2312 | lr 0.000016
2025-02-25 03:57:42 - INFO - [Validate] Epoch 00162 | valid_rmse 5.0977 | valid_pr 0.9714 | valid_criterion 7.6566 | score 0.2343
2025-02-25 03:57:42 - INFO - No improvement for 87 epochs
2025-02-25 03:57:54 - INFO - [Train] Epoch 00163 | train_loss 8.2339 | train_rmse 4.1538 | lr 0.000016
2025-02-25 03:57:54 - INFO - [Validate] Epoch 00163 | valid_rmse 5.2182 | valid_pr 0.9713 | valid_criterion 7.5982 | score 0.2402
2025-02-25 03:57:54 - INFO - No improvement for 88 epochs
2025-02-25 03:58:25 - INFO - [Train] Epoch 00164 | train_loss 9.4156 | train_rmse 4.4029 | lr 0.000016
2025-02-25 03:58:25 - INFO - [Validate] Epoch 00164 | valid_rmse 5.5559 | valid_pr 0.9711 | valid_criterion 7.7934 | score 0.2207
2025-02-25 03:58:25 - INFO - No improvement for 89 epochs
2025-02-25 03:58:37 - INFO - [Train] Epoch 00165 | train_loss 9.0835 | train_rmse 4.3754 | lr 0.000016
2025-02-25 03:58:37 - INFO - [Validate] Epoch 00165 | valid_rmse 5.7948 | valid_pr 0.9710 | valid_criterion 7.9345 | score 0.2065
2025-02-25 03:58:37 - INFO - No improvement for 90 epochs
2025-02-25 03:59:08 - INFO - [Train] Epoch 00166 | train_loss 8.5381 | train_rmse 4.2767 | lr 0.000016
2025-02-25 03:59:08 - INFO - [Validate] Epoch 00166 | valid_rmse 6.2234 | valid_pr 0.9710 | valid_criterion 7.8013 | score 0.2199
2025-02-25 03:59:08 - INFO - No improvement for 91 epochs
2025-02-25 03:59:20 - INFO - [Train] Epoch 00167 | train_loss 8.6298 | train_rmse 4.2630 | lr 0.000016
2025-02-25 03:59:20 - INFO - [Validate] Epoch 00167 | valid_rmse 5.1347 | valid_pr 0.9716 | valid_criterion 7.6726 | score 0.2327
2025-02-25 03:59:20 - INFO - No improvement for 92 epochs
2025-02-25 03:59:32 - INFO - [Train] Epoch 00168 | train_loss 9.3999 | train_rmse 4.4303 | lr 0.000016
2025-02-25 03:59:32 - INFO - [Validate] Epoch 00168 | valid_rmse 6.0283 | valid_pr 0.9708 | valid_criterion 7.9961 | score 0.2004
2025-02-25 03:59:32 - INFO - No improvement for 93 epochs
2025-02-25 03:59:44 - INFO - [Train] Epoch 00169 | train_loss 9.1939 | train_rmse 4.3827 | lr 0.000016
2025-02-25 03:59:44 - INFO - [Validate] Epoch 00169 | valid_rmse 5.1543 | valid_pr 0.9709 | valid_criterion 7.6717 | score 0.2328
2025-02-25 03:59:44 - INFO - No improvement for 94 epochs
2025-02-25 04:00:17 - INFO - [Train] Epoch 00170 | train_loss 8.0344 | train_rmse 4.2666 | lr 0.000016
2025-02-25 04:00:17 - INFO - [Validate] Epoch 00170 | valid_rmse 6.0006 | valid_pr 0.9711 | valid_criterion 7.9016 | score 0.2098
2025-02-25 04:00:17 - INFO - No improvement for 95 epochs
2025-02-25 04:00:30 - INFO - [Train] Epoch 00171 | train_loss 9.5069 | train_rmse 4.5610 | lr 0.000016
2025-02-25 04:00:30 - INFO - [Validate] Epoch 00171 | valid_rmse 5.1024 | valid_pr 0.9707 | valid_criterion 7.7021 | score 0.2298
2025-02-25 04:00:30 - INFO - No improvement for 96 epochs
2025-02-25 04:00:42 - INFO - [Train] Epoch 00172 | train_loss 8.0684 | train_rmse 4.1795 | lr 0.000016
2025-02-25 04:00:42 - INFO - [Validate] Epoch 00172 | valid_rmse 5.2037 | valid_pr 0.9708 | valid_criterion 7.6851 | score 0.2315
2025-02-25 04:00:42 - INFO - No improvement for 97 epochs
2025-02-25 04:01:20 - INFO - [Train] Epoch 00173 | train_loss 8.9337 | train_rmse 4.4459 | lr 0.000016
2025-02-25 04:01:20 - INFO - [Validate] Epoch 00173 | valid_rmse 5.3903 | valid_pr 0.9711 | valid_criterion 7.6534 | score 0.2347
2025-02-25 04:01:20 - INFO - No improvement for 98 epochs
2025-02-25 04:01:32 - INFO - [Train] Epoch 00174 | train_loss 9.5821 | train_rmse 4.5145 | lr 0.000016
2025-02-25 04:01:32 - INFO - [Validate] Epoch 00174 | valid_rmse 5.8222 | valid_pr 0.9709 | valid_criterion 7.7711 | score 0.2229
2025-02-25 04:01:32 - INFO - No improvement for 99 epochs
2025-02-25 04:01:44 - INFO - [Train] Epoch 00175 | train_loss 8.6512 | train_rmse 4.3767 | lr 0.000016
2025-02-25 04:01:44 - INFO - [Validate] Epoch 00175 | valid_rmse 5.1125 | valid_pr 0.9709 | valid_criterion 7.6309 | score 0.2369
2025-02-25 04:01:44 - INFO - No improvement for 100 epochs
2025-02-25 04:01:44 - INFO - Early stopping triggered. No improvement for 100 epochs
2025-02-25 04:01:44 - INFO - Best model was saved at epoch 75
2025-02-25 04:01:45 - INFO - [Validate] Epoch 00175 | valid_rmse1 4.695895 | valid_pr1 0.973120 | valid_criterion 7.098634
