2025-02-11 13:31:15 - INFO - /inspire/ssd/ws-f4d69b29-e0a5-44e6-bd92-acf4de9990f0/public-project/hurenling-241310070200/LamNet/model/LamNet/01.train.py
2025-02-11 13:31:15 - INFO - train data: 726
2025-02-11 13:31:15 - INFO - valid data: 154
2025-02-11 13:31:15 - INFO - Total parameters: 1212803
2025-02-11 13:31:15 - INFO - Trainable parameters: 1212803
2025-02-11 13:31:19 - INFO - [Train] Epoch 00000 | train_loss 865.2232 | train_rmse 40.7015 | lr 0.000010
2025-02-11 13:31:19 - INFO - [Validate] Epoch 00000 | valid_rmse 39.5491 | valid_pr 0.1756 | valid_criterion 17.5144 | score -0.7514
2025-02-11 13:31:19 - INFO - [Validate] Best score achieved: -0.751440
2025-02-11 13:31:23 - INFO - [Train] Epoch 00001 | train_loss 863.3625 | train_rmse 40.7040 | lr 0.000020
2025-02-11 13:31:23 - INFO - [Validate] Epoch 00001 | valid_rmse 40.0494 | valid_pr 0.1101 | valid_criterion 18.2867 | score -0.8287
2025-02-11 13:31:23 - INFO - No improvement for 1 epochs
2025-02-11 13:31:27 - INFO - [Train] Epoch 00002 | train_loss 861.9821 | train_rmse 40.6814 | lr 0.000030
2025-02-11 13:31:27 - INFO - [Validate] Epoch 00002 | valid_rmse 39.6284 | valid_pr 0.0620 | valid_criterion 17.5673 | score -0.7567
2025-02-11 13:31:27 - INFO - No improvement for 2 epochs
2025-02-11 13:31:31 - INFO - [Train] Epoch 00003 | train_loss 858.7187 | train_rmse 40.6467 | lr 0.000040
2025-02-11 13:31:31 - INFO - [Validate] Epoch 00003 | valid_rmse 39.4472 | valid_pr 0.1346 | valid_criterion 16.9552 | score -0.6955
2025-02-11 13:31:31 - INFO - [Validate] Best score achieved: -0.695517
2025-02-11 13:31:35 - INFO - [Train] Epoch 00004 | train_loss 853.3856 | train_rmse 40.6130 | lr 0.000050
2025-02-11 13:31:35 - INFO - [Validate] Epoch 00004 | valid_rmse 39.3220 | valid_pr 0.1887 | valid_criterion 16.6262 | score -0.6626
2025-02-11 13:31:35 - INFO - [Validate] Best score achieved: -0.662620
2025-02-11 13:31:39 - INFO - [Train] Epoch 00005 | train_loss 846.3823 | train_rmse 40.5209 | lr 0.000060
2025-02-11 13:31:39 - INFO - [Validate] Epoch 00005 | valid_rmse 39.9045 | valid_pr 0.2661 | valid_criterion 17.1926 | score -0.7193
2025-02-11 13:31:39 - INFO - No improvement for 1 epochs
2025-02-11 13:31:43 - INFO - [Train] Epoch 00006 | train_loss 834.3198 | train_rmse 40.3770 | lr 0.000070
2025-02-11 13:31:43 - INFO - [Validate] Epoch 00006 | valid_rmse 39.0822 | valid_pr 0.3152 | valid_criterion 15.9624 | score -0.5962
2025-02-11 13:31:43 - INFO - [Validate] Best score achieved: -0.596239
2025-02-11 13:31:47 - INFO - [Train] Epoch 00007 | train_loss 812.7291 | train_rmse 40.1312 | lr 0.000080
2025-02-11 13:31:47 - INFO - [Validate] Epoch 00007 | valid_rmse 38.9092 | valid_pr 0.4788 | valid_criterion 14.6806 | score -0.4681
2025-02-11 13:31:47 - INFO - [Validate] Best score achieved: -0.468060
2025-02-11 13:31:50 - INFO - [Train] Epoch 00008 | train_loss 779.7951 | train_rmse 39.7155 | lr 0.000090
2025-02-11 13:31:50 - INFO - [Validate] Epoch 00008 | valid_rmse 37.6266 | valid_pr 0.7213 | valid_criterion 15.4237 | score -0.5424
2025-02-11 13:31:50 - INFO - No improvement for 1 epochs
2025-02-11 13:31:54 - INFO - [Train] Epoch 00009 | train_loss 738.5863 | train_rmse 39.0885 | lr 0.000100
2025-02-11 13:31:54 - INFO - [Validate] Epoch 00009 | valid_rmse 40.7537 | valid_pr 0.7643 | valid_criterion 23.4739 | score -1.3474
2025-02-11 13:31:54 - INFO - No improvement for 2 epochs
2025-02-11 13:31:58 - INFO - [Train] Epoch 00010 | train_loss 706.0287 | train_rmse 38.6672 | lr 0.000110
2025-02-11 13:31:58 - INFO - [Validate] Epoch 00010 | valid_rmse 41.7054 | valid_pr 0.8309 | valid_criterion 27.8371 | score -1.7837
2025-02-11 13:31:58 - INFO - No improvement for 3 epochs
2025-02-11 13:32:02 - INFO - [Train] Epoch 00011 | train_loss 696.4767 | train_rmse 38.5528 | lr 0.000120
2025-02-11 13:32:02 - INFO - [Validate] Epoch 00011 | valid_rmse 40.3720 | valid_pr 0.7123 | valid_criterion 21.7650 | score -1.1765
2025-02-11 13:32:02 - INFO - No improvement for 4 epochs
2025-02-11 13:32:06 - INFO - [Train] Epoch 00012 | train_loss 650.8193 | train_rmse 38.2308 | lr 0.000130
2025-02-11 13:32:06 - INFO - [Validate] Epoch 00012 | valid_rmse 40.8007 | valid_pr 0.6474 | valid_criterion 32.0673 | score -2.2067
2025-02-11 13:32:06 - INFO - No improvement for 5 epochs
2025-02-11 13:32:10 - INFO - [Train] Epoch 00013 | train_loss 625.2974 | train_rmse 38.0397 | lr 0.000140
2025-02-11 13:32:10 - INFO - [Validate] Epoch 00013 | valid_rmse 53.5362 | valid_pr 0.4273 | valid_criterion 48.6561 | score -3.8656
2025-02-11 13:32:10 - INFO - No improvement for 6 epochs
2025-02-11 13:32:14 - INFO - [Train] Epoch 00014 | train_loss 590.4349 | train_rmse 38.1174 | lr 0.000150
2025-02-11 13:32:14 - INFO - [Validate] Epoch 00014 | valid_rmse 58.0459 | valid_pr 0.3575 | valid_criterion 46.0743 | score -3.6074
2025-02-11 13:32:14 - INFO - No improvement for 7 epochs
2025-02-11 13:32:18 - INFO - [Train] Epoch 00015 | train_loss 574.0582 | train_rmse 38.2277 | lr 0.000160
2025-02-11 13:32:18 - INFO - [Validate] Epoch 00015 | valid_rmse 44.9837 | valid_pr 0.6425 | valid_criterion 38.7739 | score -2.8774
2025-02-11 13:32:18 - INFO - No improvement for 8 epochs
2025-02-11 13:32:22 - INFO - [Train] Epoch 00016 | train_loss 545.7225 | train_rmse 37.9797 | lr 0.000170
2025-02-11 13:32:22 - INFO - [Validate] Epoch 00016 | valid_rmse 29.3191 | valid_pr 0.6211 | valid_criterion 26.9958 | score -1.6996
2025-02-11 13:32:22 - INFO - No improvement for 9 epochs
2025-02-11 13:32:26 - INFO - [Train] Epoch 00017 | train_loss 530.5107 | train_rmse 38.0827 | lr 0.000180
2025-02-11 13:32:26 - INFO - [Validate] Epoch 00017 | valid_rmse 56.7815 | valid_pr 0.3892 | valid_criterion 49.4018 | score -3.9402
2025-02-11 13:32:26 - INFO - No improvement for 10 epochs
2025-02-11 13:32:30 - INFO - [Train] Epoch 00018 | train_loss 518.6658 | train_rmse 38.2525 | lr 0.000190
2025-02-11 13:32:30 - INFO - [Validate] Epoch 00018 | valid_rmse 51.1424 | valid_pr 0.4482 | valid_criterion 43.0779 | score -3.3078
2025-02-11 13:32:30 - INFO - No improvement for 11 epochs
2025-02-11 13:32:34 - INFO - [Train] Epoch 00019 | train_loss 486.5852 | train_rmse 38.2001 | lr 0.000200
2025-02-11 13:32:34 - INFO - [Validate] Epoch 00019 | valid_rmse 53.1822 | valid_pr 0.3775 | valid_criterion 52.1764 | score -4.2176
2025-02-11 13:32:34 - INFO - No improvement for 12 epochs
2025-02-11 13:32:38 - INFO - [Train] Epoch 00020 | train_loss 462.5802 | train_rmse 37.9268 | lr 0.000210
2025-02-11 13:32:38 - INFO - [Validate] Epoch 00020 | valid_rmse 56.9963 | valid_pr 0.2306 | valid_criterion 53.4395 | score -4.3439
2025-02-11 13:32:38 - INFO - No improvement for 13 epochs
2025-02-11 13:32:42 - INFO - [Train] Epoch 00021 | train_loss 463.9084 | train_rmse 38.1361 | lr 0.000220
2025-02-11 13:32:42 - INFO - [Validate] Epoch 00021 | valid_rmse 58.0572 | valid_pr 0.2040 | valid_criterion 55.9501 | score -4.5950
2025-02-11 13:32:42 - INFO - No improvement for 14 epochs
2025-02-11 13:32:46 - INFO - [Train] Epoch 00022 | train_loss 426.9508 | train_rmse 38.0657 | lr 0.000230
2025-02-11 13:32:46 - INFO - [Validate] Epoch 00022 | valid_rmse 60.4230 | valid_pr 0.3319 | valid_criterion 47.3491 | score -3.7349
2025-02-11 13:32:46 - INFO - No improvement for 15 epochs
2025-02-11 13:32:50 - INFO - [Train] Epoch 00023 | train_loss 434.5303 | train_rmse 38.7285 | lr 0.000240
2025-02-11 13:32:50 - INFO - [Validate] Epoch 00023 | valid_rmse 96.0097 | valid_pr 0.1469 | valid_criterion 99.4339 | score -8.9434
2025-02-11 13:32:50 - INFO - No improvement for 16 epochs
2025-02-11 13:32:54 - INFO - [Train] Epoch 00024 | train_loss 409.7167 | train_rmse 38.2710 | lr 0.000250
2025-02-11 13:32:54 - INFO - [Validate] Epoch 00024 | valid_rmse 72.2245 | valid_pr 0.2315 | valid_criterion 75.5432 | score -6.5543
2025-02-11 13:32:54 - INFO - No improvement for 17 epochs
2025-02-11 13:32:58 - INFO - [Train] Epoch 00025 | train_loss 384.2687 | train_rmse 38.1266 | lr 0.000260
2025-02-11 13:32:58 - INFO - [Validate] Epoch 00025 | valid_rmse 92.7104 | valid_pr 0.1338 | valid_criterion 110.1536 | score -10.0154
2025-02-11 13:32:58 - INFO - No improvement for 18 epochs
2025-02-11 13:33:01 - INFO - [Train] Epoch 00026 | train_loss 353.5084 | train_rmse 37.6712 | lr 0.000270
2025-02-11 13:33:01 - INFO - [Validate] Epoch 00026 | valid_rmse 58.1289 | valid_pr 0.3171 | valid_criterion 45.5112 | score -3.5511
2025-02-11 13:33:01 - INFO - No improvement for 19 epochs
2025-02-11 13:33:05 - INFO - [Train] Epoch 00027 | train_loss 340.8382 | train_rmse 37.7930 | lr 0.000280
2025-02-11 13:33:05 - INFO - [Validate] Epoch 00027 | valid_rmse 108.9143 | valid_pr 0.1142 | valid_criterion 144.7349 | score -13.4735
2025-02-11 13:33:05 - INFO - No improvement for 20 epochs
2025-02-11 13:33:09 - INFO - [Train] Epoch 00028 | train_loss 309.0687 | train_rmse 38.0747 | lr 0.000290
2025-02-11 13:33:09 - INFO - [Validate] Epoch 00028 | valid_rmse 82.5713 | valid_pr 0.1980 | valid_criterion 99.8836 | score -8.9884
2025-02-11 13:33:09 - INFO - No improvement for 21 epochs
2025-02-11 13:33:13 - INFO - [Train] Epoch 00029 | train_loss 289.7331 | train_rmse 37.3227 | lr 0.000300
2025-02-11 13:33:13 - INFO - [Validate] Epoch 00029 | valid_rmse 38.2980 | valid_pr 0.5558 | valid_criterion 47.0146 | score -3.7015
2025-02-11 13:33:13 - INFO - No improvement for 22 epochs
2025-02-11 13:33:17 - INFO - [Train] Epoch 00030 | train_loss 275.5709 | train_rmse 34.5134 | lr 0.000310
2025-02-11 13:33:17 - INFO - [Validate] Epoch 00030 | valid_rmse 35.0190 | valid_pr 0.6097 | valid_criterion 45.3322 | score -3.5332
2025-02-11 13:33:17 - INFO - No improvement for 23 epochs
2025-02-11 13:33:20 - INFO - [Train] Epoch 00031 | train_loss 255.6706 | train_rmse 34.9698 | lr 0.000320
2025-02-11 13:33:20 - INFO - [Validate] Epoch 00031 | valid_rmse 61.1993 | valid_pr 0.3168 | valid_criterion 78.4582 | score -6.8458
2025-02-11 13:33:20 - INFO - No improvement for 24 epochs
2025-02-11 13:33:24 - INFO - [Train] Epoch 00032 | train_loss 219.6070 | train_rmse 32.3689 | lr 0.000330
2025-02-11 13:33:24 - INFO - [Validate] Epoch 00032 | valid_rmse 91.9141 | valid_pr 0.1134 | valid_criterion 115.9930 | score -10.5993
2025-02-11 13:33:24 - INFO - No improvement for 25 epochs
2025-02-11 13:33:28 - INFO - [Train] Epoch 00033 | train_loss 185.8843 | train_rmse 31.7721 | lr 0.000340
2025-02-11 13:33:28 - INFO - [Validate] Epoch 00033 | valid_rmse 58.3532 | valid_pr 0.2484 | valid_criterion 68.5372 | score -5.8537
2025-02-11 13:33:28 - INFO - No improvement for 26 epochs
2025-02-11 13:33:32 - INFO - [Train] Epoch 00034 | train_loss 164.6349 | train_rmse 29.6706 | lr 0.000350
2025-02-11 13:33:32 - INFO - [Validate] Epoch 00034 | valid_rmse 14.8903 | valid_pr 0.8772 | valid_criterion 9.3139 | score 0.0686
2025-02-11 13:33:32 - INFO - [Validate] Best score achieved: 0.068612
2025-02-11 13:33:36 - INFO - [Train] Epoch 00035 | train_loss 113.6612 | train_rmse 27.3603 | lr 0.000360
2025-02-11 13:33:36 - INFO - [Validate] Epoch 00035 | valid_rmse 121.1323 | valid_pr -0.0336 | valid_criterion 136.2808 | score -12.6281
2025-02-11 13:33:36 - INFO - No improvement for 1 epochs
2025-02-11 13:33:40 - INFO - [Train] Epoch 00036 | train_loss 91.9395 | train_rmse 23.4180 | lr 0.000370
2025-02-11 13:33:40 - INFO - [Validate] Epoch 00036 | valid_rmse 52.3750 | valid_pr 0.3274 | valid_criterion 63.2261 | score -5.3226
2025-02-11 13:33:40 - INFO - No improvement for 2 epochs
2025-02-11 13:33:44 - INFO - [Train] Epoch 00037 | train_loss 72.8488 | train_rmse 18.6202 | lr 0.000380
2025-02-11 13:33:44 - INFO - [Validate] Epoch 00037 | valid_rmse 12.7122 | valid_pr 0.8969 | valid_criterion 5.3261 | score 0.4674
2025-02-11 13:33:44 - INFO - [Validate] Best score achieved: 0.467390
2025-02-11 13:33:48 - INFO - [Train] Epoch 00038 | train_loss 54.8310 | train_rmse 14.7375 | lr 0.000390
2025-02-11 13:33:48 - INFO - [Validate] Epoch 00038 | valid_rmse 24.5152 | valid_pr 0.7058 | valid_criterion 16.4232 | score -0.6423
2025-02-11 13:33:48 - INFO - No improvement for 1 epochs
2025-02-11 13:33:52 - INFO - [Train] Epoch 00039 | train_loss 44.5065 | train_rmse 11.4461 | lr 0.000400
2025-02-11 13:33:52 - INFO - [Validate] Epoch 00039 | valid_rmse 10.0659 | valid_pr 0.8932 | valid_criterion 3.0598 | score 0.6940
2025-02-11 13:33:52 - INFO - [Validate] Best score achieved: 0.694015
2025-02-11 13:33:55 - INFO - [Train] Epoch 00040 | train_loss 37.8924 | train_rmse 10.5593 | lr 0.000410
2025-02-11 13:33:55 - INFO - [Validate] Epoch 00040 | valid_rmse 6.7976 | valid_pr 0.9576 | valid_criterion 8.2054 | score 0.1795
2025-02-11 13:33:55 - INFO - No improvement for 1 epochs
2025-02-11 13:33:59 - INFO - [Train] Epoch 00041 | train_loss 32.5111 | train_rmse 8.6754 | lr 0.000420
2025-02-11 13:33:59 - INFO - [Validate] Epoch 00041 | valid_rmse 8.1639 | valid_pr 0.9246 | valid_criterion 4.5747 | score 0.5425
2025-02-11 13:33:59 - INFO - No improvement for 2 epochs
2025-02-11 13:34:03 - INFO - [Train] Epoch 00042 | train_loss 32.4775 | train_rmse 8.7749 | lr 0.000430
2025-02-11 13:34:03 - INFO - [Validate] Epoch 00042 | valid_rmse 6.6311 | valid_pr 0.9504 | valid_criterion 7.1562 | score 0.2844
2025-02-11 13:34:03 - INFO - No improvement for 3 epochs
2025-02-11 13:34:07 - INFO - [Train] Epoch 00043 | train_loss 34.3674 | train_rmse 8.1804 | lr 0.000440
2025-02-11 13:34:07 - INFO - [Validate] Epoch 00043 | valid_rmse 7.8855 | valid_pr 0.9435 | valid_criterion 10.6847 | score -0.0685
2025-02-11 13:34:07 - INFO - No improvement for 4 epochs
2025-02-11 13:34:11 - INFO - [Train] Epoch 00044 | train_loss 26.6173 | train_rmse 7.2446 | lr 0.000450
2025-02-11 13:34:11 - INFO - [Validate] Epoch 00044 | valid_rmse 5.0672 | valid_pr 0.9776 | valid_criterion 7.0513 | score 0.2949
2025-02-11 13:34:11 - INFO - No improvement for 5 epochs
2025-02-11 13:34:15 - INFO - [Train] Epoch 00045 | train_loss 28.6750 | train_rmse 7.5317 | lr 0.000460
2025-02-11 13:34:15 - INFO - [Validate] Epoch 00045 | valid_rmse 4.6498 | valid_pr 0.9851 | valid_criterion 3.8832 | score 0.6117
2025-02-11 13:34:15 - INFO - No improvement for 6 epochs
2025-02-11 13:34:18 - INFO - [Train] Epoch 00046 | train_loss 25.4842 | train_rmse 6.9611 | lr 0.000470
2025-02-11 13:34:18 - INFO - [Validate] Epoch 00046 | valid_rmse 4.2614 | valid_pr 0.9852 | valid_criterion 6.0305 | score 0.3970
2025-02-11 13:34:18 - INFO - No improvement for 7 epochs
2025-02-11 13:34:22 - INFO - [Train] Epoch 00047 | train_loss 26.9238 | train_rmse 7.1757 | lr 0.000480
2025-02-11 13:34:22 - INFO - [Validate] Epoch 00047 | valid_rmse 4.9688 | valid_pr 0.9765 | valid_criterion 5.3717 | score 0.4628
2025-02-11 13:34:22 - INFO - No improvement for 8 epochs
2025-02-11 13:34:47 - INFO - [Train] Epoch 00048 | train_loss 26.1604 | train_rmse 7.0033 | lr 0.000490
2025-02-11 13:34:47 - INFO - [Validate] Epoch 00048 | valid_rmse 8.4552 | valid_pr 0.9869 | valid_criterion 5.2577 | score 0.4742
2025-02-11 13:34:47 - INFO - No improvement for 9 epochs
2025-02-11 13:34:51 - INFO - [Train] Epoch 00049 | train_loss 27.7098 | train_rmse 7.5195 | lr 0.000500
2025-02-11 13:34:51 - INFO - [Validate] Epoch 00049 | valid_rmse 5.2024 | valid_pr 0.9796 | valid_criterion 2.8469 | score 0.7153
2025-02-11 13:34:51 - INFO - [Validate] Best score achieved: 0.715314
2025-02-11 13:34:55 - INFO - [Train] Epoch 00050 | train_loss 30.9645 | train_rmse 7.4885 | lr 0.000500
2025-02-11 13:34:55 - INFO - [Validate] Epoch 00050 | valid_rmse 5.4245 | valid_pr 0.9752 | valid_criterion 6.8530 | score 0.3147
2025-02-11 13:34:55 - INFO - No improvement for 1 epochs
2025-02-11 13:34:58 - INFO - [Train] Epoch 00051 | train_loss 23.0176 | train_rmse 6.4445 | lr 0.000500
2025-02-11 13:34:58 - INFO - [Validate] Epoch 00051 | valid_rmse 4.2004 | valid_pr 0.9821 | valid_criterion 5.6872 | score 0.4313
2025-02-11 13:34:58 - INFO - No improvement for 2 epochs
2025-02-11 13:35:02 - INFO - [Train] Epoch 00052 | train_loss 25.1985 | train_rmse 7.0024 | lr 0.000500
2025-02-11 13:35:02 - INFO - [Validate] Epoch 00052 | valid_rmse 4.5666 | valid_pr 0.9771 | valid_criterion 5.8446 | score 0.4155
2025-02-11 13:35:02 - INFO - No improvement for 3 epochs
2025-02-11 13:35:06 - INFO - [Train] Epoch 00053 | train_loss 24.3059 | train_rmse 6.7890 | lr 0.000500
2025-02-11 13:35:06 - INFO - [Validate] Epoch 00053 | valid_rmse 6.1764 | valid_pr 0.9666 | valid_criterion 3.3491 | score 0.6651
2025-02-11 13:35:06 - INFO - No improvement for 4 epochs
2025-02-11 13:35:10 - INFO - [Train] Epoch 00054 | train_loss 22.6162 | train_rmse 6.4459 | lr 0.000500
2025-02-11 13:35:10 - INFO - [Validate] Epoch 00054 | valid_rmse 3.5773 | valid_pr 0.9867 | valid_criterion 6.6065 | score 0.3393
2025-02-11 13:35:10 - INFO - No improvement for 5 epochs
2025-02-11 13:35:14 - INFO - [Train] Epoch 00055 | train_loss 25.6929 | train_rmse 6.9753 | lr 0.000500
2025-02-11 13:35:14 - INFO - [Validate] Epoch 00055 | valid_rmse 4.8210 | valid_pr 0.9796 | valid_criterion 5.0370 | score 0.4963
2025-02-11 13:35:14 - INFO - No improvement for 6 epochs
2025-02-11 13:35:46 - INFO - [Train] Epoch 00056 | train_loss 23.2975 | train_rmse 6.5558 | lr 0.000500
2025-02-11 13:35:46 - INFO - [Validate] Epoch 00056 | valid_rmse 4.6077 | valid_pr 0.9873 | valid_criterion 2.2924 | score 0.7708
2025-02-11 13:35:46 - INFO - [Validate] Best score achieved: 0.770763
2025-02-11 13:35:50 - INFO - [Train] Epoch 00057 | train_loss 20.4550 | train_rmse 6.0024 | lr 0.000500
2025-02-11 13:35:50 - INFO - [Validate] Epoch 00057 | valid_rmse 5.1990 | valid_pr 0.9779 | valid_criterion 3.9060 | score 0.6094
2025-02-11 13:35:50 - INFO - No improvement for 1 epochs
2025-02-11 13:35:54 - INFO - [Train] Epoch 00058 | train_loss 20.5426 | train_rmse 6.2224 | lr 0.000500
2025-02-11 13:35:54 - INFO - [Validate] Epoch 00058 | valid_rmse 4.4607 | valid_pr 0.9814 | valid_criterion 4.0852 | score 0.5915
2025-02-11 13:35:54 - INFO - No improvement for 2 epochs
2025-02-11 13:35:58 - INFO - [Train] Epoch 00059 | train_loss 27.8773 | train_rmse 7.0403 | lr 0.000500
2025-02-11 13:35:58 - INFO - [Validate] Epoch 00059 | valid_rmse 4.2151 | valid_pr 0.9904 | valid_criterion 3.4161 | score 0.6584
2025-02-11 13:35:58 - INFO - No improvement for 3 epochs
2025-02-11 13:36:01 - INFO - [Train] Epoch 00060 | train_loss 20.6724 | train_rmse 6.1624 | lr 0.000500
2025-02-11 13:36:01 - INFO - [Validate] Epoch 00060 | valid_rmse 5.5734 | valid_pr 0.9629 | valid_criterion 3.8336 | score 0.6166
2025-02-11 13:36:01 - INFO - No improvement for 4 epochs
2025-02-11 13:36:05 - INFO - [Train] Epoch 00061 | train_loss 25.0471 | train_rmse 6.6092 | lr 0.000500
2025-02-11 13:36:05 - INFO - [Validate] Epoch 00061 | valid_rmse 4.9532 | valid_pr 0.9706 | valid_criterion 6.0207 | score 0.3979
2025-02-11 13:36:05 - INFO - No improvement for 5 epochs
2025-02-11 13:36:09 - INFO - [Train] Epoch 00062 | train_loss 21.5237 | train_rmse 6.1961 | lr 0.000500
2025-02-11 13:36:09 - INFO - [Validate] Epoch 00062 | valid_rmse 6.1257 | valid_pr 0.9830 | valid_criterion 3.2622 | score 0.6738
2025-02-11 13:36:09 - INFO - No improvement for 6 epochs
2025-02-11 13:36:13 - INFO - [Train] Epoch 00063 | train_loss 22.1120 | train_rmse 6.4427 | lr 0.000500
2025-02-11 13:36:13 - INFO - [Validate] Epoch 00063 | valid_rmse 4.2483 | valid_pr 0.9916 | valid_criterion 3.0310 | score 0.6969
2025-02-11 13:36:13 - INFO - No improvement for 7 epochs
2025-02-11 13:36:20 - INFO - [Train] Epoch 00064 | train_loss 21.0216 | train_rmse 6.2185 | lr 0.000500
2025-02-11 13:36:20 - INFO - [Validate] Epoch 00064 | valid_rmse 2.8218 | valid_pr 0.9898 | valid_criterion 6.1748 | score 0.3825
2025-02-11 13:36:20 - INFO - No improvement for 8 epochs
2025-02-11 13:36:23 - INFO - [Train] Epoch 00065 | train_loss 22.3271 | train_rmse 6.3575 | lr 0.000500
2025-02-11 13:36:23 - INFO - [Validate] Epoch 00065 | valid_rmse 3.3647 | valid_pr 0.9907 | valid_criterion 6.3979 | score 0.3602
2025-02-11 13:36:23 - INFO - No improvement for 9 epochs
2025-02-11 13:36:27 - INFO - [Train] Epoch 00066 | train_loss 21.1226 | train_rmse 6.3090 | lr 0.000500
2025-02-11 13:36:27 - INFO - [Validate] Epoch 00066 | valid_rmse 4.3031 | valid_pr 0.9850 | valid_criterion 4.7638 | score 0.5236
2025-02-11 13:36:27 - INFO - No improvement for 10 epochs
2025-02-11 13:36:31 - INFO - [Train] Epoch 00067 | train_loss 28.6912 | train_rmse 7.5358 | lr 0.000500
2025-02-11 13:36:31 - INFO - [Validate] Epoch 00067 | valid_rmse 3.0109 | valid_pr 0.9897 | valid_criterion 5.1897 | score 0.4810
2025-02-11 13:36:31 - INFO - No improvement for 11 epochs
2025-02-11 13:36:35 - INFO - [Train] Epoch 00068 | train_loss 19.0045 | train_rmse 5.9687 | lr 0.000500
2025-02-11 13:36:35 - INFO - [Validate] Epoch 00068 | valid_rmse 3.7513 | valid_pr 0.9859 | valid_criterion 7.1482 | score 0.2852
2025-02-11 13:36:35 - INFO - No improvement for 12 epochs
2025-02-11 13:36:39 - INFO - [Train] Epoch 00069 | train_loss 23.4854 | train_rmse 6.5805 | lr 0.000500
2025-02-11 13:36:39 - INFO - [Validate] Epoch 00069 | valid_rmse 4.4538 | valid_pr 0.9923 | valid_criterion 2.6888 | score 0.7311
2025-02-11 13:36:39 - INFO - No improvement for 13 epochs
2025-02-11 13:36:43 - INFO - [Train] Epoch 00070 | train_loss 20.9373 | train_rmse 6.1388 | lr 0.000500
2025-02-11 13:36:43 - INFO - [Validate] Epoch 00070 | valid_rmse 3.2682 | valid_pr 0.9874 | valid_criterion 3.7596 | score 0.6240
2025-02-11 13:36:43 - INFO - No improvement for 14 epochs
2025-02-11 13:36:47 - INFO - [Train] Epoch 00071 | train_loss 23.1001 | train_rmse 6.6154 | lr 0.000500
2025-02-11 13:36:47 - INFO - [Validate] Epoch 00071 | valid_rmse 4.2332 | valid_pr 0.9822 | valid_criterion 4.1672 | score 0.5833
2025-02-11 13:36:47 - INFO - No improvement for 15 epochs
2025-02-11 13:36:51 - INFO - [Train] Epoch 00072 | train_loss 23.1247 | train_rmse 6.5124 | lr 0.000500
2025-02-11 13:36:51 - INFO - [Validate] Epoch 00072 | valid_rmse 4.1560 | valid_pr 0.9882 | valid_criterion 6.7081 | score 0.3292
2025-02-11 13:36:51 - INFO - No improvement for 16 epochs
2025-02-11 13:36:54 - INFO - [Train] Epoch 00073 | train_loss 24.9644 | train_rmse 6.8644 | lr 0.000500
2025-02-11 13:36:54 - INFO - [Validate] Epoch 00073 | valid_rmse 5.6259 | valid_pr 0.9891 | valid_criterion 2.8221 | score 0.7178
2025-02-11 13:36:54 - INFO - No improvement for 17 epochs
2025-02-11 13:36:58 - INFO - [Train] Epoch 00074 | train_loss 18.2775 | train_rmse 5.6699 | lr 0.000500
2025-02-11 13:36:58 - INFO - [Validate] Epoch 00074 | valid_rmse 4.7179 | valid_pr 0.9912 | valid_criterion 7.3907 | score 0.2609
2025-02-11 13:36:58 - INFO - No improvement for 18 epochs
2025-02-11 13:37:02 - INFO - [Train] Epoch 00075 | train_loss 17.0468 | train_rmse 5.7190 | lr 0.000500
2025-02-11 13:37:02 - INFO - [Validate] Epoch 00075 | valid_rmse 4.4021 | valid_pr 0.9846 | valid_criterion 3.5210 | score 0.6479
2025-02-11 13:37:02 - INFO - No improvement for 19 epochs
2025-02-11 13:37:06 - INFO - [Train] Epoch 00076 | train_loss 22.6275 | train_rmse 6.3949 | lr 0.000500
2025-02-11 13:37:06 - INFO - [Validate] Epoch 00076 | valid_rmse 3.3909 | valid_pr 0.9958 | valid_criterion 3.5091 | score 0.6491
2025-02-11 13:37:06 - INFO - No improvement for 20 epochs
2025-02-11 13:37:10 - INFO - [Train] Epoch 00077 | train_loss 19.2235 | train_rmse 5.9495 | lr 0.000500
2025-02-11 13:37:10 - INFO - [Validate] Epoch 00077 | valid_rmse 3.6955 | valid_pr 0.9908 | valid_criterion 3.0882 | score 0.6912
2025-02-11 13:37:10 - INFO - No improvement for 21 epochs
2025-02-11 13:37:14 - INFO - [Train] Epoch 00078 | train_loss 23.3208 | train_rmse 6.6514 | lr 0.000500
2025-02-11 13:37:14 - INFO - [Validate] Epoch 00078 | valid_rmse 4.4851 | valid_pr 0.9904 | valid_criterion 5.7296 | score 0.4270
2025-02-11 13:37:14 - INFO - No improvement for 22 epochs
2025-02-11 13:37:18 - INFO - [Train] Epoch 00079 | train_loss 21.8778 | train_rmse 6.1723 | lr 0.000500
2025-02-11 13:37:18 - INFO - [Validate] Epoch 00079 | valid_rmse 3.5958 | valid_pr 0.9878 | valid_criterion 4.5208 | score 0.5479
2025-02-11 13:37:18 - INFO - No improvement for 23 epochs
2025-02-11 13:37:22 - INFO - [Train] Epoch 00080 | train_loss 18.6631 | train_rmse 5.8895 | lr 0.000500
2025-02-11 13:37:22 - INFO - [Validate] Epoch 00080 | valid_rmse 3.1512 | valid_pr 0.9926 | valid_criterion 2.6313 | score 0.7369
2025-02-11 13:37:22 - INFO - No improvement for 24 epochs
2025-02-11 13:37:25 - INFO - [Train] Epoch 00081 | train_loss 21.8270 | train_rmse 6.2649 | lr 0.000500
2025-02-11 13:37:25 - INFO - [Validate] Epoch 00081 | valid_rmse 4.8308 | valid_pr 0.9860 | valid_criterion 4.3233 | score 0.5677
2025-02-11 13:37:25 - INFO - No improvement for 25 epochs
2025-02-11 13:37:29 - INFO - [Train] Epoch 00082 | train_loss 24.9683 | train_rmse 6.8711 | lr 0.000500
2025-02-11 13:37:29 - INFO - [Validate] Epoch 00082 | valid_rmse 4.6640 | valid_pr 0.9918 | valid_criterion 5.0646 | score 0.4935
2025-02-11 13:37:29 - INFO - No improvement for 26 epochs
2025-02-11 13:37:33 - INFO - [Train] Epoch 00083 | train_loss 21.9076 | train_rmse 6.2907 | lr 0.000500
2025-02-11 13:37:33 - INFO - [Validate] Epoch 00083 | valid_rmse 2.5492 | valid_pr 0.9913 | valid_criterion 3.4109 | score 0.6589
2025-02-11 13:37:33 - INFO - No improvement for 27 epochs
2025-02-11 13:37:37 - INFO - [Train] Epoch 00084 | train_loss 20.1531 | train_rmse 6.2641 | lr 0.000500
2025-02-11 13:37:37 - INFO - [Validate] Epoch 00084 | valid_rmse 3.0213 | valid_pr 0.9949 | valid_criterion 3.9502 | score 0.6050
2025-02-11 13:37:37 - INFO - No improvement for 28 epochs
2025-02-11 13:37:41 - INFO - [Train] Epoch 00085 | train_loss 20.1748 | train_rmse 6.0837 | lr 0.000500
2025-02-11 13:37:41 - INFO - [Validate] Epoch 00085 | valid_rmse 3.5828 | valid_pr 0.9927 | valid_criterion 5.1769 | score 0.4823
2025-02-11 13:37:41 - INFO - No improvement for 29 epochs
2025-02-11 13:37:44 - INFO - [Train] Epoch 00086 | train_loss 21.8241 | train_rmse 6.2609 | lr 0.000500
2025-02-11 13:37:44 - INFO - [Validate] Epoch 00086 | valid_rmse 2.9888 | valid_pr 0.9907 | valid_criterion 2.7190 | score 0.7281
2025-02-11 13:37:44 - INFO - No improvement for 30 epochs
2025-02-11 13:37:48 - INFO - [Train] Epoch 00087 | train_loss 17.0325 | train_rmse 5.6186 | lr 0.000500
2025-02-11 13:37:48 - INFO - [Validate] Epoch 00087 | valid_rmse 2.5375 | valid_pr 0.9911 | valid_criterion 4.2683 | score 0.5732
2025-02-11 13:37:48 - INFO - No improvement for 31 epochs
2025-02-11 13:37:52 - INFO - [Train] Epoch 00088 | train_loss 20.3752 | train_rmse 6.1682 | lr 0.000500
2025-02-11 13:37:52 - INFO - [Validate] Epoch 00088 | valid_rmse 2.7775 | valid_pr 0.9925 | valid_criterion 3.6696 | score 0.6330
2025-02-11 13:37:52 - INFO - No improvement for 32 epochs
2025-02-11 13:37:56 - INFO - [Train] Epoch 00089 | train_loss 20.5335 | train_rmse 6.2149 | lr 0.000500
2025-02-11 13:37:56 - INFO - [Validate] Epoch 00089 | valid_rmse 2.9292 | valid_pr 0.9901 | valid_criterion 4.7670 | score 0.5233
2025-02-11 13:37:56 - INFO - No improvement for 33 epochs
2025-02-11 13:38:00 - INFO - [Train] Epoch 00090 | train_loss 21.4972 | train_rmse 6.1178 | lr 0.000500
2025-02-11 13:38:00 - INFO - [Validate] Epoch 00090 | valid_rmse 4.4527 | valid_pr 0.9940 | valid_criterion 5.9864 | score 0.4014
2025-02-11 13:38:00 - INFO - No improvement for 34 epochs
2025-02-11 13:38:04 - INFO - [Train] Epoch 00091 | train_loss 19.4215 | train_rmse 6.0749 | lr 0.000500
2025-02-11 13:38:04 - INFO - [Validate] Epoch 00091 | valid_rmse 3.3235 | valid_pr 0.9895 | valid_criterion 6.5288 | score 0.3471
2025-02-11 13:38:04 - INFO - No improvement for 35 epochs
2025-02-11 13:38:08 - INFO - [Train] Epoch 00092 | train_loss 20.2894 | train_rmse 6.1584 | lr 0.000500
2025-02-11 13:38:08 - INFO - [Validate] Epoch 00092 | valid_rmse 3.8053 | valid_pr 0.9817 | valid_criterion 8.0644 | score 0.1936
2025-02-11 13:38:08 - INFO - No improvement for 36 epochs
2025-02-11 13:38:12 - INFO - [Train] Epoch 00093 | train_loss 19.7988 | train_rmse 5.9523 | lr 0.000500
2025-02-11 13:38:12 - INFO - [Validate] Epoch 00093 | valid_rmse 3.1184 | valid_pr 0.9874 | valid_criterion 5.1589 | score 0.4841
2025-02-11 13:38:12 - INFO - No improvement for 37 epochs
2025-02-11 13:38:16 - INFO - [Train] Epoch 00094 | train_loss 21.8103 | train_rmse 6.2912 | lr 0.000500
2025-02-11 13:38:16 - INFO - [Validate] Epoch 00094 | valid_rmse 2.4628 | valid_pr 0.9918 | valid_criterion 3.4422 | score 0.6558
2025-02-11 13:38:16 - INFO - No improvement for 38 epochs
2025-02-11 13:38:20 - INFO - [Train] Epoch 00095 | train_loss 22.1643 | train_rmse 6.4019 | lr 0.000500
2025-02-11 13:38:20 - INFO - [Validate] Epoch 00095 | valid_rmse 3.0992 | valid_pr 0.9895 | valid_criterion 5.3296 | score 0.4670
2025-02-11 13:38:20 - INFO - No improvement for 39 epochs
2025-02-11 13:38:24 - INFO - [Train] Epoch 00096 | train_loss 20.0393 | train_rmse 6.1246 | lr 0.000500
2025-02-11 13:38:24 - INFO - [Validate] Epoch 00096 | valid_rmse 4.0246 | valid_pr 0.9910 | valid_criterion 6.2951 | score 0.3705
2025-02-11 13:38:24 - INFO - No improvement for 40 epochs
2025-02-11 13:38:28 - INFO - [Train] Epoch 00097 | train_loss 25.5600 | train_rmse 6.9066 | lr 0.000500
2025-02-11 13:38:28 - INFO - [Validate] Epoch 00097 | valid_rmse 3.1900 | valid_pr 0.9912 | valid_criterion 5.8903 | score 0.4110
2025-02-11 13:38:28 - INFO - No improvement for 41 epochs
2025-02-11 13:38:32 - INFO - [Train] Epoch 00098 | train_loss 17.0980 | train_rmse 5.6077 | lr 0.000500
2025-02-11 13:38:32 - INFO - [Validate] Epoch 00098 | valid_rmse 3.5261 | valid_pr 0.9937 | valid_criterion 3.4214 | score 0.6579
2025-02-11 13:38:32 - INFO - No improvement for 42 epochs
2025-02-11 13:38:36 - INFO - [Train] Epoch 00099 | train_loss 24.6548 | train_rmse 6.6911 | lr 0.000500
2025-02-11 13:38:36 - INFO - [Validate] Epoch 00099 | valid_rmse 2.2141 | valid_pr 0.9953 | valid_criterion 3.0987 | score 0.6901
2025-02-11 13:38:36 - INFO - No improvement for 43 epochs
2025-02-11 13:38:40 - INFO - [Train] Epoch 00100 | train_loss 19.7908 | train_rmse 5.8997 | lr 0.000500
2025-02-11 13:38:40 - INFO - [Validate] Epoch 00100 | valid_rmse 4.1371 | valid_pr 0.9929 | valid_criterion 4.3865 | score 0.5614
2025-02-11 13:38:40 - INFO - No improvement for 44 epochs
2025-02-11 13:38:44 - INFO - [Train] Epoch 00101 | train_loss 19.6562 | train_rmse 5.9937 | lr 0.000500
2025-02-11 13:38:44 - INFO - [Validate] Epoch 00101 | valid_rmse 3.3094 | valid_pr 0.9943 | valid_criterion 6.7563 | score 0.3244
2025-02-11 13:38:44 - INFO - No improvement for 45 epochs
2025-02-11 13:38:48 - INFO - [Train] Epoch 00102 | train_loss 19.1141 | train_rmse 6.0451 | lr 0.000500
2025-02-11 13:38:48 - INFO - [Validate] Epoch 00102 | valid_rmse 3.0053 | valid_pr 0.9911 | valid_criterion 5.2818 | score 0.4718
2025-02-11 13:38:48 - INFO - No improvement for 46 epochs
2025-02-11 13:38:51 - INFO - [Train] Epoch 00103 | train_loss 18.7504 | train_rmse 5.8268 | lr 0.000500
2025-02-11 13:38:51 - INFO - [Validate] Epoch 00103 | valid_rmse 3.9757 | valid_pr 0.9924 | valid_criterion 2.4371 | score 0.7563
2025-02-11 13:38:51 - INFO - No improvement for 47 epochs
2025-02-11 13:38:55 - INFO - [Train] Epoch 00104 | train_loss 20.3041 | train_rmse 6.0676 | lr 0.000500
2025-02-11 13:38:55 - INFO - [Validate] Epoch 00104 | valid_rmse 2.7653 | valid_pr 0.9931 | valid_criterion 4.3889 | score 0.5611
2025-02-11 13:38:55 - INFO - No improvement for 48 epochs
2025-02-11 13:38:59 - INFO - [Train] Epoch 00105 | train_loss 24.2375 | train_rmse 6.7931 | lr 0.000500
2025-02-11 13:38:59 - INFO - [Validate] Epoch 00105 | valid_rmse 2.5800 | valid_pr 0.9910 | valid_criterion 3.5410 | score 0.6459
2025-02-11 13:38:59 - INFO - No improvement for 49 epochs
2025-02-11 13:39:03 - INFO - [Train] Epoch 00106 | train_loss 20.8392 | train_rmse 6.1284 | lr 0.000500
2025-02-11 13:39:03 - INFO - [Validate] Epoch 00106 | valid_rmse 4.4271 | valid_pr 0.9891 | valid_criterion 3.0659 | score 0.6934
2025-02-11 13:39:03 - INFO - No improvement for 50 epochs
2025-02-11 13:39:07 - INFO - [Train] Epoch 00107 | train_loss 15.2337 | train_rmse 5.2475 | lr 0.000500
2025-02-11 13:39:07 - INFO - [Validate] Epoch 00107 | valid_rmse 2.6710 | valid_pr 0.9909 | valid_criterion 3.9801 | score 0.6020
2025-02-11 13:39:07 - INFO - No improvement for 51 epochs
2025-02-11 13:39:11 - INFO - [Train] Epoch 00108 | train_loss 19.2575 | train_rmse 5.8807 | lr 0.000500
2025-02-11 13:39:11 - INFO - [Validate] Epoch 00108 | valid_rmse 3.1441 | valid_pr 0.9914 | valid_criterion 3.5768 | score 0.6423
2025-02-11 13:39:11 - INFO - No improvement for 52 epochs
2025-02-11 13:39:15 - INFO - [Train] Epoch 00109 | train_loss 19.9221 | train_rmse 6.0197 | lr 0.000500
2025-02-11 13:39:15 - INFO - [Validate] Epoch 00109 | valid_rmse 3.1217 | valid_pr 0.9902 | valid_criterion 5.0655 | score 0.4935
2025-02-11 13:39:15 - INFO - No improvement for 53 epochs
2025-02-11 13:39:18 - INFO - [Train] Epoch 00110 | train_loss 17.4880 | train_rmse 5.6433 | lr 0.000500
2025-02-11 13:39:18 - INFO - [Validate] Epoch 00110 | valid_rmse 3.9002 | valid_pr 0.9914 | valid_criterion 3.2708 | score 0.6729
2025-02-11 13:39:18 - INFO - No improvement for 54 epochs
2025-02-11 13:39:22 - INFO - [Train] Epoch 00111 | train_loss 19.5531 | train_rmse 5.8811 | lr 0.000500
2025-02-11 13:39:22 - INFO - [Validate] Epoch 00111 | valid_rmse 2.2397 | valid_pr 0.9956 | valid_criterion 4.2005 | score 0.5800
2025-02-11 13:39:22 - INFO - No improvement for 55 epochs
2025-02-11 13:39:26 - INFO - [Train] Epoch 00112 | train_loss 16.9135 | train_rmse 5.4975 | lr 0.000500
2025-02-11 13:39:26 - INFO - [Validate] Epoch 00112 | valid_rmse 2.9374 | valid_pr 0.9910 | valid_criterion 4.6245 | score 0.5376
2025-02-11 13:39:26 - INFO - No improvement for 56 epochs
2025-02-11 13:39:30 - INFO - [Train] Epoch 00113 | train_loss 23.5627 | train_rmse 6.6300 | lr 0.000500
2025-02-11 13:39:30 - INFO - [Validate] Epoch 00113 | valid_rmse 3.2512 | valid_pr 0.9906 | valid_criterion 2.6960 | score 0.7304
2025-02-11 13:39:30 - INFO - No improvement for 57 epochs
2025-02-11 13:39:34 - INFO - [Train] Epoch 00114 | train_loss 18.3725 | train_rmse 5.8875 | lr 0.000500
2025-02-11 13:39:34 - INFO - [Validate] Epoch 00114 | valid_rmse 3.0963 | valid_pr 0.9915 | valid_criterion 4.6501 | score 0.5350
2025-02-11 13:39:34 - INFO - No improvement for 58 epochs
2025-02-11 13:39:38 - INFO - [Train] Epoch 00115 | train_loss 18.8435 | train_rmse 5.9639 | lr 0.000500
2025-02-11 13:39:38 - INFO - [Validate] Epoch 00115 | valid_rmse 3.6005 | valid_pr 0.9920 | valid_criterion 4.1832 | score 0.5817
2025-02-11 13:39:38 - INFO - No improvement for 59 epochs
2025-02-11 13:39:42 - INFO - [Train] Epoch 00116 | train_loss 20.1211 | train_rmse 6.2815 | lr 0.000500
2025-02-11 13:39:42 - INFO - [Validate] Epoch 00116 | valid_rmse 3.6734 | valid_pr 0.9924 | valid_criterion 2.5645 | score 0.7435
2025-02-11 13:39:42 - INFO - No improvement for 60 epochs
2025-02-11 13:39:45 - INFO - [Train] Epoch 00117 | train_loss 18.2002 | train_rmse 5.8009 | lr 0.000500
2025-02-11 13:39:45 - INFO - [Validate] Epoch 00117 | valid_rmse 4.1033 | valid_pr 0.9936 | valid_criterion 5.1166 | score 0.4883
2025-02-11 13:39:45 - INFO - No improvement for 61 epochs
2025-02-11 13:39:49 - INFO - [Train] Epoch 00118 | train_loss 17.9549 | train_rmse 5.6886 | lr 0.000500
2025-02-11 13:39:49 - INFO - [Validate] Epoch 00118 | valid_rmse 3.3430 | valid_pr 0.9935 | valid_criterion 2.2233 | score 0.7777
2025-02-11 13:39:49 - INFO - [Validate] Best score achieved: 0.777672
2025-02-11 13:39:53 - INFO - [Train] Epoch 00119 | train_loss 19.9474 | train_rmse 6.0512 | lr 0.000500
2025-02-11 13:39:53 - INFO - [Validate] Epoch 00119 | valid_rmse 3.1196 | valid_pr 0.9913 | valid_criterion 3.8072 | score 0.6193
2025-02-11 13:39:53 - INFO - No improvement for 1 epochs
2025-02-11 13:39:57 - INFO - [Train] Epoch 00120 | train_loss 15.7408 | train_rmse 5.2880 | lr 0.000100
2025-02-11 13:39:57 - INFO - [Validate] Epoch 00120 | valid_rmse 4.3410 | valid_pr 0.9884 | valid_criterion 2.5717 | score 0.7428
2025-02-11 13:39:57 - INFO - No improvement for 2 epochs
2025-02-11 13:40:01 - INFO - [Train] Epoch 00121 | train_loss 11.3319 | train_rmse 4.4680 | lr 0.000100
2025-02-11 13:40:01 - INFO - [Validate] Epoch 00121 | valid_rmse 2.8337 | valid_pr 0.9948 | valid_criterion 4.5056 | score 0.5494
2025-02-11 13:40:01 - INFO - No improvement for 3 epochs
2025-02-11 13:40:05 - INFO - [Train] Epoch 00122 | train_loss 14.6493 | train_rmse 5.1602 | lr 0.000100
2025-02-11 13:40:05 - INFO - [Validate] Epoch 00122 | valid_rmse 3.2441 | valid_pr 0.9954 | valid_criterion 3.3761 | score 0.6624
2025-02-11 13:40:05 - INFO - No improvement for 4 epochs
2025-02-11 13:40:09 - INFO - [Train] Epoch 00123 | train_loss 15.4554 | train_rmse 5.2176 | lr 0.000100
2025-02-11 13:40:09 - INFO - [Validate] Epoch 00123 | valid_rmse 3.0862 | valid_pr 0.9962 | valid_criterion 4.3572 | score 0.5643
2025-02-11 13:40:09 - INFO - No improvement for 5 epochs
2025-02-11 13:40:13 - INFO - [Train] Epoch 00124 | train_loss 14.2401 | train_rmse 4.8546 | lr 0.000100
2025-02-11 13:40:13 - INFO - [Validate] Epoch 00124 | valid_rmse 3.6071 | valid_pr 0.9957 | valid_criterion 2.8917 | score 0.7108
2025-02-11 13:40:13 - INFO - No improvement for 6 epochs
2025-02-11 13:40:17 - INFO - [Train] Epoch 00125 | train_loss 20.9046 | train_rmse 6.1773 | lr 0.000100
2025-02-11 13:40:17 - INFO - [Validate] Epoch 00125 | valid_rmse 3.1436 | valid_pr 0.9958 | valid_criterion 4.0205 | score 0.5980
2025-02-11 13:40:17 - INFO - No improvement for 7 epochs
2025-02-11 13:40:20 - INFO - [Train] Epoch 00126 | train_loss 17.0635 | train_rmse 5.6386 | lr 0.000100
2025-02-11 13:40:20 - INFO - [Validate] Epoch 00126 | valid_rmse 2.8271 | valid_pr 0.9956 | valid_criterion 3.3862 | score 0.6614
2025-02-11 13:40:20 - INFO - No improvement for 8 epochs
2025-02-11 13:40:24 - INFO - [Train] Epoch 00127 | train_loss 17.0415 | train_rmse 5.6858 | lr 0.000100
2025-02-11 13:40:24 - INFO - [Validate] Epoch 00127 | valid_rmse 3.1261 | valid_pr 0.9968 | valid_criterion 3.0234 | score 0.6977
2025-02-11 13:40:24 - INFO - No improvement for 9 epochs
2025-02-11 13:40:28 - INFO - [Train] Epoch 00128 | train_loss 13.2987 | train_rmse 4.8629 | lr 0.000100
2025-02-11 13:40:28 - INFO - [Validate] Epoch 00128 | valid_rmse 2.8867 | valid_pr 0.9966 | valid_criterion 2.4772 | score 0.7523
2025-02-11 13:40:28 - INFO - No improvement for 10 epochs
2025-02-11 13:40:32 - INFO - [Train] Epoch 00129 | train_loss 13.7226 | train_rmse 4.8764 | lr 0.000100
2025-02-11 13:40:32 - INFO - [Validate] Epoch 00129 | valid_rmse 3.3353 | valid_pr 0.9956 | valid_criterion 2.9760 | score 0.7024
2025-02-11 13:40:32 - INFO - No improvement for 11 epochs
2025-02-11 13:40:36 - INFO - [Train] Epoch 00130 | train_loss 16.9715 | train_rmse 5.5730 | lr 0.000100
2025-02-11 13:40:36 - INFO - [Validate] Epoch 00130 | valid_rmse 2.7399 | valid_pr 0.9970 | valid_criterion 3.6078 | score 0.6392
2025-02-11 13:40:36 - INFO - No improvement for 12 epochs
2025-02-11 13:40:40 - INFO - [Train] Epoch 00131 | train_loss 16.1520 | train_rmse 5.4504 | lr 0.000100
2025-02-11 13:40:40 - INFO - [Validate] Epoch 00131 | valid_rmse 3.0497 | valid_pr 0.9976 | valid_criterion 2.6093 | score 0.7391
2025-02-11 13:40:40 - INFO - No improvement for 13 epochs
2025-02-11 13:40:43 - INFO - [Train] Epoch 00132 | train_loss 14.3309 | train_rmse 5.0033 | lr 0.000100
2025-02-11 13:40:43 - INFO - [Validate] Epoch 00132 | valid_rmse 3.1975 | valid_pr 0.9964 | valid_criterion 2.7790 | score 0.7221
2025-02-11 13:40:43 - INFO - No improvement for 14 epochs
2025-02-11 13:40:47 - INFO - [Train] Epoch 00133 | train_loss 15.2684 | train_rmse 5.3223 | lr 0.000100
2025-02-11 13:40:47 - INFO - [Validate] Epoch 00133 | valid_rmse 3.3079 | valid_pr 0.9951 | valid_criterion 3.5386 | score 0.6461
2025-02-11 13:40:47 - INFO - No improvement for 15 epochs
2025-02-11 13:40:51 - INFO - [Train] Epoch 00134 | train_loss 14.2431 | train_rmse 5.1509 | lr 0.000100
2025-02-11 13:40:51 - INFO - [Validate] Epoch 00134 | valid_rmse 3.3294 | valid_pr 0.9952 | valid_criterion 3.8021 | score 0.6198
2025-02-11 13:40:51 - INFO - No improvement for 16 epochs
2025-02-11 13:40:55 - INFO - [Train] Epoch 00135 | train_loss 14.8767 | train_rmse 5.1505 | lr 0.000100
2025-02-11 13:40:55 - INFO - [Validate] Epoch 00135 | valid_rmse 2.7910 | valid_pr 0.9943 | valid_criterion 3.8211 | score 0.6179
2025-02-11 13:40:55 - INFO - No improvement for 17 epochs
2025-02-11 13:40:58 - INFO - [Train] Epoch 00136 | train_loss 15.3125 | train_rmse 5.3796 | lr 0.000100
2025-02-11 13:40:58 - INFO - [Validate] Epoch 00136 | valid_rmse 3.4998 | valid_pr 0.9948 | valid_criterion 3.0793 | score 0.6921
2025-02-11 13:40:58 - INFO - No improvement for 18 epochs
2025-02-11 13:41:02 - INFO - [Train] Epoch 00137 | train_loss 17.2888 | train_rmse 5.6100 | lr 0.000100
2025-02-11 13:41:02 - INFO - [Validate] Epoch 00137 | valid_rmse 3.6021 | valid_pr 0.9955 | valid_criterion 3.2144 | score 0.6786
2025-02-11 13:41:02 - INFO - No improvement for 19 epochs
2025-02-11 13:41:06 - INFO - [Train] Epoch 00138 | train_loss 13.3475 | train_rmse 4.7734 | lr 0.000100
2025-02-11 13:41:06 - INFO - [Validate] Epoch 00138 | valid_rmse 3.4343 | valid_pr 0.9965 | valid_criterion 2.7181 | score 0.7282
2025-02-11 13:41:06 - INFO - No improvement for 20 epochs
2025-02-11 13:41:10 - INFO - [Train] Epoch 00139 | train_loss 17.0948 | train_rmse 5.7299 | lr 0.000100
2025-02-11 13:41:10 - INFO - [Validate] Epoch 00139 | valid_rmse 2.8771 | valid_pr 0.9970 | valid_criterion 3.3382 | score 0.6662
2025-02-11 13:41:10 - INFO - No improvement for 21 epochs
2025-02-11 13:41:14 - INFO - [Train] Epoch 00140 | train_loss 17.5801 | train_rmse 5.7017 | lr 0.000100
2025-02-11 13:41:14 - INFO - [Validate] Epoch 00140 | valid_rmse 3.0108 | valid_pr 0.9947 | valid_criterion 2.9885 | score 0.7012
2025-02-11 13:41:14 - INFO - No improvement for 22 epochs
2025-02-11 13:41:18 - INFO - [Train] Epoch 00141 | train_loss 15.5307 | train_rmse 5.2889 | lr 0.000020
2025-02-11 13:41:18 - INFO - [Validate] Epoch 00141 | valid_rmse 2.9712 | valid_pr 0.9965 | valid_criterion 3.9291 | score 0.6071
2025-02-11 13:41:18 - INFO - No improvement for 23 epochs
2025-02-11 13:41:22 - INFO - [Train] Epoch 00142 | train_loss 13.4245 | train_rmse 4.8508 | lr 0.000020
2025-02-11 13:41:22 - INFO - [Validate] Epoch 00142 | valid_rmse 3.1351 | valid_pr 0.9956 | valid_criterion 3.1700 | score 0.6830
2025-02-11 13:41:22 - INFO - No improvement for 24 epochs
2025-02-11 13:41:26 - INFO - [Train] Epoch 00143 | train_loss 12.8926 | train_rmse 4.9248 | lr 0.000020
2025-02-11 13:41:26 - INFO - [Validate] Epoch 00143 | valid_rmse 2.8351 | valid_pr 0.9959 | valid_criterion 3.3613 | score 0.6639
2025-02-11 13:41:26 - INFO - No improvement for 25 epochs
2025-02-11 13:41:30 - INFO - [Train] Epoch 00144 | train_loss 14.9621 | train_rmse 5.2460 | lr 0.000020
2025-02-11 13:41:30 - INFO - [Validate] Epoch 00144 | valid_rmse 2.5318 | valid_pr 0.9963 | valid_criterion 3.3760 | score 0.6624
2025-02-11 13:41:30 - INFO - No improvement for 26 epochs
2025-02-11 13:41:34 - INFO - [Train] Epoch 00145 | train_loss 12.9425 | train_rmse 4.8524 | lr 0.000020
2025-02-11 13:41:34 - INFO - [Validate] Epoch 00145 | valid_rmse 2.0303 | valid_pr 0.9960 | valid_criterion 3.2056 | score 0.6794
2025-02-11 13:41:34 - INFO - No improvement for 27 epochs
2025-02-11 13:41:37 - INFO - [Train] Epoch 00146 | train_loss 17.8192 | train_rmse 5.6882 | lr 0.000020
2025-02-11 13:41:37 - INFO - [Validate] Epoch 00146 | valid_rmse 3.6353 | valid_pr 0.9960 | valid_criterion 5.4954 | score 0.4505
2025-02-11 13:41:37 - INFO - No improvement for 28 epochs
2025-02-11 13:41:41 - INFO - [Train] Epoch 00147 | train_loss 15.1408 | train_rmse 5.3249 | lr 0.000020
2025-02-11 13:41:41 - INFO - [Validate] Epoch 00147 | valid_rmse 3.0732 | valid_pr 0.9960 | valid_criterion 2.9621 | score 0.7038
2025-02-11 13:41:41 - INFO - No improvement for 29 epochs
2025-02-11 13:41:45 - INFO - [Train] Epoch 00148 | train_loss 14.9283 | train_rmse 5.0736 | lr 0.000020
2025-02-11 13:41:45 - INFO - [Validate] Epoch 00148 | valid_rmse 3.1931 | valid_pr 0.9970 | valid_criterion 3.2747 | score 0.6725
2025-02-11 13:41:45 - INFO - No improvement for 30 epochs
2025-02-11 13:41:49 - INFO - [Train] Epoch 00149 | train_loss 13.4931 | train_rmse 4.9768 | lr 0.000020
2025-02-11 13:41:49 - INFO - [Validate] Epoch 00149 | valid_rmse 2.8043 | valid_pr 0.9969 | valid_criterion 3.6241 | score 0.6376
2025-02-11 13:41:49 - INFO - No improvement for 31 epochs
2025-02-11 13:41:53 - INFO - [Train] Epoch 00150 | train_loss 14.7234 | train_rmse 5.1110 | lr 0.000020
2025-02-11 13:41:53 - INFO - [Validate] Epoch 00150 | valid_rmse 3.3733 | valid_pr 0.9960 | valid_criterion 2.5369 | score 0.7463
2025-02-11 13:41:53 - INFO - No improvement for 32 epochs
2025-02-11 13:41:57 - INFO - [Train] Epoch 00151 | train_loss 16.8436 | train_rmse 5.5305 | lr 0.000020
2025-02-11 13:41:57 - INFO - [Validate] Epoch 00151 | valid_rmse 2.7216 | valid_pr 0.9969 | valid_criterion 3.8529 | score 0.6147
2025-02-11 13:41:57 - INFO - No improvement for 33 epochs
2025-02-11 13:42:01 - INFO - [Train] Epoch 00152 | train_loss 16.6377 | train_rmse 5.3994 | lr 0.000020
2025-02-11 13:42:01 - INFO - [Validate] Epoch 00152 | valid_rmse 2.7275 | valid_pr 0.9970 | valid_criterion 3.2595 | score 0.6740
2025-02-11 13:42:01 - INFO - No improvement for 34 epochs
2025-02-11 13:42:05 - INFO - [Train] Epoch 00153 | train_loss 14.3368 | train_rmse 5.1516 | lr 0.000020
2025-02-11 13:42:05 - INFO - [Validate] Epoch 00153 | valid_rmse 2.7363 | valid_pr 0.9961 | valid_criterion 2.7405 | score 0.7259
2025-02-11 13:42:05 - INFO - No improvement for 35 epochs
2025-02-11 13:42:08 - INFO - [Train] Epoch 00154 | train_loss 15.7344 | train_rmse 5.2727 | lr 0.000020
2025-02-11 13:42:08 - INFO - [Validate] Epoch 00154 | valid_rmse 2.6562 | valid_pr 0.9963 | valid_criterion 3.4689 | score 0.6531
2025-02-11 13:42:08 - INFO - No improvement for 36 epochs
2025-02-11 13:42:12 - INFO - [Train] Epoch 00155 | train_loss 11.1427 | train_rmse 4.4040 | lr 0.000020
2025-02-11 13:42:12 - INFO - [Validate] Epoch 00155 | valid_rmse 3.0566 | valid_pr 0.9969 | valid_criterion 3.4269 | score 0.6573
2025-02-11 13:42:12 - INFO - No improvement for 37 epochs
2025-02-11 13:42:16 - INFO - [Train] Epoch 00156 | train_loss 14.8393 | train_rmse 5.2128 | lr 0.000020
2025-02-11 13:42:16 - INFO - [Validate] Epoch 00156 | valid_rmse 2.9146 | valid_pr 0.9968 | valid_criterion 3.2642 | score 0.6736
2025-02-11 13:42:16 - INFO - No improvement for 38 epochs
2025-02-11 13:42:20 - INFO - [Train] Epoch 00157 | train_loss 17.8676 | train_rmse 5.7372 | lr 0.000020
2025-02-11 13:42:20 - INFO - [Validate] Epoch 00157 | valid_rmse 3.5714 | valid_pr 0.9961 | valid_criterion 2.4198 | score 0.7580
2025-02-11 13:42:20 - INFO - No improvement for 39 epochs
2025-02-11 13:42:24 - INFO - [Train] Epoch 00158 | train_loss 15.8946 | train_rmse 5.4479 | lr 0.000020
2025-02-11 13:42:24 - INFO - [Validate] Epoch 00158 | valid_rmse 2.8377 | valid_pr 0.9964 | valid_criterion 3.6398 | score 0.6360
2025-02-11 13:42:24 - INFO - No improvement for 40 epochs
2025-02-11 13:42:28 - INFO - [Train] Epoch 00159 | train_loss 11.7360 | train_rmse 4.6224 | lr 0.000020
2025-02-11 13:42:28 - INFO - [Validate] Epoch 00159 | valid_rmse 2.6773 | valid_pr 0.9964 | valid_criterion 3.6418 | score 0.6358
2025-02-11 13:42:28 - INFO - No improvement for 41 epochs
2025-02-11 13:42:32 - INFO - [Train] Epoch 00160 | train_loss 15.9681 | train_rmse 5.5001 | lr 0.000020
2025-02-11 13:42:32 - INFO - [Validate] Epoch 00160 | valid_rmse 2.7976 | valid_pr 0.9964 | valid_criterion 2.7798 | score 0.7220
2025-02-11 13:42:32 - INFO - No improvement for 42 epochs
2025-02-11 13:42:36 - INFO - [Train] Epoch 00161 | train_loss 14.0260 | train_rmse 4.9692 | lr 0.000020
2025-02-11 13:42:36 - INFO - [Validate] Epoch 00161 | valid_rmse 3.1799 | valid_pr 0.9967 | valid_criterion 3.1000 | score 0.6900
2025-02-11 13:42:36 - INFO - No improvement for 43 epochs
2025-02-11 13:42:40 - INFO - [Train] Epoch 00162 | train_loss 14.8399 | train_rmse 5.2711 | lr 0.000020
2025-02-11 13:42:40 - INFO - [Validate] Epoch 00162 | valid_rmse 2.9141 | valid_pr 0.9966 | valid_criterion 4.2370 | score 0.5763
2025-02-11 13:42:40 - INFO - No improvement for 44 epochs
2025-02-11 13:42:43 - INFO - [Train] Epoch 00163 | train_loss 19.3178 | train_rmse 6.1439 | lr 0.000020
2025-02-11 13:42:43 - INFO - [Validate] Epoch 00163 | valid_rmse 2.8406 | valid_pr 0.9965 | valid_criterion 3.5822 | score 0.6418
2025-02-11 13:42:43 - INFO - No improvement for 45 epochs
2025-02-11 13:42:47 - INFO - [Train] Epoch 00164 | train_loss 16.8886 | train_rmse 5.7094 | lr 0.000020
2025-02-11 13:42:47 - INFO - [Validate] Epoch 00164 | valid_rmse 2.5158 | valid_pr 0.9952 | valid_criterion 3.6515 | score 0.6349
2025-02-11 13:42:47 - INFO - No improvement for 46 epochs
2025-02-11 13:42:52 - INFO - [Train] Epoch 00165 | train_loss 10.4742 | train_rmse 4.3260 | lr 0.000020
2025-02-11 13:42:52 - INFO - [Validate] Epoch 00165 | valid_rmse 2.9836 | valid_pr 0.9966 | valid_criterion 3.2308 | score 0.6769
2025-02-11 13:42:52 - INFO - No improvement for 47 epochs
2025-02-11 13:42:56 - INFO - [Train] Epoch 00166 | train_loss 15.0695 | train_rmse 5.1859 | lr 0.000004
2025-02-11 13:42:56 - INFO - [Validate] Epoch 00166 | valid_rmse 3.2514 | valid_pr 0.9967 | valid_criterion 2.6155 | score 0.7385
2025-02-11 13:42:56 - INFO - No improvement for 48 epochs
2025-02-11 13:43:00 - INFO - [Train] Epoch 00167 | train_loss 14.6498 | train_rmse 5.1703 | lr 0.000004
2025-02-11 13:43:00 - INFO - [Validate] Epoch 00167 | valid_rmse 2.9487 | valid_pr 0.9969 | valid_criterion 2.7389 | score 0.7261
2025-02-11 13:43:00 - INFO - No improvement for 49 epochs
2025-02-11 13:43:04 - INFO - [Train] Epoch 00168 | train_loss 14.5271 | train_rmse 5.2448 | lr 0.000004
2025-02-11 13:43:04 - INFO - [Validate] Epoch 00168 | valid_rmse 2.7539 | valid_pr 0.9966 | valid_criterion 3.0661 | score 0.6934
2025-02-11 13:43:04 - INFO - No improvement for 50 epochs
2025-02-11 13:43:08 - INFO - [Train] Epoch 00169 | train_loss 11.9433 | train_rmse 4.4721 | lr 0.000004
2025-02-11 13:43:08 - INFO - [Validate] Epoch 00169 | valid_rmse 2.8437 | valid_pr 0.9968 | valid_criterion 4.1062 | score 0.5894
2025-02-11 13:43:08 - INFO - No improvement for 51 epochs
2025-02-11 13:43:12 - INFO - [Train] Epoch 00170 | train_loss 15.7719 | train_rmse 5.4838 | lr 0.000004
2025-02-11 13:43:12 - INFO - [Validate] Epoch 00170 | valid_rmse 2.9516 | valid_pr 0.9964 | valid_criterion 4.4581 | score 0.5542
2025-02-11 13:43:12 - INFO - No improvement for 52 epochs
2025-02-11 13:43:16 - INFO - [Train] Epoch 00171 | train_loss 14.8761 | train_rmse 5.3829 | lr 0.000004
2025-02-11 13:43:16 - INFO - [Validate] Epoch 00171 | valid_rmse 2.8880 | valid_pr 0.9963 | valid_criterion 3.9705 | score 0.6030
2025-02-11 13:43:16 - INFO - No improvement for 53 epochs
2025-02-11 13:43:19 - INFO - [Train] Epoch 00172 | train_loss 16.0852 | train_rmse 5.4640 | lr 0.000004
2025-02-11 13:43:19 - INFO - [Validate] Epoch 00172 | valid_rmse 2.9772 | valid_pr 0.9961 | valid_criterion 4.5133 | score 0.5487
2025-02-11 13:43:19 - INFO - No improvement for 54 epochs
2025-02-11 13:43:23 - INFO - [Train] Epoch 00173 | train_loss 12.9844 | train_rmse 4.7628 | lr 0.000004
2025-02-11 13:43:23 - INFO - [Validate] Epoch 00173 | valid_rmse 3.4651 | valid_pr 0.9962 | valid_criterion 2.9246 | score 0.7075
2025-02-11 13:43:23 - INFO - No improvement for 55 epochs
2025-02-11 13:43:27 - INFO - [Train] Epoch 00174 | train_loss 13.3294 | train_rmse 4.8973 | lr 0.000004
2025-02-11 13:43:27 - INFO - [Validate] Epoch 00174 | valid_rmse 3.5262 | valid_pr 0.9967 | valid_criterion 2.3130 | score 0.7687
2025-02-11 13:43:27 - INFO - No improvement for 56 epochs
2025-02-11 13:43:31 - INFO - [Train] Epoch 00175 | train_loss 14.7883 | train_rmse 5.0958 | lr 0.000004
2025-02-11 13:43:31 - INFO - [Validate] Epoch 00175 | valid_rmse 3.0935 | valid_pr 0.9971 | valid_criterion 4.0320 | score 0.5968
2025-02-11 13:43:31 - INFO - No improvement for 57 epochs
2025-02-11 13:43:35 - INFO - [Train] Epoch 00176 | train_loss 13.9962 | train_rmse 5.0829 | lr 0.000004
2025-02-11 13:43:35 - INFO - [Validate] Epoch 00176 | valid_rmse 2.6353 | valid_pr 0.9964 | valid_criterion 3.1689 | score 0.6831
2025-02-11 13:43:35 - INFO - No improvement for 58 epochs
2025-02-11 13:43:39 - INFO - [Train] Epoch 00177 | train_loss 12.8666 | train_rmse 4.8506 | lr 0.000004
2025-02-11 13:43:39 - INFO - [Validate] Epoch 00177 | valid_rmse 3.3360 | valid_pr 0.9970 | valid_criterion 2.4868 | score 0.7513
2025-02-11 13:43:39 - INFO - No improvement for 59 epochs
2025-02-11 13:43:43 - INFO - [Train] Epoch 00178 | train_loss 18.5894 | train_rmse 5.8992 | lr 0.000004
2025-02-11 13:43:43 - INFO - [Validate] Epoch 00178 | valid_rmse 2.6441 | valid_pr 0.9965 | valid_criterion 3.1021 | score 0.6898
2025-02-11 13:43:43 - INFO - No improvement for 60 epochs
2025-02-11 13:43:47 - INFO - [Train] Epoch 00179 | train_loss 14.6514 | train_rmse 5.0946 | lr 0.000004
2025-02-11 13:43:47 - INFO - [Validate] Epoch 00179 | valid_rmse 2.9797 | valid_pr 0.9966 | valid_criterion 2.9866 | score 0.7013
2025-02-11 13:43:47 - INFO - No improvement for 61 epochs
2025-02-11 13:43:51 - INFO - [Train] Epoch 00180 | train_loss 13.8321 | train_rmse 5.0529 | lr 0.000004
2025-02-11 13:43:51 - INFO - [Validate] Epoch 00180 | valid_rmse 2.8378 | valid_pr 0.9962 | valid_criterion 3.2237 | score 0.6776
2025-02-11 13:43:51 - INFO - No improvement for 62 epochs
2025-02-11 13:43:54 - INFO - [Train] Epoch 00181 | train_loss 12.5475 | train_rmse 4.7326 | lr 0.000004
2025-02-11 13:43:54 - INFO - [Validate] Epoch 00181 | valid_rmse 2.7040 | valid_pr 0.9959 | valid_criterion 3.1535 | score 0.6846
2025-02-11 13:43:54 - INFO - No improvement for 63 epochs
2025-02-11 13:43:58 - INFO - [Train] Epoch 00182 | train_loss 10.8055 | train_rmse 4.3739 | lr 0.000004
2025-02-11 13:43:58 - INFO - [Validate] Epoch 00182 | valid_rmse 2.8407 | valid_pr 0.9972 | valid_criterion 2.7570 | score 0.7243
2025-02-11 13:43:58 - INFO - No improvement for 64 epochs
2025-02-11 13:44:02 - INFO - [Train] Epoch 00183 | train_loss 17.1211 | train_rmse 5.5896 | lr 0.000004
2025-02-11 13:44:02 - INFO - [Validate] Epoch 00183 | valid_rmse 3.1711 | valid_pr 0.9968 | valid_criterion 2.5988 | score 0.7401
2025-02-11 13:44:02 - INFO - No improvement for 65 epochs
2025-02-11 13:44:06 - INFO - [Train] Epoch 00184 | train_loss 13.8719 | train_rmse 5.2135 | lr 0.000004
2025-02-11 13:44:06 - INFO - [Validate] Epoch 00184 | valid_rmse 2.8945 | valid_pr 0.9970 | valid_criterion 2.9466 | score 0.7053
2025-02-11 13:44:06 - INFO - No improvement for 66 epochs
2025-02-11 13:44:10 - INFO - [Train] Epoch 00185 | train_loss 13.2495 | train_rmse 4.8334 | lr 0.000004
2025-02-11 13:44:10 - INFO - [Validate] Epoch 00185 | valid_rmse 2.8827 | valid_pr 0.9970 | valid_criterion 2.6917 | score 0.7308
2025-02-11 13:44:10 - INFO - No improvement for 67 epochs
2025-02-11 13:44:14 - INFO - [Train] Epoch 00186 | train_loss 13.9579 | train_rmse 5.2351 | lr 0.000004
2025-02-11 13:44:14 - INFO - [Validate] Epoch 00186 | valid_rmse 2.6462 | valid_pr 0.9968 | valid_criterion 3.7884 | score 0.6212
2025-02-11 13:44:14 - INFO - No improvement for 68 epochs
2025-02-11 13:44:18 - INFO - [Train] Epoch 00187 | train_loss 15.3528 | train_rmse 5.3430 | lr 0.000001
2025-02-11 13:44:18 - INFO - [Validate] Epoch 00187 | valid_rmse 4.0186 | valid_pr 0.9965 | valid_criterion 2.3743 | score 0.7626
2025-02-11 13:44:18 - INFO - No improvement for 69 epochs
2025-02-11 13:44:22 - INFO - [Train] Epoch 00188 | train_loss 15.6234 | train_rmse 5.4077 | lr 0.000001
2025-02-11 13:44:22 - INFO - [Validate] Epoch 00188 | valid_rmse 2.9084 | valid_pr 0.9963 | valid_criterion 4.4512 | score 0.5549
2025-02-11 13:44:22 - INFO - No improvement for 70 epochs
2025-02-11 13:44:26 - INFO - [Train] Epoch 00189 | train_loss 18.5460 | train_rmse 5.9742 | lr 0.000001
2025-02-11 13:44:26 - INFO - [Validate] Epoch 00189 | valid_rmse 2.6130 | valid_pr 0.9964 | valid_criterion 3.8891 | score 0.6111
2025-02-11 13:44:26 - INFO - No improvement for 71 epochs
2025-02-11 13:44:29 - INFO - [Train] Epoch 00190 | train_loss 11.5904 | train_rmse 4.4334 | lr 0.000001
2025-02-11 13:44:29 - INFO - [Validate] Epoch 00190 | valid_rmse 2.6139 | valid_pr 0.9966 | valid_criterion 3.1831 | score 0.6817
2025-02-11 13:44:29 - INFO - No improvement for 72 epochs
2025-02-11 13:44:33 - INFO - [Train] Epoch 00191 | train_loss 21.9261 | train_rmse 6.5211 | lr 0.000001
2025-02-11 13:44:33 - INFO - [Validate] Epoch 00191 | valid_rmse 3.2520 | valid_pr 0.9964 | valid_criterion 2.7740 | score 0.7226
2025-02-11 13:44:33 - INFO - No improvement for 73 epochs
2025-02-11 13:44:37 - INFO - [Train] Epoch 00192 | train_loss 13.9885 | train_rmse 5.0817 | lr 0.000001
2025-02-11 13:44:37 - INFO - [Validate] Epoch 00192 | valid_rmse 2.9098 | valid_pr 0.9967 | valid_criterion 3.1451 | score 0.6855
2025-02-11 13:44:37 - INFO - No improvement for 74 epochs
2025-02-11 13:44:41 - INFO - [Train] Epoch 00193 | train_loss 17.2879 | train_rmse 5.7357 | lr 0.000001
2025-02-11 13:44:41 - INFO - [Validate] Epoch 00193 | valid_rmse 2.6689 | valid_pr 0.9966 | valid_criterion 3.9377 | score 0.6062
2025-02-11 13:44:41 - INFO - No improvement for 75 epochs
2025-02-11 13:44:45 - INFO - [Train] Epoch 00194 | train_loss 16.6891 | train_rmse 5.7216 | lr 0.000001
2025-02-11 13:44:45 - INFO - [Validate] Epoch 00194 | valid_rmse 2.7269 | valid_pr 0.9959 | valid_criterion 4.3751 | score 0.5625
2025-02-11 13:44:45 - INFO - No improvement for 76 epochs
2025-02-11 13:44:49 - INFO - [Train] Epoch 00195 | train_loss 17.2825 | train_rmse 5.7378 | lr 0.000001
2025-02-11 13:44:49 - INFO - [Validate] Epoch 00195 | valid_rmse 2.7579 | valid_pr 0.9972 | valid_criterion 3.1456 | score 0.6854
2025-02-11 13:44:49 - INFO - No improvement for 77 epochs
2025-02-11 13:44:53 - INFO - [Train] Epoch 00196 | train_loss 14.6556 | train_rmse 5.3447 | lr 0.000001
2025-02-11 13:44:53 - INFO - [Validate] Epoch 00196 | valid_rmse 2.9736 | valid_pr 0.9970 | valid_criterion 3.1509 | score 0.6849
2025-02-11 13:44:53 - INFO - No improvement for 78 epochs
2025-02-11 13:44:57 - INFO - [Train] Epoch 00197 | train_loss 11.6047 | train_rmse 4.6246 | lr 0.000001
2025-02-11 13:44:57 - INFO - [Validate] Epoch 00197 | valid_rmse 2.7952 | valid_pr 0.9968 | valid_criterion 3.2378 | score 0.6762
2025-02-11 13:44:57 - INFO - No improvement for 79 epochs
2025-02-11 13:45:00 - INFO - [Train] Epoch 00198 | train_loss 13.2764 | train_rmse 4.9703 | lr 0.000001
2025-02-11 13:45:00 - INFO - [Validate] Epoch 00198 | valid_rmse 2.7378 | valid_pr 0.9970 | valid_criterion 3.2517 | score 0.6748
2025-02-11 13:45:00 - INFO - No improvement for 80 epochs
2025-02-11 13:45:04 - INFO - [Train] Epoch 00199 | train_loss 15.9379 | train_rmse 5.3681 | lr 0.000001
2025-02-11 13:45:04 - INFO - [Validate] Epoch 00199 | valid_rmse 2.6804 | valid_pr 0.9970 | valid_criterion 3.4987 | score 0.6501
2025-02-11 13:45:04 - INFO - No improvement for 81 epochs
2025-02-11 13:45:08 - INFO - [Train] Epoch 00200 | train_loss 13.5723 | train_rmse 5.0471 | lr 0.000001
2025-02-11 13:45:08 - INFO - [Validate] Epoch 00200 | valid_rmse 3.0581 | valid_pr 0.9967 | valid_criterion 4.1252 | score 0.5875
2025-02-11 13:45:08 - INFO - No improvement for 82 epochs
2025-02-11 13:45:12 - INFO - [Train] Epoch 00201 | train_loss 13.3466 | train_rmse 4.9408 | lr 0.000001
2025-02-11 13:45:12 - INFO - [Validate] Epoch 00201 | valid_rmse 2.9763 | valid_pr 0.9969 | valid_criterion 2.9799 | score 0.7020
2025-02-11 13:45:12 - INFO - No improvement for 83 epochs
2025-02-11 13:45:16 - INFO - [Train] Epoch 00202 | train_loss 11.7145 | train_rmse 4.5697 | lr 0.000001
2025-02-11 13:45:16 - INFO - [Validate] Epoch 00202 | valid_rmse 3.0239 | valid_pr 0.9967 | valid_criterion 3.0570 | score 0.6943
2025-02-11 13:45:16 - INFO - No improvement for 84 epochs
2025-02-11 13:45:20 - INFO - [Train] Epoch 00203 | train_loss 12.8022 | train_rmse 4.8506 | lr 0.000001
2025-02-11 13:45:20 - INFO - [Validate] Epoch 00203 | valid_rmse 2.8361 | valid_pr 0.9967 | valid_criterion 3.1602 | score 0.6840
2025-02-11 13:45:20 - INFO - No improvement for 85 epochs
2025-02-11 13:45:24 - INFO - [Train] Epoch 00204 | train_loss 15.1298 | train_rmse 5.3651 | lr 0.000001
2025-02-11 13:45:24 - INFO - [Validate] Epoch 00204 | valid_rmse 2.8920 | valid_pr 0.9968 | valid_criterion 3.2904 | score 0.6710
2025-02-11 13:45:24 - INFO - No improvement for 86 epochs
2025-02-11 13:45:28 - INFO - [Train] Epoch 00205 | train_loss 13.7838 | train_rmse 5.0553 | lr 0.000001
2025-02-11 13:45:28 - INFO - [Validate] Epoch 00205 | valid_rmse 3.3578 | valid_pr 0.9972 | valid_criterion 3.2071 | score 0.6793
2025-02-11 13:45:28 - INFO - No improvement for 87 epochs
2025-02-11 13:45:32 - INFO - [Train] Epoch 00206 | train_loss 17.0317 | train_rmse 5.5917 | lr 0.000001
2025-02-11 13:45:32 - INFO - [Validate] Epoch 00206 | valid_rmse 2.6872 | valid_pr 0.9960 | valid_criterion 3.0193 | score 0.6981
2025-02-11 13:45:32 - INFO - No improvement for 88 epochs
2025-02-11 13:45:36 - INFO - [Train] Epoch 00207 | train_loss 17.9393 | train_rmse 5.9022 | lr 0.000001
2025-02-11 13:45:36 - INFO - [Validate] Epoch 00207 | valid_rmse 3.0099 | valid_pr 0.9966 | valid_criterion 3.2491 | score 0.6751
2025-02-11 13:45:36 - INFO - No improvement for 89 epochs
2025-02-11 13:45:39 - INFO - [Train] Epoch 00208 | train_loss 12.9988 | train_rmse 4.9030 | lr 0.000000
2025-02-11 13:45:39 - INFO - [Validate] Epoch 00208 | valid_rmse 3.1694 | valid_pr 0.9971 | valid_criterion 2.8066 | score 0.7193
2025-02-11 13:45:39 - INFO - No improvement for 90 epochs
2025-02-11 13:45:43 - INFO - [Train] Epoch 00209 | train_loss 17.0665 | train_rmse 5.5624 | lr 0.000000
2025-02-11 13:45:43 - INFO - [Validate] Epoch 00209 | valid_rmse 2.7860 | valid_pr 0.9965 | valid_criterion 4.2131 | score 0.5787
2025-02-11 13:45:43 - INFO - No improvement for 91 epochs
2025-02-11 13:45:47 - INFO - [Train] Epoch 00210 | train_loss 20.8283 | train_rmse 6.4270 | lr 0.000000
2025-02-11 13:45:47 - INFO - [Validate] Epoch 00210 | valid_rmse 2.7775 | valid_pr 0.9965 | valid_criterion 3.6225 | score 0.6377
2025-02-11 13:45:47 - INFO - No improvement for 92 epochs
2025-02-11 13:45:51 - INFO - [Train] Epoch 00211 | train_loss 14.1825 | train_rmse 5.1641 | lr 0.000000
2025-02-11 13:45:51 - INFO - [Validate] Epoch 00211 | valid_rmse 2.7555 | valid_pr 0.9962 | valid_criterion 3.3726 | score 0.6627
2025-02-11 13:45:51 - INFO - No improvement for 93 epochs
2025-02-11 13:45:55 - INFO - [Train] Epoch 00212 | train_loss 14.6275 | train_rmse 5.2919 | lr 0.000000
2025-02-11 13:45:55 - INFO - [Validate] Epoch 00212 | valid_rmse 2.8246 | valid_pr 0.9969 | valid_criterion 2.6011 | score 0.7399
2025-02-11 13:45:55 - INFO - No improvement for 94 epochs
2025-02-11 13:45:59 - INFO - [Train] Epoch 00213 | train_loss 12.7653 | train_rmse 4.7787 | lr 0.000000
2025-02-11 13:45:59 - INFO - [Validate] Epoch 00213 | valid_rmse 2.7278 | valid_pr 0.9967 | valid_criterion 2.6417 | score 0.7358
2025-02-11 13:45:59 - INFO - No improvement for 95 epochs
2025-02-11 13:46:02 - INFO - [Train] Epoch 00214 | train_loss 12.6017 | train_rmse 4.8312 | lr 0.000000
2025-02-11 13:46:02 - INFO - [Validate] Epoch 00214 | valid_rmse 2.8109 | valid_pr 0.9966 | valid_criterion 2.4918 | score 0.7508
2025-02-11 13:46:02 - INFO - No improvement for 96 epochs
2025-02-11 13:46:06 - INFO - [Train] Epoch 00215 | train_loss 15.2977 | train_rmse 5.3712 | lr 0.000000
2025-02-11 13:46:06 - INFO - [Validate] Epoch 00215 | valid_rmse 3.2220 | valid_pr 0.9966 | valid_criterion 3.0248 | score 0.6975
2025-02-11 13:46:06 - INFO - No improvement for 97 epochs
2025-02-11 13:46:10 - INFO - [Train] Epoch 00216 | train_loss 16.1288 | train_rmse 5.4328 | lr 0.000000
2025-02-11 13:46:10 - INFO - [Validate] Epoch 00216 | valid_rmse 2.7247 | valid_pr 0.9967 | valid_criterion 3.0714 | score 0.6929
2025-02-11 13:46:10 - INFO - No improvement for 98 epochs
2025-02-11 13:46:14 - INFO - [Train] Epoch 00217 | train_loss 13.0624 | train_rmse 4.8829 | lr 0.000000
2025-02-11 13:46:14 - INFO - [Validate] Epoch 00217 | valid_rmse 2.5247 | valid_pr 0.9968 | valid_criterion 3.2731 | score 0.6727
2025-02-11 13:46:14 - INFO - No improvement for 99 epochs
2025-02-11 13:46:18 - INFO - [Train] Epoch 00218 | train_loss 16.4697 | train_rmse 5.4928 | lr 0.000000
2025-02-11 13:46:18 - INFO - [Validate] Epoch 00218 | valid_rmse 2.8798 | valid_pr 0.9968 | valid_criterion 3.0168 | score 0.6983
2025-02-11 13:46:18 - INFO - No improvement for 100 epochs
2025-02-11 13:46:18 - INFO - Early stopping triggered. No improvement for 100 epochs
2025-02-11 13:46:18 - INFO - Best model was saved at epoch 118
2025-02-11 13:46:18 - INFO - [Validate] Epoch 00218 | valid_rmse1 3.342968 | valid_pr1 0.993473 | valid_criterion 2.223278
