2025-02-26 03:36:41 - INFO - 01.train.py
2025-02-26 03:36:41 - INFO - train data: 5236
2025-02-26 03:36:41 - INFO - valid data: 1188
2025-02-26 03:36:41 - INFO - Total parameters: 1212803
2025-02-26 03:36:41 - INFO - Trainable parameters: 1212803
2025-02-26 03:36:54 - INFO - [Train] Epoch 00000 | train_loss 817.9374 | train_rmse 41.5472 | lr 0.000201
2025-02-26 03:36:54 - INFO - [Validate] Epoch 00000 | valid_rmse 42.4773 | valid_pr -0.0189 | valid_criterion 24.0652 | score -1.4065
2025-02-26 03:36:54 - INFO - [Validate] Best score achieved: -1.406518
2025-02-26 03:37:06 - INFO - [Train] Epoch 00001 | train_loss 762.8090 | train_rmse 40.5459 | lr 0.000401
2025-02-26 03:37:06 - INFO - [Validate] Epoch 00001 | valid_rmse 39.1421 | valid_pr 0.7727 | valid_criterion 30.5312 | score -2.0531
2025-02-26 03:37:06 - INFO - No improvement for 1 epochs
2025-02-26 03:37:18 - INFO - [Train] Epoch 00002 | train_loss 614.3318 | train_rmse 37.0900 | lr 0.000601
2025-02-26 03:37:18 - INFO - [Validate] Epoch 00002 | valid_rmse 35.0477 | valid_pr 0.7595 | valid_criterion 24.3988 | score -1.4399
2025-02-26 03:37:18 - INFO - No improvement for 2 epochs
2025-02-26 03:37:30 - INFO - [Train] Epoch 00003 | train_loss 392.8479 | train_rmse 30.4428 | lr 0.000801
2025-02-26 03:37:30 - INFO - [Validate] Epoch 00003 | valid_rmse 25.6709 | valid_pr 0.8455 | valid_criterion 21.9172 | score -1.1917
2025-02-26 03:37:30 - INFO - [Validate] Best score achieved: -1.191725
2025-02-26 03:37:54 - INFO - [Train] Epoch 00004 | train_loss 65.0127 | train_rmse 11.9511 | lr 0.001001
2025-02-26 03:37:54 - INFO - [Validate] Epoch 00004 | valid_rmse 8.4432 | valid_pr 0.9032 | valid_criterion 9.8720 | score 0.0128
2025-02-26 03:37:54 - INFO - [Validate] Best score achieved: 0.012799
2025-02-26 03:38:06 - INFO - [Train] Epoch 00005 | train_loss 32.4904 | train_rmse 7.8899 | lr 0.001201
2025-02-26 03:38:06 - INFO - [Validate] Epoch 00005 | valid_rmse 8.3108 | valid_pr 0.9276 | valid_criterion 12.7775 | score -0.2777
2025-02-26 03:38:06 - INFO - No improvement for 1 epochs
2025-02-26 03:38:18 - INFO - [Train] Epoch 00006 | train_loss 28.1374 | train_rmse 7.2844 | lr 0.001401
2025-02-26 03:38:18 - INFO - [Validate] Epoch 00006 | valid_rmse 6.7915 | valid_pr 0.9520 | valid_criterion 9.6575 | score 0.0343
2025-02-26 03:38:18 - INFO - [Validate] Best score achieved: 0.034254
2025-02-26 03:38:31 - INFO - [Train] Epoch 00007 | train_loss 23.2786 | train_rmse 6.5517 | lr 0.001601
2025-02-26 03:38:31 - INFO - [Validate] Epoch 00007 | valid_rmse 9.9069 | valid_pr 0.8697 | valid_criterion 9.5732 | score 0.0427
2025-02-26 03:38:31 - INFO - [Validate] Best score achieved: 0.042680
2025-02-26 03:39:07 - INFO - [Train] Epoch 00008 | train_loss 23.1714 | train_rmse 6.5264 | lr 0.001801
2025-02-26 03:39:07 - INFO - [Validate] Epoch 00008 | valid_rmse 8.7240 | valid_pr 0.9348 | valid_criterion 9.1020 | score 0.0898
2025-02-26 03:39:07 - INFO - [Validate] Best score achieved: 0.089796
2025-02-26 03:39:19 - INFO - [Train] Epoch 00009 | train_loss 22.7879 | train_rmse 6.4785 | lr 0.002001
2025-02-26 03:39:19 - INFO - [Validate] Epoch 00009 | valid_rmse 7.6065 | valid_pr 0.9288 | valid_criterion 9.5883 | score 0.0412
2025-02-26 03:39:19 - INFO - No improvement for 1 epochs
2025-02-26 03:40:03 - INFO - [Train] Epoch 00010 | train_loss 19.2770 | train_rmse 5.9470 | lr 0.002201
2025-02-26 03:40:03 - INFO - [Validate] Epoch 00010 | valid_rmse 7.4124 | valid_pr 0.9401 | valid_criterion 9.6668 | score 0.0333
2025-02-26 03:40:03 - INFO - No improvement for 2 epochs
2025-02-26 03:40:16 - INFO - [Train] Epoch 00011 | train_loss 20.7557 | train_rmse 6.1490 | lr 0.002401
2025-02-26 03:40:16 - INFO - [Validate] Epoch 00011 | valid_rmse 5.5174 | valid_pr 0.9636 | valid_criterion 8.0746 | score 0.1925
2025-02-26 03:40:16 - INFO - [Validate] Best score achieved: 0.192536
2025-02-26 03:40:28 - INFO - [Train] Epoch 00012 | train_loss 18.7294 | train_rmse 5.8606 | lr 0.002601
2025-02-26 03:40:28 - INFO - [Validate] Epoch 00012 | valid_rmse 8.4839 | valid_pr 0.9556 | valid_criterion 8.3378 | score 0.1662
2025-02-26 03:40:28 - INFO - No improvement for 1 epochs
2025-02-26 03:41:11 - INFO - [Train] Epoch 00013 | train_loss 18.5187 | train_rmse 5.8277 | lr 0.002801
2025-02-26 03:41:11 - INFO - [Validate] Epoch 00013 | valid_rmse 7.8890 | valid_pr 0.9618 | valid_criterion 8.2377 | score 0.1762
2025-02-26 03:41:11 - INFO - No improvement for 2 epochs
2025-02-26 03:41:23 - INFO - [Train] Epoch 00014 | train_loss 17.2938 | train_rmse 5.6641 | lr 0.003001
2025-02-26 03:41:23 - INFO - [Validate] Epoch 00014 | valid_rmse 5.3577 | valid_pr 0.9647 | valid_criterion 8.6813 | score 0.1319
2025-02-26 03:41:23 - INFO - No improvement for 3 epochs
2025-02-26 03:42:06 - INFO - [Train] Epoch 00015 | train_loss 16.4902 | train_rmse 5.4864 | lr 0.003201
2025-02-26 03:42:06 - INFO - [Validate] Epoch 00015 | valid_rmse 5.5237 | valid_pr 0.9638 | valid_criterion 8.0176 | score 0.1982
2025-02-26 03:42:06 - INFO - [Validate] Best score achieved: 0.198242
2025-02-26 03:42:18 - INFO - [Train] Epoch 00016 | train_loss 16.4602 | train_rmse 5.5326 | lr 0.003401
2025-02-26 03:42:18 - INFO - [Validate] Epoch 00016 | valid_rmse 5.4973 | valid_pr 0.9646 | valid_criterion 8.4979 | score 0.1502
2025-02-26 03:42:18 - INFO - No improvement for 1 epochs
2025-02-26 03:42:59 - INFO - [Train] Epoch 00017 | train_loss 15.6709 | train_rmse 5.3237 | lr 0.003601
2025-02-26 03:42:59 - INFO - [Validate] Epoch 00017 | valid_rmse 5.4262 | valid_pr 0.9624 | valid_criterion 8.7297 | score 0.1270
2025-02-26 03:42:59 - INFO - No improvement for 2 epochs
2025-02-26 03:43:11 - INFO - [Train] Epoch 00018 | train_loss 16.1743 | train_rmse 5.4460 | lr 0.003801
2025-02-26 03:43:11 - INFO - [Validate] Epoch 00018 | valid_rmse 5.6506 | valid_pr 0.9660 | valid_criterion 8.5660 | score 0.1434
2025-02-26 03:43:11 - INFO - No improvement for 3 epochs
2025-02-26 03:43:23 - INFO - [Train] Epoch 00019 | train_loss 15.8994 | train_rmse 5.3527 | lr 0.004001
2025-02-26 03:43:23 - INFO - [Validate] Epoch 00019 | valid_rmse 5.5579 | valid_pr 0.9710 | valid_criterion 7.8120 | score 0.2188
2025-02-26 03:43:23 - INFO - [Validate] Best score achieved: 0.218798
2025-02-26 03:44:01 - INFO - [Train] Epoch 00020 | train_loss 16.2228 | train_rmse 5.4026 | lr 0.004201
2025-02-26 03:44:01 - INFO - [Validate] Epoch 00020 | valid_rmse 7.1490 | valid_pr 0.9640 | valid_criterion 8.3625 | score 0.1638
2025-02-26 03:44:01 - INFO - No improvement for 1 epochs
2025-02-26 03:44:13 - INFO - [Train] Epoch 00021 | train_loss 14.4752 | train_rmse 5.0690 | lr 0.004401
2025-02-26 03:44:13 - INFO - [Validate] Epoch 00021 | valid_rmse 5.3498 | valid_pr 0.9682 | valid_criterion 8.5642 | score 0.1436
2025-02-26 03:44:13 - INFO - No improvement for 2 epochs
2025-02-26 03:44:26 - INFO - [Train] Epoch 00022 | train_loss 14.8103 | train_rmse 5.1802 | lr 0.004601
2025-02-26 03:44:26 - INFO - [Validate] Epoch 00022 | valid_rmse 5.6892 | valid_pr 0.9608 | valid_criterion 8.1943 | score 0.1806
2025-02-26 03:44:26 - INFO - No improvement for 3 epochs
2025-02-26 03:45:07 - INFO - [Train] Epoch 00023 | train_loss 13.7813 | train_rmse 4.8514 | lr 0.004801
2025-02-26 03:45:07 - INFO - [Validate] Epoch 00023 | valid_rmse 6.1361 | valid_pr 0.9624 | valid_criterion 8.9226 | score 0.1077
2025-02-26 03:45:07 - INFO - No improvement for 4 epochs
2025-02-26 03:45:19 - INFO - [Train] Epoch 00024 | train_loss 15.0316 | train_rmse 5.2091 | lr 0.005001
2025-02-26 03:45:19 - INFO - [Validate] Epoch 00024 | valid_rmse 5.2091 | valid_pr 0.9654 | valid_criterion 8.4343 | score 0.1566
2025-02-26 03:45:19 - INFO - No improvement for 5 epochs
2025-02-26 03:46:03 - INFO - [Train] Epoch 00025 | train_loss 15.9828 | train_rmse 5.3479 | lr 0.005200
2025-02-26 03:46:03 - INFO - [Validate] Epoch 00025 | valid_rmse 5.2755 | valid_pr 0.9689 | valid_criterion 9.3817 | score 0.0618
2025-02-26 03:46:03 - INFO - No improvement for 6 epochs
2025-02-26 03:46:16 - INFO - [Train] Epoch 00026 | train_loss 15.3372 | train_rmse 5.2141 | lr 0.005400
2025-02-26 03:46:16 - INFO - [Validate] Epoch 00026 | valid_rmse 5.6185 | valid_pr 0.9683 | valid_criterion 7.9180 | score 0.2082
2025-02-26 03:46:16 - INFO - No improvement for 7 epochs
2025-02-26 03:46:28 - INFO - [Train] Epoch 00027 | train_loss 14.6146 | train_rmse 5.0869 | lr 0.005600
2025-02-26 03:46:28 - INFO - [Validate] Epoch 00027 | valid_rmse 8.6138 | valid_pr 0.9589 | valid_criterion 7.8907 | score 0.2109
2025-02-26 03:46:28 - INFO - No improvement for 8 epochs
2025-02-26 03:47:10 - INFO - [Train] Epoch 00028 | train_loss 15.2997 | train_rmse 5.2042 | lr 0.005800
2025-02-26 03:47:10 - INFO - [Validate] Epoch 00028 | valid_rmse 5.7268 | valid_pr 0.9690 | valid_criterion 7.8718 | score 0.2128
2025-02-26 03:47:10 - INFO - No improvement for 9 epochs
2025-02-26 03:47:22 - INFO - [Train] Epoch 00029 | train_loss 14.3956 | train_rmse 5.0109 | lr 0.006000
2025-02-26 03:47:22 - INFO - [Validate] Epoch 00029 | valid_rmse 5.1419 | valid_pr 0.9658 | valid_criterion 8.3874 | score 0.1613
2025-02-26 03:47:22 - INFO - No improvement for 10 epochs
2025-02-26 03:47:35 - INFO - [Train] Epoch 00030 | train_loss 15.9318 | train_rmse 5.3017 | lr 0.006200
2025-02-26 03:47:35 - INFO - [Validate] Epoch 00030 | valid_rmse 6.3210 | valid_pr 0.9605 | valid_criterion 8.1839 | score 0.1816
2025-02-26 03:47:35 - INFO - No improvement for 11 epochs
2025-02-26 03:47:47 - INFO - [Train] Epoch 00031 | train_loss 14.6545 | train_rmse 5.0679 | lr 0.006400
2025-02-26 03:47:47 - INFO - [Validate] Epoch 00031 | valid_rmse 6.5635 | valid_pr 0.9629 | valid_criterion 8.0922 | score 0.1908
2025-02-26 03:47:47 - INFO - No improvement for 12 epochs
2025-02-26 03:47:59 - INFO - [Train] Epoch 00032 | train_loss 14.6119 | train_rmse 5.0531 | lr 0.006600
2025-02-26 03:47:59 - INFO - [Validate] Epoch 00032 | valid_rmse 5.5950 | valid_pr 0.9711 | valid_criterion 8.8967 | score 0.1103
2025-02-26 03:47:59 - INFO - No improvement for 13 epochs
2025-02-26 03:48:11 - INFO - [Train] Epoch 00033 | train_loss 14.0727 | train_rmse 4.9185 | lr 0.006800
2025-02-26 03:48:11 - INFO - [Validate] Epoch 00033 | valid_rmse 6.1308 | valid_pr 0.9629 | valid_criterion 10.1430 | score -0.0143
2025-02-26 03:48:11 - INFO - No improvement for 14 epochs
2025-02-26 03:48:23 - INFO - [Train] Epoch 00034 | train_loss 15.2925 | train_rmse 5.2010 | lr 0.007000
2025-02-26 03:48:23 - INFO - [Validate] Epoch 00034 | valid_rmse 5.7322 | valid_pr 0.9702 | valid_criterion 8.2124 | score 0.1788
2025-02-26 03:48:23 - INFO - No improvement for 15 epochs
2025-02-26 03:48:35 - INFO - [Train] Epoch 00035 | train_loss 13.9261 | train_rmse 4.8834 | lr 0.007200
2025-02-26 03:48:35 - INFO - [Validate] Epoch 00035 | valid_rmse 4.6770 | valid_pr 0.9715 | valid_criterion 7.6292 | score 0.2371
2025-02-26 03:48:35 - INFO - [Validate] Best score achieved: 0.237080
2025-02-26 03:49:12 - INFO - [Train] Epoch 00036 | train_loss 14.9408 | train_rmse 5.0736 | lr 0.007400
2025-02-26 03:49:12 - INFO - [Validate] Epoch 00036 | valid_rmse 5.3613 | valid_pr 0.9701 | valid_criterion 7.7828 | score 0.2217
2025-02-26 03:49:12 - INFO - No improvement for 1 epochs
2025-02-26 03:49:24 - INFO - [Train] Epoch 00037 | train_loss 15.1761 | train_rmse 5.1372 | lr 0.007600
2025-02-26 03:49:24 - INFO - [Validate] Epoch 00037 | valid_rmse 4.8716 | valid_pr 0.9699 | valid_criterion 7.2156 | score 0.2784
2025-02-26 03:49:24 - INFO - [Validate] Best score achieved: 0.278436
2025-02-26 03:50:07 - INFO - [Train] Epoch 00038 | train_loss 13.7642 | train_rmse 4.8668 | lr 0.007800
2025-02-26 03:50:07 - INFO - [Validate] Epoch 00038 | valid_rmse 6.2834 | valid_pr 0.9716 | valid_criterion 9.7643 | score 0.0236
2025-02-26 03:50:07 - INFO - No improvement for 1 epochs
2025-02-26 03:50:19 - INFO - [Train] Epoch 00039 | train_loss 17.5405 | train_rmse 5.6024 | lr 0.008000
2025-02-26 03:50:19 - INFO - [Validate] Epoch 00039 | valid_rmse 5.1714 | valid_pr 0.9665 | valid_criterion 8.6248 | score 0.1375
2025-02-26 03:50:19 - INFO - No improvement for 2 epochs
2025-02-26 03:51:03 - INFO - [Train] Epoch 00040 | train_loss 17.8258 | train_rmse 5.5764 | lr 0.008200
2025-02-26 03:51:03 - INFO - [Validate] Epoch 00040 | valid_rmse 8.0556 | valid_pr 0.9687 | valid_criterion 7.4911 | score 0.2509
2025-02-26 03:51:03 - INFO - No improvement for 3 epochs
2025-02-26 03:51:16 - INFO - [Train] Epoch 00041 | train_loss 16.7690 | train_rmse 5.3897 | lr 0.008400
2025-02-26 03:51:16 - INFO - [Validate] Epoch 00041 | valid_rmse 5.2300 | valid_pr 0.9710 | valid_criterion 7.6509 | score 0.2349
2025-02-26 03:51:16 - INFO - No improvement for 4 epochs
2025-02-26 03:51:28 - INFO - [Train] Epoch 00042 | train_loss 14.4589 | train_rmse 4.9349 | lr 0.008600
2025-02-26 03:51:28 - INFO - [Validate] Epoch 00042 | valid_rmse 5.2209 | valid_pr 0.9682 | valid_criterion 8.2597 | score 0.1740
2025-02-26 03:51:28 - INFO - No improvement for 5 epochs
2025-02-26 03:52:10 - INFO - [Train] Epoch 00043 | train_loss 15.0127 | train_rmse 5.0475 | lr 0.008800
2025-02-26 03:52:10 - INFO - [Validate] Epoch 00043 | valid_rmse 5.4108 | valid_pr 0.9681 | valid_criterion 7.9815 | score 0.2018
2025-02-26 03:52:10 - INFO - No improvement for 6 epochs
2025-02-26 03:52:22 - INFO - [Train] Epoch 00044 | train_loss 15.7298 | train_rmse 5.2023 | lr 0.009000
2025-02-26 03:52:22 - INFO - [Validate] Epoch 00044 | valid_rmse 5.5264 | valid_pr 0.9633 | valid_criterion 8.1990 | score 0.1801
2025-02-26 03:52:22 - INFO - No improvement for 7 epochs
2025-02-26 03:52:59 - INFO - [Train] Epoch 00045 | train_loss 15.2691 | train_rmse 5.1085 | lr 0.009200
2025-02-26 03:52:59 - INFO - [Validate] Epoch 00045 | valid_rmse 4.9971 | valid_pr 0.9725 | valid_criterion 7.8988 | score 0.2101
2025-02-26 03:52:59 - INFO - No improvement for 8 epochs
2025-02-26 03:53:11 - INFO - [Train] Epoch 00046 | train_loss 16.3414 | train_rmse 5.3289 | lr 0.009400
2025-02-26 03:53:11 - INFO - [Validate] Epoch 00046 | valid_rmse 4.9982 | valid_pr 0.9713 | valid_criterion 8.2659 | score 0.1734
2025-02-26 03:53:11 - INFO - No improvement for 9 epochs
2025-02-26 03:53:24 - INFO - [Train] Epoch 00047 | train_loss 14.1759 | train_rmse 4.8546 | lr 0.009600
2025-02-26 03:53:24 - INFO - [Validate] Epoch 00047 | valid_rmse 7.5449 | valid_pr 0.9569 | valid_criterion 9.4020 | score 0.0598
2025-02-26 03:53:24 - INFO - No improvement for 10 epochs
2025-02-26 03:53:36 - INFO - [Train] Epoch 00048 | train_loss 15.9533 | train_rmse 5.1902 | lr 0.009800
2025-02-26 03:53:36 - INFO - [Validate] Epoch 00048 | valid_rmse 5.1466 | valid_pr 0.9658 | valid_criterion 8.5523 | score 0.1448
2025-02-26 03:53:36 - INFO - No improvement for 11 epochs
2025-02-26 03:53:48 - INFO - [Train] Epoch 00049 | train_loss 15.7872 | train_rmse 5.1802 | lr 0.010000
2025-02-26 03:53:48 - INFO - [Validate] Epoch 00049 | valid_rmse 5.5383 | valid_pr 0.9679 | valid_criterion 8.0416 | score 0.1958
2025-02-26 03:53:48 - INFO - No improvement for 12 epochs
2025-02-26 03:54:00 - INFO - [Train] Epoch 00050 | train_loss 15.7614 | train_rmse 5.1684 | lr 0.010000
2025-02-26 03:54:00 - INFO - [Validate] Epoch 00050 | valid_rmse 4.9810 | valid_pr 0.9694 | valid_criterion 7.8159 | score 0.2184
2025-02-26 03:54:00 - INFO - No improvement for 13 epochs
2025-02-26 03:54:12 - INFO - [Train] Epoch 00051 | train_loss 14.7680 | train_rmse 4.9740 | lr 0.010000
2025-02-26 03:54:12 - INFO - [Validate] Epoch 00051 | valid_rmse 5.1274 | valid_pr 0.9660 | valid_criterion 8.2232 | score 0.1777
2025-02-26 03:54:12 - INFO - No improvement for 14 epochs
2025-02-26 03:54:24 - INFO - [Train] Epoch 00052 | train_loss 14.2667 | train_rmse 4.8550 | lr 0.010000
2025-02-26 03:54:24 - INFO - [Validate] Epoch 00052 | valid_rmse 6.5674 | valid_pr 0.9692 | valid_criterion 7.9642 | score 0.2036
2025-02-26 03:54:24 - INFO - No improvement for 15 epochs
2025-02-26 03:54:36 - INFO - [Train] Epoch 00053 | train_loss 16.6758 | train_rmse 5.3364 | lr 0.010000
2025-02-26 03:54:36 - INFO - [Validate] Epoch 00053 | valid_rmse 5.0565 | valid_pr 0.9666 | valid_criterion 8.3066 | score 0.1693
2025-02-26 03:54:36 - INFO - No improvement for 16 epochs
2025-02-26 03:54:48 - INFO - [Train] Epoch 00054 | train_loss 14.4830 | train_rmse 4.8991 | lr 0.010000
2025-02-26 03:54:48 - INFO - [Validate] Epoch 00054 | valid_rmse 5.6304 | valid_pr 0.9706 | valid_criterion 7.9766 | score 0.2023
2025-02-26 03:54:48 - INFO - No improvement for 17 epochs
2025-02-26 03:55:01 - INFO - [Train] Epoch 00055 | train_loss 13.7939 | train_rmse 4.7312 | lr 0.010000
2025-02-26 03:55:01 - INFO - [Validate] Epoch 00055 | valid_rmse 5.2578 | valid_pr 0.9722 | valid_criterion 7.4711 | score 0.2529
2025-02-26 03:55:01 - INFO - No improvement for 18 epochs
2025-02-26 03:55:13 - INFO - [Train] Epoch 00056 | train_loss 14.3526 | train_rmse 4.7853 | lr 0.010000
2025-02-26 03:55:13 - INFO - [Validate] Epoch 00056 | valid_rmse 5.9831 | valid_pr 0.9603 | valid_criterion 9.2985 | score 0.0702
2025-02-26 03:55:13 - INFO - No improvement for 19 epochs
2025-02-26 03:55:25 - INFO - [Train] Epoch 00057 | train_loss 15.7478 | train_rmse 5.0716 | lr 0.010000
2025-02-26 03:55:25 - INFO - [Validate] Epoch 00057 | valid_rmse 7.4948 | valid_pr 0.9545 | valid_criterion 8.4600 | score 0.1540
2025-02-26 03:55:25 - INFO - No improvement for 20 epochs
2025-02-26 04:01:00 - INFO - [Train] Epoch 00058 | train_loss 14.5599 | train_rmse 4.9025 | lr 0.010000
2025-02-26 04:01:00 - INFO - [Validate] Epoch 00058 | valid_rmse 7.0805 | valid_pr 0.9683 | valid_criterion 8.1883 | score 0.1812
2025-02-26 04:01:00 - INFO - No improvement for 21 epochs
2025-02-26 04:01:12 - INFO - [Train] Epoch 00059 | train_loss 15.0615 | train_rmse 5.0287 | lr 0.010000
2025-02-26 04:01:12 - INFO - [Validate] Epoch 00059 | valid_rmse 5.5961 | valid_pr 0.9648 | valid_criterion 8.1723 | score 0.1828
2025-02-26 04:01:12 - INFO - No improvement for 22 epochs
2025-02-26 04:01:25 - INFO - [Train] Epoch 00060 | train_loss 13.8324 | train_rmse 4.7384 | lr 0.010000
2025-02-26 04:01:25 - INFO - [Validate] Epoch 00060 | valid_rmse 6.0384 | valid_pr 0.9623 | valid_criterion 8.3412 | score 0.1659
2025-02-26 04:01:25 - INFO - No improvement for 23 epochs
2025-02-26 04:02:10 - INFO - [Train] Epoch 00061 | train_loss 15.6832 | train_rmse 5.1249 | lr 0.010000
2025-02-26 04:02:10 - INFO - [Validate] Epoch 00061 | valid_rmse 8.4853 | valid_pr 0.9684 | valid_criterion 9.3900 | score 0.0610
2025-02-26 04:02:10 - INFO - No improvement for 24 epochs
2025-02-26 04:02:22 - INFO - [Train] Epoch 00062 | train_loss 13.7946 | train_rmse 4.7179 | lr 0.010000
2025-02-26 04:02:22 - INFO - [Validate] Epoch 00062 | valid_rmse 5.8267 | valid_pr 0.9678 | valid_criterion 8.3955 | score 0.1604
2025-02-26 04:02:22 - INFO - No improvement for 25 epochs
2025-02-26 04:14:55 - INFO - [Train] Epoch 00063 | train_loss 14.7853 | train_rmse 4.8992 | lr 0.010000
2025-02-26 04:14:55 - INFO - [Validate] Epoch 00063 | valid_rmse 7.5927 | valid_pr 0.9644 | valid_criterion 9.2817 | score 0.0718
2025-02-26 04:14:55 - INFO - No improvement for 26 epochs
2025-02-26 04:15:07 - INFO - [Train] Epoch 00064 | train_loss 15.2527 | train_rmse 5.0707 | lr 0.010000
2025-02-26 04:15:07 - INFO - [Validate] Epoch 00064 | valid_rmse 5.8817 | valid_pr 0.9693 | valid_criterion 8.6646 | score 0.1335
2025-02-26 04:15:07 - INFO - No improvement for 27 epochs
2025-02-26 04:15:19 - INFO - [Train] Epoch 00065 | train_loss 13.6400 | train_rmse 4.7239 | lr 0.010000
2025-02-26 04:15:19 - INFO - [Validate] Epoch 00065 | valid_rmse 5.5216 | valid_pr 0.9688 | valid_criterion 8.0020 | score 0.1998
2025-02-26 04:15:19 - INFO - No improvement for 28 epochs
2025-02-26 04:15:31 - INFO - [Train] Epoch 00066 | train_loss 14.2725 | train_rmse 4.8394 | lr 0.010000
2025-02-26 04:15:31 - INFO - [Validate] Epoch 00066 | valid_rmse 5.3718 | valid_pr 0.9696 | valid_criterion 8.7803 | score 0.1220
2025-02-26 04:15:31 - INFO - No improvement for 29 epochs
2025-02-26 04:15:43 - INFO - [Train] Epoch 00067 | train_loss 17.5630 | train_rmse 5.5242 | lr 0.010000
2025-02-26 04:15:43 - INFO - [Validate] Epoch 00067 | valid_rmse 6.7749 | valid_pr 0.9615 | valid_criterion 9.4794 | score 0.0521
2025-02-26 04:15:43 - INFO - No improvement for 30 epochs
2025-02-26 04:15:55 - INFO - [Train] Epoch 00068 | train_loss 13.8346 | train_rmse 4.7714 | lr 0.010000
2025-02-26 04:15:55 - INFO - [Validate] Epoch 00068 | valid_rmse 5.6347 | valid_pr 0.9666 | valid_criterion 7.8304 | score 0.2170
2025-02-26 04:15:55 - INFO - No improvement for 31 epochs
2025-02-26 04:20:30 - INFO - [Train] Epoch 00069 | train_loss 14.8477 | train_rmse 4.9647 | lr 0.010000
2025-02-26 04:20:30 - INFO - [Validate] Epoch 00069 | valid_rmse 5.6662 | valid_pr 0.9688 | valid_criterion 9.0093 | score 0.0991
2025-02-26 04:20:30 - INFO - No improvement for 32 epochs
2025-02-26 04:20:43 - INFO - [Train] Epoch 00070 | train_loss 14.0387 | train_rmse 4.8017 | lr 0.010000
2025-02-26 04:20:43 - INFO - [Validate] Epoch 00070 | valid_rmse 5.4016 | valid_pr 0.9681 | valid_criterion 8.1427 | score 0.1857
2025-02-26 04:20:43 - INFO - No improvement for 33 epochs
2025-02-26 04:22:26 - INFO - [Train] Epoch 00071 | train_loss 14.4217 | train_rmse 4.8839 | lr 0.002000
2025-02-26 04:22:26 - INFO - [Validate] Epoch 00071 | valid_rmse 5.4759 | valid_pr 0.9638 | valid_criterion 9.2568 | score 0.0743
2025-02-26 04:22:26 - INFO - No improvement for 34 epochs
2025-02-26 04:22:38 - INFO - [Train] Epoch 00072 | train_loss 12.4332 | train_rmse 4.4229 | lr 0.002000
2025-02-26 04:22:38 - INFO - [Validate] Epoch 00072 | valid_rmse 4.9174 | valid_pr 0.9720 | valid_criterion 7.5587 | score 0.2441
2025-02-26 04:22:38 - INFO - No improvement for 35 epochs
2025-02-26 04:22:51 - INFO - [Train] Epoch 00073 | train_loss 11.4926 | train_rmse 4.1994 | lr 0.002000
2025-02-26 04:22:51 - INFO - [Validate] Epoch 00073 | valid_rmse 5.1881 | valid_pr 0.9722 | valid_criterion 7.5432 | score 0.2457
2025-02-26 04:22:51 - INFO - No improvement for 36 epochs
2025-02-26 04:23:03 - INFO - [Train] Epoch 00074 | train_loss 11.0883 | train_rmse 4.1383 | lr 0.002000
2025-02-26 04:23:03 - INFO - [Validate] Epoch 00074 | valid_rmse 5.2561 | valid_pr 0.9728 | valid_criterion 7.6257 | score 0.2374
2025-02-26 04:23:03 - INFO - No improvement for 37 epochs
2025-02-26 04:23:15 - INFO - [Train] Epoch 00075 | train_loss 11.5188 | train_rmse 4.2513 | lr 0.002000
2025-02-26 04:23:15 - INFO - [Validate] Epoch 00075 | valid_rmse 5.5863 | valid_pr 0.9702 | valid_criterion 8.1088 | score 0.1891
2025-02-26 04:23:15 - INFO - No improvement for 38 epochs
2025-02-26 04:23:27 - INFO - [Train] Epoch 00076 | train_loss 11.5365 | train_rmse 4.2619 | lr 0.002000
2025-02-26 04:23:27 - INFO - [Validate] Epoch 00076 | valid_rmse 5.7469 | valid_pr 0.9716 | valid_criterion 7.9013 | score 0.2099
2025-02-26 04:23:27 - INFO - No improvement for 39 epochs
2025-02-26 04:23:40 - INFO - [Train] Epoch 00077 | train_loss 11.3652 | train_rmse 4.2305 | lr 0.002000
2025-02-26 04:23:40 - INFO - [Validate] Epoch 00077 | valid_rmse 4.8046 | valid_pr 0.9737 | valid_criterion 7.5637 | score 0.2436
2025-02-26 04:23:40 - INFO - No improvement for 40 epochs
2025-02-26 04:23:52 - INFO - [Train] Epoch 00078 | train_loss 11.0852 | train_rmse 4.2166 | lr 0.002000
2025-02-26 04:23:52 - INFO - [Validate] Epoch 00078 | valid_rmse 5.5173 | valid_pr 0.9712 | valid_criterion 7.6528 | score 0.2347
2025-02-26 04:23:52 - INFO - No improvement for 41 epochs
2025-02-26 04:24:28 - INFO - [Train] Epoch 00079 | train_loss 11.4374 | train_rmse 4.2565 | lr 0.002000
2025-02-26 04:24:28 - INFO - [Validate] Epoch 00079 | valid_rmse 5.3885 | valid_pr 0.9712 | valid_criterion 7.7729 | score 0.2227
2025-02-26 04:24:28 - INFO - No improvement for 42 epochs
2025-02-26 04:24:40 - INFO - [Train] Epoch 00080 | train_loss 11.3776 | train_rmse 4.2487 | lr 0.002000
2025-02-26 04:24:40 - INFO - [Validate] Epoch 00080 | valid_rmse 4.9387 | valid_pr 0.9719 | valid_criterion 7.5143 | score 0.2486
2025-02-26 04:24:40 - INFO - No improvement for 43 epochs
2025-02-26 04:24:52 - INFO - [Train] Epoch 00081 | train_loss 11.3763 | train_rmse 4.2306 | lr 0.002000
2025-02-26 04:24:52 - INFO - [Validate] Epoch 00081 | valid_rmse 5.0609 | valid_pr 0.9710 | valid_criterion 7.7040 | score 0.2296
2025-02-26 04:24:52 - INFO - No improvement for 44 epochs
2025-02-26 04:25:34 - INFO - [Train] Epoch 00082 | train_loss 10.0618 | train_rmse 3.9135 | lr 0.002000
2025-02-26 04:25:34 - INFO - [Validate] Epoch 00082 | valid_rmse 5.3724 | valid_pr 0.9703 | valid_criterion 7.7831 | score 0.2217
2025-02-26 04:25:34 - INFO - No improvement for 45 epochs
2025-02-26 04:25:46 - INFO - [Train] Epoch 00083 | train_loss 11.5574 | train_rmse 4.2400 | lr 0.002000
2025-02-26 04:25:46 - INFO - [Validate] Epoch 00083 | valid_rmse 5.1438 | valid_pr 0.9719 | valid_criterion 7.8009 | score 0.2199
2025-02-26 04:25:46 - INFO - No improvement for 46 epochs
2025-02-26 04:26:30 - INFO - [Train] Epoch 00084 | train_loss 10.7244 | train_rmse 4.0987 | lr 0.002000
2025-02-26 04:26:30 - INFO - [Validate] Epoch 00084 | valid_rmse 5.0566 | valid_pr 0.9720 | valid_criterion 7.8209 | score 0.2179
2025-02-26 04:26:30 - INFO - No improvement for 47 epochs
2025-02-26 04:26:43 - INFO - [Train] Epoch 00085 | train_loss 10.7334 | train_rmse 4.1990 | lr 0.002000
2025-02-26 04:26:43 - INFO - [Validate] Epoch 00085 | valid_rmse 4.9017 | valid_pr 0.9725 | valid_criterion 7.6168 | score 0.2383
2025-02-26 04:26:43 - INFO - No improvement for 48 epochs
2025-02-26 04:27:30 - INFO - [Train] Epoch 00086 | train_loss 9.8691 | train_rmse 3.8837 | lr 0.002000
2025-02-26 04:27:30 - INFO - [Validate] Epoch 00086 | valid_rmse 5.1770 | valid_pr 0.9719 | valid_criterion 7.7038 | score 0.2296
2025-02-26 04:27:30 - INFO - No improvement for 49 epochs
2025-02-26 04:27:42 - INFO - [Train] Epoch 00087 | train_loss 10.4847 | train_rmse 4.0672 | lr 0.002000
2025-02-26 04:27:42 - INFO - [Validate] Epoch 00087 | valid_rmse 4.7006 | valid_pr 0.9730 | valid_criterion 7.6326 | score 0.2367
2025-02-26 04:27:42 - INFO - No improvement for 50 epochs
2025-02-26 04:27:54 - INFO - [Train] Epoch 00088 | train_loss 11.3536 | train_rmse 4.3382 | lr 0.002000
2025-02-26 04:27:54 - INFO - [Validate] Epoch 00088 | valid_rmse 5.0812 | valid_pr 0.9726 | valid_criterion 7.7926 | score 0.2207
2025-02-26 04:27:54 - INFO - No improvement for 51 epochs
2025-02-26 04:28:06 - INFO - [Train] Epoch 00089 | train_loss 10.7612 | train_rmse 4.1658 | lr 0.002000
2025-02-26 04:28:06 - INFO - [Validate] Epoch 00089 | valid_rmse 5.3205 | valid_pr 0.9705 | valid_criterion 7.6907 | score 0.2309
2025-02-26 04:28:06 - INFO - No improvement for 52 epochs
2025-02-26 04:28:18 - INFO - [Train] Epoch 00090 | train_loss 10.8419 | train_rmse 4.1508 | lr 0.002000
2025-02-26 04:28:18 - INFO - [Validate] Epoch 00090 | valid_rmse 5.9214 | valid_pr 0.9699 | valid_criterion 8.6177 | score 0.1382
2025-02-26 04:28:18 - INFO - No improvement for 53 epochs
2025-02-26 04:28:31 - INFO - [Train] Epoch 00091 | train_loss 10.8351 | train_rmse 4.1794 | lr 0.002000
2025-02-26 04:28:31 - INFO - [Validate] Epoch 00091 | valid_rmse 5.1724 | valid_pr 0.9709 | valid_criterion 7.8117 | score 0.2188
2025-02-26 04:28:31 - INFO - No improvement for 54 epochs
2025-02-26 04:28:43 - INFO - [Train] Epoch 00092 | train_loss 10.8786 | train_rmse 4.1589 | lr 0.002000
2025-02-26 04:28:43 - INFO - [Validate] Epoch 00092 | valid_rmse 5.7192 | valid_pr 0.9712 | valid_criterion 7.8243 | score 0.2176
2025-02-26 04:28:43 - INFO - No improvement for 55 epochs
2025-02-26 04:28:55 - INFO - [Train] Epoch 00093 | train_loss 10.6411 | train_rmse 4.1362 | lr 0.002000
2025-02-26 04:28:55 - INFO - [Validate] Epoch 00093 | valid_rmse 6.0144 | valid_pr 0.9681 | valid_criterion 8.1660 | score 0.1834
2025-02-26 04:28:55 - INFO - No improvement for 56 epochs
2025-02-26 04:29:31 - INFO - [Train] Epoch 00094 | train_loss 9.9162 | train_rmse 3.9359 | lr 0.002000
2025-02-26 04:29:31 - INFO - [Validate] Epoch 00094 | valid_rmse 5.2951 | valid_pr 0.9730 | valid_criterion 7.6773 | score 0.2323
2025-02-26 04:29:31 - INFO - No improvement for 57 epochs
2025-02-26 04:29:43 - INFO - [Train] Epoch 00095 | train_loss 9.9175 | train_rmse 4.0123 | lr 0.002000
2025-02-26 04:29:43 - INFO - [Validate] Epoch 00095 | valid_rmse 5.0115 | valid_pr 0.9725 | valid_criterion 7.5701 | score 0.2430
2025-02-26 04:29:43 - INFO - No improvement for 58 epochs
2025-02-26 04:30:27 - INFO - [Train] Epoch 00096 | train_loss 9.2675 | train_rmse 3.7894 | lr 0.002000
2025-02-26 04:30:27 - INFO - [Validate] Epoch 00096 | valid_rmse 5.4303 | valid_pr 0.9714 | valid_criterion 7.8107 | score 0.2189
2025-02-26 04:30:27 - INFO - No improvement for 59 epochs
2025-02-26 04:30:40 - INFO - [Train] Epoch 00097 | train_loss 9.5704 | train_rmse 3.8825 | lr 0.002000
2025-02-26 04:30:40 - INFO - [Validate] Epoch 00097 | valid_rmse 5.5361 | valid_pr 0.9667 | valid_criterion 8.3285 | score 0.1672
2025-02-26 04:30:40 - INFO - No improvement for 60 epochs
2025-02-26 04:30:52 - INFO - [Train] Epoch 00098 | train_loss 10.0486 | train_rmse 4.0439 | lr 0.002000
2025-02-26 04:30:52 - INFO - [Validate] Epoch 00098 | valid_rmse 5.5110 | valid_pr 0.9702 | valid_criterion 7.9371 | score 0.2063
2025-02-26 04:30:52 - INFO - No improvement for 61 epochs
2025-02-26 04:48:10 - INFO - [Train] Epoch 00099 | train_loss 9.7753 | train_rmse 3.9612 | lr 0.002000
2025-02-26 04:48:10 - INFO - [Validate] Epoch 00099 | valid_rmse 5.1711 | valid_pr 0.9714 | valid_criterion 7.7652 | score 0.2235
2025-02-26 04:48:10 - INFO - No improvement for 62 epochs
2025-02-26 04:48:22 - INFO - [Train] Epoch 00100 | train_loss 10.4303 | train_rmse 4.0896 | lr 0.002000
2025-02-26 04:48:22 - INFO - [Validate] Epoch 00100 | valid_rmse 4.9368 | valid_pr 0.9724 | valid_criterion 7.8554 | score 0.2145
2025-02-26 04:48:22 - INFO - No improvement for 63 epochs
2025-02-26 04:48:34 - INFO - [Train] Epoch 00101 | train_loss 10.9467 | train_rmse 4.2577 | lr 0.002000
2025-02-26 04:48:34 - INFO - [Validate] Epoch 00101 | valid_rmse 4.8774 | valid_pr 0.9722 | valid_criterion 7.8083 | score 0.2192
2025-02-26 04:48:34 - INFO - No improvement for 64 epochs
2025-02-26 04:49:11 - INFO - [Train] Epoch 00102 | train_loss 11.3409 | train_rmse 4.3445 | lr 0.002000
2025-02-26 04:49:11 - INFO - [Validate] Epoch 00102 | valid_rmse 5.5706 | valid_pr 0.9711 | valid_criterion 8.2469 | score 0.1753
2025-02-26 04:49:11 - INFO - No improvement for 65 epochs
2025-02-26 04:49:23 - INFO - [Train] Epoch 00103 | train_loss 11.9295 | train_rmse 4.4886 | lr 0.002000
2025-02-26 04:49:23 - INFO - [Validate] Epoch 00103 | valid_rmse 5.2683 | valid_pr 0.9711 | valid_criterion 7.7633 | score 0.2237
2025-02-26 04:49:23 - INFO - No improvement for 66 epochs
2025-02-26 04:50:07 - INFO - [Train] Epoch 00104 | train_loss 10.9799 | train_rmse 4.2805 | lr 0.002000
2025-02-26 04:50:07 - INFO - [Validate] Epoch 00104 | valid_rmse 5.3285 | valid_pr 0.9705 | valid_criterion 7.7824 | score 0.2218
2025-02-26 04:50:07 - INFO - No improvement for 67 epochs
2025-02-26 04:50:20 - INFO - [Train] Epoch 00105 | train_loss 9.8776 | train_rmse 4.0156 | lr 0.002000
2025-02-26 04:50:20 - INFO - [Validate] Epoch 00105 | valid_rmse 5.2691 | valid_pr 0.9703 | valid_criterion 7.9106 | score 0.2089
2025-02-26 04:50:20 - INFO - No improvement for 68 epochs
2025-02-26 04:50:32 - INFO - [Train] Epoch 00106 | train_loss 10.3265 | train_rmse 4.1447 | lr 0.002000
2025-02-26 04:50:32 - INFO - [Validate] Epoch 00106 | valid_rmse 4.9983 | valid_pr 0.9699 | valid_criterion 7.9911 | score 0.2009
2025-02-26 04:50:32 - INFO - No improvement for 69 epochs
2025-02-26 05:02:42 - INFO - [Train] Epoch 00107 | train_loss 9.5861 | train_rmse 3.9978 | lr 0.002000
2025-02-26 05:02:42 - INFO - [Validate] Epoch 00107 | valid_rmse 5.6778 | valid_pr 0.9713 | valid_criterion 7.8904 | score 0.2110
2025-02-26 05:02:42 - INFO - No improvement for 70 epochs
2025-02-26 05:02:54 - INFO - [Train] Epoch 00108 | train_loss 10.4841 | train_rmse 4.1781 | lr 0.000400
2025-02-26 05:02:54 - INFO - [Validate] Epoch 00108 | valid_rmse 5.4145 | valid_pr 0.9709 | valid_criterion 7.7883 | score 0.2212
2025-02-26 05:02:54 - INFO - No improvement for 71 epochs
2025-02-26 05:03:39 - INFO - [Train] Epoch 00109 | train_loss 9.7798 | train_rmse 3.9853 | lr 0.000400
2025-02-26 05:03:39 - INFO - [Validate] Epoch 00109 | valid_rmse 5.8462 | valid_pr 0.9705 | valid_criterion 8.0277 | score 0.1972
2025-02-26 05:03:39 - INFO - No improvement for 72 epochs
2025-02-26 05:03:51 - INFO - [Train] Epoch 00110 | train_loss 9.5870 | train_rmse 3.9660 | lr 0.000400
2025-02-26 05:03:51 - INFO - [Validate] Epoch 00110 | valid_rmse 5.2648 | valid_pr 0.9707 | valid_criterion 7.8244 | score 0.2176
2025-02-26 05:03:51 - INFO - No improvement for 73 epochs
2025-02-26 05:04:35 - INFO - [Train] Epoch 00111 | train_loss 9.5195 | train_rmse 3.9176 | lr 0.000400
2025-02-26 05:04:35 - INFO - [Validate] Epoch 00111 | valid_rmse 5.5760 | valid_pr 0.9718 | valid_criterion 7.9487 | score 0.2051
2025-02-26 05:04:35 - INFO - No improvement for 74 epochs
2025-02-26 05:04:48 - INFO - [Train] Epoch 00112 | train_loss 9.4881 | train_rmse 3.9119 | lr 0.000400
2025-02-26 05:04:48 - INFO - [Validate] Epoch 00112 | valid_rmse 5.2460 | valid_pr 0.9720 | valid_criterion 7.7115 | score 0.2289
2025-02-26 05:04:48 - INFO - No improvement for 75 epochs
2025-02-26 05:05:00 - INFO - [Train] Epoch 00113 | train_loss 9.2906 | train_rmse 3.8850 | lr 0.000400
2025-02-26 05:05:00 - INFO - [Validate] Epoch 00113 | valid_rmse 5.0419 | valid_pr 0.9717 | valid_criterion 7.7018 | score 0.2298
2025-02-26 05:05:00 - INFO - No improvement for 76 epochs
2025-02-26 05:15:49 - INFO - [Train] Epoch 00114 | train_loss 9.6495 | train_rmse 3.9620 | lr 0.000400
2025-02-26 05:15:49 - INFO - [Validate] Epoch 00114 | valid_rmse 5.1869 | valid_pr 0.9711 | valid_criterion 7.8503 | score 0.2150
2025-02-26 05:15:49 - INFO - No improvement for 77 epochs
2025-02-26 05:16:01 - INFO - [Train] Epoch 00115 | train_loss 9.4710 | train_rmse 3.9272 | lr 0.000400
2025-02-26 05:16:01 - INFO - [Validate] Epoch 00115 | valid_rmse 5.4084 | valid_pr 0.9709 | valid_criterion 7.9353 | score 0.2065
2025-02-26 05:16:01 - INFO - No improvement for 78 epochs
2025-02-26 05:16:13 - INFO - [Train] Epoch 00116 | train_loss 9.5723 | train_rmse 3.9922 | lr 0.000400
2025-02-26 05:16:13 - INFO - [Validate] Epoch 00116 | valid_rmse 5.0819 | valid_pr 0.9710 | valid_criterion 7.8305 | score 0.2169
2025-02-26 05:16:13 - INFO - No improvement for 79 epochs
2025-02-26 05:16:25 - INFO - [Train] Epoch 00117 | train_loss 8.9568 | train_rmse 3.8635 | lr 0.000400
2025-02-26 05:16:25 - INFO - [Validate] Epoch 00117 | valid_rmse 5.2967 | valid_pr 0.9718 | valid_criterion 7.9350 | score 0.2065
2025-02-26 05:16:25 - INFO - No improvement for 80 epochs
2025-02-26 05:16:38 - INFO - [Train] Epoch 00118 | train_loss 8.7212 | train_rmse 3.6972 | lr 0.000400
2025-02-26 05:16:38 - INFO - [Validate] Epoch 00118 | valid_rmse 5.2516 | valid_pr 0.9713 | valid_criterion 7.8970 | score 0.2103
2025-02-26 05:16:38 - INFO - No improvement for 81 epochs
2025-02-26 05:16:50 - INFO - [Train] Epoch 00119 | train_loss 8.1194 | train_rmse 3.5953 | lr 0.000400
2025-02-26 05:16:50 - INFO - [Validate] Epoch 00119 | valid_rmse 5.3440 | valid_pr 0.9714 | valid_criterion 7.8704 | score 0.2130
2025-02-26 05:16:50 - INFO - No improvement for 82 epochs
2025-02-26 05:17:26 - INFO - [Train] Epoch 00120 | train_loss 10.1109 | train_rmse 4.1196 | lr 0.000400
2025-02-26 05:17:26 - INFO - [Validate] Epoch 00120 | valid_rmse 4.8877 | valid_pr 0.9717 | valid_criterion 7.7526 | score 0.2247
2025-02-26 05:17:26 - INFO - No improvement for 83 epochs
2025-02-26 05:17:39 - INFO - [Train] Epoch 00121 | train_loss 9.2166 | train_rmse 3.8890 | lr 0.000400
2025-02-26 05:17:39 - INFO - [Validate] Epoch 00121 | valid_rmse 5.1462 | valid_pr 0.9714 | valid_criterion 7.7816 | score 0.2218
2025-02-26 05:17:39 - INFO - No improvement for 84 epochs
2025-02-26 05:18:23 - INFO - [Train] Epoch 00122 | train_loss 9.7142 | train_rmse 4.0567 | lr 0.000400
2025-02-26 05:18:23 - INFO - [Validate] Epoch 00122 | valid_rmse 5.0601 | valid_pr 0.9717 | valid_criterion 7.7535 | score 0.2247
2025-02-26 05:18:23 - INFO - No improvement for 85 epochs
2025-02-26 05:18:35 - INFO - [Train] Epoch 00123 | train_loss 9.2563 | train_rmse 3.8685 | lr 0.000400
2025-02-26 05:18:35 - INFO - [Validate] Epoch 00123 | valid_rmse 5.0480 | valid_pr 0.9716 | valid_criterion 7.8557 | score 0.2144
2025-02-26 05:18:35 - INFO - No improvement for 86 epochs
2025-02-26 05:18:48 - INFO - [Train] Epoch 00124 | train_loss 9.4680 | train_rmse 3.9408 | lr 0.000400
2025-02-26 05:18:48 - INFO - [Validate] Epoch 00124 | valid_rmse 5.0938 | valid_pr 0.9708 | valid_criterion 7.9372 | score 0.2063
2025-02-26 05:18:48 - INFO - No improvement for 87 epochs
2025-02-26 05:19:29 - INFO - [Train] Epoch 00125 | train_loss 9.0559 | train_rmse 3.8029 | lr 0.000400
2025-02-26 05:19:29 - INFO - [Validate] Epoch 00125 | valid_rmse 5.2776 | valid_pr 0.9710 | valid_criterion 8.0133 | score 0.1987
2025-02-26 05:19:29 - INFO - No improvement for 88 epochs
2025-02-26 05:19:41 - INFO - [Train] Epoch 00126 | train_loss 7.9494 | train_rmse 3.5134 | lr 0.000400
2025-02-26 05:19:41 - INFO - [Validate] Epoch 00126 | valid_rmse 5.2225 | valid_pr 0.9720 | valid_criterion 7.8889 | score 0.2111
2025-02-26 05:19:41 - INFO - No improvement for 89 epochs
2025-02-26 05:20:25 - INFO - [Train] Epoch 00127 | train_loss 8.6440 | train_rmse 3.7195 | lr 0.000400
2025-02-26 05:20:25 - INFO - [Validate] Epoch 00127 | valid_rmse 5.1859 | valid_pr 0.9720 | valid_criterion 7.8306 | score 0.2169
2025-02-26 05:20:25 - INFO - No improvement for 90 epochs
2025-02-26 05:20:37 - INFO - [Train] Epoch 00128 | train_loss 9.2417 | train_rmse 3.8646 | lr 0.000400
2025-02-26 05:20:37 - INFO - [Validate] Epoch 00128 | valid_rmse 5.6572 | valid_pr 0.9714 | valid_criterion 7.9241 | score 0.2076
2025-02-26 05:20:37 - INFO - No improvement for 91 epochs
2025-02-26 05:20:49 - INFO - [Train] Epoch 00129 | train_loss 9.1967 | train_rmse 3.8909 | lr 0.000080
2025-02-26 05:20:49 - INFO - [Validate] Epoch 00129 | valid_rmse 5.0492 | valid_pr 0.9723 | valid_criterion 7.7372 | score 0.2263
2025-02-26 05:20:49 - INFO - No improvement for 92 epochs
2025-02-26 05:25:09 - INFO - [Train] Epoch 00130 | train_loss 9.4703 | train_rmse 3.9680 | lr 0.000080
2025-02-26 05:25:09 - INFO - [Validate] Epoch 00130 | valid_rmse 4.9530 | valid_pr 0.9718 | valid_criterion 7.7386 | score 0.2261
2025-02-26 05:25:09 - INFO - No improvement for 93 epochs
2025-02-26 05:25:21 - INFO - [Train] Epoch 00131 | train_loss 9.8176 | train_rmse 4.0847 | lr 0.000080
2025-02-26 05:25:21 - INFO - [Validate] Epoch 00131 | valid_rmse 5.3724 | valid_pr 0.9717 | valid_criterion 7.8495 | score 0.2151
2025-02-26 05:25:21 - INFO - No improvement for 94 epochs
2025-02-26 05:26:03 - INFO - [Train] Epoch 00132 | train_loss 9.1161 | train_rmse 3.8434 | lr 0.000080
2025-02-26 05:26:03 - INFO - [Validate] Epoch 00132 | valid_rmse 5.1447 | valid_pr 0.9719 | valid_criterion 7.7633 | score 0.2237
2025-02-26 05:26:03 - INFO - No improvement for 95 epochs
2025-02-26 05:26:15 - INFO - [Train] Epoch 00133 | train_loss 9.8587 | train_rmse 4.0170 | lr 0.000080
2025-02-26 05:26:15 - INFO - [Validate] Epoch 00133 | valid_rmse 5.2856 | valid_pr 0.9718 | valid_criterion 7.8513 | score 0.2149
2025-02-26 05:26:15 - INFO - No improvement for 96 epochs
2025-02-26 05:26:28 - INFO - [Train] Epoch 00134 | train_loss 8.9847 | train_rmse 3.8311 | lr 0.000080
2025-02-26 05:26:28 - INFO - [Validate] Epoch 00134 | valid_rmse 5.4175 | valid_pr 0.9721 | valid_criterion 8.0614 | score 0.1939
2025-02-26 05:26:28 - INFO - No improvement for 97 epochs
2025-02-26 05:27:03 - INFO - [Train] Epoch 00135 | train_loss 9.6188 | train_rmse 4.0193 | lr 0.000080
2025-02-26 05:27:03 - INFO - [Validate] Epoch 00135 | valid_rmse 4.9216 | valid_pr 0.9720 | valid_criterion 7.7468 | score 0.2253
2025-02-26 05:27:03 - INFO - No improvement for 98 epochs
2025-02-26 05:27:16 - INFO - [Train] Epoch 00136 | train_loss 9.1116 | train_rmse 3.8365 | lr 0.000080
2025-02-26 05:27:16 - INFO - [Validate] Epoch 00136 | valid_rmse 5.2517 | valid_pr 0.9718 | valid_criterion 7.8536 | score 0.2146
2025-02-26 05:27:16 - INFO - No improvement for 99 epochs
2025-02-26 05:28:00 - INFO - [Train] Epoch 00137 | train_loss 8.5531 | train_rmse 3.7086 | lr 0.000080
2025-02-26 05:28:00 - INFO - [Validate] Epoch 00137 | valid_rmse 5.7467 | valid_pr 0.9704 | valid_criterion 8.0706 | score 0.1929
2025-02-26 05:28:00 - INFO - No improvement for 100 epochs
2025-02-26 05:28:00 - INFO - Early stopping triggered. No improvement for 100 epochs
2025-02-26 05:28:00 - INFO - Best model was saved at epoch 37
2025-02-26 05:28:00 - INFO - [Validate] Epoch 00137 | valid_rmse1 4.871566 | valid_pr1 0.969936 | valid_criterion 7.215638
