2025-01-07 06:33:18 - INFO - 01.train.py
2025-01-07 06:33:18 - INFO - train data: 5170
2025-01-07 06:33:18 - INFO - valid data: 1144
2025-01-07 06:33:19 - INFO - Total parameters: 1212803
2025-01-07 06:33:19 - INFO - Trainable parameters: 1212803
2025-01-07 06:33:33 - INFO - [Train] Epoch 00000 | train_loss 845.4868 | train_rmse 41.9529 | lr 0.000201
2025-01-07 06:33:33 - INFO - [Validate] Epoch 00000 | valid_rmse 42.4722 | valid_pr -0.1264 | valid_criterion 24.0722 | score -1.4072
2025-01-07 06:33:33 - INFO - [Validate] Best score achieved: -1.407216
2025-01-07 06:33:46 - INFO - [Train] Epoch 00001 | train_loss 804.7006 | train_rmse 41.3133 | lr 0.000401
2025-01-07 06:33:46 - INFO - [Validate] Epoch 00001 | valid_rmse 41.4728 | valid_pr 0.6358 | valid_criterion 23.1850 | score -1.3185
2025-01-07 06:33:46 - INFO - [Validate] Best score achieved: -1.318498
2025-01-07 06:33:58 - INFO - [Train] Epoch 00002 | train_loss 643.5929 | train_rmse 37.8313 | lr 0.000601
2025-01-07 06:33:58 - INFO - [Validate] Epoch 00002 | valid_rmse 37.0302 | valid_pr 0.8061 | valid_criterion 34.6513 | score -2.4651
2025-01-07 06:33:58 - INFO - No improvement for 1 epochs
2025-01-07 06:34:10 - INFO - [Train] Epoch 00003 | train_loss 439.1265 | train_rmse 31.8166 | lr 0.000801
2025-01-07 06:34:10 - INFO - [Validate] Epoch 00003 | valid_rmse 25.3017 | valid_pr 0.8210 | valid_criterion 21.1469 | score -1.1147
2025-01-07 06:34:10 - INFO - [Validate] Best score achieved: -1.114691
2025-01-07 06:34:22 - INFO - [Train] Epoch 00004 | train_loss 84.6084 | train_rmse 13.8001 | lr 0.001001
2025-01-07 06:34:22 - INFO - [Validate] Epoch 00004 | valid_rmse 7.8850 | valid_pr 0.9162 | valid_criterion 10.6564 | score -0.0656
2025-01-07 06:34:22 - INFO - [Validate] Best score achieved: -0.065639
2025-01-07 06:34:35 - INFO - [Train] Epoch 00005 | train_loss 31.9605 | train_rmse 7.9784 | lr 0.001201
2025-01-07 06:34:35 - INFO - [Validate] Epoch 00005 | valid_rmse 8.4913 | valid_pr 0.9343 | valid_criterion 10.5026 | score -0.0503
2025-01-07 06:34:35 - INFO - [Validate] Best score achieved: -0.050257
2025-01-07 06:34:47 - INFO - [Train] Epoch 00006 | train_loss 29.8503 | train_rmse 7.6306 | lr 0.001401
2025-01-07 06:34:47 - INFO - [Validate] Epoch 00006 | valid_rmse 6.8323 | valid_pr 0.9482 | valid_criterion 9.7961 | score 0.0204
2025-01-07 06:34:47 - INFO - [Validate] Best score achieved: 0.020386
2025-01-07 06:34:59 - INFO - [Train] Epoch 00007 | train_loss 25.1248 | train_rmse 6.9099 | lr 0.001601
2025-01-07 06:34:59 - INFO - [Validate] Epoch 00007 | valid_rmse 5.9257 | valid_pr 0.9537 | valid_criterion 8.0226 | score 0.1977
2025-01-07 06:34:59 - INFO - [Validate] Best score achieved: 0.197743
2025-01-07 06:35:12 - INFO - [Train] Epoch 00008 | train_loss 23.2860 | train_rmse 6.5915 | lr 0.001801
2025-01-07 06:35:12 - INFO - [Validate] Epoch 00008 | valid_rmse 8.5439 | valid_pr 0.9546 | valid_criterion 11.9954 | score -0.1995
2025-01-07 06:35:12 - INFO - No improvement for 1 epochs
2025-01-07 06:35:24 - INFO - [Train] Epoch 00009 | train_loss 24.0523 | train_rmse 6.7747 | lr 0.002001
2025-01-07 06:35:24 - INFO - [Validate] Epoch 00009 | valid_rmse 6.7566 | valid_pr 0.9423 | valid_criterion 8.4139 | score 0.1586
2025-01-07 06:35:24 - INFO - No improvement for 2 epochs
2025-01-07 06:35:36 - INFO - [Train] Epoch 00010 | train_loss 21.7438 | train_rmse 6.3562 | lr 0.002201
2025-01-07 06:35:36 - INFO - [Validate] Epoch 00010 | valid_rmse 6.3102 | valid_pr 0.9579 | valid_criterion 9.0222 | score 0.0978
2025-01-07 06:35:36 - INFO - No improvement for 3 epochs
2025-01-07 06:35:49 - INFO - [Train] Epoch 00011 | train_loss 20.4789 | train_rmse 6.1870 | lr 0.002401
2025-01-07 06:35:49 - INFO - [Validate] Epoch 00011 | valid_rmse 6.1012 | valid_pr 0.9578 | valid_criterion 8.4767 | score 0.1523
2025-01-07 06:35:49 - INFO - No improvement for 4 epochs
2025-01-07 06:36:16 - INFO - [Train] Epoch 00012 | train_loss 20.0912 | train_rmse 6.0751 | lr 0.002601
2025-01-07 06:36:16 - INFO - [Validate] Epoch 00012 | valid_rmse 5.4368 | valid_pr 0.9631 | valid_criterion 8.1973 | score 0.1803
2025-01-07 06:36:16 - INFO - No improvement for 5 epochs
2025-01-07 06:36:28 - INFO - [Train] Epoch 00013 | train_loss 16.3394 | train_rmse 5.4858 | lr 0.002801
2025-01-07 06:36:28 - INFO - [Validate] Epoch 00013 | valid_rmse 6.3172 | valid_pr 0.9609 | valid_criterion 7.9687 | score 0.2031
2025-01-07 06:36:28 - INFO - [Validate] Best score achieved: 0.203131
2025-01-07 06:36:40 - INFO - [Train] Epoch 00014 | train_loss 19.1006 | train_rmse 5.9587 | lr 0.003001
2025-01-07 06:36:40 - INFO - [Validate] Epoch 00014 | valid_rmse 5.3665 | valid_pr 0.9647 | valid_criterion 8.1929 | score 0.1807
2025-01-07 06:36:40 - INFO - No improvement for 1 epochs
2025-01-07 06:37:16 - INFO - [Train] Epoch 00015 | train_loss 17.6998 | train_rmse 5.6441 | lr 0.003201
2025-01-07 06:37:16 - INFO - [Validate] Epoch 00015 | valid_rmse 6.6680 | valid_pr 0.9649 | valid_criterion 8.3182 | score 0.1682
2025-01-07 06:37:16 - INFO - No improvement for 2 epochs
2025-01-07 06:37:29 - INFO - [Train] Epoch 00016 | train_loss 15.7486 | train_rmse 5.3027 | lr 0.003401
2025-01-07 06:37:29 - INFO - [Validate] Epoch 00016 | valid_rmse 4.7583 | valid_pr 0.9714 | valid_criterion 7.4956 | score 0.2504
2025-01-07 06:37:29 - INFO - [Validate] Best score achieved: 0.250441
2025-01-07 06:37:41 - INFO - [Train] Epoch 00017 | train_loss 15.9054 | train_rmse 5.3133 | lr 0.003601
2025-01-07 06:37:41 - INFO - [Validate] Epoch 00017 | valid_rmse 6.0734 | valid_pr 0.9683 | valid_criterion 8.0161 | score 0.1984
2025-01-07 06:37:41 - INFO - No improvement for 1 epochs
2025-01-07 06:38:17 - INFO - [Train] Epoch 00018 | train_loss 16.6523 | train_rmse 5.4475 | lr 0.003801
2025-01-07 06:38:17 - INFO - [Validate] Epoch 00018 | valid_rmse 6.1356 | valid_pr 0.9637 | valid_criterion 9.1345 | score 0.0865
2025-01-07 06:38:17 - INFO - No improvement for 2 epochs
2025-01-07 06:38:29 - INFO - [Train] Epoch 00019 | train_loss 16.7670 | train_rmse 5.5095 | lr 0.004001
2025-01-07 06:38:29 - INFO - [Validate] Epoch 00019 | valid_rmse 5.5665 | valid_pr 0.9678 | valid_criterion 7.9975 | score 0.2002
2025-01-07 06:38:29 - INFO - No improvement for 3 epochs
2025-01-07 06:38:41 - INFO - [Train] Epoch 00020 | train_loss 16.1544 | train_rmse 5.4059 | lr 0.004201
2025-01-07 06:38:41 - INFO - [Validate] Epoch 00020 | valid_rmse 5.6931 | valid_pr 0.9635 | valid_criterion 9.7918 | score 0.0208
2025-01-07 06:38:41 - INFO - No improvement for 4 epochs
2025-01-07 06:39:18 - INFO - [Train] Epoch 00021 | train_loss 15.3657 | train_rmse 5.2545 | lr 0.004401
2025-01-07 06:39:18 - INFO - [Validate] Epoch 00021 | valid_rmse 5.1025 | valid_pr 0.9712 | valid_criterion 7.7761 | score 0.2224
2025-01-07 06:39:18 - INFO - No improvement for 5 epochs
2025-01-07 06:39:31 - INFO - [Train] Epoch 00022 | train_loss 15.7838 | train_rmse 5.2991 | lr 0.004601
2025-01-07 06:39:31 - INFO - [Validate] Epoch 00022 | valid_rmse 5.1748 | valid_pr 0.9706 | valid_criterion 7.8973 | score 0.2103
2025-01-07 06:39:31 - INFO - No improvement for 6 epochs
2025-01-07 06:39:43 - INFO - [Train] Epoch 00023 | train_loss 15.2819 | train_rmse 5.1674 | lr 0.004801
2025-01-07 06:39:43 - INFO - [Validate] Epoch 00023 | valid_rmse 5.3736 | valid_pr 0.9629 | valid_criterion 9.3238 | score 0.0676
2025-01-07 06:39:43 - INFO - No improvement for 7 epochs
2025-01-07 06:40:14 - INFO - [Train] Epoch 00024 | train_loss 15.9137 | train_rmse 5.3604 | lr 0.005001
2025-01-07 06:40:14 - INFO - [Validate] Epoch 00024 | valid_rmse 6.1183 | valid_pr 0.9600 | valid_criterion 8.4704 | score 0.1530
2025-01-07 06:40:14 - INFO - No improvement for 8 epochs
2025-01-07 06:40:27 - INFO - [Train] Epoch 00025 | train_loss 14.4828 | train_rmse 5.0313 | lr 0.005200
2025-01-07 06:40:27 - INFO - [Validate] Epoch 00025 | valid_rmse 4.9316 | valid_pr 0.9685 | valid_criterion 7.6284 | score 0.2372
2025-01-07 06:40:27 - INFO - No improvement for 9 epochs
2025-01-07 06:40:39 - INFO - [Train] Epoch 00026 | train_loss 15.5761 | train_rmse 5.2267 | lr 0.005400
2025-01-07 06:40:39 - INFO - [Validate] Epoch 00026 | valid_rmse 6.5105 | valid_pr 0.9635 | valid_criterion 8.2975 | score 0.1702
2025-01-07 06:40:39 - INFO - No improvement for 10 epochs
2025-01-07 06:40:51 - INFO - [Train] Epoch 00027 | train_loss 16.5926 | train_rmse 5.4540 | lr 0.005600
2025-01-07 06:40:51 - INFO - [Validate] Epoch 00027 | valid_rmse 5.1719 | valid_pr 0.9680 | valid_criterion 7.9992 | score 0.2001
2025-01-07 06:40:51 - INFO - No improvement for 11 epochs
2025-01-07 06:41:03 - INFO - [Train] Epoch 00028 | train_loss 17.1772 | train_rmse 5.5185 | lr 0.005800
2025-01-07 06:41:03 - INFO - [Validate] Epoch 00028 | valid_rmse 4.9291 | valid_pr 0.9702 | valid_criterion 7.8121 | score 0.2188
2025-01-07 06:41:03 - INFO - No improvement for 12 epochs
2025-01-07 06:41:16 - INFO - [Train] Epoch 00029 | train_loss 14.6029 | train_rmse 5.0017 | lr 0.006000
2025-01-07 06:41:16 - INFO - [Validate] Epoch 00029 | valid_rmse 5.2182 | valid_pr 0.9715 | valid_criterion 8.0564 | score 0.1944
2025-01-07 06:41:16 - INFO - No improvement for 13 epochs
2025-01-07 06:41:28 - INFO - [Train] Epoch 00030 | train_loss 14.1473 | train_rmse 4.9403 | lr 0.006200
2025-01-07 06:41:28 - INFO - [Validate] Epoch 00030 | valid_rmse 5.7385 | valid_pr 0.9643 | valid_criterion 8.8002 | score 0.1200
2025-01-07 06:41:28 - INFO - No improvement for 14 epochs
2025-01-07 06:41:40 - INFO - [Train] Epoch 00031 | train_loss 15.3671 | train_rmse 5.1761 | lr 0.006400
2025-01-07 06:41:40 - INFO - [Validate] Epoch 00031 | valid_rmse 5.0159 | valid_pr 0.9701 | valid_criterion 7.9377 | score 0.2062
2025-01-07 06:41:40 - INFO - No improvement for 15 epochs
2025-01-07 06:41:52 - INFO - [Train] Epoch 00032 | train_loss 14.3031 | train_rmse 5.0042 | lr 0.006600
2025-01-07 06:41:52 - INFO - [Validate] Epoch 00032 | valid_rmse 5.5854 | valid_pr 0.9717 | valid_criterion 7.6727 | score 0.2327
2025-01-07 06:41:52 - INFO - No improvement for 16 epochs
2025-01-07 06:42:18 - INFO - [Train] Epoch 00033 | train_loss 15.0855 | train_rmse 5.1297 | lr 0.006800
2025-01-07 06:42:18 - INFO - [Validate] Epoch 00033 | valid_rmse 4.9244 | valid_pr 0.9712 | valid_criterion 8.7032 | score 0.1297
2025-01-07 06:42:18 - INFO - No improvement for 17 epochs
2025-01-07 06:42:31 - INFO - [Train] Epoch 00034 | train_loss 15.1002 | train_rmse 5.0917 | lr 0.007000
2025-01-07 06:42:31 - INFO - [Validate] Epoch 00034 | valid_rmse 5.2722 | valid_pr 0.9663 | valid_criterion 8.1882 | score 0.1812
2025-01-07 06:42:31 - INFO - No improvement for 18 epochs
2025-01-07 06:42:43 - INFO - [Train] Epoch 00035 | train_loss 15.6882 | train_rmse 5.1353 | lr 0.007200
2025-01-07 06:42:43 - INFO - [Validate] Epoch 00035 | valid_rmse 4.7251 | valid_pr 0.9708 | valid_criterion 7.8328 | score 0.2167
2025-01-07 06:42:43 - INFO - No improvement for 19 epochs
2025-01-07 06:43:20 - INFO - [Train] Epoch 00036 | train_loss 15.2911 | train_rmse 5.0840 | lr 0.007400
2025-01-07 06:43:20 - INFO - [Validate] Epoch 00036 | valid_rmse 6.2565 | valid_pr 0.9701 | valid_criterion 8.7980 | score 0.1202
2025-01-07 06:43:20 - INFO - No improvement for 20 epochs
2025-01-07 06:43:33 - INFO - [Train] Epoch 00037 | train_loss 15.5348 | train_rmse 5.1614 | lr 0.007600
2025-01-07 06:43:33 - INFO - [Validate] Epoch 00037 | valid_rmse 5.3002 | valid_pr 0.9671 | valid_criterion 8.1108 | score 0.1889
2025-01-07 06:43:33 - INFO - No improvement for 21 epochs
2025-01-07 06:44:10 - INFO - [Train] Epoch 00038 | train_loss 14.0912 | train_rmse 4.8857 | lr 0.007800
2025-01-07 06:44:10 - INFO - [Validate] Epoch 00038 | valid_rmse 5.3635 | valid_pr 0.9647 | valid_criterion 9.4303 | score 0.0570
2025-01-07 06:44:10 - INFO - No improvement for 22 epochs
2025-01-07 06:44:22 - INFO - [Train] Epoch 00039 | train_loss 16.9102 | train_rmse 5.4716 | lr 0.008000
2025-01-07 06:44:22 - INFO - [Validate] Epoch 00039 | valid_rmse 5.1822 | valid_pr 0.9649 | valid_criterion 8.0977 | score 0.1902
2025-01-07 06:44:22 - INFO - No improvement for 23 epochs
2025-01-07 06:44:34 - INFO - [Train] Epoch 00040 | train_loss 15.0525 | train_rmse 5.0728 | lr 0.008200
2025-01-07 06:44:34 - INFO - [Validate] Epoch 00040 | valid_rmse 6.5981 | valid_pr 0.9694 | valid_criterion 8.3881 | score 0.1612
2025-01-07 06:44:34 - INFO - No improvement for 24 epochs
2025-01-07 06:45:10 - INFO - [Train] Epoch 00041 | train_loss 14.2750 | train_rmse 4.8825 | lr 0.008400
2025-01-07 06:45:10 - INFO - [Validate] Epoch 00041 | valid_rmse 5.7011 | valid_pr 0.9698 | valid_criterion 8.1904 | score 0.1810
2025-01-07 06:45:10 - INFO - No improvement for 25 epochs
2025-01-07 06:45:22 - INFO - [Train] Epoch 00042 | train_loss 15.8382 | train_rmse 5.1785 | lr 0.008600
2025-01-07 06:45:22 - INFO - [Validate] Epoch 00042 | valid_rmse 13.3077 | valid_pr 0.9579 | valid_criterion 13.8078 | score -0.3808
2025-01-07 06:45:22 - INFO - No improvement for 26 epochs
2025-01-07 06:45:35 - INFO - [Train] Epoch 00043 | train_loss 16.1982 | train_rmse 5.1991 | lr 0.008800
2025-01-07 06:45:35 - INFO - [Validate] Epoch 00043 | valid_rmse 6.5963 | valid_pr 0.9662 | valid_criterion 10.8453 | score -0.0845
2025-01-07 06:45:35 - INFO - No improvement for 27 epochs
2025-01-07 06:45:47 - INFO - [Train] Epoch 00044 | train_loss 16.7363 | train_rmse 5.2982 | lr 0.009000
2025-01-07 06:45:47 - INFO - [Validate] Epoch 00044 | valid_rmse 5.0990 | valid_pr 0.9721 | valid_criterion 8.4835 | score 0.1517
2025-01-07 06:45:47 - INFO - No improvement for 28 epochs
2025-01-07 06:45:59 - INFO - [Train] Epoch 00045 | train_loss 15.0021 | train_rmse 5.0607 | lr 0.009200
2025-01-07 06:45:59 - INFO - [Validate] Epoch 00045 | valid_rmse 5.5625 | valid_pr 0.9649 | valid_criterion 8.6310 | score 0.1369
2025-01-07 06:45:59 - INFO - No improvement for 29 epochs
2025-01-07 06:46:12 - INFO - [Train] Epoch 00046 | train_loss 17.0724 | train_rmse 5.3846 | lr 0.009400
2025-01-07 06:46:12 - INFO - [Validate] Epoch 00046 | valid_rmse 4.9871 | valid_pr 0.9739 | valid_criterion 8.1871 | score 0.1813
2025-01-07 06:46:12 - INFO - No improvement for 30 epochs
2025-01-07 06:46:24 - INFO - [Train] Epoch 00047 | train_loss 16.4720 | train_rmse 5.2778 | lr 0.009600
2025-01-07 06:46:24 - INFO - [Validate] Epoch 00047 | valid_rmse 4.7732 | valid_pr 0.9743 | valid_criterion 7.5150 | score 0.2485
2025-01-07 06:46:24 - INFO - No improvement for 31 epochs
2025-01-07 06:46:36 - INFO - [Train] Epoch 00048 | train_loss 14.3288 | train_rmse 4.8204 | lr 0.009800
2025-01-07 06:46:36 - INFO - [Validate] Epoch 00048 | valid_rmse 6.3382 | valid_pr 0.9673 | valid_criterion 8.3462 | score 0.1654
2025-01-07 06:46:36 - INFO - No improvement for 32 epochs
2025-01-07 06:46:49 - INFO - [Train] Epoch 00049 | train_loss 18.9363 | train_rmse 5.6927 | lr 0.010000
2025-01-07 06:46:49 - INFO - [Validate] Epoch 00049 | valid_rmse 7.6499 | valid_pr 0.9655 | valid_criterion 10.4658 | score -0.0466
2025-01-07 06:46:49 - INFO - No improvement for 33 epochs
2025-01-07 06:47:01 - INFO - [Train] Epoch 00050 | train_loss 15.7083 | train_rmse 5.0818 | lr 0.010000
2025-01-07 06:47:01 - INFO - [Validate] Epoch 00050 | valid_rmse 6.2399 | valid_pr 0.9651 | valid_criterion 8.1539 | score 0.1846
2025-01-07 06:47:01 - INFO - No improvement for 34 epochs
2025-01-07 06:47:14 - INFO - [Train] Epoch 00051 | train_loss 17.3211 | train_rmse 5.3800 | lr 0.010000
2025-01-07 06:47:14 - INFO - [Validate] Epoch 00051 | valid_rmse 6.5762 | valid_pr 0.9659 | valid_criterion 8.6903 | score 0.1310
2025-01-07 06:47:14 - INFO - No improvement for 35 epochs
2025-01-07 06:47:26 - INFO - [Train] Epoch 00052 | train_loss 16.6328 | train_rmse 5.2894 | lr 0.010000
2025-01-07 06:47:26 - INFO - [Validate] Epoch 00052 | valid_rmse 4.6788 | valid_pr 0.9749 | valid_criterion 7.9487 | score 0.2051
2025-01-07 06:47:26 - INFO - No improvement for 36 epochs
2025-01-07 06:47:38 - INFO - [Train] Epoch 00053 | train_loss 17.8241 | train_rmse 5.5596 | lr 0.010000
2025-01-07 06:47:38 - INFO - [Validate] Epoch 00053 | valid_rmse 7.0729 | valid_pr 0.9722 | valid_criterion 7.7285 | score 0.2272
2025-01-07 06:47:38 - INFO - No improvement for 37 epochs
2025-01-07 06:47:50 - INFO - [Train] Epoch 00054 | train_loss 16.7914 | train_rmse 5.3236 | lr 0.010000
2025-01-07 06:47:50 - INFO - [Validate] Epoch 00054 | valid_rmse 5.6146 | valid_pr 0.9667 | valid_criterion 8.5126 | score 0.1487
2025-01-07 06:47:50 - INFO - No improvement for 38 epochs
2025-01-07 06:48:03 - INFO - [Train] Epoch 00055 | train_loss 15.9935 | train_rmse 5.1194 | lr 0.010000
2025-01-07 06:48:03 - INFO - [Validate] Epoch 00055 | valid_rmse 5.2651 | valid_pr 0.9673 | valid_criterion 8.4680 | score 0.1532
2025-01-07 06:48:03 - INFO - No improvement for 39 epochs
2025-01-07 06:48:15 - INFO - [Train] Epoch 00056 | train_loss 14.5590 | train_rmse 4.8682 | lr 0.010000
2025-01-07 06:48:15 - INFO - [Validate] Epoch 00056 | valid_rmse 5.4548 | valid_pr 0.9684 | valid_criterion 7.9817 | score 0.2018
2025-01-07 06:48:15 - INFO - No improvement for 40 epochs
2025-01-07 06:48:27 - INFO - [Train] Epoch 00057 | train_loss 15.5268 | train_rmse 5.0448 | lr 0.010000
2025-01-07 06:48:27 - INFO - [Validate] Epoch 00057 | valid_rmse 5.3815 | valid_pr 0.9641 | valid_criterion 8.8437 | score 0.1156
2025-01-07 06:48:27 - INFO - No improvement for 41 epochs
2025-01-07 06:48:40 - INFO - [Train] Epoch 00058 | train_loss 14.6088 | train_rmse 4.8744 | lr 0.010000
2025-01-07 06:48:40 - INFO - [Validate] Epoch 00058 | valid_rmse 4.8966 | valid_pr 0.9699 | valid_criterion 7.9666 | score 0.2033
2025-01-07 06:48:40 - INFO - No improvement for 42 epochs
2025-01-07 06:48:52 - INFO - [Train] Epoch 00059 | train_loss 14.4761 | train_rmse 4.8154 | lr 0.010000
2025-01-07 06:48:52 - INFO - [Validate] Epoch 00059 | valid_rmse 5.6588 | valid_pr 0.9662 | valid_criterion 9.8645 | score 0.0136
2025-01-07 06:48:52 - INFO - No improvement for 43 epochs
2025-01-07 06:49:07 - INFO - [Train] Epoch 00060 | train_loss 15.5614 | train_rmse 5.0901 | lr 0.010000
2025-01-07 06:49:07 - INFO - [Validate] Epoch 00060 | valid_rmse 4.7485 | valid_pr 0.9716 | valid_criterion 7.9319 | score 0.2068
2025-01-07 06:49:07 - INFO - No improvement for 44 epochs
2025-01-07 06:49:20 - INFO - [Train] Epoch 00061 | train_loss 14.4242 | train_rmse 4.8819 | lr 0.010000
2025-01-07 06:49:20 - INFO - [Validate] Epoch 00061 | valid_rmse 4.7046 | valid_pr 0.9729 | valid_criterion 7.7676 | score 0.2232
2025-01-07 06:49:20 - INFO - No improvement for 45 epochs
2025-01-07 06:49:32 - INFO - [Train] Epoch 00062 | train_loss 14.0650 | train_rmse 4.7641 | lr 0.010000
2025-01-07 06:49:32 - INFO - [Validate] Epoch 00062 | valid_rmse 5.1443 | valid_pr 0.9718 | valid_criterion 7.7403 | score 0.2260
2025-01-07 06:49:32 - INFO - No improvement for 46 epochs
2025-01-07 06:49:45 - INFO - [Train] Epoch 00063 | train_loss 14.7733 | train_rmse 4.9312 | lr 0.010000
2025-01-07 06:49:45 - INFO - [Validate] Epoch 00063 | valid_rmse 5.5211 | valid_pr 0.9670 | valid_criterion 8.1938 | score 0.1806
2025-01-07 06:49:45 - INFO - No improvement for 47 epochs
2025-01-07 06:49:57 - INFO - [Train] Epoch 00064 | train_loss 16.8770 | train_rmse 5.3078 | lr 0.010000
2025-01-07 06:49:57 - INFO - [Validate] Epoch 00064 | valid_rmse 5.0776 | valid_pr 0.9685 | valid_criterion 7.8530 | score 0.2147
2025-01-07 06:49:57 - INFO - No improvement for 48 epochs
2025-01-07 06:50:09 - INFO - [Train] Epoch 00065 | train_loss 15.6698 | train_rmse 5.1553 | lr 0.010000
2025-01-07 06:50:09 - INFO - [Validate] Epoch 00065 | valid_rmse 4.8423 | valid_pr 0.9728 | valid_criterion 7.6081 | score 0.2392
2025-01-07 06:50:09 - INFO - No improvement for 49 epochs
2025-01-07 06:50:22 - INFO - [Train] Epoch 00066 | train_loss 15.5569 | train_rmse 5.0933 | lr 0.010000
2025-01-07 06:50:22 - INFO - [Validate] Epoch 00066 | valid_rmse 6.2278 | valid_pr 0.9748 | valid_criterion 7.4613 | score 0.2539
2025-01-07 06:50:22 - INFO - [Validate] Best score achieved: 0.253867
2025-01-07 06:50:34 - INFO - [Train] Epoch 00067 | train_loss 15.4933 | train_rmse 5.1172 | lr 0.010000
2025-01-07 06:50:34 - INFO - [Validate] Epoch 00067 | valid_rmse 5.5019 | valid_pr 0.9717 | valid_criterion 8.1633 | score 0.1837
2025-01-07 06:50:34 - INFO - No improvement for 1 epochs
2025-01-07 06:50:46 - INFO - [Train] Epoch 00068 | train_loss 15.1752 | train_rmse 5.0437 | lr 0.010000
2025-01-07 06:50:46 - INFO - [Validate] Epoch 00068 | valid_rmse 4.7845 | valid_pr 0.9701 | valid_criterion 7.8259 | score 0.2174
2025-01-07 06:50:46 - INFO - No improvement for 2 epochs
2025-01-07 06:51:13 - INFO - [Train] Epoch 00069 | train_loss 13.3347 | train_rmse 4.5723 | lr 0.010000
2025-01-07 06:51:13 - INFO - [Validate] Epoch 00069 | valid_rmse 5.5303 | valid_pr 0.9698 | valid_criterion 7.8306 | score 0.2169
2025-01-07 06:51:13 - INFO - No improvement for 3 epochs
2025-01-07 06:51:26 - INFO - [Train] Epoch 00070 | train_loss 14.5651 | train_rmse 4.9084 | lr 0.010000
2025-01-07 06:51:26 - INFO - [Validate] Epoch 00070 | valid_rmse 4.6927 | valid_pr 0.9718 | valid_criterion 7.7008 | score 0.2299
2025-01-07 06:51:26 - INFO - No improvement for 4 epochs
2025-01-07 06:51:38 - INFO - [Train] Epoch 00071 | train_loss 14.8643 | train_rmse 4.9905 | lr 0.010000
2025-01-07 06:51:38 - INFO - [Validate] Epoch 00071 | valid_rmse 5.6524 | valid_pr 0.9704 | valid_criterion 8.8403 | score 0.1160
2025-01-07 06:51:38 - INFO - No improvement for 5 epochs
2025-01-07 06:52:14 - INFO - [Train] Epoch 00072 | train_loss 16.3701 | train_rmse 5.2492 | lr 0.010000
2025-01-07 06:52:14 - INFO - [Validate] Epoch 00072 | valid_rmse 5.2921 | valid_pr 0.9710 | valid_criterion 7.5350 | score 0.2465
2025-01-07 06:52:14 - INFO - No improvement for 6 epochs
2025-01-07 06:52:26 - INFO - [Train] Epoch 00073 | train_loss 14.5704 | train_rmse 4.8733 | lr 0.002000
2025-01-07 06:52:26 - INFO - [Validate] Epoch 00073 | valid_rmse 4.9596 | valid_pr 0.9708 | valid_criterion 7.4508 | score 0.2549
2025-01-07 06:52:26 - INFO - [Validate] Best score achieved: 0.254921
2025-01-07 06:52:39 - INFO - [Train] Epoch 00074 | train_loss 12.5228 | train_rmse 4.4596 | lr 0.002000
2025-01-07 06:52:39 - INFO - [Validate] Epoch 00074 | valid_rmse 4.9486 | valid_pr 0.9741 | valid_criterion 7.4778 | score 0.2522
2025-01-07 06:52:39 - INFO - No improvement for 1 epochs
2025-01-07 06:52:55 - INFO - [Train] Epoch 00075 | train_loss 13.6377 | train_rmse 4.6994 | lr 0.002000
2025-01-07 06:52:55 - INFO - [Validate] Epoch 00075 | valid_rmse 4.8484 | valid_pr 0.9744 | valid_criterion 7.4483 | score 0.2552
2025-01-07 06:52:55 - INFO - [Validate] Best score achieved: 0.255168
2025-01-07 06:53:07 - INFO - [Train] Epoch 00076 | train_loss 12.8817 | train_rmse 4.5271 | lr 0.002000
2025-01-07 06:53:07 - INFO - [Validate] Epoch 00076 | valid_rmse 4.5530 | valid_pr 0.9748 | valid_criterion 7.4425 | score 0.2558
2025-01-07 06:53:07 - INFO - [Validate] Best score achieved: 0.255753
2025-01-07 06:53:20 - INFO - [Train] Epoch 00077 | train_loss 12.4460 | train_rmse 4.4508 | lr 0.002000
2025-01-07 06:53:20 - INFO - [Validate] Epoch 00077 | valid_rmse 4.4853 | valid_pr 0.9742 | valid_criterion 7.3753 | score 0.2625
2025-01-07 06:53:20 - INFO - [Validate] Best score achieved: 0.262473
2025-01-07 06:53:32 - INFO - [Train] Epoch 00078 | train_loss 12.1180 | train_rmse 4.3539 | lr 0.002000
2025-01-07 06:53:32 - INFO - [Validate] Epoch 00078 | valid_rmse 4.7019 | valid_pr 0.9742 | valid_criterion 7.4661 | score 0.2534
2025-01-07 06:53:32 - INFO - No improvement for 1 epochs
2025-01-07 06:53:44 - INFO - [Train] Epoch 00079 | train_loss 11.4652 | train_rmse 4.2081 | lr 0.002000
2025-01-07 06:53:44 - INFO - [Validate] Epoch 00079 | valid_rmse 4.8328 | valid_pr 0.9741 | valid_criterion 7.5886 | score 0.2411
2025-01-07 06:53:44 - INFO - No improvement for 2 epochs
2025-01-07 06:54:04 - INFO - [Train] Epoch 00080 | train_loss 12.5612 | train_rmse 4.4701 | lr 0.002000
2025-01-07 06:54:04 - INFO - [Validate] Epoch 00080 | valid_rmse 4.8835 | valid_pr 0.9747 | valid_criterion 7.6383 | score 0.2362
2025-01-07 06:54:04 - INFO - No improvement for 3 epochs
2025-01-07 06:54:17 - INFO - [Train] Epoch 00081 | train_loss 13.3697 | train_rmse 4.6924 | lr 0.002000
2025-01-07 06:54:17 - INFO - [Validate] Epoch 00081 | valid_rmse 4.8923 | valid_pr 0.9733 | valid_criterion 7.7098 | score 0.2290
2025-01-07 06:54:17 - INFO - No improvement for 4 epochs
2025-01-07 06:54:29 - INFO - [Train] Epoch 00082 | train_loss 11.8949 | train_rmse 4.3634 | lr 0.002000
2025-01-07 06:54:29 - INFO - [Validate] Epoch 00082 | valid_rmse 4.9721 | valid_pr 0.9743 | valid_criterion 7.5761 | score 0.2424
2025-01-07 06:54:29 - INFO - No improvement for 5 epochs
2025-01-07 06:54:42 - INFO - [Train] Epoch 00083 | train_loss 13.4968 | train_rmse 4.7111 | lr 0.002000
2025-01-07 06:54:42 - INFO - [Validate] Epoch 00083 | valid_rmse 5.6173 | valid_pr 0.9742 | valid_criterion 7.5574 | score 0.2443
2025-01-07 06:54:42 - INFO - No improvement for 6 epochs
2025-01-07 06:54:55 - INFO - [Train] Epoch 00084 | train_loss 12.3955 | train_rmse 4.5203 | lr 0.002000
2025-01-07 06:54:55 - INFO - [Validate] Epoch 00084 | valid_rmse 5.0308 | valid_pr 0.9748 | valid_criterion 7.4488 | score 0.2551
2025-01-07 06:54:55 - INFO - No improvement for 7 epochs
2025-01-07 06:55:08 - INFO - [Train] Epoch 00085 | train_loss 10.8239 | train_rmse 4.1193 | lr 0.002000
2025-01-07 06:55:08 - INFO - [Validate] Epoch 00085 | valid_rmse 4.5325 | valid_pr 0.9752 | valid_criterion 7.4580 | score 0.2542
2025-01-07 06:55:08 - INFO - No improvement for 8 epochs
2025-01-07 06:55:21 - INFO - [Train] Epoch 00086 | train_loss 11.1593 | train_rmse 4.2054 | lr 0.002000
2025-01-07 06:55:21 - INFO - [Validate] Epoch 00086 | valid_rmse 4.6806 | valid_pr 0.9760 | valid_criterion 7.4005 | score 0.2600
2025-01-07 06:55:21 - INFO - No improvement for 9 epochs
2025-01-07 06:55:33 - INFO - [Train] Epoch 00087 | train_loss 11.3513 | train_rmse 4.3197 | lr 0.002000
2025-01-07 06:55:33 - INFO - [Validate] Epoch 00087 | valid_rmse 4.9457 | valid_pr 0.9741 | valid_criterion 7.5562 | score 0.2444
2025-01-07 06:55:33 - INFO - No improvement for 10 epochs
2025-01-07 06:55:46 - INFO - [Train] Epoch 00088 | train_loss 11.8297 | train_rmse 4.4212 | lr 0.002000
2025-01-07 06:55:46 - INFO - [Validate] Epoch 00088 | valid_rmse 4.7916 | valid_pr 0.9745 | valid_criterion 7.5836 | score 0.2416
2025-01-07 06:55:46 - INFO - No improvement for 11 epochs
2025-01-07 06:56:13 - INFO - [Train] Epoch 00089 | train_loss 11.9629 | train_rmse 4.4597 | lr 0.002000
2025-01-07 06:56:13 - INFO - [Validate] Epoch 00089 | valid_rmse 4.7935 | valid_pr 0.9742 | valid_criterion 7.5140 | score 0.2486
2025-01-07 06:56:13 - INFO - No improvement for 12 epochs
2025-01-07 06:56:25 - INFO - [Train] Epoch 00090 | train_loss 11.2912 | train_rmse 4.2969 | lr 0.002000
2025-01-07 06:56:25 - INFO - [Validate] Epoch 00090 | valid_rmse 4.4211 | valid_pr 0.9758 | valid_criterion 7.3061 | score 0.2694
2025-01-07 06:56:25 - INFO - [Validate] Best score achieved: 0.269388
2025-01-07 06:56:38 - INFO - [Train] Epoch 00091 | train_loss 12.1250 | train_rmse 4.4873 | lr 0.002000
2025-01-07 06:56:38 - INFO - [Validate] Epoch 00091 | valid_rmse 4.4293 | valid_pr 0.9761 | valid_criterion 7.2409 | score 0.2759
2025-01-07 06:56:38 - INFO - [Validate] Best score achieved: 0.275914
2025-01-07 06:57:08 - INFO - [Train] Epoch 00092 | train_loss 11.3429 | train_rmse 4.3299 | lr 0.002000
2025-01-07 06:57:08 - INFO - [Validate] Epoch 00092 | valid_rmse 4.6779 | valid_pr 0.9758 | valid_criterion 7.3781 | score 0.2622
2025-01-07 06:57:08 - INFO - No improvement for 1 epochs
2025-01-07 06:57:21 - INFO - [Train] Epoch 00093 | train_loss 10.6455 | train_rmse 4.1372 | lr 0.002000
2025-01-07 06:57:21 - INFO - [Validate] Epoch 00093 | valid_rmse 4.6828 | valid_pr 0.9754 | valid_criterion 7.3257 | score 0.2674
2025-01-07 06:57:21 - INFO - No improvement for 2 epochs
2025-01-07 06:57:34 - INFO - [Train] Epoch 00094 | train_loss 12.3249 | train_rmse 4.5284 | lr 0.002000
2025-01-07 06:57:34 - INFO - [Validate] Epoch 00094 | valid_rmse 4.6434 | valid_pr 0.9760 | valid_criterion 7.5112 | score 0.2489
2025-01-07 06:57:34 - INFO - No improvement for 3 epochs
2025-01-07 06:57:47 - INFO - [Train] Epoch 00095 | train_loss 11.6277 | train_rmse 4.3930 | lr 0.002000
2025-01-07 06:57:47 - INFO - [Validate] Epoch 00095 | valid_rmse 5.0975 | valid_pr 0.9752 | valid_criterion 8.0379 | score 0.1962
2025-01-07 06:57:47 - INFO - No improvement for 4 epochs
2025-01-07 06:58:00 - INFO - [Train] Epoch 00096 | train_loss 11.6803 | train_rmse 4.4696 | lr 0.002000
2025-01-07 06:58:00 - INFO - [Validate] Epoch 00096 | valid_rmse 4.6102 | valid_pr 0.9762 | valid_criterion 7.3526 | score 0.2647
2025-01-07 06:58:00 - INFO - No improvement for 5 epochs
2025-01-07 06:58:12 - INFO - [Train] Epoch 00097 | train_loss 13.0453 | train_rmse 4.7899 | lr 0.002000
2025-01-07 06:58:12 - INFO - [Validate] Epoch 00097 | valid_rmse 4.6192 | valid_pr 0.9760 | valid_criterion 7.2756 | score 0.2724
2025-01-07 06:58:12 - INFO - No improvement for 6 epochs
2025-01-07 06:58:25 - INFO - [Train] Epoch 00098 | train_loss 12.3141 | train_rmse 4.5688 | lr 0.002000
2025-01-07 06:58:25 - INFO - [Validate] Epoch 00098 | valid_rmse 4.7908 | valid_pr 0.9734 | valid_criterion 7.5760 | score 0.2424
2025-01-07 06:58:25 - INFO - No improvement for 7 epochs
2025-01-07 06:58:37 - INFO - [Train] Epoch 00099 | train_loss 11.3614 | train_rmse 4.3822 | lr 0.002000
2025-01-07 06:58:37 - INFO - [Validate] Epoch 00099 | valid_rmse 4.9451 | valid_pr 0.9753 | valid_criterion 7.3383 | score 0.2662
2025-01-07 06:58:37 - INFO - No improvement for 8 epochs
2025-01-07 06:58:49 - INFO - [Train] Epoch 00100 | train_loss 10.1245 | train_rmse 4.0520 | lr 0.002000
2025-01-07 06:58:49 - INFO - [Validate] Epoch 00100 | valid_rmse 4.6272 | valid_pr 0.9750 | valid_criterion 7.5640 | score 0.2436
2025-01-07 06:58:49 - INFO - No improvement for 9 epochs
2025-01-07 06:59:02 - INFO - [Train] Epoch 00101 | train_loss 10.9931 | train_rmse 4.3216 | lr 0.002000
2025-01-07 06:59:02 - INFO - [Validate] Epoch 00101 | valid_rmse 4.5770 | valid_pr 0.9747 | valid_criterion 7.4228 | score 0.2577
2025-01-07 06:59:02 - INFO - No improvement for 10 epochs
2025-01-07 06:59:14 - INFO - [Train] Epoch 00102 | train_loss 11.3330 | train_rmse 4.4202 | lr 0.002000
2025-01-07 06:59:14 - INFO - [Validate] Epoch 00102 | valid_rmse 4.6256 | valid_pr 0.9760 | valid_criterion 7.3254 | score 0.2675
2025-01-07 06:59:14 - INFO - No improvement for 11 epochs
2025-01-07 06:59:26 - INFO - [Train] Epoch 00103 | train_loss 11.1890 | train_rmse 4.3431 | lr 0.002000
2025-01-07 06:59:26 - INFO - [Validate] Epoch 00103 | valid_rmse 4.9552 | valid_pr 0.9752 | valid_criterion 7.3391 | score 0.2661
2025-01-07 06:59:26 - INFO - No improvement for 12 epochs
2025-01-07 06:59:38 - INFO - [Train] Epoch 00104 | train_loss 12.1936 | train_rmse 4.6282 | lr 0.002000
2025-01-07 06:59:38 - INFO - [Validate] Epoch 00104 | valid_rmse 4.9631 | valid_pr 0.9745 | valid_criterion 7.5177 | score 0.2482
2025-01-07 06:59:38 - INFO - No improvement for 13 epochs
2025-01-07 06:59:50 - INFO - [Train] Epoch 00105 | train_loss 12.1193 | train_rmse 4.6722 | lr 0.002000
2025-01-07 06:59:50 - INFO - [Validate] Epoch 00105 | valid_rmse 4.9730 | valid_pr 0.9750 | valid_criterion 7.4720 | score 0.2528
2025-01-07 06:59:50 - INFO - No improvement for 14 epochs
2025-01-07 07:00:17 - INFO - [Train] Epoch 00106 | train_loss 11.9049 | train_rmse 4.7130 | lr 0.002000
2025-01-07 07:00:17 - INFO - [Validate] Epoch 00106 | valid_rmse 5.1294 | valid_pr 0.9725 | valid_criterion 7.5831 | score 0.2417
2025-01-07 07:00:17 - INFO - No improvement for 15 epochs
2025-01-07 07:00:30 - INFO - [Train] Epoch 00107 | train_loss 10.7784 | train_rmse 4.5597 | lr 0.002000
2025-01-07 07:00:30 - INFO - [Validate] Epoch 00107 | valid_rmse 5.1340 | valid_pr 0.9707 | valid_criterion 7.6375 | score 0.2363
2025-01-07 07:00:30 - INFO - No improvement for 16 epochs
2025-01-07 07:00:42 - INFO - [Train] Epoch 00108 | train_loss 8.1641 | train_rmse 5.0365 | lr 0.002000
2025-01-07 07:00:42 - INFO - [Validate] Epoch 00108 | valid_rmse 10.4166 | valid_pr 0.8829 | valid_criterion 12.5041 | score -0.2504
2025-01-07 07:00:42 - INFO - No improvement for 17 epochs
2025-01-07 07:01:18 - INFO - [Train] Epoch 00109 | train_loss -2.7520 | train_rmse 8.5624 | lr 0.002000
2025-01-07 07:01:18 - INFO - [Validate] Epoch 00109 | valid_rmse 20.6892 | valid_pr 0.1826 | valid_criterion 20.7403 | score -1.0740
2025-01-07 07:01:18 - INFO - No improvement for 18 epochs
2025-01-07 07:01:31 - INFO - [Train] Epoch 00110 | train_loss -13.5328 | train_rmse 10.3201 | lr 0.002000
2025-01-07 07:01:31 - INFO - [Validate] Epoch 00110 | valid_rmse 20.0541 | valid_pr 0.3984 | valid_criterion 27.8131 | score -1.7813
2025-01-07 07:01:31 - INFO - No improvement for 19 epochs
2025-01-07 07:01:43 - INFO - [Train] Epoch 00111 | train_loss -30.9088 | train_rmse 12.6360 | lr 0.000400
2025-01-07 07:01:43 - INFO - [Validate] Epoch 00111 | valid_rmse 40.5610 | valid_pr 0.0909 | valid_criterion 58.8493 | score -4.8849
2025-01-07 07:01:43 - INFO - No improvement for 20 epochs
2025-01-07 07:02:20 - INFO - [Train] Epoch 00112 | train_loss -33.9814 | train_rmse 12.9143 | lr 0.000400
2025-01-07 07:02:20 - INFO - [Validate] Epoch 00112 | valid_rmse 24.7913 | valid_pr 0.0600 | valid_criterion 27.3625 | score -1.7362
2025-01-07 07:02:20 - INFO - No improvement for 21 epochs
2025-01-07 07:02:33 - INFO - [Train] Epoch 00113 | train_loss -43.1578 | train_rmse 14.0538 | lr 0.000400
2025-01-07 07:02:33 - INFO - [Validate] Epoch 00113 | valid_rmse 23.1203 | valid_pr 0.0756 | valid_criterion 23.5360 | score -1.3536
2025-01-07 07:02:33 - INFO - No improvement for 22 epochs
2025-01-07 07:02:45 - INFO - [Train] Epoch 00114 | train_loss -52.4219 | train_rmse 14.2238 | lr 0.000400
2025-01-07 07:02:45 - INFO - [Validate] Epoch 00114 | valid_rmse 23.4296 | valid_pr 0.0679 | valid_criterion 24.7207 | score -1.4721
2025-01-07 07:02:45 - INFO - No improvement for 23 epochs
2025-01-07 07:02:57 - INFO - [Train] Epoch 00115 | train_loss -64.5397 | train_rmse 15.6031 | lr 0.000400
2025-01-07 07:02:57 - INFO - [Validate] Epoch 00115 | valid_rmse 22.8103 | valid_pr 0.0815 | valid_criterion 22.7658 | score -1.2766
2025-01-07 07:02:57 - INFO - No improvement for 24 epochs
2025-01-07 07:03:10 - INFO - [Train] Epoch 00116 | train_loss -71.8356 | train_rmse 16.3641 | lr 0.000400
2025-01-07 07:03:10 - INFO - [Validate] Epoch 00116 | valid_rmse 22.0007 | valid_pr 0.1119 | valid_criterion 22.4863 | score -1.2486
2025-01-07 07:03:10 - INFO - No improvement for 25 epochs
2025-01-07 07:03:22 - INFO - [Train] Epoch 00117 | train_loss -85.4229 | train_rmse 16.6316 | lr 0.000400
2025-01-07 07:03:22 - INFO - [Validate] Epoch 00117 | valid_rmse 21.0215 | valid_pr 0.1217 | valid_criterion 19.5324 | score -0.9532
2025-01-07 07:03:22 - INFO - No improvement for 26 epochs
2025-01-07 07:03:34 - INFO - [Train] Epoch 00118 | train_loss -90.1700 | train_rmse 18.4537 | lr 0.000400
2025-01-07 07:03:34 - INFO - [Validate] Epoch 00118 | valid_rmse 21.7873 | valid_pr 0.1209 | valid_criterion 21.8608 | score -1.1861
2025-01-07 07:03:34 - INFO - No improvement for 27 epochs
2025-01-07 07:20:37 - INFO - [Train] Epoch 00119 | train_loss -107.6134 | train_rmse 18.5720 | lr 0.000400
2025-01-07 07:20:37 - INFO - [Validate] Epoch 00119 | valid_rmse 26.9120 | valid_pr 0.0988 | valid_criterion 32.8523 | score -2.2852
2025-01-07 07:20:37 - INFO - No improvement for 28 epochs
2025-01-07 07:20:50 - INFO - [Train] Epoch 00120 | train_loss -111.5779 | train_rmse 19.0193 | lr 0.000400
2025-01-07 07:20:50 - INFO - [Validate] Epoch 00120 | valid_rmse 18.8531 | valid_pr 0.3107 | valid_criterion 18.0800 | score -0.8080
2025-01-07 07:20:50 - INFO - No improvement for 29 epochs
2025-01-07 07:21:03 - INFO - [Train] Epoch 00121 | train_loss -138.6125 | train_rmse 21.0234 | lr 0.000400
2025-01-07 07:21:03 - INFO - [Validate] Epoch 00121 | valid_rmse 22.0586 | valid_pr 0.2166 | valid_criterion 25.0276 | score -1.5028
2025-01-07 07:21:03 - INFO - No improvement for 30 epochs
2025-01-07 07:21:15 - INFO - [Train] Epoch 00122 | train_loss -147.4920 | train_rmse 21.5311 | lr 0.000400
2025-01-07 07:21:15 - INFO - [Validate] Epoch 00122 | valid_rmse 52.2241 | valid_pr 0.0608 | valid_criterion 77.5972 | score -6.7597
2025-01-07 07:21:15 - INFO - No improvement for 31 epochs
2025-01-07 07:21:27 - INFO - [Train] Epoch 00123 | train_loss -162.4637 | train_rmse 21.9049 | lr 0.000400
2025-01-07 07:21:27 - INFO - [Validate] Epoch 00123 | valid_rmse 19.4068 | valid_pr 0.2762 | valid_criterion 18.3313 | score -0.8331
2025-01-07 07:21:27 - INFO - No improvement for 32 epochs
2025-01-07 07:21:40 - INFO - [Train] Epoch 00124 | train_loss -194.3711 | train_rmse 23.5790 | lr 0.000400
2025-01-07 07:21:40 - INFO - [Validate] Epoch 00124 | valid_rmse 33.5077 | valid_pr 0.0708 | valid_criterion 43.8846 | score -3.3885
2025-01-07 07:21:40 - INFO - No improvement for 33 epochs
2025-01-07 07:21:52 - INFO - [Train] Epoch 00125 | train_loss -212.8643 | train_rmse 24.1585 | lr 0.000400
2025-01-07 07:21:52 - INFO - [Validate] Epoch 00125 | valid_rmse 18.4703 | valid_pr 0.3730 | valid_criterion 19.2152 | score -0.9215
2025-01-07 07:21:52 - INFO - No improvement for 34 epochs
2025-01-07 07:22:04 - INFO - [Train] Epoch 00126 | train_loss -227.1119 | train_rmse 25.6635 | lr 0.000400
2025-01-07 07:22:04 - INFO - [Validate] Epoch 00126 | valid_rmse 27.0008 | valid_pr 0.1430 | valid_criterion 31.8316 | score -2.1832
2025-01-07 07:22:04 - INFO - No improvement for 35 epochs
2025-01-07 07:22:17 - INFO - [Train] Epoch 00127 | train_loss -253.8445 | train_rmse 26.3095 | lr 0.000400
2025-01-07 07:22:17 - INFO - [Validate] Epoch 00127 | valid_rmse 20.1379 | valid_pr 0.2582 | valid_criterion 20.4616 | score -1.0462
2025-01-07 07:22:17 - INFO - No improvement for 36 epochs
2025-01-07 07:22:29 - INFO - [Train] Epoch 00128 | train_loss -272.7118 | train_rmse 27.2618 | lr 0.000400
2025-01-07 07:22:29 - INFO - [Validate] Epoch 00128 | valid_rmse 35.7151 | valid_pr 0.0536 | valid_criterion 44.4645 | score -3.4464
2025-01-07 07:22:29 - INFO - No improvement for 37 epochs
2025-01-07 07:22:42 - INFO - [Train] Epoch 00129 | train_loss -319.1414 | train_rmse 29.2464 | lr 0.000400
2025-01-07 07:22:42 - INFO - [Validate] Epoch 00129 | valid_rmse 18.4447 | valid_pr 0.3739 | valid_criterion 19.1901 | score -0.9190
2025-01-07 07:22:42 - INFO - No improvement for 38 epochs
2025-01-07 07:22:54 - INFO - [Train] Epoch 00130 | train_loss -317.3829 | train_rmse 31.4449 | lr 0.000400
2025-01-07 07:22:54 - INFO - [Validate] Epoch 00130 | valid_rmse 22.6887 | valid_pr 0.1960 | valid_criterion 25.2423 | score -1.5242
2025-01-07 07:22:54 - INFO - No improvement for 39 epochs
2025-01-07 07:23:07 - INFO - [Train] Epoch 00131 | train_loss -362.5957 | train_rmse 31.7176 | lr 0.000400
2025-01-07 07:23:07 - INFO - [Validate] Epoch 00131 | valid_rmse 22.6414 | valid_pr 0.1813 | valid_criterion 23.0808 | score -1.3081
2025-01-07 07:23:07 - INFO - No improvement for 40 epochs
2025-01-07 07:23:31 - INFO - [Train] Epoch 00132 | train_loss -414.6723 | train_rmse 34.6919 | lr 0.000080
2025-01-07 07:23:31 - INFO - [Validate] Epoch 00132 | valid_rmse 47.6354 | valid_pr 0.0289 | valid_criterion 54.3491 | score -4.4349
2025-01-07 07:23:31 - INFO - No improvement for 41 epochs
2025-01-07 07:23:43 - INFO - [Train] Epoch 00133 | train_loss -452.4105 | train_rmse 33.9217 | lr 0.000080
2025-01-07 07:23:43 - INFO - [Validate] Epoch 00133 | valid_rmse 18.4707 | valid_pr 0.4026 | valid_criterion 20.3833 | score -1.0383
2025-01-07 07:23:43 - INFO - No improvement for 42 epochs
2025-01-07 07:23:56 - INFO - [Train] Epoch 00134 | train_loss -483.1042 | train_rmse 35.2463 | lr 0.000080
2025-01-07 07:23:56 - INFO - [Validate] Epoch 00134 | valid_rmse 33.0146 | valid_pr 0.0856 | valid_criterion 36.4324 | score -2.6432
2025-01-07 07:23:56 - INFO - No improvement for 43 epochs
2025-01-07 07:24:32 - INFO - [Train] Epoch 00135 | train_loss -438.9860 | train_rmse 34.3415 | lr 0.000080
2025-01-07 07:24:32 - INFO - [Validate] Epoch 00135 | valid_rmse 22.9330 | valid_pr 0.1256 | valid_criterion 22.6866 | score -1.2687
2025-01-07 07:24:32 - INFO - No improvement for 44 epochs
2025-01-07 07:24:44 - INFO - [Train] Epoch 00136 | train_loss -472.9871 | train_rmse 35.0732 | lr 0.000080
2025-01-07 07:24:44 - INFO - [Validate] Epoch 00136 | valid_rmse 19.4068 | valid_pr 0.2620 | valid_criterion 19.4814 | score -0.9481
2025-01-07 07:24:44 - INFO - No improvement for 45 epochs
2025-01-07 07:24:57 - INFO - [Train] Epoch 00137 | train_loss -469.9197 | train_rmse 35.2130 | lr 0.000080
2025-01-07 07:24:57 - INFO - [Validate] Epoch 00137 | valid_rmse 19.9351 | valid_pr 0.2545 | valid_criterion 21.0036 | score -1.1004
2025-01-07 07:24:57 - INFO - No improvement for 46 epochs
2025-01-07 07:25:33 - INFO - [Train] Epoch 00138 | train_loss -518.7981 | train_rmse 36.5257 | lr 0.000080
2025-01-07 07:25:33 - INFO - [Validate] Epoch 00138 | valid_rmse 22.8707 | valid_pr 0.1219 | valid_criterion 19.7357 | score -0.9736
2025-01-07 07:25:33 - INFO - No improvement for 47 epochs
2025-01-07 07:25:46 - INFO - [Train] Epoch 00139 | train_loss -449.6679 | train_rmse 34.1042 | lr 0.000080
2025-01-07 07:25:46 - INFO - [Validate] Epoch 00139 | valid_rmse 22.1967 | valid_pr 0.1572 | valid_criterion 20.1495 | score -1.0149
2025-01-07 07:25:46 - INFO - No improvement for 48 epochs
2025-01-07 07:25:59 - INFO - [Train] Epoch 00140 | train_loss -480.8077 | train_rmse 35.5007 | lr 0.000080
2025-01-07 07:25:59 - INFO - [Validate] Epoch 00140 | valid_rmse 21.2896 | valid_pr 0.2125 | valid_criterion 20.5569 | score -1.0557
2025-01-07 07:25:59 - INFO - No improvement for 49 epochs
2025-01-07 07:26:35 - INFO - [Train] Epoch 00141 | train_loss -542.0652 | train_rmse 37.5943 | lr 0.000080
2025-01-07 07:26:35 - INFO - [Validate] Epoch 00141 | valid_rmse 18.0629 | valid_pr 0.4418 | valid_criterion 19.6702 | score -0.9670
2025-01-07 07:26:35 - INFO - No improvement for 50 epochs
2025-01-07 07:26:47 - INFO - [Train] Epoch 00142 | train_loss -521.4426 | train_rmse 37.6857 | lr 0.000080
2025-01-07 07:26:47 - INFO - [Validate] Epoch 00142 | valid_rmse 20.9708 | valid_pr 0.1921 | valid_criterion 20.8973 | score -1.0897
2025-01-07 07:26:47 - INFO - No improvement for 51 epochs
2025-01-07 07:26:59 - INFO - [Train] Epoch 00143 | train_loss -552.0803 | train_rmse 37.8315 | lr 0.000080
2025-01-07 07:26:59 - INFO - [Validate] Epoch 00143 | valid_rmse 21.2630 | valid_pr 0.2381 | valid_criterion 22.6390 | score -1.2639
2025-01-07 07:26:59 - INFO - No improvement for 52 epochs
2025-01-07 07:27:36 - INFO - [Train] Epoch 00144 | train_loss -524.0272 | train_rmse 36.3925 | lr 0.000080
2025-01-07 07:27:36 - INFO - [Validate] Epoch 00144 | valid_rmse 18.7180 | valid_pr 0.3861 | valid_criterion 21.0153 | score -1.1015
2025-01-07 07:27:36 - INFO - No improvement for 53 epochs
2025-01-07 07:27:48 - INFO - [Train] Epoch 00145 | train_loss -575.7594 | train_rmse 38.6496 | lr 0.000080
2025-01-07 07:27:48 - INFO - [Validate] Epoch 00145 | valid_rmse 19.2438 | valid_pr 0.2708 | valid_criterion 19.8428 | score -0.9843
2025-01-07 07:27:48 - INFO - No improvement for 54 epochs
2025-01-07 07:28:25 - INFO - [Train] Epoch 00146 | train_loss -542.9606 | train_rmse 37.7373 | lr 0.000080
2025-01-07 07:28:25 - INFO - [Validate] Epoch 00146 | valid_rmse 19.0839 | valid_pr 0.3426 | valid_criterion 20.7363 | score -1.0736
2025-01-07 07:28:25 - INFO - No improvement for 55 epochs
2025-01-07 07:28:38 - INFO - [Train] Epoch 00147 | train_loss -600.0990 | train_rmse 38.9287 | lr 0.000080
2025-01-07 07:28:38 - INFO - [Validate] Epoch 00147 | valid_rmse 17.8868 | valid_pr 0.5884 | valid_criterion 20.2386 | score -1.0239
2025-01-07 07:28:38 - INFO - No improvement for 56 epochs
2025-01-07 07:28:50 - INFO - [Train] Epoch 00148 | train_loss -607.2593 | train_rmse 39.8892 | lr 0.000080
2025-01-07 07:28:50 - INFO - [Validate] Epoch 00148 | valid_rmse 23.2415 | valid_pr 0.1340 | valid_criterion 22.2849 | score -1.2285
2025-01-07 07:28:50 - INFO - No improvement for 57 epochs
2025-01-07 07:29:26 - INFO - [Train] Epoch 00149 | train_loss -584.3060 | train_rmse 38.9322 | lr 0.000080
2025-01-07 07:29:26 - INFO - [Validate] Epoch 00149 | valid_rmse 27.6453 | valid_pr 0.0680 | valid_criterion 26.6983 | score -1.6698
2025-01-07 07:29:26 - INFO - No improvement for 58 epochs
2025-01-07 07:29:38 - INFO - [Train] Epoch 00150 | train_loss -636.1106 | train_rmse 40.8701 | lr 0.000080
2025-01-07 07:29:38 - INFO - [Validate] Epoch 00150 | valid_rmse 19.4560 | valid_pr 0.2760 | valid_criterion 20.2573 | score -1.0257
2025-01-07 07:29:38 - INFO - No improvement for 59 epochs
2025-01-07 07:29:51 - INFO - [Train] Epoch 00151 | train_loss -583.3543 | train_rmse 38.8803 | lr 0.000080
2025-01-07 07:29:51 - INFO - [Validate] Epoch 00151 | valid_rmse 18.9677 | valid_pr 0.3266 | valid_criterion 21.3391 | score -1.1339
2025-01-07 07:29:51 - INFO - No improvement for 60 epochs
2025-01-07 07:30:27 - INFO - [Train] Epoch 00152 | train_loss -645.9919 | train_rmse 40.5545 | lr 0.000080
2025-01-07 07:30:27 - INFO - [Validate] Epoch 00152 | valid_rmse 21.8710 | valid_pr 0.1579 | valid_criterion 20.1130 | score -1.0113
2025-01-07 07:30:27 - INFO - No improvement for 61 epochs
2025-01-07 07:30:39 - INFO - [Train] Epoch 00153 | train_loss -607.4259 | train_rmse 38.6733 | lr 0.000016
2025-01-07 07:30:39 - INFO - [Validate] Epoch 00153 | valid_rmse 21.4509 | valid_pr 0.1820 | valid_criterion 21.3375 | score -1.1338
2025-01-07 07:30:39 - INFO - No improvement for 62 epochs
2025-01-07 07:30:51 - INFO - [Train] Epoch 00154 | train_loss -605.1611 | train_rmse 38.8039 | lr 0.000016
2025-01-07 07:30:51 - INFO - [Validate] Epoch 00154 | valid_rmse 22.5177 | valid_pr 0.1395 | valid_criterion 19.6563 | score -0.9656
2025-01-07 07:30:51 - INFO - No improvement for 63 epochs
2025-01-07 07:31:27 - INFO - [Train] Epoch 00155 | train_loss -644.3145 | train_rmse 40.5197 | lr 0.000016
2025-01-07 07:31:27 - INFO - [Validate] Epoch 00155 | valid_rmse 17.4489 | valid_pr 0.6597 | valid_criterion 21.3242 | score -1.1324
2025-01-07 07:31:27 - INFO - No improvement for 64 epochs
2025-01-07 07:31:39 - INFO - [Train] Epoch 00156 | train_loss -700.2116 | train_rmse 42.1489 | lr 0.000016
2025-01-07 07:31:39 - INFO - [Validate] Epoch 00156 | valid_rmse 18.1183 | valid_pr 0.5056 | valid_criterion 20.9560 | score -1.0956
2025-01-07 07:31:39 - INFO - No improvement for 65 epochs
2025-01-07 07:31:52 - INFO - [Train] Epoch 00157 | train_loss -672.5337 | train_rmse 41.4167 | lr 0.000016
2025-01-07 07:31:52 - INFO - [Validate] Epoch 00157 | valid_rmse 16.9747 | valid_pr 0.8120 | valid_criterion 21.7521 | score -1.1752
2025-01-07 07:31:52 - INFO - No improvement for 66 epochs
2025-01-07 07:32:04 - INFO - [Train] Epoch 00158 | train_loss -664.5830 | train_rmse 41.3401 | lr 0.000016
2025-01-07 07:32:04 - INFO - [Validate] Epoch 00158 | valid_rmse 20.8849 | valid_pr 0.1593 | valid_criterion 21.5255 | score -1.1526
2025-01-07 07:32:04 - INFO - No improvement for 67 epochs
2025-01-07 07:32:16 - INFO - [Train] Epoch 00159 | train_loss -648.8996 | train_rmse 40.1194 | lr 0.000016
2025-01-07 07:32:16 - INFO - [Validate] Epoch 00159 | valid_rmse 17.3582 | valid_pr 0.7351 | valid_criterion 21.4876 | score -1.1488
2025-01-07 07:32:16 - INFO - No improvement for 68 epochs
2025-01-07 07:32:28 - INFO - [Train] Epoch 00160 | train_loss -657.2434 | train_rmse 41.0697 | lr 0.000016
2025-01-07 07:32:28 - INFO - [Validate] Epoch 00160 | valid_rmse 17.3613 | valid_pr 0.7886 | valid_criterion 21.8715 | score -1.1871
2025-01-07 07:32:28 - INFO - No improvement for 69 epochs
2025-01-07 07:32:41 - INFO - [Train] Epoch 00161 | train_loss -670.2201 | train_rmse 41.3492 | lr 0.000016
2025-01-07 07:32:41 - INFO - [Validate] Epoch 00161 | valid_rmse 17.9396 | valid_pr 0.6121 | valid_criterion 21.5965 | score -1.1597
2025-01-07 07:32:41 - INFO - No improvement for 70 epochs
2025-01-07 07:32:53 - INFO - [Train] Epoch 00162 | train_loss -673.2910 | train_rmse 41.3252 | lr 0.000016
2025-01-07 07:32:53 - INFO - [Validate] Epoch 00162 | valid_rmse 18.9689 | valid_pr 0.4264 | valid_criterion 22.2244 | score -1.2224
2025-01-07 07:32:53 - INFO - No improvement for 71 epochs
2025-01-07 09:08:39 - INFO - [Train] Epoch 00163 | train_loss -614.7338 | train_rmse 40.0025 | lr 0.000016
2025-01-07 09:08:39 - INFO - [Validate] Epoch 00163 | valid_rmse 17.8570 | valid_pr 0.5990 | valid_criterion 21.8330 | score -1.1833
2025-01-07 09:08:39 - INFO - No improvement for 72 epochs
2025-01-07 09:08:51 - INFO - [Train] Epoch 00164 | train_loss -621.5856 | train_rmse 40.8998 | lr 0.000016
2025-01-07 09:08:51 - INFO - [Validate] Epoch 00164 | valid_rmse 18.4868 | valid_pr 0.4606 | valid_criterion 22.1364 | score -1.2136
2025-01-07 09:08:51 - INFO - No improvement for 73 epochs
2025-01-07 09:09:04 - INFO - [Train] Epoch 00165 | train_loss -684.2575 | train_rmse 41.9795 | lr 0.000016
2025-01-07 09:09:04 - INFO - [Validate] Epoch 00165 | valid_rmse 15.9675 | valid_pr 0.8561 | valid_criterion 20.4901 | score -1.0490
2025-01-07 09:09:04 - INFO - No improvement for 74 epochs
2025-01-07 09:09:16 - INFO - [Train] Epoch 00166 | train_loss -677.6798 | train_rmse 42.2032 | lr 0.000016
2025-01-07 09:09:16 - INFO - [Validate] Epoch 00166 | valid_rmse 17.3517 | valid_pr 0.7204 | valid_criterion 21.8576 | score -1.1858
2025-01-07 09:09:16 - INFO - No improvement for 75 epochs
2025-01-07 09:09:29 - INFO - [Train] Epoch 00167 | train_loss -756.3799 | train_rmse 43.8120 | lr 0.000016
2025-01-07 09:09:29 - INFO - [Validate] Epoch 00167 | valid_rmse 18.1276 | valid_pr 0.5591 | valid_criterion 22.2296 | score -1.2230
2025-01-07 09:09:29 - INFO - No improvement for 76 epochs
2025-01-07 09:09:42 - INFO - [Train] Epoch 00168 | train_loss -658.6806 | train_rmse 41.0190 | lr 0.000016
2025-01-07 09:09:42 - INFO - [Validate] Epoch 00168 | valid_rmse 17.9164 | valid_pr 0.5834 | valid_criterion 20.7803 | score -1.0780
2025-01-07 09:09:42 - INFO - No improvement for 77 epochs
2025-01-07 09:09:54 - INFO - [Train] Epoch 00169 | train_loss -705.4767 | train_rmse 42.1272 | lr 0.000016
2025-01-07 09:09:54 - INFO - [Validate] Epoch 00169 | valid_rmse 24.5029 | valid_pr 0.0734 | valid_criterion 20.8866 | score -1.0887
2025-01-07 09:09:54 - INFO - No improvement for 78 epochs
2025-01-07 09:10:06 - INFO - [Train] Epoch 00170 | train_loss -726.0685 | train_rmse 43.4153 | lr 0.000016
2025-01-07 09:10:06 - INFO - [Validate] Epoch 00170 | valid_rmse 18.9348 | valid_pr 0.3458 | valid_criterion 21.2095 | score -1.1210
2025-01-07 09:10:06 - INFO - No improvement for 79 epochs
2025-01-07 09:10:19 - INFO - [Train] Epoch 00171 | train_loss -683.0934 | train_rmse 41.9382 | lr 0.000016
2025-01-07 09:10:19 - INFO - [Validate] Epoch 00171 | valid_rmse 18.0959 | valid_pr 0.6232 | valid_criterion 22.7913 | score -1.2791
2025-01-07 09:10:19 - INFO - No improvement for 80 epochs
2025-01-07 09:10:31 - INFO - [Train] Epoch 00172 | train_loss -656.2971 | train_rmse 41.2668 | lr 0.000016
2025-01-07 09:10:31 - INFO - [Validate] Epoch 00172 | valid_rmse 18.3586 | valid_pr 0.4385 | valid_criterion 20.3291 | score -1.0329
2025-01-07 09:10:31 - INFO - No improvement for 81 epochs
2025-01-07 09:10:43 - INFO - [Train] Epoch 00173 | train_loss -719.6772 | train_rmse 42.9545 | lr 0.000016
2025-01-07 09:10:43 - INFO - [Validate] Epoch 00173 | valid_rmse 20.1326 | valid_pr 0.1531 | valid_criterion 18.6686 | score -0.8669
2025-01-07 09:10:43 - INFO - No improvement for 82 epochs
2025-01-07 09:10:56 - INFO - [Train] Epoch 00174 | train_loss -723.2782 | train_rmse 42.9726 | lr 0.000003
2025-01-07 09:10:56 - INFO - [Validate] Epoch 00174 | valid_rmse 19.0084 | valid_pr 0.3156 | valid_criterion 20.5835 | score -1.0584
2025-01-07 09:10:56 - INFO - No improvement for 83 epochs
2025-01-07 09:11:08 - INFO - [Train] Epoch 00175 | train_loss -669.0975 | train_rmse 41.4126 | lr 0.000003
2025-01-07 09:11:08 - INFO - [Validate] Epoch 00175 | valid_rmse 18.8842 | valid_pr 0.4186 | valid_criterion 21.9635 | score -1.1964
2025-01-07 09:11:08 - INFO - No improvement for 84 epochs
2025-01-07 09:11:20 - INFO - [Train] Epoch 00176 | train_loss -762.4410 | train_rmse 43.8515 | lr 0.000003
2025-01-07 09:11:20 - INFO - [Validate] Epoch 00176 | valid_rmse 18.4006 | valid_pr 0.4683 | valid_criterion 22.1058 | score -1.2106
2025-01-07 09:11:20 - INFO - No improvement for 85 epochs
2025-01-07 09:11:33 - INFO - [Train] Epoch 00177 | train_loss -723.5667 | train_rmse 42.9674 | lr 0.000003
2025-01-07 09:11:33 - INFO - [Validate] Epoch 00177 | valid_rmse 20.4656 | valid_pr 0.2234 | valid_criterion 20.9597 | score -1.0960
2025-01-07 09:11:33 - INFO - No improvement for 86 epochs
2025-01-07 09:11:45 - INFO - [Train] Epoch 00178 | train_loss -701.7797 | train_rmse 42.9237 | lr 0.000003
2025-01-07 09:11:45 - INFO - [Validate] Epoch 00178 | valid_rmse 21.7530 | valid_pr 0.1135 | valid_criterion 20.1987 | score -1.0199
2025-01-07 09:11:45 - INFO - No improvement for 87 epochs
2025-01-07 09:11:58 - INFO - [Train] Epoch 00179 | train_loss -688.4360 | train_rmse 42.2962 | lr 0.000003
2025-01-07 09:11:58 - INFO - [Validate] Epoch 00179 | valid_rmse 19.9470 | valid_pr 0.2424 | valid_criterion 20.6257 | score -1.0626
2025-01-07 09:11:58 - INFO - No improvement for 88 epochs
2025-01-07 09:12:11 - INFO - [Train] Epoch 00180 | train_loss -665.6760 | train_rmse 41.4608 | lr 0.000003
2025-01-07 09:12:11 - INFO - [Validate] Epoch 00180 | valid_rmse 17.9187 | valid_pr 0.6576 | valid_criterion 23.2806 | score -1.3281
2025-01-07 09:12:11 - INFO - No improvement for 89 epochs
2025-01-07 09:12:23 - INFO - [Train] Epoch 00181 | train_loss -677.8656 | train_rmse 41.9927 | lr 0.000003
2025-01-07 09:12:23 - INFO - [Validate] Epoch 00181 | valid_rmse 17.0498 | valid_pr 0.8792 | valid_criterion 22.5104 | score -1.2510
2025-01-07 09:12:23 - INFO - No improvement for 90 epochs
2025-01-07 09:12:35 - INFO - [Train] Epoch 00182 | train_loss -734.8141 | train_rmse 43.6414 | lr 0.000003
2025-01-07 09:12:35 - INFO - [Validate] Epoch 00182 | valid_rmse 19.1550 | valid_pr 0.3439 | valid_criterion 22.4801 | score -1.2480
2025-01-07 09:12:35 - INFO - No improvement for 91 epochs
2025-01-07 09:12:48 - INFO - [Train] Epoch 00183 | train_loss -693.8858 | train_rmse 42.5346 | lr 0.000003
2025-01-07 09:12:48 - INFO - [Validate] Epoch 00183 | valid_rmse 30.2359 | valid_pr 0.0428 | valid_criterion 24.5048 | score -1.4505
2025-01-07 09:12:48 - INFO - No improvement for 92 epochs
2025-01-07 09:13:00 - INFO - [Train] Epoch 00184 | train_loss -704.3632 | train_rmse 42.1641 | lr 0.000003
2025-01-07 09:13:00 - INFO - [Validate] Epoch 00184 | valid_rmse 19.0281 | valid_pr 0.3249 | valid_criterion 21.0579 | score -1.1058
2025-01-07 09:13:00 - INFO - No improvement for 93 epochs
2025-01-07 09:13:12 - INFO - [Train] Epoch 00185 | train_loss -676.7701 | train_rmse 42.1557 | lr 0.000003
2025-01-07 09:13:12 - INFO - [Validate] Epoch 00185 | valid_rmse 18.1024 | valid_pr 0.6422 | valid_criterion 23.1076 | score -1.3108
2025-01-07 09:13:12 - INFO - No improvement for 94 epochs
2025-01-07 09:13:25 - INFO - [Train] Epoch 00186 | train_loss -763.5471 | train_rmse 43.8278 | lr 0.000003
2025-01-07 09:13:25 - INFO - [Validate] Epoch 00186 | valid_rmse 33.3127 | valid_pr 0.0517 | valid_criterion 28.9102 | score -1.8910
2025-01-07 09:13:25 - INFO - No improvement for 95 epochs
2025-01-07 09:13:37 - INFO - [Train] Epoch 00187 | train_loss -704.9771 | train_rmse 42.4754 | lr 0.000003
2025-01-07 09:13:37 - INFO - [Validate] Epoch 00187 | valid_rmse 20.3792 | valid_pr 0.2273 | valid_criterion 20.8329 | score -1.0833
2025-01-07 09:13:37 - INFO - No improvement for 96 epochs
2025-01-07 09:13:49 - INFO - [Train] Epoch 00188 | train_loss -745.1966 | train_rmse 43.4445 | lr 0.000003
2025-01-07 09:13:49 - INFO - [Validate] Epoch 00188 | valid_rmse 21.0828 | valid_pr 0.2273 | valid_criterion 21.1764 | score -1.1176
2025-01-07 09:13:49 - INFO - No improvement for 97 epochs
2025-01-07 09:14:02 - INFO - [Train] Epoch 00189 | train_loss -660.8579 | train_rmse 41.3056 | lr 0.000003
2025-01-07 09:14:02 - INFO - [Validate] Epoch 00189 | valid_rmse 22.2357 | valid_pr 0.1604 | valid_criterion 22.9994 | score -1.2999
2025-01-07 09:14:02 - INFO - No improvement for 98 epochs
2025-01-07 09:14:14 - INFO - [Train] Epoch 00190 | train_loss -720.1415 | train_rmse 41.9925 | lr 0.000003
2025-01-07 09:14:14 - INFO - [Validate] Epoch 00190 | valid_rmse 20.4480 | valid_pr 0.1344 | valid_criterion 19.7430 | score -0.9743
2025-01-07 09:14:14 - INFO - No improvement for 99 epochs
2025-01-07 09:14:27 - INFO - [Train] Epoch 00191 | train_loss -749.3369 | train_rmse 43.5313 | lr 0.000003
2025-01-07 09:14:27 - INFO - [Validate] Epoch 00191 | valid_rmse 29.9199 | valid_pr 0.0451 | valid_criterion 21.3731 | score -1.1373
2025-01-07 09:14:27 - INFO - No improvement for 100 epochs
2025-01-07 09:14:27 - INFO - Early stopping triggered. No improvement for 100 epochs
2025-01-07 09:14:27 - INFO - Best model was saved at epoch 91
2025-01-07 09:14:28 - INFO - [Validate] Epoch 00191 | valid_rmse1 4.429277 | valid_pr1 0.976114 | valid_criterion 7.240860
