2025-02-13 05:35:41 - INFO - /inspire/ssd/ws-f4d69b29-e0a5-44e6-bd92-acf4de9990f0/public-project/hurenling-241310070200/LamNet/model/LamNet/01.train.py
2025-02-13 05:35:41 - INFO - train data: 396
2025-02-13 05:35:41 - INFO - valid data: 88
2025-02-13 05:35:42 - INFO - Total parameters: 1212803
2025-02-13 05:35:42 - INFO - Trainable parameters: 1212803
2025-02-13 05:35:47 - INFO - [Train] Epoch 00000 | train_loss 1153.3949 | train_rmse 47.7148 | lr 0.000010
2025-02-13 05:35:47 - INFO - [Validate] Epoch 00000 | valid_rmse 48.6593 | valid_pr -0.3866 | valid_criterion 31.0658 | score -2.1066
2025-02-13 05:35:47 - INFO - [Validate] Best score achieved: -2.106578
2025-02-13 05:35:49 - INFO - [Train] Epoch 00001 | train_loss 1154.4548 | train_rmse 47.7327 | lr 0.000020
2025-02-13 05:35:49 - INFO - [Validate] Epoch 00001 | valid_rmse 46.9584 | valid_pr 0.2232 | valid_criterion 28.7139 | score -1.8714
2025-02-13 05:35:49 - INFO - [Validate] Best score achieved: -1.871392
2025-02-13 05:35:51 - INFO - [Train] Epoch 00002 | train_loss 1152.8514 | train_rmse 47.7093 | lr 0.000030
2025-02-13 05:35:51 - INFO - [Validate] Epoch 00002 | valid_rmse 47.0864 | valid_pr -0.2433 | valid_criterion 28.9729 | score -1.8973
2025-02-13 05:35:51 - INFO - No improvement for 1 epochs
2025-02-13 05:35:54 - INFO - [Train] Epoch 00003 | train_loss 1153.7562 | train_rmse 47.7214 | lr 0.000040
2025-02-13 05:35:54 - INFO - [Validate] Epoch 00003 | valid_rmse 47.0780 | valid_pr -0.2345 | valid_criterion 29.0290 | score -1.9029
2025-02-13 05:35:54 - INFO - No improvement for 2 epochs
2025-02-13 05:35:56 - INFO - [Train] Epoch 00004 | train_loss 1151.7007 | train_rmse 47.6936 | lr 0.000050
2025-02-13 05:35:56 - INFO - [Validate] Epoch 00004 | valid_rmse 47.1979 | valid_pr -0.3952 | valid_criterion 29.2770 | score -1.9277
2025-02-13 05:35:56 - INFO - No improvement for 3 epochs
2025-02-13 05:35:58 - INFO - [Train] Epoch 00005 | train_loss 1149.9277 | train_rmse 47.6837 | lr 0.000060
2025-02-13 05:35:58 - INFO - [Validate] Epoch 00005 | valid_rmse 47.0903 | valid_pr -0.0329 | valid_criterion 28.9798 | score -1.8980
2025-02-13 05:35:58 - INFO - No improvement for 4 epochs
2025-02-13 05:36:01 - INFO - [Train] Epoch 00006 | train_loss 1149.5600 | train_rmse 47.6632 | lr 0.000070
2025-02-13 05:36:01 - INFO - [Validate] Epoch 00006 | valid_rmse 47.0327 | valid_pr -0.0728 | valid_criterion 28.9236 | score -1.8924
2025-02-13 05:36:01 - INFO - No improvement for 5 epochs
2025-02-13 05:36:03 - INFO - [Train] Epoch 00007 | train_loss 1147.0993 | train_rmse 47.6422 | lr 0.000080
2025-02-13 05:36:03 - INFO - [Validate] Epoch 00007 | valid_rmse 47.2860 | valid_pr 0.0210 | valid_criterion 28.7050 | score -1.8705
2025-02-13 05:36:03 - INFO - [Validate] Best score achieved: -1.870495
2025-02-13 05:36:06 - INFO - [Train] Epoch 00008 | train_loss 1143.2492 | train_rmse 47.6248 | lr 0.000090
2025-02-13 05:36:06 - INFO - [Validate] Epoch 00008 | valid_rmse 48.2095 | valid_pr 0.1308 | valid_criterion 29.7446 | score -1.9745
2025-02-13 05:36:06 - INFO - No improvement for 1 epochs
2025-02-13 05:36:09 - INFO - [Train] Epoch 00009 | train_loss 1136.0851 | train_rmse 47.5828 | lr 0.000100
2025-02-13 05:36:09 - INFO - [Validate] Epoch 00009 | valid_rmse 50.0151 | valid_pr 0.0086 | valid_criterion 32.1140 | score -2.2114
2025-02-13 05:36:09 - INFO - No improvement for 2 epochs
2025-02-13 05:36:12 - INFO - [Train] Epoch 00010 | train_loss 1124.3126 | train_rmse 47.5081 | lr 0.000110
2025-02-13 05:36:12 - INFO - [Validate] Epoch 00010 | valid_rmse 52.8416 | valid_pr -0.0147 | valid_criterion 35.1962 | score -2.5196
2025-02-13 05:36:12 - INFO - No improvement for 3 epochs
2025-02-13 05:36:14 - INFO - [Train] Epoch 00011 | train_loss 1109.1309 | train_rmse 47.4888 | lr 0.000120
2025-02-13 05:36:14 - INFO - [Validate] Epoch 00011 | valid_rmse 52.8187 | valid_pr 0.0467 | valid_criterion 34.8478 | score -2.4848
2025-02-13 05:36:14 - INFO - No improvement for 4 epochs
2025-02-13 05:36:17 - INFO - [Train] Epoch 00012 | train_loss 1100.0010 | train_rmse 47.5547 | lr 0.000130
2025-02-13 05:36:17 - INFO - [Validate] Epoch 00012 | valid_rmse 58.6324 | valid_pr 0.0199 | valid_criterion 41.9799 | score -3.1980
2025-02-13 05:36:17 - INFO - No improvement for 5 epochs
2025-02-13 05:36:20 - INFO - [Train] Epoch 00013 | train_loss 1087.6073 | train_rmse 47.6009 | lr 0.000140
2025-02-13 05:36:20 - INFO - [Validate] Epoch 00013 | valid_rmse 57.7035 | valid_pr 0.0686 | valid_criterion 39.8984 | score -2.9898
2025-02-13 05:36:20 - INFO - No improvement for 6 epochs
2025-02-13 05:36:22 - INFO - [Train] Epoch 00014 | train_loss 1060.3679 | train_rmse 47.4041 | lr 0.000150
2025-02-13 05:36:22 - INFO - [Validate] Epoch 00014 | valid_rmse 55.5574 | valid_pr 0.0896 | valid_criterion 37.8489 | score -2.7849
2025-02-13 05:36:22 - INFO - No improvement for 7 epochs
2025-02-13 05:36:24 - INFO - [Train] Epoch 00015 | train_loss 1032.5680 | train_rmse 47.4405 | lr 0.000160
2025-02-13 05:36:24 - INFO - [Validate] Epoch 00015 | valid_rmse 56.0989 | valid_pr 0.2378 | valid_criterion 35.5725 | score -2.5572
2025-02-13 05:36:24 - INFO - No improvement for 8 epochs
2025-02-13 05:36:27 - INFO - [Train] Epoch 00016 | train_loss 1028.9753 | train_rmse 47.4664 | lr 0.000170
2025-02-13 05:36:27 - INFO - [Validate] Epoch 00016 | valid_rmse 59.8244 | valid_pr 0.1362 | valid_criterion 43.0797 | score -3.3080
2025-02-13 05:36:27 - INFO - No improvement for 9 epochs
2025-02-13 05:36:29 - INFO - [Train] Epoch 00017 | train_loss 975.1991 | train_rmse 47.1502 | lr 0.000180
2025-02-13 05:36:29 - INFO - [Validate] Epoch 00017 | valid_rmse 52.3855 | valid_pr 0.2219 | valid_criterion 34.0989 | score -2.4099
2025-02-13 05:36:29 - INFO - No improvement for 10 epochs
2025-02-13 05:36:32 - INFO - [Train] Epoch 00018 | train_loss 975.4722 | train_rmse 46.9355 | lr 0.000190
2025-02-13 05:36:32 - INFO - [Validate] Epoch 00018 | valid_rmse 54.2707 | valid_pr 0.1597 | valid_criterion 38.2570 | score -2.8257
2025-02-13 05:36:32 - INFO - No improvement for 11 epochs
2025-02-13 05:36:34 - INFO - [Train] Epoch 00019 | train_loss 949.5137 | train_rmse 46.7576 | lr 0.000200
2025-02-13 05:36:34 - INFO - [Validate] Epoch 00019 | valid_rmse 46.9232 | valid_pr 0.2457 | valid_criterion 30.2100 | score -2.0210
2025-02-13 05:36:34 - INFO - No improvement for 12 epochs
2025-02-13 05:36:37 - INFO - [Train] Epoch 00020 | train_loss 932.1024 | train_rmse 46.7502 | lr 0.000210
2025-02-13 05:36:37 - INFO - [Validate] Epoch 00020 | valid_rmse 54.3052 | valid_pr 0.2612 | valid_criterion 39.7665 | score -2.9767
2025-02-13 05:36:37 - INFO - No improvement for 13 epochs
2025-02-13 05:36:39 - INFO - [Train] Epoch 00021 | train_loss 905.7617 | train_rmse 46.5377 | lr 0.000220
2025-02-13 05:36:39 - INFO - [Validate] Epoch 00021 | valid_rmse 50.5363 | valid_pr 0.1794 | valid_criterion 35.5867 | score -2.5587
2025-02-13 05:36:39 - INFO - No improvement for 14 epochs
2025-02-13 05:36:42 - INFO - [Train] Epoch 00022 | train_loss 880.6325 | train_rmse 46.4131 | lr 0.000230
2025-02-13 05:36:42 - INFO - [Validate] Epoch 00022 | valid_rmse 47.4527 | valid_pr 0.3567 | valid_criterion 31.0477 | score -2.1048
2025-02-13 05:36:42 - INFO - No improvement for 15 epochs
2025-02-13 05:36:44 - INFO - [Train] Epoch 00023 | train_loss 829.6833 | train_rmse 45.5838 | lr 0.000240
2025-02-13 05:36:44 - INFO - [Validate] Epoch 00023 | valid_rmse 46.0399 | valid_pr 0.3971 | valid_criterion 28.0391 | score -1.8039
2025-02-13 05:36:44 - INFO - [Validate] Best score achieved: -1.803913
2025-02-13 05:36:47 - INFO - [Train] Epoch 00024 | train_loss 833.1805 | train_rmse 46.1446 | lr 0.000250
2025-02-13 05:36:47 - INFO - [Validate] Epoch 00024 | valid_rmse 50.4772 | valid_pr 0.4105 | valid_criterion 34.9186 | score -2.4919
2025-02-13 05:36:47 - INFO - No improvement for 1 epochs
2025-02-13 05:36:49 - INFO - [Train] Epoch 00025 | train_loss 784.4722 | train_rmse 45.8737 | lr 0.000260
2025-02-13 05:36:49 - INFO - [Validate] Epoch 00025 | valid_rmse 44.5923 | valid_pr 0.5619 | valid_criterion 27.9815 | score -1.7981
2025-02-13 05:36:49 - INFO - [Validate] Best score achieved: -1.798147
2025-02-13 05:36:52 - INFO - [Train] Epoch 00026 | train_loss 758.9610 | train_rmse 45.4150 | lr 0.000270
2025-02-13 05:36:52 - INFO - [Validate] Epoch 00026 | valid_rmse 55.4790 | valid_pr 0.4161 | valid_criterion 43.2754 | score -3.3275
2025-02-13 05:36:52 - INFO - No improvement for 1 epochs
2025-02-13 05:36:54 - INFO - [Train] Epoch 00027 | train_loss 739.4640 | train_rmse 45.6843 | lr 0.000280
2025-02-13 05:36:54 - INFO - [Validate] Epoch 00027 | valid_rmse 48.7573 | valid_pr 0.4152 | valid_criterion 38.8545 | score -2.8855
2025-02-13 05:36:54 - INFO - No improvement for 2 epochs
2025-02-13 05:36:56 - INFO - [Train] Epoch 00028 | train_loss 722.0159 | train_rmse 45.0887 | lr 0.000290
2025-02-13 05:36:56 - INFO - [Validate] Epoch 00028 | valid_rmse 45.0413 | valid_pr 0.6726 | valid_criterion 31.9128 | score -2.1913
2025-02-13 05:36:56 - INFO - No improvement for 3 epochs
2025-02-13 05:36:59 - INFO - [Train] Epoch 00029 | train_loss 690.1769 | train_rmse 45.1865 | lr 0.000300
2025-02-13 05:36:59 - INFO - [Validate] Epoch 00029 | valid_rmse 54.7991 | valid_pr 0.4616 | valid_criterion 43.5118 | score -3.3512
2025-02-13 05:36:59 - INFO - No improvement for 4 epochs
2025-02-13 05:37:01 - INFO - [Train] Epoch 00030 | train_loss 692.1007 | train_rmse 45.1060 | lr 0.000310
2025-02-13 05:37:01 - INFO - [Validate] Epoch 00030 | valid_rmse 56.5023 | valid_pr 0.4183 | valid_criterion 44.1016 | score -3.4102
2025-02-13 05:37:01 - INFO - No improvement for 5 epochs
2025-02-13 05:37:03 - INFO - [Train] Epoch 00031 | train_loss 676.0979 | train_rmse 45.2714 | lr 0.000320
2025-02-13 05:37:03 - INFO - [Validate] Epoch 00031 | valid_rmse 60.9059 | valid_pr 0.4633 | valid_criterion 53.5228 | score -4.3523
2025-02-13 05:37:03 - INFO - No improvement for 6 epochs
2025-02-13 05:37:05 - INFO - [Train] Epoch 00032 | train_loss 669.9195 | train_rmse 44.0784 | lr 0.000330
2025-02-13 05:37:05 - INFO - [Validate] Epoch 00032 | valid_rmse 54.4330 | valid_pr 0.5480 | valid_criterion 48.0788 | score -3.8079
2025-02-13 05:37:05 - INFO - No improvement for 7 epochs
2025-02-13 05:37:08 - INFO - [Train] Epoch 00033 | train_loss 611.6562 | train_rmse 44.0576 | lr 0.000340
2025-02-13 05:37:08 - INFO - [Validate] Epoch 00033 | valid_rmse 41.8156 | valid_pr 0.6807 | valid_criterion 38.3118 | score -2.8312
2025-02-13 05:37:08 - INFO - No improvement for 8 epochs
2025-02-13 05:37:10 - INFO - [Train] Epoch 00034 | train_loss 610.5135 | train_rmse 43.8861 | lr 0.000350
2025-02-13 05:37:10 - INFO - [Validate] Epoch 00034 | valid_rmse 35.0153 | valid_pr 0.6171 | valid_criterion 33.9570 | score -2.3957
2025-02-13 05:37:10 - INFO - No improvement for 9 epochs
2025-02-13 05:37:13 - INFO - [Train] Epoch 00035 | train_loss 582.0024 | train_rmse 44.1332 | lr 0.000360
2025-02-13 05:37:13 - INFO - [Validate] Epoch 00035 | valid_rmse 41.2983 | valid_pr 0.6471 | valid_criterion 36.7348 | score -2.6735
2025-02-13 05:37:13 - INFO - No improvement for 10 epochs
2025-02-13 05:37:15 - INFO - [Train] Epoch 00036 | train_loss 542.8804 | train_rmse 42.8082 | lr 0.000370
2025-02-13 05:37:15 - INFO - [Validate] Epoch 00036 | valid_rmse 45.7361 | valid_pr 0.6256 | valid_criterion 40.8154 | score -3.0815
2025-02-13 05:37:15 - INFO - No improvement for 11 epochs
2025-02-13 05:37:18 - INFO - [Train] Epoch 00037 | train_loss 511.1429 | train_rmse 41.6488 | lr 0.000380
2025-02-13 05:37:18 - INFO - [Validate] Epoch 00037 | valid_rmse 55.7481 | valid_pr 0.5559 | valid_criterion 67.3282 | score -5.7328
2025-02-13 05:37:18 - INFO - No improvement for 12 epochs
2025-02-13 05:37:20 - INFO - [Train] Epoch 00038 | train_loss 470.0541 | train_rmse 40.9588 | lr 0.000390
2025-02-13 05:37:20 - INFO - [Validate] Epoch 00038 | valid_rmse 45.3815 | valid_pr 0.6428 | valid_criterion 43.6737 | score -3.3674
2025-02-13 05:37:20 - INFO - No improvement for 13 epochs
2025-02-13 05:37:22 - INFO - [Train] Epoch 00039 | train_loss 434.6820 | train_rmse 40.1230 | lr 0.000400
2025-02-13 05:37:22 - INFO - [Validate] Epoch 00039 | valid_rmse 38.8705 | valid_pr 0.5698 | valid_criterion 38.3370 | score -2.8337
2025-02-13 05:37:22 - INFO - No improvement for 14 epochs
2025-02-13 05:37:39 - INFO - [Train] Epoch 00040 | train_loss 400.9329 | train_rmse 37.8117 | lr 0.000410
2025-02-13 05:37:39 - INFO - [Validate] Epoch 00040 | valid_rmse 34.2191 | valid_pr 0.8832 | valid_criterion 28.5263 | score -1.8526
2025-02-13 05:37:39 - INFO - No improvement for 15 epochs
2025-02-13 05:37:42 - INFO - [Train] Epoch 00041 | train_loss 351.8112 | train_rmse 35.4531 | lr 0.000420
2025-02-13 05:37:42 - INFO - [Validate] Epoch 00041 | valid_rmse 36.6432 | valid_pr 0.7903 | valid_criterion 32.9237 | score -2.2924
2025-02-13 05:37:42 - INFO - No improvement for 16 epochs
2025-02-13 05:37:45 - INFO - [Train] Epoch 00042 | train_loss 319.5498 | train_rmse 33.3773 | lr 0.000430
2025-02-13 05:37:45 - INFO - [Validate] Epoch 00042 | valid_rmse 26.8669 | valid_pr 0.7770 | valid_criterion 22.7933 | score -1.2793
2025-02-13 05:37:45 - INFO - [Validate] Best score achieved: -1.279325
2025-02-13 05:37:47 - INFO - [Train] Epoch 00043 | train_loss 271.3026 | train_rmse 30.5404 | lr 0.000440
2025-02-13 05:37:47 - INFO - [Validate] Epoch 00043 | valid_rmse 35.3456 | valid_pr 0.7659 | valid_criterion 31.2839 | score -2.1284
2025-02-13 05:37:47 - INFO - No improvement for 1 epochs
2025-02-13 05:37:49 - INFO - [Train] Epoch 00044 | train_loss 224.2507 | train_rmse 29.1652 | lr 0.000450
2025-02-13 05:37:49 - INFO - [Validate] Epoch 00044 | valid_rmse 22.2385 | valid_pr 0.8456 | valid_criterion 22.2430 | score -1.2243
2025-02-13 05:37:50 - INFO - [Validate] Best score achieved: -1.224296
2025-02-13 05:37:52 - INFO - [Train] Epoch 00045 | train_loss 162.1585 | train_rmse 24.9906 | lr 0.000460
2025-02-13 05:37:52 - INFO - [Validate] Epoch 00045 | valid_rmse 28.5703 | valid_pr 0.8609 | valid_criterion 28.1452 | score -1.8145
2025-02-13 05:37:52 - INFO - No improvement for 1 epochs
2025-02-13 05:37:54 - INFO - [Train] Epoch 00046 | train_loss 108.9995 | train_rmse 20.3991 | lr 0.000470
2025-02-13 05:37:54 - INFO - [Validate] Epoch 00046 | valid_rmse 13.0055 | valid_pr 0.9460 | valid_criterion 9.1901 | score 0.0810
2025-02-13 05:37:54 - INFO - [Validate] Best score achieved: 0.080993
2025-02-13 05:37:56 - INFO - [Train] Epoch 00047 | train_loss 89.6301 | train_rmse 17.1234 | lr 0.000480
2025-02-13 05:37:56 - INFO - [Validate] Epoch 00047 | valid_rmse 19.6217 | valid_pr 0.9031 | valid_criterion 30.6612 | score -2.0661
2025-02-13 05:37:56 - INFO - No improvement for 1 epochs
2025-02-13 05:37:59 - INFO - [Train] Epoch 00048 | train_loss 55.0910 | train_rmse 13.4530 | lr 0.000490
2025-02-13 05:37:59 - INFO - [Validate] Epoch 00048 | valid_rmse 8.7454 | valid_pr 0.9501 | valid_criterion 9.8480 | score 0.0152
2025-02-13 05:37:59 - INFO - No improvement for 2 epochs
2025-02-13 05:38:01 - INFO - [Train] Epoch 00049 | train_loss 46.0224 | train_rmse 10.3053 | lr 0.000500
2025-02-13 05:38:01 - INFO - [Validate] Epoch 00049 | valid_rmse 10.9504 | valid_pr 0.9568 | valid_criterion 9.0849 | score 0.0915
2025-02-13 05:38:01 - INFO - [Validate] Best score achieved: 0.091510
2025-02-13 05:38:03 - INFO - [Train] Epoch 00050 | train_loss 46.6946 | train_rmse 9.7394 | lr 0.000500
2025-02-13 05:38:03 - INFO - [Validate] Epoch 00050 | valid_rmse 8.7192 | valid_pr 0.9644 | valid_criterion 6.8292 | score 0.3171
2025-02-13 05:38:03 - INFO - [Validate] Best score achieved: 0.317079
2025-02-13 05:38:06 - INFO - [Train] Epoch 00051 | train_loss 43.1271 | train_rmse 9.9328 | lr 0.000500
2025-02-13 05:38:06 - INFO - [Validate] Epoch 00051 | valid_rmse 7.1553 | valid_pr 0.9563 | valid_criterion 8.0878 | score 0.1912
2025-02-13 05:38:06 - INFO - No improvement for 1 epochs
2025-02-13 05:38:08 - INFO - [Train] Epoch 00052 | train_loss 27.1619 | train_rmse 7.5559 | lr 0.000500
2025-02-13 05:38:08 - INFO - [Validate] Epoch 00052 | valid_rmse 7.1024 | valid_pr 0.9648 | valid_criterion 7.2765 | score 0.2724
2025-02-13 05:38:08 - INFO - No improvement for 2 epochs
2025-02-13 05:38:10 - INFO - [Train] Epoch 00053 | train_loss 32.1584 | train_rmse 8.0160 | lr 0.000500
2025-02-13 05:38:10 - INFO - [Validate] Epoch 00053 | valid_rmse 6.5640 | valid_pr 0.9540 | valid_criterion 10.0365 | score -0.0037
2025-02-13 05:38:10 - INFO - No improvement for 3 epochs
2025-02-13 05:38:12 - INFO - [Train] Epoch 00054 | train_loss 29.9976 | train_rmse 7.8229 | lr 0.000500
2025-02-13 05:38:12 - INFO - [Validate] Epoch 00054 | valid_rmse 6.6339 | valid_pr 0.9536 | valid_criterion 8.0956 | score 0.1904
2025-02-13 05:38:12 - INFO - No improvement for 4 epochs
2025-02-13 05:38:15 - INFO - [Train] Epoch 00055 | train_loss 35.5215 | train_rmse 8.5022 | lr 0.000500
2025-02-13 05:38:15 - INFO - [Validate] Epoch 00055 | valid_rmse 6.9140 | valid_pr 0.9507 | valid_criterion 8.6906 | score 0.1309
2025-02-13 05:38:15 - INFO - No improvement for 5 epochs
2025-02-13 05:38:17 - INFO - [Train] Epoch 00056 | train_loss 35.2385 | train_rmse 8.3468 | lr 0.000500
2025-02-13 05:38:17 - INFO - [Validate] Epoch 00056 | valid_rmse 6.8133 | valid_pr 0.9678 | valid_criterion 6.4669 | score 0.3533
2025-02-13 05:38:17 - INFO - [Validate] Best score achieved: 0.353310
2025-02-13 05:38:19 - INFO - [Train] Epoch 00057 | train_loss 34.1550 | train_rmse 8.0338 | lr 0.000500
2025-02-13 05:38:19 - INFO - [Validate] Epoch 00057 | valid_rmse 7.3155 | valid_pr 0.9495 | valid_criterion 9.2159 | score 0.0784
2025-02-13 05:38:19 - INFO - No improvement for 1 epochs
2025-02-13 05:38:22 - INFO - [Train] Epoch 00058 | train_loss 30.2835 | train_rmse 7.4934 | lr 0.000500
2025-02-13 05:38:22 - INFO - [Validate] Epoch 00058 | valid_rmse 7.2313 | valid_pr 0.9518 | valid_criterion 12.5228 | score -0.2523
2025-02-13 05:38:22 - INFO - No improvement for 2 epochs
2025-02-13 05:38:24 - INFO - [Train] Epoch 00059 | train_loss 33.2165 | train_rmse 7.9595 | lr 0.000500
2025-02-13 05:38:24 - INFO - [Validate] Epoch 00059 | valid_rmse 7.3489 | valid_pr 0.9570 | valid_criterion 9.4385 | score 0.0562
2025-02-13 05:38:24 - INFO - No improvement for 3 epochs
2025-02-13 05:38:26 - INFO - [Train] Epoch 00060 | train_loss 31.1743 | train_rmse 7.5991 | lr 0.000500
2025-02-13 05:38:26 - INFO - [Validate] Epoch 00060 | valid_rmse 7.1496 | valid_pr 0.9497 | valid_criterion 8.8672 | score 0.1133
2025-02-13 05:38:26 - INFO - No improvement for 4 epochs
2025-02-13 05:38:29 - INFO - [Train] Epoch 00061 | train_loss 31.5416 | train_rmse 7.6316 | lr 0.000500
2025-02-13 05:38:29 - INFO - [Validate] Epoch 00061 | valid_rmse 6.4057 | valid_pr 0.9592 | valid_criterion 7.7558 | score 0.2244
2025-02-13 05:38:29 - INFO - No improvement for 5 epochs
2025-02-13 05:38:31 - INFO - [Train] Epoch 00062 | train_loss 32.9522 | train_rmse 7.9950 | lr 0.000500
2025-02-13 05:38:31 - INFO - [Validate] Epoch 00062 | valid_rmse 6.3246 | valid_pr 0.9592 | valid_criterion 8.2625 | score 0.1737
2025-02-13 05:38:31 - INFO - No improvement for 6 epochs
2025-02-13 05:38:33 - INFO - [Train] Epoch 00063 | train_loss 36.8444 | train_rmse 8.3208 | lr 0.000500
2025-02-13 05:38:33 - INFO - [Validate] Epoch 00063 | valid_rmse 6.9609 | valid_pr 0.9546 | valid_criterion 9.8259 | score 0.0174
2025-02-13 05:38:33 - INFO - No improvement for 7 epochs
2025-02-13 05:38:36 - INFO - [Train] Epoch 00064 | train_loss 34.9331 | train_rmse 8.1638 | lr 0.000500
2025-02-13 05:38:36 - INFO - [Validate] Epoch 00064 | valid_rmse 6.4222 | valid_pr 0.9553 | valid_criterion 8.1889 | score 0.1811
2025-02-13 05:38:36 - INFO - No improvement for 8 epochs
2025-02-13 05:38:38 - INFO - [Train] Epoch 00065 | train_loss 21.9645 | train_rmse 6.5008 | lr 0.000500
2025-02-13 05:38:38 - INFO - [Validate] Epoch 00065 | valid_rmse 6.1795 | valid_pr 0.9578 | valid_criterion 9.0508 | score 0.0949
2025-02-13 05:38:38 - INFO - No improvement for 9 epochs
2025-02-13 05:38:40 - INFO - [Train] Epoch 00066 | train_loss 23.7904 | train_rmse 6.8080 | lr 0.000500
2025-02-13 05:38:40 - INFO - [Validate] Epoch 00066 | valid_rmse 6.7759 | valid_pr 0.9589 | valid_criterion 8.1180 | score 0.1882
2025-02-13 05:38:40 - INFO - No improvement for 10 epochs
2025-02-13 05:38:43 - INFO - [Train] Epoch 00067 | train_loss 32.6050 | train_rmse 8.0539 | lr 0.000500
2025-02-13 05:38:43 - INFO - [Validate] Epoch 00067 | valid_rmse 6.8090 | valid_pr 0.9614 | valid_criterion 7.8845 | score 0.2115
2025-02-13 05:38:43 - INFO - No improvement for 11 epochs
2025-02-13 05:38:45 - INFO - [Train] Epoch 00068 | train_loss 24.1472 | train_rmse 6.7387 | lr 0.000500
2025-02-13 05:38:45 - INFO - [Validate] Epoch 00068 | valid_rmse 7.5515 | valid_pr 0.9531 | valid_criterion 9.4397 | score 0.0560
2025-02-13 05:38:45 - INFO - No improvement for 12 epochs
2025-02-13 05:38:47 - INFO - [Train] Epoch 00069 | train_loss 33.7216 | train_rmse 8.0409 | lr 0.000500
2025-02-13 05:38:47 - INFO - [Validate] Epoch 00069 | valid_rmse 6.7990 | valid_pr 0.9598 | valid_criterion 8.6760 | score 0.1324
2025-02-13 05:38:47 - INFO - No improvement for 13 epochs
2025-02-13 05:38:49 - INFO - [Train] Epoch 00070 | train_loss 24.9825 | train_rmse 6.7915 | lr 0.000500
2025-02-13 05:38:49 - INFO - [Validate] Epoch 00070 | valid_rmse 6.9645 | valid_pr 0.9594 | valid_criterion 8.2583 | score 0.1742
2025-02-13 05:38:49 - INFO - No improvement for 14 epochs
2025-02-13 05:38:52 - INFO - [Train] Epoch 00071 | train_loss 27.5708 | train_rmse 7.2039 | lr 0.000500
2025-02-13 05:38:52 - INFO - [Validate] Epoch 00071 | valid_rmse 6.6726 | valid_pr 0.9598 | valid_criterion 8.6028 | score 0.1397
2025-02-13 05:38:52 - INFO - No improvement for 15 epochs
2025-02-13 05:38:54 - INFO - [Train] Epoch 00072 | train_loss 20.1368 | train_rmse 6.0232 | lr 0.000500
2025-02-13 05:38:54 - INFO - [Validate] Epoch 00072 | valid_rmse 7.1530 | valid_pr 0.9478 | valid_criterion 10.2415 | score -0.0241
2025-02-13 05:38:54 - INFO - No improvement for 16 epochs
2025-02-13 05:38:57 - INFO - [Train] Epoch 00073 | train_loss 25.8246 | train_rmse 6.9097 | lr 0.000500
2025-02-13 05:38:57 - INFO - [Validate] Epoch 00073 | valid_rmse 6.6270 | valid_pr 0.9611 | valid_criterion 7.4883 | score 0.2512
2025-02-13 05:38:57 - INFO - No improvement for 17 epochs
2025-02-13 05:38:59 - INFO - [Train] Epoch 00074 | train_loss 25.0609 | train_rmse 6.8812 | lr 0.000500
2025-02-13 05:38:59 - INFO - [Validate] Epoch 00074 | valid_rmse 7.4167 | valid_pr 0.9605 | valid_criterion 7.3919 | score 0.2608
2025-02-13 05:38:59 - INFO - No improvement for 18 epochs
2025-02-13 05:39:02 - INFO - [Train] Epoch 00075 | train_loss 25.5174 | train_rmse 7.1046 | lr 0.000500
2025-02-13 05:39:02 - INFO - [Validate] Epoch 00075 | valid_rmse 7.3893 | valid_pr 0.9593 | valid_criterion 8.6250 | score 0.1375
2025-02-13 05:39:02 - INFO - No improvement for 19 epochs
2025-02-13 05:39:04 - INFO - [Train] Epoch 00076 | train_loss 33.5212 | train_rmse 7.7975 | lr 0.000500
2025-02-13 05:39:04 - INFO - [Validate] Epoch 00076 | valid_rmse 6.5935 | valid_pr 0.9619 | valid_criterion 8.8224 | score 0.1178
2025-02-13 05:39:04 - INFO - No improvement for 20 epochs
2025-02-13 05:39:07 - INFO - [Train] Epoch 00077 | train_loss 22.9845 | train_rmse 6.5560 | lr 0.000500
2025-02-13 05:39:07 - INFO - [Validate] Epoch 00077 | valid_rmse 6.8606 | valid_pr 0.9655 | valid_criterion 7.7061 | score 0.2294
2025-02-13 05:39:07 - INFO - No improvement for 21 epochs
2025-02-13 05:39:09 - INFO - [Train] Epoch 00078 | train_loss 20.4523 | train_rmse 6.3139 | lr 0.000500
2025-02-13 05:39:09 - INFO - [Validate] Epoch 00078 | valid_rmse 7.1069 | valid_pr 0.9579 | valid_criterion 8.0786 | score 0.1921
2025-02-13 05:39:09 - INFO - No improvement for 22 epochs
2025-02-13 05:39:12 - INFO - [Train] Epoch 00079 | train_loss 24.2913 | train_rmse 6.8180 | lr 0.000500
2025-02-13 05:39:12 - INFO - [Validate] Epoch 00079 | valid_rmse 6.5265 | valid_pr 0.9547 | valid_criterion 8.8083 | score 0.1192
2025-02-13 05:39:12 - INFO - No improvement for 23 epochs
2025-02-13 05:39:15 - INFO - [Train] Epoch 00080 | train_loss 22.5094 | train_rmse 6.6265 | lr 0.000500
2025-02-13 05:39:15 - INFO - [Validate] Epoch 00080 | valid_rmse 6.7078 | valid_pr 0.9603 | valid_criterion 8.4973 | score 0.1503
2025-02-13 05:39:15 - INFO - No improvement for 24 epochs
2025-02-13 05:39:17 - INFO - [Train] Epoch 00081 | train_loss 23.7863 | train_rmse 6.8593 | lr 0.000500
2025-02-13 05:39:17 - INFO - [Validate] Epoch 00081 | valid_rmse 6.3983 | valid_pr 0.9570 | valid_criterion 9.8643 | score 0.0136
2025-02-13 05:39:17 - INFO - No improvement for 25 epochs
2025-02-13 05:39:19 - INFO - [Train] Epoch 00082 | train_loss 31.7801 | train_rmse 7.9279 | lr 0.000500
2025-02-13 05:39:19 - INFO - [Validate] Epoch 00082 | valid_rmse 7.1245 | valid_pr 0.9636 | valid_criterion 7.4585 | score 0.2542
2025-02-13 05:39:19 - INFO - No improvement for 26 epochs
2025-02-13 05:39:22 - INFO - [Train] Epoch 00083 | train_loss 30.6039 | train_rmse 7.4195 | lr 0.000500
2025-02-13 05:39:22 - INFO - [Validate] Epoch 00083 | valid_rmse 7.0271 | valid_pr 0.9613 | valid_criterion 7.7762 | score 0.2224
2025-02-13 05:39:22 - INFO - No improvement for 27 epochs
2025-02-13 05:39:24 - INFO - [Train] Epoch 00084 | train_loss 28.3589 | train_rmse 7.4667 | lr 0.000500
2025-02-13 05:39:24 - INFO - [Validate] Epoch 00084 | valid_rmse 7.1622 | valid_pr 0.9569 | valid_criterion 8.3247 | score 0.1675
2025-02-13 05:39:24 - INFO - No improvement for 28 epochs
2025-02-13 05:39:27 - INFO - [Train] Epoch 00085 | train_loss 21.4716 | train_rmse 6.2995 | lr 0.000500
2025-02-13 05:39:27 - INFO - [Validate] Epoch 00085 | valid_rmse 6.5620 | valid_pr 0.9564 | valid_criterion 9.4459 | score 0.0554
2025-02-13 05:39:27 - INFO - No improvement for 29 epochs
2025-02-13 05:39:29 - INFO - [Train] Epoch 00086 | train_loss 21.5795 | train_rmse 6.2589 | lr 0.000100
2025-02-13 05:39:29 - INFO - [Validate] Epoch 00086 | valid_rmse 6.6651 | valid_pr 0.9567 | valid_criterion 9.3992 | score 0.0601
2025-02-13 05:39:29 - INFO - No improvement for 30 epochs
2025-02-13 05:39:31 - INFO - [Train] Epoch 00087 | train_loss 26.9473 | train_rmse 7.0211 | lr 0.000100
2025-02-13 05:39:31 - INFO - [Validate] Epoch 00087 | valid_rmse 6.6398 | valid_pr 0.9596 | valid_criterion 9.3205 | score 0.0679
2025-02-13 05:39:31 - INFO - No improvement for 31 epochs
2025-02-13 05:39:34 - INFO - [Train] Epoch 00088 | train_loss 27.2129 | train_rmse 7.2598 | lr 0.000100
2025-02-13 05:39:34 - INFO - [Validate] Epoch 00088 | valid_rmse 7.1670 | valid_pr 0.9593 | valid_criterion 8.8997 | score 0.1100
2025-02-13 05:39:34 - INFO - No improvement for 32 epochs
2025-02-13 05:39:36 - INFO - [Train] Epoch 00089 | train_loss 26.0485 | train_rmse 7.0863 | lr 0.000100
2025-02-13 05:39:36 - INFO - [Validate] Epoch 00089 | valid_rmse 6.6735 | valid_pr 0.9582 | valid_criterion 8.9447 | score 0.1055
2025-02-13 05:39:36 - INFO - No improvement for 33 epochs
2025-02-13 05:39:39 - INFO - [Train] Epoch 00090 | train_loss 21.8244 | train_rmse 6.4936 | lr 0.000100
2025-02-13 05:39:39 - INFO - [Validate] Epoch 00090 | valid_rmse 6.7047 | valid_pr 0.9575 | valid_criterion 9.0122 | score 0.0988
2025-02-13 05:39:39 - INFO - No improvement for 34 epochs
2025-02-13 05:39:41 - INFO - [Train] Epoch 00091 | train_loss 31.8340 | train_rmse 7.5561 | lr 0.000100
2025-02-13 05:39:41 - INFO - [Validate] Epoch 00091 | valid_rmse 6.8244 | valid_pr 0.9585 | valid_criterion 8.6137 | score 0.1386
2025-02-13 05:39:41 - INFO - No improvement for 35 epochs
2025-02-13 05:39:44 - INFO - [Train] Epoch 00092 | train_loss 20.3153 | train_rmse 5.8850 | lr 0.000100
2025-02-13 05:39:44 - INFO - [Validate] Epoch 00092 | valid_rmse 6.6378 | valid_pr 0.9593 | valid_criterion 8.1604 | score 0.1840
2025-02-13 05:39:44 - INFO - No improvement for 36 epochs
2025-02-13 05:39:46 - INFO - [Train] Epoch 00093 | train_loss 19.0869 | train_rmse 6.0257 | lr 0.000100
2025-02-13 05:39:46 - INFO - [Validate] Epoch 00093 | valid_rmse 6.4586 | valid_pr 0.9593 | valid_criterion 8.7941 | score 0.1206
2025-02-13 05:39:46 - INFO - No improvement for 37 epochs
2025-02-13 05:39:48 - INFO - [Train] Epoch 00094 | train_loss 21.9444 | train_rmse 6.5393 | lr 0.000100
2025-02-13 05:39:48 - INFO - [Validate] Epoch 00094 | valid_rmse 6.7623 | valid_pr 0.9590 | valid_criterion 9.4265 | score 0.0574
2025-02-13 05:39:48 - INFO - No improvement for 38 epochs
2025-02-13 05:39:51 - INFO - [Train] Epoch 00095 | train_loss 22.9669 | train_rmse 6.7204 | lr 0.000100
2025-02-13 05:39:51 - INFO - [Validate] Epoch 00095 | valid_rmse 6.8432 | valid_pr 0.9621 | valid_criterion 8.3077 | score 0.1692
2025-02-13 05:39:51 - INFO - No improvement for 39 epochs
2025-02-13 05:39:53 - INFO - [Train] Epoch 00096 | train_loss 27.6631 | train_rmse 7.2746 | lr 0.000100
2025-02-13 05:39:53 - INFO - [Validate] Epoch 00096 | valid_rmse 6.9452 | valid_pr 0.9582 | valid_criterion 10.2898 | score -0.0290
2025-02-13 05:39:53 - INFO - No improvement for 40 epochs
2025-02-13 05:39:55 - INFO - [Train] Epoch 00097 | train_loss 22.1381 | train_rmse 6.4560 | lr 0.000100
2025-02-13 05:39:55 - INFO - [Validate] Epoch 00097 | valid_rmse 6.6333 | valid_pr 0.9623 | valid_criterion 7.9031 | score 0.2097
2025-02-13 05:39:55 - INFO - No improvement for 41 epochs
2025-02-13 05:39:58 - INFO - [Train] Epoch 00098 | train_loss 21.8248 | train_rmse 6.4922 | lr 0.000100
2025-02-13 05:39:58 - INFO - [Validate] Epoch 00098 | valid_rmse 6.5740 | valid_pr 0.9624 | valid_criterion 7.7822 | score 0.2218
2025-02-13 05:39:58 - INFO - No improvement for 42 epochs
2025-02-13 05:40:00 - INFO - [Train] Epoch 00099 | train_loss 19.6248 | train_rmse 5.9958 | lr 0.000100
2025-02-13 05:40:00 - INFO - [Validate] Epoch 00099 | valid_rmse 6.4447 | valid_pr 0.9612 | valid_criterion 8.6345 | score 0.1365
2025-02-13 05:40:00 - INFO - No improvement for 43 epochs
2025-02-13 05:40:03 - INFO - [Train] Epoch 00100 | train_loss 25.8100 | train_rmse 7.1737 | lr 0.000100
2025-02-13 05:40:03 - INFO - [Validate] Epoch 00100 | valid_rmse 6.3845 | valid_pr 0.9610 | valid_criterion 8.0154 | score 0.1985
2025-02-13 05:40:03 - INFO - No improvement for 44 epochs
2025-02-13 05:40:05 - INFO - [Train] Epoch 00101 | train_loss 21.5494 | train_rmse 6.3409 | lr 0.000100
2025-02-13 05:40:05 - INFO - [Validate] Epoch 00101 | valid_rmse 6.6529 | valid_pr 0.9604 | valid_criterion 8.4332 | score 0.1567
2025-02-13 05:40:05 - INFO - No improvement for 45 epochs
2025-02-13 05:40:07 - INFO - [Train] Epoch 00102 | train_loss 22.4374 | train_rmse 6.4678 | lr 0.000100
2025-02-13 05:40:07 - INFO - [Validate] Epoch 00102 | valid_rmse 6.5290 | valid_pr 0.9596 | valid_criterion 8.5063 | score 0.1494
2025-02-13 05:40:07 - INFO - No improvement for 46 epochs
2025-02-13 05:40:10 - INFO - [Train] Epoch 00103 | train_loss 18.6681 | train_rmse 6.0014 | lr 0.000100
2025-02-13 05:40:10 - INFO - [Validate] Epoch 00103 | valid_rmse 6.8209 | valid_pr 0.9606 | valid_criterion 8.4222 | score 0.1578
2025-02-13 05:40:10 - INFO - No improvement for 47 epochs
2025-02-13 05:40:12 - INFO - [Train] Epoch 00104 | train_loss 15.8968 | train_rmse 5.4710 | lr 0.000100
2025-02-13 05:40:12 - INFO - [Validate] Epoch 00104 | valid_rmse 6.5062 | valid_pr 0.9613 | valid_criterion 8.4881 | score 0.1512
2025-02-13 05:40:12 - INFO - No improvement for 48 epochs
2025-02-13 05:40:15 - INFO - [Train] Epoch 00105 | train_loss 23.0554 | train_rmse 6.6556 | lr 0.000100
2025-02-13 05:40:15 - INFO - [Validate] Epoch 00105 | valid_rmse 6.5542 | valid_pr 0.9607 | valid_criterion 8.1106 | score 0.1889
2025-02-13 05:40:15 - INFO - No improvement for 49 epochs
2025-02-13 05:40:17 - INFO - [Train] Epoch 00106 | train_loss 20.9661 | train_rmse 6.2519 | lr 0.000100
2025-02-13 05:40:17 - INFO - [Validate] Epoch 00106 | valid_rmse 6.4460 | valid_pr 0.9601 | valid_criterion 8.4401 | score 0.1560
2025-02-13 05:40:17 - INFO - No improvement for 50 epochs
2025-02-13 05:40:19 - INFO - [Train] Epoch 00107 | train_loss 23.6089 | train_rmse 6.4868 | lr 0.000020
2025-02-13 05:40:19 - INFO - [Validate] Epoch 00107 | valid_rmse 6.8402 | valid_pr 0.9599 | valid_criterion 8.9691 | score 0.1031
2025-02-13 05:40:19 - INFO - No improvement for 51 epochs
2025-02-13 05:40:21 - INFO - [Train] Epoch 00108 | train_loss 21.5404 | train_rmse 6.3278 | lr 0.000020
2025-02-13 05:40:21 - INFO - [Validate] Epoch 00108 | valid_rmse 6.9213 | valid_pr 0.9596 | valid_criterion 8.6583 | score 0.1342
2025-02-13 05:40:21 - INFO - No improvement for 52 epochs
2025-02-13 05:40:43 - INFO - [Train] Epoch 00109 | train_loss 18.1899 | train_rmse 5.9003 | lr 0.000020
2025-02-13 05:40:43 - INFO - [Validate] Epoch 00109 | valid_rmse 6.4017 | valid_pr 0.9603 | valid_criterion 8.2473 | score 0.1753
2025-02-13 05:40:43 - INFO - No improvement for 53 epochs
2025-02-13 05:40:45 - INFO - [Train] Epoch 00110 | train_loss 15.4291 | train_rmse 5.2453 | lr 0.000020
2025-02-13 05:40:45 - INFO - [Validate] Epoch 00110 | valid_rmse 6.5559 | valid_pr 0.9611 | valid_criterion 7.9895 | score 0.2011
2025-02-13 05:40:45 - INFO - No improvement for 54 epochs
2025-02-13 05:40:48 - INFO - [Train] Epoch 00111 | train_loss 26.3413 | train_rmse 6.9131 | lr 0.000020
2025-02-13 05:40:48 - INFO - [Validate] Epoch 00111 | valid_rmse 6.4412 | valid_pr 0.9603 | valid_criterion 8.4264 | score 0.1574
2025-02-13 05:40:48 - INFO - No improvement for 55 epochs
2025-02-13 05:40:50 - INFO - [Train] Epoch 00112 | train_loss 23.0306 | train_rmse 6.6916 | lr 0.000020
2025-02-13 05:40:50 - INFO - [Validate] Epoch 00112 | valid_rmse 6.8347 | valid_pr 0.9593 | valid_criterion 8.5468 | score 0.1453
2025-02-13 05:40:50 - INFO - No improvement for 56 epochs
2025-02-13 05:40:53 - INFO - [Train] Epoch 00113 | train_loss 17.2545 | train_rmse 5.6790 | lr 0.000020
2025-02-13 05:40:53 - INFO - [Validate] Epoch 00113 | valid_rmse 6.7151 | valid_pr 0.9601 | valid_criterion 8.2542 | score 0.1746
2025-02-13 05:40:53 - INFO - No improvement for 57 epochs
2025-02-13 05:40:55 - INFO - [Train] Epoch 00114 | train_loss 21.8272 | train_rmse 6.3046 | lr 0.000020
2025-02-13 05:40:55 - INFO - [Validate] Epoch 00114 | valid_rmse 6.4252 | valid_pr 0.9602 | valid_criterion 8.1591 | score 0.1841
2025-02-13 05:40:55 - INFO - No improvement for 58 epochs
2025-02-13 05:40:57 - INFO - [Train] Epoch 00115 | train_loss 21.0010 | train_rmse 6.3456 | lr 0.000020
2025-02-13 05:40:57 - INFO - [Validate] Epoch 00115 | valid_rmse 6.5090 | valid_pr 0.9597 | valid_criterion 8.3088 | score 0.1691
2025-02-13 05:40:57 - INFO - No improvement for 59 epochs
2025-02-13 05:41:00 - INFO - [Train] Epoch 00116 | train_loss 14.4375 | train_rmse 5.0968 | lr 0.000020
2025-02-13 05:41:00 - INFO - [Validate] Epoch 00116 | valid_rmse 6.7941 | valid_pr 0.9604 | valid_criterion 8.0738 | score 0.1926
2025-02-13 05:41:00 - INFO - No improvement for 60 epochs
2025-02-13 05:41:02 - INFO - [Train] Epoch 00117 | train_loss 19.1031 | train_rmse 5.8560 | lr 0.000020
2025-02-13 05:41:02 - INFO - [Validate] Epoch 00117 | valid_rmse 6.6814 | valid_pr 0.9599 | valid_criterion 8.6051 | score 0.1395
2025-02-13 05:41:02 - INFO - No improvement for 61 epochs
2025-02-13 05:41:04 - INFO - [Train] Epoch 00118 | train_loss 19.3432 | train_rmse 5.9365 | lr 0.000020
2025-02-13 05:41:04 - INFO - [Validate] Epoch 00118 | valid_rmse 6.4177 | valid_pr 0.9613 | valid_criterion 8.0585 | score 0.1941
2025-02-13 05:41:04 - INFO - No improvement for 62 epochs
2025-02-13 05:41:07 - INFO - [Train] Epoch 00119 | train_loss 19.5642 | train_rmse 6.0999 | lr 0.000020
2025-02-13 05:41:07 - INFO - [Validate] Epoch 00119 | valid_rmse 6.6755 | valid_pr 0.9608 | valid_criterion 8.0592 | score 0.1941
2025-02-13 05:41:07 - INFO - No improvement for 63 epochs
2025-02-13 05:41:09 - INFO - [Train] Epoch 00120 | train_loss 23.2296 | train_rmse 6.5597 | lr 0.000020
2025-02-13 05:41:09 - INFO - [Validate] Epoch 00120 | valid_rmse 6.7128 | valid_pr 0.9590 | valid_criterion 8.9573 | score 0.1043
2025-02-13 05:41:09 - INFO - No improvement for 64 epochs
2025-02-13 05:41:12 - INFO - [Train] Epoch 00121 | train_loss 20.7008 | train_rmse 6.1041 | lr 0.000020
2025-02-13 05:41:12 - INFO - [Validate] Epoch 00121 | valid_rmse 6.3590 | valid_pr 0.9596 | valid_criterion 8.4085 | score 0.1592
2025-02-13 05:41:12 - INFO - No improvement for 65 epochs
2025-02-13 05:41:14 - INFO - [Train] Epoch 00122 | train_loss 19.6149 | train_rmse 5.8812 | lr 0.000020
2025-02-13 05:41:14 - INFO - [Validate] Epoch 00122 | valid_rmse 6.4596 | valid_pr 0.9596 | valid_criterion 8.5884 | score 0.1412
2025-02-13 05:41:14 - INFO - No improvement for 66 epochs
2025-02-13 05:41:43 - INFO - [Train] Epoch 00123 | train_loss 27.6953 | train_rmse 7.3252 | lr 0.000020
2025-02-13 05:41:43 - INFO - [Validate] Epoch 00123 | valid_rmse 6.5384 | valid_pr 0.9596 | valid_criterion 8.3754 | score 0.1625
2025-02-13 05:41:43 - INFO - No improvement for 67 epochs
2025-02-13 05:41:46 - INFO - [Train] Epoch 00124 | train_loss 20.3451 | train_rmse 6.2123 | lr 0.000020
2025-02-13 05:41:46 - INFO - [Validate] Epoch 00124 | valid_rmse 6.5996 | valid_pr 0.9602 | valid_criterion 8.5587 | score 0.1441
2025-02-13 05:41:46 - INFO - No improvement for 68 epochs
2025-02-13 05:41:48 - INFO - [Train] Epoch 00125 | train_loss 24.2782 | train_rmse 6.8399 | lr 0.000020
2025-02-13 05:41:48 - INFO - [Validate] Epoch 00125 | valid_rmse 6.5140 | valid_pr 0.9604 | valid_criterion 8.3957 | score 0.1604
2025-02-13 05:41:48 - INFO - No improvement for 69 epochs
2025-02-13 05:41:50 - INFO - [Train] Epoch 00126 | train_loss 14.8603 | train_rmse 5.2240 | lr 0.000020
2025-02-13 05:41:50 - INFO - [Validate] Epoch 00126 | valid_rmse 6.7398 | valid_pr 0.9600 | valid_criterion 8.8854 | score 0.1115
2025-02-13 05:41:50 - INFO - No improvement for 70 epochs
2025-02-13 05:41:53 - INFO - [Train] Epoch 00127 | train_loss 17.0345 | train_rmse 5.6047 | lr 0.000020
2025-02-13 05:41:53 - INFO - [Validate] Epoch 00127 | valid_rmse 6.3224 | valid_pr 0.9607 | valid_criterion 8.1113 | score 0.1889
2025-02-13 05:41:53 - INFO - No improvement for 71 epochs
2025-02-13 05:41:55 - INFO - [Train] Epoch 00128 | train_loss 20.5268 | train_rmse 6.2032 | lr 0.000004
2025-02-13 05:41:55 - INFO - [Validate] Epoch 00128 | valid_rmse 6.5302 | valid_pr 0.9607 | valid_criterion 8.2948 | score 0.1705
2025-02-13 05:41:55 - INFO - No improvement for 72 epochs
2025-02-13 05:41:57 - INFO - [Train] Epoch 00129 | train_loss 20.9181 | train_rmse 6.3427 | lr 0.000004
2025-02-13 05:41:57 - INFO - [Validate] Epoch 00129 | valid_rmse 6.4876 | valid_pr 0.9609 | valid_criterion 8.1579 | score 0.1842
2025-02-13 05:41:57 - INFO - No improvement for 73 epochs
2025-02-13 05:41:59 - INFO - [Train] Epoch 00130 | train_loss 19.5062 | train_rmse 6.1448 | lr 0.000004
2025-02-13 05:41:59 - INFO - [Validate] Epoch 00130 | valid_rmse 6.6674 | valid_pr 0.9608 | valid_criterion 8.1904 | score 0.1810
2025-02-13 05:41:59 - INFO - No improvement for 74 epochs
2025-02-13 05:42:01 - INFO - [Train] Epoch 00131 | train_loss 24.6126 | train_rmse 6.8321 | lr 0.000004
2025-02-13 05:42:01 - INFO - [Validate] Epoch 00131 | valid_rmse 6.6046 | valid_pr 0.9602 | valid_criterion 9.0742 | score 0.0926
2025-02-13 05:42:01 - INFO - No improvement for 75 epochs
2025-02-13 05:42:04 - INFO - [Train] Epoch 00132 | train_loss 23.3246 | train_rmse 6.6441 | lr 0.000004
2025-02-13 05:42:04 - INFO - [Validate] Epoch 00132 | valid_rmse 6.7300 | valid_pr 0.9609 | valid_criterion 8.1354 | score 0.1865
2025-02-13 05:42:04 - INFO - No improvement for 76 epochs
2025-02-13 05:42:06 - INFO - [Train] Epoch 00133 | train_loss 17.5072 | train_rmse 5.7139 | lr 0.000004
2025-02-13 05:42:06 - INFO - [Validate] Epoch 00133 | valid_rmse 6.5844 | valid_pr 0.9603 | valid_criterion 8.8427 | score 0.1157
2025-02-13 05:42:06 - INFO - No improvement for 77 epochs
2025-02-13 05:42:08 - INFO - [Train] Epoch 00134 | train_loss 26.0596 | train_rmse 7.0236 | lr 0.000004
2025-02-13 05:42:08 - INFO - [Validate] Epoch 00134 | valid_rmse 6.4368 | valid_pr 0.9605 | valid_criterion 8.2800 | score 0.1720
2025-02-13 05:42:08 - INFO - No improvement for 78 epochs
2025-02-13 05:42:10 - INFO - [Train] Epoch 00135 | train_loss 21.6330 | train_rmse 6.3356 | lr 0.000004
2025-02-13 05:42:10 - INFO - [Validate] Epoch 00135 | valid_rmse 6.6657 | valid_pr 0.9602 | valid_criterion 8.2364 | score 0.1764
2025-02-13 05:42:10 - INFO - No improvement for 79 epochs
2025-02-13 05:42:13 - INFO - [Train] Epoch 00136 | train_loss 32.7804 | train_rmse 8.0507 | lr 0.000004
2025-02-13 05:42:13 - INFO - [Validate] Epoch 00136 | valid_rmse 6.3722 | valid_pr 0.9607 | valid_criterion 8.4230 | score 0.1577
2025-02-13 05:42:13 - INFO - No improvement for 80 epochs
2025-02-13 05:42:44 - INFO - [Train] Epoch 00137 | train_loss 25.9808 | train_rmse 7.2219 | lr 0.000004
2025-02-13 05:42:44 - INFO - [Validate] Epoch 00137 | valid_rmse 6.5424 | valid_pr 0.9608 | valid_criterion 8.7751 | score 0.1225
2025-02-13 05:42:44 - INFO - No improvement for 81 epochs
2025-02-13 05:42:46 - INFO - [Train] Epoch 00138 | train_loss 12.9218 | train_rmse 4.8240 | lr 0.000004
2025-02-13 05:42:46 - INFO - [Validate] Epoch 00138 | valid_rmse 6.5712 | valid_pr 0.9607 | valid_criterion 8.6061 | score 0.1394
2025-02-13 05:42:46 - INFO - No improvement for 82 epochs
2025-02-13 05:42:48 - INFO - [Train] Epoch 00139 | train_loss 18.4361 | train_rmse 5.8292 | lr 0.000004
2025-02-13 05:42:48 - INFO - [Validate] Epoch 00139 | valid_rmse 6.7455 | valid_pr 0.9606 | valid_criterion 8.5993 | score 0.1401
2025-02-13 05:42:48 - INFO - No improvement for 83 epochs
2025-02-13 05:42:51 - INFO - [Train] Epoch 00140 | train_loss 28.3715 | train_rmse 7.3133 | lr 0.000004
2025-02-13 05:42:51 - INFO - [Validate] Epoch 00140 | valid_rmse 6.5497 | valid_pr 0.9608 | valid_criterion 8.3945 | score 0.1605
2025-02-13 05:42:51 - INFO - No improvement for 84 epochs
2025-02-13 05:42:53 - INFO - [Train] Epoch 00141 | train_loss 20.4976 | train_rmse 6.1911 | lr 0.000004
2025-02-13 05:42:53 - INFO - [Validate] Epoch 00141 | valid_rmse 6.4848 | valid_pr 0.9605 | valid_criterion 8.1062 | score 0.1894
2025-02-13 05:42:53 - INFO - No improvement for 85 epochs
2025-02-13 05:42:56 - INFO - [Train] Epoch 00142 | train_loss 16.5402 | train_rmse 5.6202 | lr 0.000004
2025-02-13 05:42:56 - INFO - [Validate] Epoch 00142 | valid_rmse 6.5216 | valid_pr 0.9605 | valid_criterion 8.6301 | score 0.1370
2025-02-13 05:42:56 - INFO - No improvement for 86 epochs
2025-02-13 05:42:58 - INFO - [Train] Epoch 00143 | train_loss 18.8350 | train_rmse 5.8779 | lr 0.000004
2025-02-13 05:42:58 - INFO - [Validate] Epoch 00143 | valid_rmse 6.3993 | valid_pr 0.9607 | valid_criterion 8.1377 | score 0.1862
2025-02-13 05:42:58 - INFO - No improvement for 87 epochs
2025-02-13 05:43:00 - INFO - [Train] Epoch 00144 | train_loss 17.2760 | train_rmse 5.8354 | lr 0.000004
2025-02-13 05:43:00 - INFO - [Validate] Epoch 00144 | valid_rmse 6.5563 | valid_pr 0.9600 | valid_criterion 8.8723 | score 0.1128
2025-02-13 05:43:00 - INFO - No improvement for 88 epochs
2025-02-13 05:43:03 - INFO - [Train] Epoch 00145 | train_loss 22.8757 | train_rmse 6.4883 | lr 0.000004
2025-02-13 05:43:03 - INFO - [Validate] Epoch 00145 | valid_rmse 6.5908 | valid_pr 0.9601 | valid_criterion 8.3128 | score 0.1687
2025-02-13 05:43:03 - INFO - No improvement for 89 epochs
2025-02-13 05:43:05 - INFO - [Train] Epoch 00146 | train_loss 19.4116 | train_rmse 5.9923 | lr 0.000004
2025-02-13 05:43:05 - INFO - [Validate] Epoch 00146 | valid_rmse 6.7290 | valid_pr 0.9598 | valid_criterion 8.9422 | score 0.1058
2025-02-13 05:43:05 - INFO - No improvement for 90 epochs
2025-02-13 05:43:07 - INFO - [Train] Epoch 00147 | train_loss 19.7368 | train_rmse 6.0555 | lr 0.000004
2025-02-13 05:43:07 - INFO - [Validate] Epoch 00147 | valid_rmse 6.7101 | valid_pr 0.9601 | valid_criterion 8.3013 | score 0.1699
2025-02-13 05:43:07 - INFO - No improvement for 91 epochs
2025-02-13 05:43:09 - INFO - [Train] Epoch 00148 | train_loss 30.2950 | train_rmse 7.6044 | lr 0.000004
2025-02-13 05:43:09 - INFO - [Validate] Epoch 00148 | valid_rmse 6.5435 | valid_pr 0.9579 | valid_criterion 9.0504 | score 0.0950
2025-02-13 05:43:09 - INFO - No improvement for 92 epochs
2025-02-13 05:43:12 - INFO - [Train] Epoch 00149 | train_loss 17.8175 | train_rmse 5.8877 | lr 0.000001
2025-02-13 05:43:12 - INFO - [Validate] Epoch 00149 | valid_rmse 6.3670 | valid_pr 0.9608 | valid_criterion 8.5168 | score 0.1483
2025-02-13 05:43:12 - INFO - No improvement for 93 epochs
2025-02-13 05:43:14 - INFO - [Train] Epoch 00150 | train_loss 14.9333 | train_rmse 5.2040 | lr 0.000001
2025-02-13 05:43:14 - INFO - [Validate] Epoch 00150 | valid_rmse 6.5761 | valid_pr 0.9605 | valid_criterion 8.4798 | score 0.1520
2025-02-13 05:43:14 - INFO - No improvement for 94 epochs
2025-02-13 05:43:44 - INFO - [Train] Epoch 00151 | train_loss 22.3741 | train_rmse 6.6503 | lr 0.000001
2025-02-13 05:43:44 - INFO - [Validate] Epoch 00151 | valid_rmse 6.6991 | valid_pr 0.9604 | valid_criterion 8.9840 | score 0.1016
2025-02-13 05:43:44 - INFO - No improvement for 95 epochs
2025-02-13 05:43:46 - INFO - [Train] Epoch 00152 | train_loss 27.6365 | train_rmse 7.3454 | lr 0.000001
2025-02-13 05:43:46 - INFO - [Validate] Epoch 00152 | valid_rmse 6.5155 | valid_pr 0.9602 | valid_criterion 8.7319 | score 0.1268
2025-02-13 05:43:46 - INFO - No improvement for 96 epochs
2025-02-13 05:43:49 - INFO - [Train] Epoch 00153 | train_loss 21.4923 | train_rmse 6.3649 | lr 0.000001
2025-02-13 05:43:49 - INFO - [Validate] Epoch 00153 | valid_rmse 6.6348 | valid_pr 0.9603 | valid_criterion 8.5079 | score 0.1492
2025-02-13 05:43:49 - INFO - No improvement for 97 epochs
2025-02-13 05:43:51 - INFO - [Train] Epoch 00154 | train_loss 21.2604 | train_rmse 6.2784 | lr 0.000001
2025-02-13 05:43:51 - INFO - [Validate] Epoch 00154 | valid_rmse 6.6627 | valid_pr 0.9595 | valid_criterion 8.9582 | score 0.1042
2025-02-13 05:43:51 - INFO - No improvement for 98 epochs
2025-02-13 05:43:53 - INFO - [Train] Epoch 00155 | train_loss 20.1084 | train_rmse 6.2738 | lr 0.000001
2025-02-13 05:43:53 - INFO - [Validate] Epoch 00155 | valid_rmse 6.7603 | valid_pr 0.9602 | valid_criterion 8.6539 | score 0.1346
2025-02-13 05:43:53 - INFO - No improvement for 99 epochs
2025-02-13 05:43:56 - INFO - [Train] Epoch 00156 | train_loss 18.4463 | train_rmse 5.9330 | lr 0.000001
2025-02-13 05:43:56 - INFO - [Validate] Epoch 00156 | valid_rmse 6.8184 | valid_pr 0.9607 | valid_criterion 8.3260 | score 0.1674
2025-02-13 05:43:56 - INFO - No improvement for 100 epochs
2025-02-13 05:43:56 - INFO - Early stopping triggered. No improvement for 100 epochs
2025-02-13 05:43:56 - INFO - Best model was saved at epoch 56
2025-02-13 05:43:56 - INFO - [Validate] Epoch 00156 | valid_rmse1 6.813251 | valid_pr1 0.967835 | valid_criterion 6.466900
