2025-02-24 07:48:40 - INFO - 01.train.py
2025-02-24 07:48:40 - INFO - train data: 550
2025-02-24 07:48:40 - INFO - valid data: 132
2025-02-24 07:48:40 - INFO - Total parameters: 1212803
2025-02-24 07:48:40 - INFO - Trainable parameters: 1212803
2025-02-24 07:48:43 - INFO - [Train] Epoch 00000 | train_loss 194.7625 | train_rmse 42.2625 | lr 0.000010
2025-02-24 07:48:43 - INFO - [Validate] Epoch 00000 | valid_rmse 39.8969 | valid_pr 0.4079 | valid_criterion 17.7266 | score -0.7727
2025-02-24 07:48:43 - INFO - [Validate] Best score achieved: -0.772662
2025-02-24 07:48:46 - INFO - [Train] Epoch 00001 | train_loss 194.4917 | train_rmse 42.2535 | lr 0.000020
2025-02-24 07:48:46 - INFO - [Validate] Epoch 00001 | valid_rmse 40.4244 | valid_pr 0.2282 | valid_criterion 18.2821 | score -0.8282
2025-02-24 07:48:46 - INFO - No improvement for 1 epochs
2025-02-24 07:48:49 - INFO - [Train] Epoch 00002 | train_loss 194.6825 | train_rmse 42.2548 | lr 0.000030
2025-02-24 07:48:49 - INFO - [Validate] Epoch 00002 | valid_rmse 40.3373 | valid_pr 0.2864 | valid_criterion 18.1361 | score -0.8136
2025-02-24 07:48:49 - INFO - No improvement for 2 epochs
2025-02-24 07:48:51 - INFO - [Train] Epoch 00003 | train_loss 194.5509 | train_rmse 42.2597 | lr 0.000040
2025-02-24 07:48:51 - INFO - [Validate] Epoch 00003 | valid_rmse 40.1607 | valid_pr 0.3184 | valid_criterion 17.7811 | score -0.7781
2025-02-24 07:48:51 - INFO - No improvement for 3 epochs
2025-02-24 07:48:54 - INFO - [Train] Epoch 00004 | train_loss 194.0495 | train_rmse 42.2565 | lr 0.000050
2025-02-24 07:48:54 - INFO - [Validate] Epoch 00004 | valid_rmse 40.0122 | valid_pr 0.2570 | valid_criterion 17.4854 | score -0.7485
2025-02-24 07:48:54 - INFO - [Validate] Best score achieved: -0.748542
2025-02-24 07:48:57 - INFO - [Train] Epoch 00005 | train_loss 193.6262 | train_rmse 42.2310 | lr 0.000060
2025-02-24 07:48:57 - INFO - [Validate] Epoch 00005 | valid_rmse 39.1554 | valid_pr 0.3280 | valid_criterion 16.6261 | score -0.6626
2025-02-24 07:48:57 - INFO - [Validate] Best score achieved: -0.662614
2025-02-24 07:49:00 - INFO - [Train] Epoch 00006 | train_loss 192.7895 | train_rmse 42.2168 | lr 0.000070
2025-02-24 07:49:00 - INFO - [Validate] Epoch 00006 | valid_rmse 38.0523 | valid_pr 0.2821 | valid_criterion 14.9262 | score -0.4926
2025-02-24 07:49:00 - INFO - [Validate] Best score achieved: -0.492625
2025-02-24 07:49:03 - INFO - [Train] Epoch 00007 | train_loss 191.2479 | train_rmse 42.2188 | lr 0.000080
2025-02-24 07:49:03 - INFO - [Validate] Epoch 00007 | valid_rmse 36.5217 | valid_pr 0.2508 | valid_criterion 12.9474 | score -0.2947
2025-02-24 07:49:03 - INFO - [Validate] Best score achieved: -0.294739
2025-02-24 07:49:06 - INFO - [Train] Epoch 00008 | train_loss 188.8985 | train_rmse 42.1881 | lr 0.000090
2025-02-24 07:49:06 - INFO - [Validate] Epoch 00008 | valid_rmse 32.5836 | valid_pr 0.2494 | valid_criterion 6.9741 | score 0.3026
2025-02-24 07:49:06 - INFO - [Validate] Best score achieved: 0.302585
2025-02-24 07:49:08 - INFO - [Train] Epoch 00009 | train_loss 185.9333 | train_rmse 42.2766 | lr 0.000100
2025-02-24 07:49:08 - INFO - [Validate] Epoch 00009 | valid_rmse 28.4855 | valid_pr 0.2562 | valid_criterion 3.0387 | score 0.6961
2025-02-24 07:49:08 - INFO - [Validate] Best score achieved: 0.696134
2025-02-24 07:49:11 - INFO - [Train] Epoch 00010 | train_loss 182.1397 | train_rmse 42.3329 | lr 0.000110
2025-02-24 07:49:11 - INFO - [Validate] Epoch 00010 | valid_rmse 27.9802 | valid_pr 0.2674 | valid_criterion 5.4425 | score 0.4557
2025-02-24 07:49:11 - INFO - No improvement for 1 epochs
2025-02-24 07:49:14 - INFO - [Train] Epoch 00011 | train_loss 178.1815 | train_rmse 42.4600 | lr 0.000120
2025-02-24 07:49:14 - INFO - [Validate] Epoch 00011 | valid_rmse 25.4879 | valid_pr 0.2726 | valid_criterion 10.6648 | score -0.0665
2025-02-24 07:49:14 - INFO - No improvement for 2 epochs
2025-02-24 07:49:40 - INFO - [Train] Epoch 00012 | train_loss 174.9407 | train_rmse 42.3836 | lr 0.000130
2025-02-24 07:49:40 - INFO - [Validate] Epoch 00012 | valid_rmse 25.2740 | valid_pr 0.3353 | valid_criterion 10.7517 | score -0.0752
2025-02-24 07:49:40 - INFO - No improvement for 3 epochs
2025-02-24 07:49:42 - INFO - [Train] Epoch 00013 | train_loss 169.7236 | train_rmse 42.3872 | lr 0.000140
2025-02-24 07:49:42 - INFO - [Validate] Epoch 00013 | valid_rmse 25.7341 | valid_pr 0.3853 | valid_criterion 10.3807 | score -0.0381
2025-02-24 07:49:42 - INFO - No improvement for 4 epochs
2025-02-24 07:49:45 - INFO - [Train] Epoch 00014 | train_loss 163.1209 | train_rmse 42.3172 | lr 0.000150
2025-02-24 07:49:45 - INFO - [Validate] Epoch 00014 | valid_rmse 26.3779 | valid_pr 0.3846 | valid_criterion 9.3473 | score 0.0653
2025-02-24 07:49:45 - INFO - No improvement for 5 epochs
2025-02-24 07:49:48 - INFO - [Train] Epoch 00015 | train_loss 160.0853 | train_rmse 42.1003 | lr 0.000160
2025-02-24 07:49:48 - INFO - [Validate] Epoch 00015 | valid_rmse 28.4626 | valid_pr 0.3968 | valid_criterion 3.7300 | score 0.6270
2025-02-24 07:49:48 - INFO - No improvement for 6 epochs
2025-02-24 07:49:51 - INFO - [Train] Epoch 00016 | train_loss 156.2718 | train_rmse 42.2594 | lr 0.000170
2025-02-24 07:49:51 - INFO - [Validate] Epoch 00016 | valid_rmse 30.0806 | valid_pr 0.5358 | valid_criterion 4.0679 | score 0.5932
2025-02-24 07:49:51 - INFO - No improvement for 7 epochs
2025-02-24 07:49:54 - INFO - [Train] Epoch 00017 | train_loss 149.6172 | train_rmse 41.8804 | lr 0.000180
2025-02-24 07:49:54 - INFO - [Validate] Epoch 00017 | valid_rmse 33.7757 | valid_pr 0.4423 | valid_criterion 9.8539 | score 0.0146
2025-02-24 07:49:54 - INFO - No improvement for 8 epochs
2025-02-24 07:49:57 - INFO - [Train] Epoch 00018 | train_loss 144.5605 | train_rmse 41.9758 | lr 0.000190
2025-02-24 07:49:57 - INFO - [Validate] Epoch 00018 | valid_rmse 29.1849 | valid_pr 0.5326 | valid_criterion 5.4073 | score 0.4593
2025-02-24 07:49:57 - INFO - No improvement for 9 epochs
2025-02-24 07:50:00 - INFO - [Train] Epoch 00019 | train_loss 141.0329 | train_rmse 41.7100 | lr 0.000200
2025-02-24 07:50:00 - INFO - [Validate] Epoch 00019 | valid_rmse 35.1980 | valid_pr 0.5295 | valid_criterion 12.1860 | score -0.2186
2025-02-24 07:50:00 - INFO - No improvement for 10 epochs
2025-02-24 07:50:03 - INFO - [Train] Epoch 00020 | train_loss 135.8540 | train_rmse 41.6169 | lr 0.000210
2025-02-24 07:50:03 - INFO - [Validate] Epoch 00020 | valid_rmse 30.2950 | valid_pr 0.4985 | valid_criterion 9.6414 | score 0.0359
2025-02-24 07:50:03 - INFO - No improvement for 11 epochs
2025-02-24 07:50:05 - INFO - [Train] Epoch 00021 | train_loss 130.9528 | train_rmse 41.6056 | lr 0.000220
2025-02-24 07:50:05 - INFO - [Validate] Epoch 00021 | valid_rmse 33.4443 | valid_pr 0.5328 | valid_criterion 12.9559 | score -0.2956
2025-02-24 07:50:05 - INFO - No improvement for 12 epochs
2025-02-24 07:50:08 - INFO - [Train] Epoch 00022 | train_loss 126.8900 | train_rmse 41.9180 | lr 0.000230
2025-02-24 07:50:08 - INFO - [Validate] Epoch 00022 | valid_rmse 33.1983 | valid_pr 0.5969 | valid_criterion 12.1158 | score -0.2116
2025-02-24 07:50:08 - INFO - No improvement for 13 epochs
2025-02-24 07:50:11 - INFO - [Train] Epoch 00023 | train_loss 121.8150 | train_rmse 41.8924 | lr 0.000240
2025-02-24 07:50:11 - INFO - [Validate] Epoch 00023 | valid_rmse 31.5693 | valid_pr 0.6420 | valid_criterion 9.5147 | score 0.0485
2025-02-24 07:50:11 - INFO - No improvement for 14 epochs
2025-02-24 07:50:14 - INFO - [Train] Epoch 00024 | train_loss 112.6884 | train_rmse 41.5341 | lr 0.000250
2025-02-24 07:50:14 - INFO - [Validate] Epoch 00024 | valid_rmse 40.5124 | valid_pr 0.4127 | valid_criterion 24.8447 | score -1.4845
2025-02-24 07:50:14 - INFO - No improvement for 15 epochs
2025-02-24 07:50:17 - INFO - [Train] Epoch 00025 | train_loss 112.4341 | train_rmse 41.6801 | lr 0.000260
2025-02-24 07:50:17 - INFO - [Validate] Epoch 00025 | valid_rmse 28.5544 | valid_pr 0.3796 | valid_criterion 11.5898 | score -0.1590
2025-02-24 07:50:17 - INFO - No improvement for 16 epochs
2025-02-24 07:50:19 - INFO - [Train] Epoch 00026 | train_loss 107.0254 | train_rmse 40.9956 | lr 0.000270
2025-02-24 07:50:19 - INFO - [Validate] Epoch 00026 | valid_rmse 31.6525 | valid_pr 0.4919 | valid_criterion 22.1032 | score -1.2103
2025-02-24 07:50:19 - INFO - No improvement for 17 epochs
2025-02-24 07:50:22 - INFO - [Train] Epoch 00027 | train_loss 109.1107 | train_rmse 41.5446 | lr 0.000280
2025-02-24 07:50:22 - INFO - [Validate] Epoch 00027 | valid_rmse 35.7495 | valid_pr 0.4572 | valid_criterion 26.5087 | score -1.6509
2025-02-24 07:50:22 - INFO - No improvement for 18 epochs
2025-02-24 07:50:25 - INFO - [Train] Epoch 00028 | train_loss 101.4035 | train_rmse 40.8550 | lr 0.000290
2025-02-24 07:50:25 - INFO - [Validate] Epoch 00028 | valid_rmse 26.5062 | valid_pr 0.6916 | valid_criterion 11.2792 | score -0.1279
2025-02-24 07:50:25 - INFO - No improvement for 19 epochs
2025-02-24 07:50:28 - INFO - [Train] Epoch 00029 | train_loss 93.7274 | train_rmse 41.3164 | lr 0.000300
2025-02-24 07:50:28 - INFO - [Validate] Epoch 00029 | valid_rmse 39.1675 | valid_pr 0.3852 | valid_criterion 26.1383 | score -1.6138
2025-02-24 07:50:28 - INFO - No improvement for 20 epochs
2025-02-24 07:50:31 - INFO - [Train] Epoch 00030 | train_loss 85.8482 | train_rmse 40.7418 | lr 0.000310
2025-02-24 07:50:31 - INFO - [Validate] Epoch 00030 | valid_rmse 30.8014 | valid_pr 0.6045 | valid_criterion 16.8713 | score -0.6871
2025-02-24 07:50:31 - INFO - No improvement for 21 epochs
2025-02-24 07:50:34 - INFO - [Train] Epoch 00031 | train_loss 83.2933 | train_rmse 40.0702 | lr 0.000320
2025-02-24 07:50:34 - INFO - [Validate] Epoch 00031 | valid_rmse 32.9451 | valid_pr 0.5716 | valid_criterion 19.6326 | score -0.9633
2025-02-24 07:50:34 - INFO - No improvement for 22 epochs
2025-02-24 07:50:37 - INFO - [Train] Epoch 00032 | train_loss 74.6916 | train_rmse 38.2955 | lr 0.000330
2025-02-24 07:50:37 - INFO - [Validate] Epoch 00032 | valid_rmse 39.7377 | valid_pr 0.4447 | valid_criterion 32.9127 | score -2.2913
2025-02-24 07:50:37 - INFO - No improvement for 23 epochs
2025-02-24 07:50:39 - INFO - [Train] Epoch 00033 | train_loss 77.5099 | train_rmse 36.3980 | lr 0.000340
2025-02-24 07:50:39 - INFO - [Validate] Epoch 00033 | valid_rmse 37.3279 | valid_pr 0.4372 | valid_criterion 34.3642 | score -2.4364
2025-02-24 07:50:39 - INFO - No improvement for 24 epochs
2025-02-24 07:50:42 - INFO - [Train] Epoch 00034 | train_loss 65.0462 | train_rmse 34.7644 | lr 0.000350
2025-02-24 07:50:42 - INFO - [Validate] Epoch 00034 | valid_rmse 33.9054 | valid_pr 0.4687 | valid_criterion 34.7575 | score -2.4758
2025-02-24 07:50:42 - INFO - No improvement for 25 epochs
2025-02-24 07:50:45 - INFO - [Train] Epoch 00035 | train_loss 59.2836 | train_rmse 31.7736 | lr 0.000360
2025-02-24 07:50:45 - INFO - [Validate] Epoch 00035 | valid_rmse 31.8989 | valid_pr 0.4952 | valid_criterion 31.0847 | score -2.1085
2025-02-24 07:50:45 - INFO - No improvement for 26 epochs
2025-02-24 07:50:48 - INFO - [Train] Epoch 00036 | train_loss 47.7430 | train_rmse 29.8598 | lr 0.000370
2025-02-24 07:50:48 - INFO - [Validate] Epoch 00036 | valid_rmse 29.4349 | valid_pr 0.5054 | valid_criterion 28.5560 | score -1.8556
2025-02-24 07:50:48 - INFO - No improvement for 27 epochs
2025-02-24 07:50:51 - INFO - [Train] Epoch 00037 | train_loss 37.4117 | train_rmse 26.4480 | lr 0.000380
2025-02-24 07:50:51 - INFO - [Validate] Epoch 00037 | valid_rmse 26.2308 | valid_pr 0.6849 | valid_criterion 26.4644 | score -1.6464
2025-02-24 07:50:51 - INFO - No improvement for 28 epochs
2025-02-24 07:50:54 - INFO - [Train] Epoch 00038 | train_loss 29.6396 | train_rmse 21.3841 | lr 0.000390
2025-02-24 07:50:54 - INFO - [Validate] Epoch 00038 | valid_rmse 13.3872 | valid_pr 0.7908 | valid_criterion 13.2313 | score -0.3231
2025-02-24 07:50:54 - INFO - No improvement for 29 epochs
2025-02-24 07:50:57 - INFO - [Train] Epoch 00039 | train_loss 18.6037 | train_rmse 17.1568 | lr 0.000400
2025-02-24 07:50:57 - INFO - [Validate] Epoch 00039 | valid_rmse 14.5245 | valid_pr 0.8215 | valid_criterion 14.1812 | score -0.4181
2025-02-24 07:50:57 - INFO - No improvement for 30 epochs
2025-02-24 07:51:00 - INFO - [Train] Epoch 00040 | train_loss 13.0511 | train_rmse 13.1903 | lr 0.000410
2025-02-24 07:51:00 - INFO - [Validate] Epoch 00040 | valid_rmse 10.2357 | valid_pr 0.8992 | valid_criterion 7.7976 | score 0.2202
2025-02-24 07:51:00 - INFO - No improvement for 31 epochs
2025-02-24 07:51:02 - INFO - [Train] Epoch 00041 | train_loss 10.6489 | train_rmse 10.6147 | lr 0.000420
2025-02-24 07:51:02 - INFO - [Validate] Epoch 00041 | valid_rmse 6.3817 | valid_pr 0.9574 | valid_criterion 3.5804 | score 0.6420
2025-02-24 07:51:02 - INFO - No improvement for 32 epochs
2025-02-24 07:51:05 - INFO - [Train] Epoch 00042 | train_loss 8.4050 | train_rmse 8.6650 | lr 0.000430
2025-02-24 07:51:05 - INFO - [Validate] Epoch 00042 | valid_rmse 4.6926 | valid_pr 0.9725 | valid_criterion 2.2968 | score 0.7703
2025-02-24 07:51:05 - INFO - [Validate] Best score achieved: 0.770320
2025-02-24 07:51:08 - INFO - [Train] Epoch 00043 | train_loss 7.8008 | train_rmse 7.6355 | lr 0.000440
2025-02-24 07:51:08 - INFO - [Validate] Epoch 00043 | valid_rmse 3.4214 | valid_pr 0.9849 | valid_criterion 5.6111 | score 0.4389
2025-02-24 07:51:08 - INFO - No improvement for 1 epochs
2025-02-24 07:51:11 - INFO - [Train] Epoch 00044 | train_loss 7.7586 | train_rmse 7.6930 | lr 0.000450
2025-02-24 07:51:11 - INFO - [Validate] Epoch 00044 | valid_rmse 3.5615 | valid_pr 0.9860 | valid_criterion 3.9469 | score 0.6053
2025-02-24 07:51:11 - INFO - No improvement for 2 epochs
2025-02-24 07:51:14 - INFO - [Train] Epoch 00045 | train_loss 6.1023 | train_rmse 6.5450 | lr 0.000460
2025-02-24 07:51:14 - INFO - [Validate] Epoch 00045 | valid_rmse 3.3518 | valid_pr 0.9872 | valid_criterion 3.5526 | score 0.6447
2025-02-24 07:51:14 - INFO - No improvement for 3 epochs
2025-02-24 07:51:17 - INFO - [Train] Epoch 00046 | train_loss 6.6962 | train_rmse 6.7989 | lr 0.000470
2025-02-24 07:51:17 - INFO - [Validate] Epoch 00046 | valid_rmse 3.9059 | valid_pr 0.9847 | valid_criterion 6.8867 | score 0.3113
2025-02-24 07:51:17 - INFO - No improvement for 4 epochs
2025-02-24 07:51:20 - INFO - [Train] Epoch 00047 | train_loss 5.9602 | train_rmse 6.1788 | lr 0.000480
2025-02-24 07:51:20 - INFO - [Validate] Epoch 00047 | valid_rmse 4.9670 | valid_pr 0.9673 | valid_criterion 11.3557 | score -0.1356
2025-02-24 07:51:20 - INFO - No improvement for 5 epochs
2025-02-24 07:51:23 - INFO - [Train] Epoch 00048 | train_loss 6.8651 | train_rmse 6.5912 | lr 0.000490
2025-02-24 07:51:23 - INFO - [Validate] Epoch 00048 | valid_rmse 3.6513 | valid_pr 0.9883 | valid_criterion 4.5319 | score 0.5468
2025-02-24 07:51:23 - INFO - No improvement for 6 epochs
2025-02-24 07:51:26 - INFO - [Train] Epoch 00049 | train_loss 6.1206 | train_rmse 6.2655 | lr 0.000500
2025-02-24 07:51:26 - INFO - [Validate] Epoch 00049 | valid_rmse 3.3804 | valid_pr 0.9898 | valid_criterion 3.8167 | score 0.6183
2025-02-24 07:51:26 - INFO - No improvement for 7 epochs
2025-02-24 07:51:28 - INFO - [Train] Epoch 00050 | train_loss 6.7806 | train_rmse 6.6011 | lr 0.000500
2025-02-24 07:51:28 - INFO - [Validate] Epoch 00050 | valid_rmse 3.7895 | valid_pr 0.9830 | valid_criterion 6.9113 | score 0.3089
2025-02-24 07:51:28 - INFO - No improvement for 8 epochs
2025-02-24 07:51:31 - INFO - [Train] Epoch 00051 | train_loss 6.4048 | train_rmse 6.5367 | lr 0.000500
2025-02-24 07:51:31 - INFO - [Validate] Epoch 00051 | valid_rmse 5.1772 | valid_pr 0.9682 | valid_criterion 8.9981 | score 0.1002
2025-02-24 07:51:31 - INFO - No improvement for 9 epochs
2025-02-24 07:51:34 - INFO - [Train] Epoch 00052 | train_loss 6.2347 | train_rmse 6.5276 | lr 0.000500
2025-02-24 07:51:34 - INFO - [Validate] Epoch 00052 | valid_rmse 3.4486 | valid_pr 0.9908 | valid_criterion 4.4444 | score 0.5556
2025-02-24 07:51:34 - INFO - No improvement for 10 epochs
2025-02-24 07:51:37 - INFO - [Train] Epoch 00053 | train_loss 5.8070 | train_rmse 6.2230 | lr 0.000500
2025-02-24 07:51:37 - INFO - [Validate] Epoch 00053 | valid_rmse 4.4676 | valid_pr 0.9846 | valid_criterion 4.9779 | score 0.5022
2025-02-24 07:51:37 - INFO - No improvement for 11 epochs
2025-02-24 07:51:40 - INFO - [Train] Epoch 00054 | train_loss 5.8450 | train_rmse 5.9993 | lr 0.000500
2025-02-24 07:51:40 - INFO - [Validate] Epoch 00054 | valid_rmse 3.8632 | valid_pr 0.9893 | valid_criterion 6.2086 | score 0.3791
2025-02-24 07:51:40 - INFO - No improvement for 12 epochs
2025-02-24 07:51:43 - INFO - [Train] Epoch 00055 | train_loss 5.4678 | train_rmse 5.8744 | lr 0.000500
2025-02-24 07:51:43 - INFO - [Validate] Epoch 00055 | valid_rmse 6.1286 | valid_pr 0.9802 | valid_criterion 11.6581 | score -0.1658
2025-02-24 07:51:43 - INFO - No improvement for 13 epochs
2025-02-24 07:51:46 - INFO - [Train] Epoch 00056 | train_loss 6.4513 | train_rmse 6.6009 | lr 0.000500
2025-02-24 07:51:46 - INFO - [Validate] Epoch 00056 | valid_rmse 3.8699 | valid_pr 0.9856 | valid_criterion 2.9413 | score 0.7059
2025-02-24 07:51:46 - INFO - No improvement for 14 epochs
2025-02-24 07:51:48 - INFO - [Train] Epoch 00057 | train_loss 5.4580 | train_rmse 5.8401 | lr 0.000500
2025-02-24 07:51:48 - INFO - [Validate] Epoch 00057 | valid_rmse 2.7689 | valid_pr 0.9922 | valid_criterion 3.3308 | score 0.6669
2025-02-24 07:51:48 - INFO - No improvement for 15 epochs
2025-02-24 07:51:51 - INFO - [Train] Epoch 00058 | train_loss 6.5908 | train_rmse 6.6147 | lr 0.000500
2025-02-24 07:51:51 - INFO - [Validate] Epoch 00058 | valid_rmse 4.6499 | valid_pr 0.9895 | valid_criterion 6.5979 | score 0.3402
2025-02-24 07:51:51 - INFO - No improvement for 16 epochs
2025-02-24 07:51:54 - INFO - [Train] Epoch 00059 | train_loss 6.0841 | train_rmse 6.2904 | lr 0.000500
2025-02-24 07:51:54 - INFO - [Validate] Epoch 00059 | valid_rmse 2.8137 | valid_pr 0.9938 | valid_criterion 4.1915 | score 0.5808
2025-02-24 07:51:54 - INFO - No improvement for 17 epochs
2025-02-24 07:51:57 - INFO - [Train] Epoch 00060 | train_loss 6.0954 | train_rmse 6.3256 | lr 0.000500
2025-02-24 07:51:57 - INFO - [Validate] Epoch 00060 | valid_rmse 3.2548 | valid_pr 0.9907 | valid_criterion 4.2140 | score 0.5786
2025-02-24 07:51:57 - INFO - No improvement for 18 epochs
2025-02-24 07:52:00 - INFO - [Train] Epoch 00061 | train_loss 5.5469 | train_rmse 5.9228 | lr 0.000500
2025-02-24 07:52:00 - INFO - [Validate] Epoch 00061 | valid_rmse 5.1861 | valid_pr 0.9817 | valid_criterion 9.0523 | score 0.0948
2025-02-24 07:52:00 - INFO - No improvement for 19 epochs
2025-02-24 07:52:02 - INFO - [Train] Epoch 00062 | train_loss 6.0987 | train_rmse 6.3954 | lr 0.000500
2025-02-24 07:52:02 - INFO - [Validate] Epoch 00062 | valid_rmse 4.6921 | valid_pr 0.9854 | valid_criterion 8.3757 | score 0.1624
2025-02-24 07:52:02 - INFO - No improvement for 20 epochs
2025-02-24 07:52:05 - INFO - [Train] Epoch 00063 | train_loss 5.8105 | train_rmse 6.0284 | lr 0.000500
2025-02-24 07:52:05 - INFO - [Validate] Epoch 00063 | valid_rmse 3.0169 | valid_pr 0.9906 | valid_criterion 4.9010 | score 0.5099
2025-02-24 07:52:05 - INFO - No improvement for 21 epochs
2025-02-24 07:52:08 - INFO - [Train] Epoch 00064 | train_loss 5.0552 | train_rmse 5.5323 | lr 0.000500
2025-02-24 07:52:08 - INFO - [Validate] Epoch 00064 | valid_rmse 2.5587 | valid_pr 0.9937 | valid_criterion 4.7015 | score 0.5299
2025-02-24 07:52:08 - INFO - No improvement for 22 epochs
2025-02-24 07:52:11 - INFO - [Train] Epoch 00065 | train_loss 5.2090 | train_rmse 5.6365 | lr 0.000500
2025-02-24 07:52:11 - INFO - [Validate] Epoch 00065 | valid_rmse 2.8487 | valid_pr 0.9884 | valid_criterion 3.2612 | score 0.6739
2025-02-24 07:52:11 - INFO - No improvement for 23 epochs
2025-02-24 07:52:13 - INFO - [Train] Epoch 00066 | train_loss 6.2374 | train_rmse 6.4737 | lr 0.000500
2025-02-24 07:52:13 - INFO - [Validate] Epoch 00066 | valid_rmse 4.0404 | valid_pr 0.9945 | valid_criterion 4.3943 | score 0.5606
2025-02-24 07:52:13 - INFO - No improvement for 24 epochs
2025-02-24 07:52:16 - INFO - [Train] Epoch 00067 | train_loss 5.3503 | train_rmse 5.8766 | lr 0.000500
2025-02-24 07:52:16 - INFO - [Validate] Epoch 00067 | valid_rmse 3.0258 | valid_pr 0.9883 | valid_criterion 5.0764 | score 0.4924
2025-02-24 07:52:16 - INFO - No improvement for 25 epochs
2025-02-24 07:52:19 - INFO - [Train] Epoch 00068 | train_loss 5.5652 | train_rmse 6.0286 | lr 0.000500
2025-02-24 07:52:19 - INFO - [Validate] Epoch 00068 | valid_rmse 2.7786 | valid_pr 0.9902 | valid_criterion 5.8404 | score 0.4160
2025-02-24 07:52:19 - INFO - No improvement for 26 epochs
2025-02-24 07:52:22 - INFO - [Train] Epoch 00069 | train_loss 4.8574 | train_rmse 5.4671 | lr 0.000500
2025-02-24 07:52:22 - INFO - [Validate] Epoch 00069 | valid_rmse 4.1065 | valid_pr 0.9866 | valid_criterion 8.6923 | score 0.1308
2025-02-24 07:52:22 - INFO - No improvement for 27 epochs
2025-02-24 07:52:25 - INFO - [Train] Epoch 00070 | train_loss 6.9980 | train_rmse 6.8617 | lr 0.000500
2025-02-24 07:52:25 - INFO - [Validate] Epoch 00070 | valid_rmse 2.9997 | valid_pr 0.9927 | valid_criterion 3.8594 | score 0.6141
2025-02-24 07:52:25 - INFO - No improvement for 28 epochs
2025-02-24 07:52:28 - INFO - [Train] Epoch 00071 | train_loss 4.8394 | train_rmse 5.4449 | lr 0.000500
2025-02-24 07:52:28 - INFO - [Validate] Epoch 00071 | valid_rmse 3.0815 | valid_pr 0.9915 | valid_criterion 3.3109 | score 0.6689
2025-02-24 07:52:28 - INFO - No improvement for 29 epochs
2025-02-24 07:52:30 - INFO - [Train] Epoch 00072 | train_loss 5.1818 | train_rmse 5.6483 | lr 0.000500
2025-02-24 07:52:30 - INFO - [Validate] Epoch 00072 | valid_rmse 4.2520 | valid_pr 0.9831 | valid_criterion 8.0534 | score 0.1947
2025-02-24 07:52:30 - INFO - No improvement for 30 epochs
2025-02-24 07:52:33 - INFO - [Train] Epoch 00073 | train_loss 6.1939 | train_rmse 6.4077 | lr 0.000500
2025-02-24 07:52:33 - INFO - [Validate] Epoch 00073 | valid_rmse 2.3765 | valid_pr 0.9934 | valid_criterion 3.2387 | score 0.6761
2025-02-24 07:52:33 - INFO - No improvement for 31 epochs
2025-02-24 07:52:36 - INFO - [Train] Epoch 00074 | train_loss 5.4544 | train_rmse 5.6297 | lr 0.000500
2025-02-24 07:52:36 - INFO - [Validate] Epoch 00074 | valid_rmse 2.7156 | valid_pr 0.9928 | valid_criterion 4.7480 | score 0.5252
2025-02-24 07:52:36 - INFO - No improvement for 32 epochs
2025-02-24 07:52:39 - INFO - [Train] Epoch 00075 | train_loss 5.1475 | train_rmse 5.6179 | lr 0.000500
2025-02-24 07:52:39 - INFO - [Validate] Epoch 00075 | valid_rmse 3.4486 | valid_pr 0.9948 | valid_criterion 4.2243 | score 0.5776
2025-02-24 07:52:39 - INFO - No improvement for 33 epochs
2025-02-24 07:52:42 - INFO - [Train] Epoch 00076 | train_loss 4.8799 | train_rmse 5.4143 | lr 0.000500
2025-02-24 07:52:42 - INFO - [Validate] Epoch 00076 | valid_rmse 2.9157 | valid_pr 0.9939 | valid_criterion 3.8170 | score 0.6183
2025-02-24 07:52:42 - INFO - No improvement for 34 epochs
2025-02-24 07:52:45 - INFO - [Train] Epoch 00077 | train_loss 6.9685 | train_rmse 6.7511 | lr 0.000500
2025-02-24 07:52:45 - INFO - [Validate] Epoch 00077 | valid_rmse 4.8560 | valid_pr 0.9749 | valid_criterion 7.5319 | score 0.2468
2025-02-24 07:52:45 - INFO - No improvement for 35 epochs
2025-02-24 07:52:47 - INFO - [Train] Epoch 00078 | train_loss 5.0489 | train_rmse 5.6326 | lr 0.000500
2025-02-24 07:52:47 - INFO - [Validate] Epoch 00078 | valid_rmse 2.5417 | valid_pr 0.9932 | valid_criterion 5.6948 | score 0.4305
2025-02-24 07:52:47 - INFO - No improvement for 36 epochs
2025-02-24 07:52:50 - INFO - [Train] Epoch 00079 | train_loss 5.9772 | train_rmse 6.3258 | lr 0.000500
2025-02-24 07:52:50 - INFO - [Validate] Epoch 00079 | valid_rmse 3.1393 | valid_pr 0.9883 | valid_criterion 6.1088 | score 0.3891
2025-02-24 07:52:50 - INFO - No improvement for 37 epochs
2025-02-24 07:52:53 - INFO - [Train] Epoch 00080 | train_loss 6.1772 | train_rmse 6.3728 | lr 0.000500
2025-02-24 07:52:53 - INFO - [Validate] Epoch 00080 | valid_rmse 3.9493 | valid_pr 0.9918 | valid_criterion 5.5638 | score 0.4436
2025-02-24 07:52:53 - INFO - No improvement for 38 epochs
2025-02-24 07:52:56 - INFO - [Train] Epoch 00081 | train_loss 5.8307 | train_rmse 6.1468 | lr 0.000500
2025-02-24 07:52:56 - INFO - [Validate] Epoch 00081 | valid_rmse 2.8924 | valid_pr 0.9903 | valid_criterion 5.4313 | score 0.4569
2025-02-24 07:52:56 - INFO - No improvement for 39 epochs
2025-02-24 07:52:58 - INFO - [Train] Epoch 00082 | train_loss 5.7426 | train_rmse 6.2645 | lr 0.000500
2025-02-24 07:52:58 - INFO - [Validate] Epoch 00082 | valid_rmse 4.0129 | valid_pr 0.9907 | valid_criterion 6.6388 | score 0.3361
2025-02-24 07:52:58 - INFO - No improvement for 40 epochs
2025-02-24 07:53:01 - INFO - [Train] Epoch 00083 | train_loss 5.8091 | train_rmse 6.1295 | lr 0.000500
2025-02-24 07:53:01 - INFO - [Validate] Epoch 00083 | valid_rmse 3.2890 | valid_pr 0.9930 | valid_criterion 6.1145 | score 0.3886
2025-02-24 07:53:01 - INFO - No improvement for 41 epochs
2025-02-24 07:53:04 - INFO - [Train] Epoch 00084 | train_loss 5.7786 | train_rmse 6.1908 | lr 0.000500
2025-02-24 07:53:04 - INFO - [Validate] Epoch 00084 | valid_rmse 2.9726 | valid_pr 0.9908 | valid_criterion 3.1518 | score 0.6848
2025-02-24 07:53:04 - INFO - No improvement for 42 epochs
2025-02-24 07:53:07 - INFO - [Train] Epoch 00085 | train_loss 6.0559 | train_rmse 6.3110 | lr 0.000500
2025-02-24 07:53:07 - INFO - [Validate] Epoch 00085 | valid_rmse 2.7107 | valid_pr 0.9926 | valid_criterion 5.0790 | score 0.4921
2025-02-24 07:53:07 - INFO - No improvement for 43 epochs
2025-02-24 07:53:10 - INFO - [Train] Epoch 00086 | train_loss 5.1639 | train_rmse 5.6863 | lr 0.000500
2025-02-24 07:53:10 - INFO - [Validate] Epoch 00086 | valid_rmse 5.8256 | valid_pr 0.9840 | valid_criterion 10.1045 | score -0.0105
2025-02-24 07:53:10 - INFO - No improvement for 44 epochs
2025-02-24 07:53:13 - INFO - [Train] Epoch 00087 | train_loss 4.7398 | train_rmse 5.3048 | lr 0.000500
2025-02-24 07:53:13 - INFO - [Validate] Epoch 00087 | valid_rmse 4.0854 | valid_pr 0.9806 | valid_criterion 7.9046 | score 0.2095
2025-02-24 07:53:13 - INFO - No improvement for 45 epochs
2025-02-24 07:53:15 - INFO - [Train] Epoch 00088 | train_loss 5.8695 | train_rmse 6.1876 | lr 0.000500
2025-02-24 07:53:15 - INFO - [Validate] Epoch 00088 | valid_rmse 2.6439 | valid_pr 0.9900 | valid_criterion 3.4077 | score 0.6592
2025-02-24 07:53:15 - INFO - No improvement for 46 epochs
2025-02-24 07:53:18 - INFO - [Train] Epoch 00089 | train_loss 5.6729 | train_rmse 6.2302 | lr 0.000500
2025-02-24 07:53:18 - INFO - [Validate] Epoch 00089 | valid_rmse 2.3113 | valid_pr 0.9946 | valid_criterion 3.6465 | score 0.6354
2025-02-24 07:53:18 - INFO - No improvement for 47 epochs
2025-02-24 07:53:21 - INFO - [Train] Epoch 00090 | train_loss 4.7724 | train_rmse 5.4468 | lr 0.000500
2025-02-24 07:53:21 - INFO - [Validate] Epoch 00090 | valid_rmse 4.3043 | valid_pr 0.9908 | valid_criterion 5.6870 | score 0.4313
2025-02-24 07:53:21 - INFO - No improvement for 48 epochs
2025-02-24 07:53:24 - INFO - [Train] Epoch 00091 | train_loss 6.8557 | train_rmse 6.8197 | lr 0.000500
2025-02-24 07:53:24 - INFO - [Validate] Epoch 00091 | valid_rmse 3.5420 | valid_pr 0.9840 | valid_criterion 6.5120 | score 0.3488
2025-02-24 07:53:24 - INFO - No improvement for 49 epochs
2025-02-24 07:53:26 - INFO - [Train] Epoch 00092 | train_loss 4.8939 | train_rmse 5.6213 | lr 0.000500
2025-02-24 07:53:26 - INFO - [Validate] Epoch 00092 | valid_rmse 3.5822 | valid_pr 0.9901 | valid_criterion 6.4452 | score 0.3555
2025-02-24 07:53:26 - INFO - No improvement for 50 epochs
2025-02-24 07:53:29 - INFO - [Train] Epoch 00093 | train_loss 4.7567 | train_rmse 5.3374 | lr 0.000500
2025-02-24 07:53:29 - INFO - [Validate] Epoch 00093 | valid_rmse 3.2098 | valid_pr 0.9881 | valid_criterion 5.5120 | score 0.4488
2025-02-24 07:53:29 - INFO - No improvement for 51 epochs
2025-02-24 07:53:32 - INFO - [Train] Epoch 00094 | train_loss 5.7931 | train_rmse 6.2175 | lr 0.000500
2025-02-24 07:53:32 - INFO - [Validate] Epoch 00094 | valid_rmse 3.1720 | valid_pr 0.9929 | valid_criterion 4.7003 | score 0.5300
2025-02-24 07:53:32 - INFO - No improvement for 52 epochs
2025-02-24 07:53:35 - INFO - [Train] Epoch 00095 | train_loss 5.4994 | train_rmse 6.1344 | lr 0.000500
2025-02-24 07:53:35 - INFO - [Validate] Epoch 00095 | valid_rmse 3.4077 | valid_pr 0.9893 | valid_criterion 4.5644 | score 0.5436
2025-02-24 07:53:35 - INFO - No improvement for 53 epochs
2025-02-24 07:53:38 - INFO - [Train] Epoch 00096 | train_loss 5.3489 | train_rmse 5.7461 | lr 0.000500
2025-02-24 07:53:38 - INFO - [Validate] Epoch 00096 | valid_rmse 3.6981 | valid_pr 0.9920 | valid_criterion 5.0245 | score 0.4976
2025-02-24 07:53:38 - INFO - No improvement for 54 epochs
2025-02-24 07:53:41 - INFO - [Train] Epoch 00097 | train_loss 5.0154 | train_rmse 5.5796 | lr 0.000500
2025-02-24 07:53:41 - INFO - [Validate] Epoch 00097 | valid_rmse 4.8637 | valid_pr 0.9819 | valid_criterion 10.1595 | score -0.0159
2025-02-24 07:53:41 - INFO - No improvement for 55 epochs
2025-02-24 07:53:43 - INFO - [Train] Epoch 00098 | train_loss 5.2287 | train_rmse 5.6956 | lr 0.000500
2025-02-24 07:53:43 - INFO - [Validate] Epoch 00098 | valid_rmse 2.8762 | valid_pr 0.9933 | valid_criterion 4.6248 | score 0.5375
2025-02-24 07:53:43 - INFO - No improvement for 56 epochs
2025-02-24 07:53:46 - INFO - [Train] Epoch 00099 | train_loss 5.7985 | train_rmse 6.1533 | lr 0.000500
2025-02-24 07:53:46 - INFO - [Validate] Epoch 00099 | valid_rmse 3.0189 | valid_pr 0.9904 | valid_criterion 5.8148 | score 0.4185
2025-02-24 07:53:46 - INFO - No improvement for 57 epochs
2025-02-24 07:53:49 - INFO - [Train] Epoch 00100 | train_loss 4.1941 | train_rmse 4.8744 | lr 0.000500
2025-02-24 07:53:49 - INFO - [Validate] Epoch 00100 | valid_rmse 2.1705 | valid_pr 0.9950 | valid_criterion 1.8158 | score 0.8184
2025-02-24 07:53:49 - INFO - [Validate] Best score achieved: 0.818424
2025-02-24 07:53:52 - INFO - [Train] Epoch 00101 | train_loss 5.0300 | train_rmse 5.5557 | lr 0.000500
2025-02-24 07:53:52 - INFO - [Validate] Epoch 00101 | valid_rmse 4.2653 | valid_pr 0.9921 | valid_criterion 7.5455 | score 0.2455
2025-02-24 07:53:52 - INFO - No improvement for 1 epochs
2025-02-24 07:53:55 - INFO - [Train] Epoch 00102 | train_loss 5.8160 | train_rmse 6.1693 | lr 0.000500
2025-02-24 07:53:55 - INFO - [Validate] Epoch 00102 | valid_rmse 2.9824 | valid_pr 0.9906 | valid_criterion 6.2633 | score 0.3737
2025-02-24 07:53:55 - INFO - No improvement for 2 epochs
2025-02-24 07:53:58 - INFO - [Train] Epoch 00103 | train_loss 5.2697 | train_rmse 5.8294 | lr 0.000500
2025-02-24 07:53:58 - INFO - [Validate] Epoch 00103 | valid_rmse 3.3249 | valid_pr 0.9897 | valid_criterion 3.0052 | score 0.6995
2025-02-24 07:53:58 - INFO - No improvement for 3 epochs
2025-02-24 07:54:01 - INFO - [Train] Epoch 00104 | train_loss 5.0713 | train_rmse 5.7264 | lr 0.000500
2025-02-24 07:54:01 - INFO - [Validate] Epoch 00104 | valid_rmse 3.9705 | valid_pr 0.9930 | valid_criterion 6.8846 | score 0.3115
2025-02-24 07:54:01 - INFO - No improvement for 4 epochs
2025-02-24 07:54:03 - INFO - [Train] Epoch 00105 | train_loss 5.1064 | train_rmse 5.5746 | lr 0.000500
2025-02-24 07:54:03 - INFO - [Validate] Epoch 00105 | valid_rmse 3.3545 | valid_pr 0.9953 | valid_criterion 3.4794 | score 0.6521
2025-02-24 07:54:03 - INFO - No improvement for 5 epochs
2025-02-24 07:54:06 - INFO - [Train] Epoch 00106 | train_loss 4.3682 | train_rmse 5.1658 | lr 0.000500
2025-02-24 07:54:06 - INFO - [Validate] Epoch 00106 | valid_rmse 3.4183 | valid_pr 0.9894 | valid_criterion 6.5459 | score 0.3454
2025-02-24 07:54:06 - INFO - No improvement for 6 epochs
2025-02-24 07:54:09 - INFO - [Train] Epoch 00107 | train_loss 5.1172 | train_rmse 5.6049 | lr 0.000500
2025-02-24 07:54:09 - INFO - [Validate] Epoch 00107 | valid_rmse 3.9699 | valid_pr 0.9940 | valid_criterion 4.7823 | score 0.5218
2025-02-24 07:54:09 - INFO - No improvement for 7 epochs
2025-02-24 07:54:12 - INFO - [Train] Epoch 00108 | train_loss 5.2176 | train_rmse 5.7927 | lr 0.000500
2025-02-24 07:54:12 - INFO - [Validate] Epoch 00108 | valid_rmse 3.8593 | valid_pr 0.9938 | valid_criterion 5.0354 | score 0.4965
2025-02-24 07:54:12 - INFO - No improvement for 8 epochs
2025-02-24 07:54:15 - INFO - [Train] Epoch 00109 | train_loss 5.6567 | train_rmse 6.0244 | lr 0.000500
2025-02-24 07:54:15 - INFO - [Validate] Epoch 00109 | valid_rmse 5.2700 | valid_pr 0.9910 | valid_criterion 7.7237 | score 0.2276
2025-02-24 07:54:15 - INFO - No improvement for 9 epochs
2025-02-24 07:54:36 - INFO - [Train] Epoch 00110 | train_loss 4.5457 | train_rmse 5.2716 | lr 0.000500
2025-02-24 07:54:36 - INFO - [Validate] Epoch 00110 | valid_rmse 4.1766 | valid_pr 0.9921 | valid_criterion 6.9550 | score 0.3045
2025-02-24 07:54:36 - INFO - No improvement for 10 epochs
2025-02-24 07:54:39 - INFO - [Train] Epoch 00111 | train_loss 5.2651 | train_rmse 5.8536 | lr 0.000500
2025-02-24 07:54:39 - INFO - [Validate] Epoch 00111 | valid_rmse 4.1458 | valid_pr 0.9935 | valid_criterion 6.9427 | score 0.3057
2025-02-24 07:54:39 - INFO - No improvement for 11 epochs
2025-02-24 07:54:42 - INFO - [Train] Epoch 00112 | train_loss 5.4670 | train_rmse 5.8954 | lr 0.000500
2025-02-24 07:54:42 - INFO - [Validate] Epoch 00112 | valid_rmse 2.7643 | valid_pr 0.9924 | valid_criterion 3.6273 | score 0.6373
2025-02-24 07:54:42 - INFO - No improvement for 12 epochs
2025-02-24 07:54:45 - INFO - [Train] Epoch 00113 | train_loss 5.1431 | train_rmse 5.8333 | lr 0.000500
2025-02-24 07:54:45 - INFO - [Validate] Epoch 00113 | valid_rmse 4.4503 | valid_pr 0.9727 | valid_criterion 9.5587 | score 0.0441
2025-02-24 07:54:45 - INFO - No improvement for 13 epochs
2025-02-24 07:54:48 - INFO - [Train] Epoch 00114 | train_loss 5.1983 | train_rmse 5.8131 | lr 0.000500
2025-02-24 07:54:48 - INFO - [Validate] Epoch 00114 | valid_rmse 2.8903 | valid_pr 0.9946 | valid_criterion 3.7949 | score 0.6205
2025-02-24 07:54:48 - INFO - No improvement for 14 epochs
2025-02-24 07:54:51 - INFO - [Train] Epoch 00115 | train_loss 5.0983 | train_rmse 5.7962 | lr 0.000500
2025-02-24 07:54:51 - INFO - [Validate] Epoch 00115 | valid_rmse 3.5635 | valid_pr 0.9905 | valid_criterion 7.2955 | score 0.2705
2025-02-24 07:54:51 - INFO - No improvement for 15 epochs
2025-02-24 07:54:54 - INFO - [Train] Epoch 00116 | train_loss 4.7688 | train_rmse 5.3881 | lr 0.000500
2025-02-24 07:54:54 - INFO - [Validate] Epoch 00116 | valid_rmse 3.8218 | valid_pr 0.9915 | valid_criterion 4.0141 | score 0.5986
2025-02-24 07:54:54 - INFO - No improvement for 16 epochs
2025-02-24 07:54:56 - INFO - [Train] Epoch 00117 | train_loss 5.1884 | train_rmse 5.8354 | lr 0.000500
2025-02-24 07:54:56 - INFO - [Validate] Epoch 00117 | valid_rmse 3.8014 | valid_pr 0.9935 | valid_criterion 4.1653 | score 0.5835
2025-02-24 07:54:56 - INFO - No improvement for 17 epochs
2025-02-24 07:54:59 - INFO - [Train] Epoch 00118 | train_loss 5.5927 | train_rmse 6.1212 | lr 0.000500
2025-02-24 07:54:59 - INFO - [Validate] Epoch 00118 | valid_rmse 3.9090 | valid_pr 0.9883 | valid_criterion 7.3048 | score 0.2695
2025-02-24 07:54:59 - INFO - No improvement for 18 epochs
2025-02-24 07:55:02 - INFO - [Train] Epoch 00119 | train_loss 4.4610 | train_rmse 5.1720 | lr 0.000500
2025-02-24 07:55:02 - INFO - [Validate] Epoch 00119 | valid_rmse 2.9107 | valid_pr 0.9937 | valid_criterion 5.3283 | score 0.4672
2025-02-24 07:55:02 - INFO - No improvement for 19 epochs
2025-02-24 07:55:05 - INFO - [Train] Epoch 00120 | train_loss 5.8935 | train_rmse 6.5699 | lr 0.000500
2025-02-24 07:55:05 - INFO - [Validate] Epoch 00120 | valid_rmse 3.6939 | valid_pr 0.9935 | valid_criterion 3.6502 | score 0.6350
2025-02-24 07:55:05 - INFO - No improvement for 20 epochs
2025-02-24 07:55:08 - INFO - [Train] Epoch 00121 | train_loss 4.9289 | train_rmse 5.7146 | lr 0.000100
2025-02-24 07:55:08 - INFO - [Validate] Epoch 00121 | valid_rmse 2.9411 | valid_pr 0.9894 | valid_criterion 4.2901 | score 0.5710
2025-02-24 07:55:08 - INFO - No improvement for 21 epochs
2025-02-24 07:55:11 - INFO - [Train] Epoch 00122 | train_loss 6.8802 | train_rmse 6.8624 | lr 0.000100
2025-02-24 07:55:11 - INFO - [Validate] Epoch 00122 | valid_rmse 3.6585 | valid_pr 0.9894 | valid_criterion 6.5885 | score 0.3411
2025-02-24 07:55:11 - INFO - No improvement for 22 epochs
2025-02-24 07:55:13 - INFO - [Train] Epoch 00123 | train_loss 4.4831 | train_rmse 5.2044 | lr 0.000100
2025-02-24 07:55:13 - INFO - [Validate] Epoch 00123 | valid_rmse 3.2038 | valid_pr 0.9916 | valid_criterion 6.2902 | score 0.3710
2025-02-24 07:55:13 - INFO - No improvement for 23 epochs
2025-02-24 07:55:16 - INFO - [Train] Epoch 00124 | train_loss 5.4526 | train_rmse 6.0283 | lr 0.000100
2025-02-24 07:55:16 - INFO - [Validate] Epoch 00124 | valid_rmse 3.5463 | valid_pr 0.9929 | valid_criterion 5.7931 | score 0.4207
2025-02-24 07:55:16 - INFO - No improvement for 24 epochs
2025-02-24 07:55:39 - INFO - [Train] Epoch 00125 | train_loss 4.4978 | train_rmse 5.2369 | lr 0.000100
2025-02-24 07:55:39 - INFO - [Validate] Epoch 00125 | valid_rmse 2.9416 | valid_pr 0.9927 | valid_criterion 4.9977 | score 0.5002
2025-02-24 07:55:39 - INFO - No improvement for 25 epochs
2025-02-24 07:55:42 - INFO - [Train] Epoch 00126 | train_loss 5.0343 | train_rmse 5.7103 | lr 0.000100
2025-02-24 07:55:42 - INFO - [Validate] Epoch 00126 | valid_rmse 3.0729 | valid_pr 0.9916 | valid_criterion 5.1215 | score 0.4879
2025-02-24 07:55:42 - INFO - No improvement for 26 epochs
2025-02-24 07:55:45 - INFO - [Train] Epoch 00127 | train_loss 4.5772 | train_rmse 5.2658 | lr 0.000100
2025-02-24 07:55:45 - INFO - [Validate] Epoch 00127 | valid_rmse 3.1260 | valid_pr 0.9937 | valid_criterion 5.7112 | score 0.4289
2025-02-24 07:55:45 - INFO - No improvement for 27 epochs
2025-02-24 07:55:48 - INFO - [Train] Epoch 00128 | train_loss 4.5090 | train_rmse 5.1817 | lr 0.000100
2025-02-24 07:55:48 - INFO - [Validate] Epoch 00128 | valid_rmse 2.4809 | valid_pr 0.9942 | valid_criterion 3.4231 | score 0.6577
2025-02-24 07:55:48 - INFO - No improvement for 28 epochs
2025-02-24 07:55:51 - INFO - [Train] Epoch 00129 | train_loss 4.7828 | train_rmse 5.4737 | lr 0.000100
2025-02-24 07:55:51 - INFO - [Validate] Epoch 00129 | valid_rmse 3.2297 | valid_pr 0.9913 | valid_criterion 5.8516 | score 0.4148
2025-02-24 07:55:51 - INFO - No improvement for 29 epochs
2025-02-24 07:55:53 - INFO - [Train] Epoch 00130 | train_loss 5.0217 | train_rmse 5.7971 | lr 0.000100
2025-02-24 07:55:53 - INFO - [Validate] Epoch 00130 | valid_rmse 3.8602 | valid_pr 0.9933 | valid_criterion 6.5285 | score 0.3471
2025-02-24 07:55:53 - INFO - No improvement for 30 epochs
2025-02-24 07:55:56 - INFO - [Train] Epoch 00131 | train_loss 4.6928 | train_rmse 5.3954 | lr 0.000100
2025-02-24 07:55:56 - INFO - [Validate] Epoch 00131 | valid_rmse 2.6374 | valid_pr 0.9950 | valid_criterion 4.1288 | score 0.5871
2025-02-24 07:55:56 - INFO - No improvement for 31 epochs
2025-02-24 07:55:59 - INFO - [Train] Epoch 00132 | train_loss 4.8976 | train_rmse 5.4040 | lr 0.000100
2025-02-24 07:55:59 - INFO - [Validate] Epoch 00132 | valid_rmse 3.2802 | valid_pr 0.9921 | valid_criterion 6.5807 | score 0.3419
2025-02-24 07:55:59 - INFO - No improvement for 32 epochs
2025-02-24 07:56:02 - INFO - [Train] Epoch 00133 | train_loss 5.8030 | train_rmse 6.3172 | lr 0.000100
2025-02-24 07:56:02 - INFO - [Validate] Epoch 00133 | valid_rmse 3.6252 | valid_pr 0.9931 | valid_criterion 6.3413 | score 0.3659
2025-02-24 07:56:02 - INFO - No improvement for 33 epochs
2025-02-24 07:56:05 - INFO - [Train] Epoch 00134 | train_loss 4.7903 | train_rmse 5.4915 | lr 0.000100
2025-02-24 07:56:05 - INFO - [Validate] Epoch 00134 | valid_rmse 3.9427 | valid_pr 0.9939 | valid_criterion 6.8317 | score 0.3168
2025-02-24 07:56:05 - INFO - No improvement for 34 epochs
2025-02-24 07:56:08 - INFO - [Train] Epoch 00135 | train_loss 4.7421 | train_rmse 5.4533 | lr 0.000100
2025-02-24 07:56:08 - INFO - [Validate] Epoch 00135 | valid_rmse 2.2745 | valid_pr 0.9943 | valid_criterion 3.6739 | score 0.6326
2025-02-24 07:56:08 - INFO - No improvement for 35 epochs
2025-02-24 07:56:39 - INFO - [Train] Epoch 00136 | train_loss 3.4538 | train_rmse 4.1551 | lr 0.000100
2025-02-24 07:56:39 - INFO - [Validate] Epoch 00136 | valid_rmse 3.2857 | valid_pr 0.9928 | valid_criterion 5.7800 | score 0.4220
2025-02-24 07:56:39 - INFO - No improvement for 36 epochs
2025-02-24 07:56:42 - INFO - [Train] Epoch 00137 | train_loss 4.9128 | train_rmse 5.6625 | lr 0.000100
2025-02-24 07:56:42 - INFO - [Validate] Epoch 00137 | valid_rmse 4.1128 | valid_pr 0.9949 | valid_criterion 6.4535 | score 0.3547
2025-02-24 07:56:42 - INFO - No improvement for 37 epochs
2025-02-24 07:56:45 - INFO - [Train] Epoch 00138 | train_loss 5.2466 | train_rmse 5.9789 | lr 0.000100
2025-02-24 07:56:45 - INFO - [Validate] Epoch 00138 | valid_rmse 2.6349 | valid_pr 0.9939 | valid_criterion 4.4917 | score 0.5508
2025-02-24 07:56:45 - INFO - No improvement for 38 epochs
2025-02-24 07:56:48 - INFO - [Train] Epoch 00139 | train_loss 5.4111 | train_rmse 6.0919 | lr 0.000100
2025-02-24 07:56:48 - INFO - [Validate] Epoch 00139 | valid_rmse 4.5744 | valid_pr 0.9940 | valid_criterion 7.2743 | score 0.2726
2025-02-24 07:56:48 - INFO - No improvement for 39 epochs
2025-02-24 07:56:51 - INFO - [Train] Epoch 00140 | train_loss 5.0959 | train_rmse 5.8016 | lr 0.000100
2025-02-24 07:56:51 - INFO - [Validate] Epoch 00140 | valid_rmse 2.3317 | valid_pr 0.9937 | valid_criterion 3.4732 | score 0.6527
2025-02-24 07:56:51 - INFO - No improvement for 40 epochs
2025-02-24 07:56:53 - INFO - [Train] Epoch 00141 | train_loss 4.9375 | train_rmse 5.8597 | lr 0.000100
2025-02-24 07:56:53 - INFO - [Validate] Epoch 00141 | valid_rmse 2.7197 | valid_pr 0.9936 | valid_criterion 4.3071 | score 0.5693
2025-02-24 07:56:53 - INFO - No improvement for 41 epochs
2025-02-24 07:56:56 - INFO - [Train] Epoch 00142 | train_loss 4.1892 | train_rmse 4.9494 | lr 0.000020
2025-02-24 07:56:56 - INFO - [Validate] Epoch 00142 | valid_rmse 3.7641 | valid_pr 0.9944 | valid_criterion 6.0523 | score 0.3948
2025-02-24 07:56:56 - INFO - No improvement for 42 epochs
2025-02-24 07:56:59 - INFO - [Train] Epoch 00143 | train_loss 4.8629 | train_rmse 5.5494 | lr 0.000020
2025-02-24 07:56:59 - INFO - [Validate] Epoch 00143 | valid_rmse 3.2517 | valid_pr 0.9944 | valid_criterion 5.6307 | score 0.4369
2025-02-24 07:56:59 - INFO - No improvement for 43 epochs
2025-02-24 07:57:02 - INFO - [Train] Epoch 00144 | train_loss 4.7452 | train_rmse 5.5955 | lr 0.000020
2025-02-24 07:57:02 - INFO - [Validate] Epoch 00144 | valid_rmse 2.9316 | valid_pr 0.9925 | valid_criterion 5.0319 | score 0.4968
2025-02-24 07:57:02 - INFO - No improvement for 44 epochs
2025-02-24 07:57:05 - INFO - [Train] Epoch 00145 | train_loss 4.7604 | train_rmse 5.5437 | lr 0.000020
2025-02-24 07:57:05 - INFO - [Validate] Epoch 00145 | valid_rmse 4.1983 | valid_pr 0.9944 | valid_criterion 6.9045 | score 0.3095
2025-02-24 07:57:05 - INFO - No improvement for 45 epochs
2025-02-24 07:57:07 - INFO - [Train] Epoch 00146 | train_loss 4.4411 | train_rmse 5.2050 | lr 0.000020
2025-02-24 07:57:07 - INFO - [Validate] Epoch 00146 | valid_rmse 3.0343 | valid_pr 0.9943 | valid_criterion 5.3521 | score 0.4648
2025-02-24 07:57:07 - INFO - No improvement for 46 epochs
2025-02-24 07:57:39 - INFO - [Train] Epoch 00147 | train_loss 5.0877 | train_rmse 5.7793 | lr 0.000020
2025-02-24 07:57:39 - INFO - [Validate] Epoch 00147 | valid_rmse 3.5701 | valid_pr 0.9927 | valid_criterion 7.0551 | score 0.2945
2025-02-24 07:57:39 - INFO - No improvement for 47 epochs
2025-02-24 07:57:42 - INFO - [Train] Epoch 00148 | train_loss 4.5378 | train_rmse 5.2032 | lr 0.000020
2025-02-24 07:57:42 - INFO - [Validate] Epoch 00148 | valid_rmse 3.0399 | valid_pr 0.9938 | valid_criterion 5.5311 | score 0.4469
2025-02-24 07:57:42 - INFO - No improvement for 48 epochs
2025-02-24 07:57:45 - INFO - [Train] Epoch 00149 | train_loss 4.5542 | train_rmse 5.2462 | lr 0.000020
2025-02-24 07:57:45 - INFO - [Validate] Epoch 00149 | valid_rmse 3.7672 | valid_pr 0.9940 | valid_criterion 6.8020 | score 0.3198
2025-02-24 07:57:45 - INFO - No improvement for 49 epochs
2025-02-24 07:57:48 - INFO - [Train] Epoch 00150 | train_loss 4.4584 | train_rmse 5.1228 | lr 0.000020
2025-02-24 07:57:48 - INFO - [Validate] Epoch 00150 | valid_rmse 3.4478 | valid_pr 0.9939 | valid_criterion 6.1303 | score 0.3870
2025-02-24 07:57:48 - INFO - No improvement for 50 epochs
2025-02-24 07:57:51 - INFO - [Train] Epoch 00151 | train_loss 4.6024 | train_rmse 5.2674 | lr 0.000020
2025-02-24 07:57:51 - INFO - [Validate] Epoch 00151 | valid_rmse 2.4847 | valid_pr 0.9930 | valid_criterion 4.1650 | score 0.5835
2025-02-24 07:57:51 - INFO - No improvement for 51 epochs
2025-02-24 07:57:53 - INFO - [Train] Epoch 00152 | train_loss 3.9770 | train_rmse 4.9028 | lr 0.000020
2025-02-24 07:57:53 - INFO - [Validate] Epoch 00152 | valid_rmse 3.1696 | valid_pr 0.9925 | valid_criterion 5.9081 | score 0.4092
2025-02-24 07:57:53 - INFO - No improvement for 52 epochs
2025-02-24 07:57:56 - INFO - [Train] Epoch 00153 | train_loss 5.0509 | train_rmse 5.7886 | lr 0.000020
2025-02-24 07:57:56 - INFO - [Validate] Epoch 00153 | valid_rmse 3.6748 | valid_pr 0.9947 | valid_criterion 6.9478 | score 0.3052
2025-02-24 07:57:56 - INFO - No improvement for 53 epochs
2025-02-24 07:57:59 - INFO - [Train] Epoch 00154 | train_loss 5.3208 | train_rmse 5.9348 | lr 0.000020
2025-02-24 07:57:59 - INFO - [Validate] Epoch 00154 | valid_rmse 3.4355 | valid_pr 0.9951 | valid_criterion 5.9904 | score 0.4010
2025-02-24 07:57:59 - INFO - No improvement for 54 epochs
2025-02-24 07:58:02 - INFO - [Train] Epoch 00155 | train_loss 4.4876 | train_rmse 5.1998 | lr 0.000020
2025-02-24 07:58:02 - INFO - [Validate] Epoch 00155 | valid_rmse 3.1988 | valid_pr 0.9951 | valid_criterion 5.6523 | score 0.4348
2025-02-24 07:58:02 - INFO - No improvement for 55 epochs
2025-02-24 07:58:05 - INFO - [Train] Epoch 00156 | train_loss 4.2362 | train_rmse 5.0539 | lr 0.000020
2025-02-24 07:58:05 - INFO - [Validate] Epoch 00156 | valid_rmse 2.9809 | valid_pr 0.9942 | valid_criterion 5.6533 | score 0.4347
2025-02-24 07:58:05 - INFO - No improvement for 56 epochs
2025-02-24 07:58:07 - INFO - [Train] Epoch 00157 | train_loss 4.5513 | train_rmse 5.2574 | lr 0.000020
2025-02-24 07:58:07 - INFO - [Validate] Epoch 00157 | valid_rmse 2.5814 | valid_pr 0.9933 | valid_criterion 4.8346 | score 0.5165
2025-02-24 07:58:07 - INFO - No improvement for 57 epochs
2025-02-24 07:58:12 - INFO - [Train] Epoch 00158 | train_loss 4.0625 | train_rmse 4.9193 | lr 0.000020
2025-02-24 07:58:12 - INFO - [Validate] Epoch 00158 | valid_rmse 2.7020 | valid_pr 0.9933 | valid_criterion 5.1100 | score 0.4890
2025-02-24 07:58:12 - INFO - No improvement for 58 epochs
2025-02-24 07:58:15 - INFO - [Train] Epoch 00159 | train_loss 5.4063 | train_rmse 5.9666 | lr 0.000020
2025-02-24 07:58:15 - INFO - [Validate] Epoch 00159 | valid_rmse 4.6990 | valid_pr 0.9935 | valid_criterion 8.1286 | score 0.1871
2025-02-24 07:58:15 - INFO - No improvement for 59 epochs
2025-02-24 07:58:18 - INFO - [Train] Epoch 00160 | train_loss 5.0940 | train_rmse 5.7511 | lr 0.000020
2025-02-24 07:58:18 - INFO - [Validate] Epoch 00160 | valid_rmse 4.0496 | valid_pr 0.9946 | valid_criterion 6.7488 | score 0.3251
2025-02-24 07:58:18 - INFO - No improvement for 60 epochs
2025-02-24 07:58:21 - INFO - [Train] Epoch 00161 | train_loss 4.8904 | train_rmse 5.4181 | lr 0.000020
2025-02-24 07:58:21 - INFO - [Validate] Epoch 00161 | valid_rmse 3.0891 | valid_pr 0.9954 | valid_criterion 5.2502 | score 0.4750
2025-02-24 07:58:21 - INFO - No improvement for 61 epochs
2025-02-24 07:58:23 - INFO - [Train] Epoch 00162 | train_loss 5.5779 | train_rmse 6.0923 | lr 0.000020
2025-02-24 07:58:23 - INFO - [Validate] Epoch 00162 | valid_rmse 2.6889 | valid_pr 0.9950 | valid_criterion 4.9625 | score 0.5037
2025-02-24 07:58:23 - INFO - No improvement for 62 epochs
2025-02-24 07:58:26 - INFO - [Train] Epoch 00163 | train_loss 4.7044 | train_rmse 5.4905 | lr 0.000004
2025-02-24 07:58:26 - INFO - [Validate] Epoch 00163 | valid_rmse 3.1901 | valid_pr 0.9944 | valid_criterion 5.3198 | score 0.4680
2025-02-24 07:58:26 - INFO - No improvement for 63 epochs
2025-02-24 07:58:29 - INFO - [Train] Epoch 00164 | train_loss 4.5912 | train_rmse 5.3330 | lr 0.000004
2025-02-24 07:58:29 - INFO - [Validate] Epoch 00164 | valid_rmse 3.6006 | valid_pr 0.9941 | valid_criterion 6.5901 | score 0.3410
2025-02-24 07:58:29 - INFO - No improvement for 64 epochs
2025-02-24 07:58:32 - INFO - [Train] Epoch 00165 | train_loss 5.5380 | train_rmse 6.1813 | lr 0.000004
2025-02-24 07:58:32 - INFO - [Validate] Epoch 00165 | valid_rmse 2.7593 | valid_pr 0.9937 | valid_criterion 5.1007 | score 0.4899
2025-02-24 07:58:32 - INFO - No improvement for 65 epochs
2025-02-24 07:58:34 - INFO - [Train] Epoch 00166 | train_loss 4.5120 | train_rmse 5.2947 | lr 0.000004
2025-02-24 07:58:34 - INFO - [Validate] Epoch 00166 | valid_rmse 2.6892 | valid_pr 0.9945 | valid_criterion 3.5646 | score 0.6435
2025-02-24 07:58:34 - INFO - No improvement for 66 epochs
2025-02-24 07:58:37 - INFO - [Train] Epoch 00167 | train_loss 4.8313 | train_rmse 5.5619 | lr 0.000004
2025-02-24 07:58:37 - INFO - [Validate] Epoch 00167 | valid_rmse 3.0872 | valid_pr 0.9936 | valid_criterion 6.2012 | score 0.3799
2025-02-24 07:58:37 - INFO - No improvement for 67 epochs
2025-02-24 07:58:40 - INFO - [Train] Epoch 00168 | train_loss 5.1684 | train_rmse 5.9376 | lr 0.000004
2025-02-24 07:58:40 - INFO - [Validate] Epoch 00168 | valid_rmse 2.7133 | valid_pr 0.9940 | valid_criterion 4.8503 | score 0.5150
2025-02-24 07:58:40 - INFO - No improvement for 68 epochs
2025-02-24 07:58:43 - INFO - [Train] Epoch 00169 | train_loss 5.7668 | train_rmse 6.3065 | lr 0.000004
2025-02-24 07:58:43 - INFO - [Validate] Epoch 00169 | valid_rmse 2.8349 | valid_pr 0.9945 | valid_criterion 4.7500 | score 0.5250
2025-02-24 07:58:43 - INFO - No improvement for 69 epochs
2025-02-24 07:58:46 - INFO - [Train] Epoch 00170 | train_loss 4.7235 | train_rmse 5.4985 | lr 0.000004
2025-02-24 07:58:46 - INFO - [Validate] Epoch 00170 | valid_rmse 3.7228 | valid_pr 0.9943 | valid_criterion 6.6626 | score 0.3337
2025-02-24 07:58:46 - INFO - No improvement for 70 epochs
2025-02-24 07:58:49 - INFO - [Train] Epoch 00171 | train_loss 5.1893 | train_rmse 5.8301 | lr 0.000004
2025-02-24 07:58:49 - INFO - [Validate] Epoch 00171 | valid_rmse 3.5074 | valid_pr 0.9942 | valid_criterion 6.2782 | score 0.3722
2025-02-24 07:58:49 - INFO - No improvement for 71 epochs
2025-02-24 07:58:51 - INFO - [Train] Epoch 00172 | train_loss 5.2037 | train_rmse 5.7207 | lr 0.000004
2025-02-24 07:58:51 - INFO - [Validate] Epoch 00172 | valid_rmse 3.6905 | valid_pr 0.9953 | valid_criterion 5.8402 | score 0.4160
2025-02-24 07:58:51 - INFO - No improvement for 72 epochs
2025-02-24 07:58:54 - INFO - [Train] Epoch 00173 | train_loss 4.6261 | train_rmse 5.4734 | lr 0.000004
2025-02-24 07:58:54 - INFO - [Validate] Epoch 00173 | valid_rmse 3.0618 | valid_pr 0.9937 | valid_criterion 6.0795 | score 0.3921
2025-02-24 07:58:54 - INFO - No improvement for 73 epochs
2025-02-24 07:58:57 - INFO - [Train] Epoch 00174 | train_loss 4.8841 | train_rmse 5.6117 | lr 0.000004
2025-02-24 07:58:57 - INFO - [Validate] Epoch 00174 | valid_rmse 3.1083 | valid_pr 0.9945 | valid_criterion 4.9952 | score 0.5005
2025-02-24 07:58:57 - INFO - No improvement for 74 epochs
2025-02-24 07:59:00 - INFO - [Train] Epoch 00175 | train_loss 4.5553 | train_rmse 5.3231 | lr 0.000004
2025-02-24 07:59:00 - INFO - [Validate] Epoch 00175 | valid_rmse 3.2136 | valid_pr 0.9950 | valid_criterion 5.7677 | score 0.4232
2025-02-24 07:59:00 - INFO - No improvement for 75 epochs
2025-02-24 07:59:03 - INFO - [Train] Epoch 00176 | train_loss 3.6555 | train_rmse 4.4269 | lr 0.000004
2025-02-24 07:59:03 - INFO - [Validate] Epoch 00176 | valid_rmse 2.9901 | valid_pr 0.9953 | valid_criterion 5.4310 | score 0.4569
2025-02-24 07:59:03 - INFO - No improvement for 76 epochs
2025-02-24 07:59:06 - INFO - [Train] Epoch 00177 | train_loss 4.9459 | train_rmse 5.7224 | lr 0.000004
2025-02-24 07:59:06 - INFO - [Validate] Epoch 00177 | valid_rmse 2.6349 | valid_pr 0.9946 | valid_criterion 5.0234 | score 0.4977
2025-02-24 07:59:06 - INFO - No improvement for 77 epochs
2025-02-24 07:59:08 - INFO - [Train] Epoch 00178 | train_loss 5.4677 | train_rmse 5.9986 | lr 0.000004
2025-02-24 07:59:08 - INFO - [Validate] Epoch 00178 | valid_rmse 2.7752 | valid_pr 0.9951 | valid_criterion 4.3818 | score 0.5618
2025-02-24 07:59:08 - INFO - No improvement for 78 epochs
2025-02-24 07:59:11 - INFO - [Train] Epoch 00179 | train_loss 3.3437 | train_rmse 4.0744 | lr 0.000004
2025-02-24 07:59:11 - INFO - [Validate] Epoch 00179 | valid_rmse 3.4188 | valid_pr 0.9942 | valid_criterion 6.3087 | score 0.3691
2025-02-24 07:59:11 - INFO - No improvement for 79 epochs
2025-02-24 07:59:14 - INFO - [Train] Epoch 00180 | train_loss 5.0102 | train_rmse 5.8611 | lr 0.000004
2025-02-24 07:59:14 - INFO - [Validate] Epoch 00180 | valid_rmse 3.7055 | valid_pr 0.9953 | valid_criterion 6.3985 | score 0.3602
2025-02-24 07:59:14 - INFO - No improvement for 80 epochs
2025-02-24 07:59:17 - INFO - [Train] Epoch 00181 | train_loss 4.6340 | train_rmse 5.3500 | lr 0.000004
2025-02-24 07:59:17 - INFO - [Validate] Epoch 00181 | valid_rmse 3.1322 | valid_pr 0.9952 | valid_criterion 5.4245 | score 0.4575
2025-02-24 07:59:17 - INFO - No improvement for 81 epochs
2025-02-24 07:59:20 - INFO - [Train] Epoch 00182 | train_loss 4.6781 | train_rmse 5.4340 | lr 0.000004
2025-02-24 07:59:20 - INFO - [Validate] Epoch 00182 | valid_rmse 2.7203 | valid_pr 0.9949 | valid_criterion 4.8092 | score 0.5191
2025-02-24 07:59:20 - INFO - No improvement for 82 epochs
2025-02-24 07:59:23 - INFO - [Train] Epoch 00183 | train_loss 5.0433 | train_rmse 5.7455 | lr 0.000004
2025-02-24 07:59:23 - INFO - [Validate] Epoch 00183 | valid_rmse 3.1405 | valid_pr 0.9934 | valid_criterion 5.9378 | score 0.4062
2025-02-24 07:59:23 - INFO - No improvement for 83 epochs
2025-02-24 07:59:25 - INFO - [Train] Epoch 00184 | train_loss 4.1925 | train_rmse 4.9182 | lr 0.000001
2025-02-24 07:59:25 - INFO - [Validate] Epoch 00184 | valid_rmse 2.6691 | valid_pr 0.9947 | valid_criterion 4.5873 | score 0.5413
2025-02-24 07:59:25 - INFO - No improvement for 84 epochs
2025-02-24 07:59:28 - INFO - [Train] Epoch 00185 | train_loss 4.2809 | train_rmse 5.0762 | lr 0.000001
2025-02-24 07:59:28 - INFO - [Validate] Epoch 00185 | valid_rmse 2.8902 | valid_pr 0.9942 | valid_criterion 4.9625 | score 0.5038
2025-02-24 07:59:28 - INFO - No improvement for 85 epochs
2025-02-24 07:59:31 - INFO - [Train] Epoch 00186 | train_loss 5.2911 | train_rmse 5.7813 | lr 0.000001
2025-02-24 07:59:31 - INFO - [Validate] Epoch 00186 | valid_rmse 2.2782 | valid_pr 0.9955 | valid_criterion 3.4168 | score 0.6583
2025-02-24 07:59:31 - INFO - No improvement for 86 epochs
2025-02-24 07:59:34 - INFO - [Train] Epoch 00187 | train_loss 4.4867 | train_rmse 5.2548 | lr 0.000001
2025-02-24 07:59:34 - INFO - [Validate] Epoch 00187 | valid_rmse 2.6348 | valid_pr 0.9940 | valid_criterion 5.0167 | score 0.4983
2025-02-24 07:59:34 - INFO - No improvement for 87 epochs
2025-02-24 07:59:37 - INFO - [Train] Epoch 00188 | train_loss 4.7654 | train_rmse 5.4700 | lr 0.000001
2025-02-24 07:59:37 - INFO - [Validate] Epoch 00188 | valid_rmse 2.5479 | valid_pr 0.9948 | valid_criterion 4.6856 | score 0.5314
2025-02-24 07:59:37 - INFO - No improvement for 88 epochs
2025-02-24 07:59:39 - INFO - [Train] Epoch 00189 | train_loss 4.2196 | train_rmse 4.9518 | lr 0.000001
2025-02-24 07:59:39 - INFO - [Validate] Epoch 00189 | valid_rmse 3.0082 | valid_pr 0.9951 | valid_criterion 5.1441 | score 0.4856
2025-02-24 07:59:39 - INFO - No improvement for 89 epochs
2025-02-24 07:59:42 - INFO - [Train] Epoch 00190 | train_loss 5.0746 | train_rmse 5.8241 | lr 0.000001
2025-02-24 07:59:42 - INFO - [Validate] Epoch 00190 | valid_rmse 3.5154 | valid_pr 0.9940 | valid_criterion 6.6145 | score 0.3385
2025-02-24 07:59:42 - INFO - No improvement for 90 epochs
2025-02-24 07:59:45 - INFO - [Train] Epoch 00191 | train_loss 4.9595 | train_rmse 5.6170 | lr 0.000001
2025-02-24 07:59:45 - INFO - [Validate] Epoch 00191 | valid_rmse 2.7619 | valid_pr 0.9942 | valid_criterion 5.1420 | score 0.4858
2025-02-24 07:59:45 - INFO - No improvement for 91 epochs
2025-02-24 07:59:48 - INFO - [Train] Epoch 00192 | train_loss 5.7215 | train_rmse 6.3265 | lr 0.000001
2025-02-24 07:59:48 - INFO - [Validate] Epoch 00192 | valid_rmse 3.9530 | valid_pr 0.9940 | valid_criterion 7.0829 | score 0.2917
2025-02-24 07:59:48 - INFO - No improvement for 92 epochs
2025-02-24 07:59:51 - INFO - [Train] Epoch 00193 | train_loss 5.1791 | train_rmse 5.8267 | lr 0.000001
2025-02-24 07:59:51 - INFO - [Validate] Epoch 00193 | valid_rmse 3.4195 | valid_pr 0.9941 | valid_criterion 6.5236 | score 0.3476
2025-02-24 07:59:51 - INFO - No improvement for 93 epochs
2025-02-24 07:59:53 - INFO - [Train] Epoch 00194 | train_loss 4.3341 | train_rmse 4.9290 | lr 0.000001
2025-02-24 07:59:53 - INFO - [Validate] Epoch 00194 | valid_rmse 2.8058 | valid_pr 0.9942 | valid_criterion 4.4896 | score 0.5510
2025-02-24 07:59:53 - INFO - No improvement for 94 epochs
2025-02-24 07:59:56 - INFO - [Train] Epoch 00195 | train_loss 5.4182 | train_rmse 5.9799 | lr 0.000001
2025-02-24 07:59:56 - INFO - [Validate] Epoch 00195 | valid_rmse 3.9091 | valid_pr 0.9935 | valid_criterion 7.1172 | score 0.2883
2025-02-24 07:59:56 - INFO - No improvement for 95 epochs
2025-02-24 07:59:59 - INFO - [Train] Epoch 00196 | train_loss 4.3180 | train_rmse 5.2154 | lr 0.000001
2025-02-24 07:59:59 - INFO - [Validate] Epoch 00196 | valid_rmse 3.1314 | valid_pr 0.9943 | valid_criterion 6.2024 | score 0.3798
2025-02-24 07:59:59 - INFO - No improvement for 96 epochs
2025-02-24 08:00:02 - INFO - [Train] Epoch 00197 | train_loss 5.5257 | train_rmse 6.1018 | lr 0.000001
2025-02-24 08:00:02 - INFO - [Validate] Epoch 00197 | valid_rmse 2.5852 | valid_pr 0.9930 | valid_criterion 4.3095 | score 0.5690
2025-02-24 08:00:02 - INFO - No improvement for 97 epochs
2025-02-24 08:00:05 - INFO - [Train] Epoch 00198 | train_loss 4.7376 | train_rmse 5.5057 | lr 0.000001
2025-02-24 08:00:05 - INFO - [Validate] Epoch 00198 | valid_rmse 2.4276 | valid_pr 0.9941 | valid_criterion 3.9381 | score 0.6062
2025-02-24 08:00:05 - INFO - No improvement for 98 epochs
2025-02-24 08:00:08 - INFO - [Train] Epoch 00199 | train_loss 4.6246 | train_rmse 5.4693 | lr 0.000001
2025-02-24 08:00:08 - INFO - [Validate] Epoch 00199 | valid_rmse 3.0258 | valid_pr 0.9945 | valid_criterion 5.6404 | score 0.4360
2025-02-24 08:00:08 - INFO - No improvement for 99 epochs
2025-02-24 08:00:11 - INFO - [Train] Epoch 00200 | train_loss 3.5476 | train_rmse 4.3589 | lr 0.000001
2025-02-24 08:00:11 - INFO - [Validate] Epoch 00200 | valid_rmse 2.8719 | valid_pr 0.9943 | valid_criterion 4.6961 | score 0.5304
2025-02-24 08:00:11 - INFO - No improvement for 100 epochs
2025-02-24 08:00:11 - INFO - Early stopping triggered. No improvement for 100 epochs
2025-02-24 08:00:11 - INFO - Best model was saved at epoch 100
2025-02-24 08:00:11 - INFO - [Validate] Epoch 00200 | valid_rmse1 2.170517 | valid_pr1 0.995043 | valid_criterion 1.815763
