2025-02-12 04:58:34 - INFO - /inspire/ssd/ws-f4d69b29-e0a5-44e6-bd92-acf4de9990f0/public-project/hurenling-241310070200/LamNet/model/LamNet/01.train.py
2025-02-12 04:58:34 - INFO - train data: 374
2025-02-12 04:58:34 - INFO - valid data: 88
2025-02-12 04:58:34 - INFO - Total parameters: 1212803
2025-02-12 04:58:34 - INFO - Trainable parameters: 1212803
2025-02-12 04:58:36 - INFO - [Train] Epoch 00000 | train_loss 721.3442 | train_rmse 41.3876 | lr 0.000010
2025-02-12 04:58:36 - INFO - [Validate] Epoch 00000 | valid_rmse 39.5817 | valid_pr 0.1511 | valid_criterion 18.7067 | score -0.8707
2025-02-12 04:58:36 - INFO - [Validate] Best score achieved: -0.870672
2025-02-12 04:58:38 - INFO - [Train] Epoch 00001 | train_loss 721.2227 | train_rmse 41.3991 | lr 0.000020
2025-02-12 04:58:38 - INFO - [Validate] Epoch 00001 | valid_rmse 38.6225 | valid_pr 0.0352 | valid_criterion 18.2876 | score -0.8288
2025-02-12 04:58:38 - INFO - [Validate] Best score achieved: -0.828763
2025-02-12 04:58:40 - INFO - [Train] Epoch 00002 | train_loss 720.8087 | train_rmse 41.3967 | lr 0.000030
2025-02-12 04:58:40 - INFO - [Validate] Epoch 00002 | valid_rmse 38.2128 | valid_pr 0.2294 | valid_criterion 17.6314 | score -0.7631
2025-02-12 04:58:40 - INFO - [Validate] Best score achieved: -0.763137
2025-02-12 04:58:42 - INFO - [Train] Epoch 00003 | train_loss 721.0062 | train_rmse 41.3966 | lr 0.000040
2025-02-12 04:58:42 - INFO - [Validate] Epoch 00003 | valid_rmse 38.3173 | valid_pr 0.1104 | valid_criterion 17.4813 | score -0.7481
2025-02-12 04:58:42 - INFO - [Validate] Best score achieved: -0.748127
2025-02-12 04:58:44 - INFO - [Train] Epoch 00004 | train_loss 719.6849 | train_rmse 41.3832 | lr 0.000050
2025-02-12 04:58:44 - INFO - [Validate] Epoch 00004 | valid_rmse 38.5518 | valid_pr 0.2032 | valid_criterion 17.8796 | score -0.7880
2025-02-12 04:58:44 - INFO - No improvement for 1 epochs
2025-02-12 04:58:46 - INFO - [Train] Epoch 00005 | train_loss 717.8685 | train_rmse 41.3757 | lr 0.000060
2025-02-12 04:58:46 - INFO - [Validate] Epoch 00005 | valid_rmse 38.6893 | valid_pr 0.3017 | valid_criterion 18.0771 | score -0.8077
2025-02-12 04:58:46 - INFO - No improvement for 2 epochs
2025-02-12 04:58:48 - INFO - [Train] Epoch 00006 | train_loss 717.3019 | train_rmse 41.3505 | lr 0.000070
2025-02-12 04:58:48 - INFO - [Validate] Epoch 00006 | valid_rmse 38.3071 | valid_pr 0.5738 | valid_criterion 17.1584 | score -0.7158
2025-02-12 04:58:48 - INFO - [Validate] Best score achieved: -0.715838
2025-02-12 04:58:50 - INFO - [Train] Epoch 00007 | train_loss 715.6748 | train_rmse 41.3641 | lr 0.000080
2025-02-12 04:58:50 - INFO - [Validate] Epoch 00007 | valid_rmse 38.0213 | valid_pr 0.2762 | valid_criterion 16.7670 | score -0.6767
2025-02-12 04:58:50 - INFO - [Validate] Best score achieved: -0.676697
2025-02-12 04:58:52 - INFO - [Train] Epoch 00008 | train_loss 714.1711 | train_rmse 41.3802 | lr 0.000090
2025-02-12 04:58:52 - INFO - [Validate] Epoch 00008 | valid_rmse 39.2578 | valid_pr -0.0114 | valid_criterion 17.8085 | score -0.7808
2025-02-12 04:58:52 - INFO - No improvement for 1 epochs
2025-02-12 04:58:54 - INFO - [Train] Epoch 00009 | train_loss 710.1249 | train_rmse 41.3885 | lr 0.000100
2025-02-12 04:58:54 - INFO - [Validate] Epoch 00009 | valid_rmse 38.6676 | valid_pr 0.0330 | valid_criterion 17.4727 | score -0.7473
2025-02-12 04:58:54 - INFO - No improvement for 2 epochs
2025-02-12 04:58:56 - INFO - [Train] Epoch 00010 | train_loss 703.4173 | train_rmse 41.2955 | lr 0.000110
2025-02-12 04:58:56 - INFO - [Validate] Epoch 00010 | valid_rmse 36.5505 | valid_pr 0.1866 | valid_criterion 15.1069 | score -0.5107
2025-02-12 04:58:56 - INFO - [Validate] Best score achieved: -0.510685
2025-02-12 04:58:58 - INFO - [Train] Epoch 00011 | train_loss 699.9149 | train_rmse 41.3956 | lr 0.000120
2025-02-12 04:58:58 - INFO - [Validate] Epoch 00011 | valid_rmse 35.2356 | valid_pr 0.1314 | valid_criterion 12.3083 | score -0.2308
2025-02-12 04:58:58 - INFO - [Validate] Best score achieved: -0.230834
2025-02-12 04:59:00 - INFO - [Train] Epoch 00012 | train_loss 690.3643 | train_rmse 41.3779 | lr 0.000130
2025-02-12 04:59:00 - INFO - [Validate] Epoch 00012 | valid_rmse 33.7842 | valid_pr 0.1813 | valid_criterion 10.9929 | score -0.0993
2025-02-12 04:59:00 - INFO - [Validate] Best score achieved: -0.099286
2025-02-12 04:59:02 - INFO - [Train] Epoch 00013 | train_loss 678.2127 | train_rmse 41.3126 | lr 0.000140
2025-02-12 04:59:02 - INFO - [Validate] Epoch 00013 | valid_rmse 32.1335 | valid_pr 0.2265 | valid_criterion 8.1190 | score 0.1881
2025-02-12 04:59:02 - INFO - [Validate] Best score achieved: 0.188097
2025-02-12 04:59:04 - INFO - [Train] Epoch 00014 | train_loss 678.0864 | train_rmse 41.3919 | lr 0.000150
2025-02-12 04:59:04 - INFO - [Validate] Epoch 00014 | valid_rmse 31.9770 | valid_pr 0.3150 | valid_criterion 6.6310 | score 0.3369
2025-02-12 04:59:04 - INFO - [Validate] Best score achieved: 0.336901
2025-02-12 04:59:07 - INFO - [Train] Epoch 00015 | train_loss 667.3387 | train_rmse 41.3416 | lr 0.000160
2025-02-12 04:59:07 - INFO - [Validate] Epoch 00015 | valid_rmse 32.1225 | valid_pr 0.3247 | valid_criterion 6.6089 | score 0.3391
2025-02-12 04:59:07 - INFO - [Validate] Best score achieved: 0.339110
2025-02-12 04:59:09 - INFO - [Train] Epoch 00016 | train_loss 654.1240 | train_rmse 41.5009 | lr 0.000170
2025-02-12 04:59:09 - INFO - [Validate] Epoch 00016 | valid_rmse 31.0394 | valid_pr 0.3746 | valid_criterion 5.8761 | score 0.4124
2025-02-12 04:59:09 - INFO - [Validate] Best score achieved: 0.412390
2025-02-12 04:59:11 - INFO - [Train] Epoch 00017 | train_loss 633.9129 | train_rmse 41.3499 | lr 0.000180
2025-02-12 04:59:11 - INFO - [Validate] Epoch 00017 | valid_rmse 33.0664 | valid_pr 0.4307 | valid_criterion 7.2939 | score 0.2706
2025-02-12 04:59:11 - INFO - No improvement for 1 epochs
2025-02-12 04:59:13 - INFO - [Train] Epoch 00018 | train_loss 617.4739 | train_rmse 41.0382 | lr 0.000190
2025-02-12 04:59:13 - INFO - [Validate] Epoch 00018 | valid_rmse 31.7574 | valid_pr 0.4567 | valid_criterion 8.0687 | score 0.1931
2025-02-12 04:59:13 - INFO - No improvement for 2 epochs
2025-02-12 04:59:15 - INFO - [Train] Epoch 00019 | train_loss 616.3725 | train_rmse 41.3796 | lr 0.000200
2025-02-12 04:59:15 - INFO - [Validate] Epoch 00019 | valid_rmse 31.7929 | valid_pr 0.5454 | valid_criterion 7.8282 | score 0.2172
2025-02-12 04:59:15 - INFO - No improvement for 3 epochs
2025-02-12 04:59:17 - INFO - [Train] Epoch 00020 | train_loss 579.6233 | train_rmse 40.8660 | lr 0.000210
2025-02-12 04:59:17 - INFO - [Validate] Epoch 00020 | valid_rmse 31.3015 | valid_pr 0.6692 | valid_criterion 8.7769 | score 0.1223
2025-02-12 04:59:17 - INFO - No improvement for 4 epochs
2025-02-12 04:59:19 - INFO - [Train] Epoch 00021 | train_loss 566.4319 | train_rmse 40.8445 | lr 0.000220
2025-02-12 04:59:19 - INFO - [Validate] Epoch 00021 | valid_rmse 34.4861 | valid_pr 0.6643 | valid_criterion 10.6431 | score -0.0643
2025-02-12 04:59:19 - INFO - No improvement for 5 epochs
2025-02-12 04:59:21 - INFO - [Train] Epoch 00022 | train_loss 552.9377 | train_rmse 40.7336 | lr 0.000230
2025-02-12 04:59:21 - INFO - [Validate] Epoch 00022 | valid_rmse 41.0183 | valid_pr 0.6539 | valid_criterion 16.3387 | score -0.6339
2025-02-12 04:59:21 - INFO - No improvement for 6 epochs
2025-02-12 04:59:23 - INFO - [Train] Epoch 00023 | train_loss 537.9854 | train_rmse 40.7639 | lr 0.000240
2025-02-12 04:59:23 - INFO - [Validate] Epoch 00023 | valid_rmse 31.6369 | valid_pr 0.6628 | valid_criterion 11.6499 | score -0.1650
2025-02-12 04:59:23 - INFO - No improvement for 7 epochs
2025-02-12 04:59:25 - INFO - [Train] Epoch 00024 | train_loss 510.2576 | train_rmse 40.5531 | lr 0.000250
2025-02-12 04:59:25 - INFO - [Validate] Epoch 00024 | valid_rmse 31.3927 | valid_pr 0.8077 | valid_criterion 13.8949 | score -0.3895
2025-02-12 04:59:25 - INFO - No improvement for 8 epochs
2025-02-12 04:59:27 - INFO - [Train] Epoch 00025 | train_loss 513.1855 | train_rmse 40.5765 | lr 0.000260
2025-02-12 04:59:27 - INFO - [Validate] Epoch 00025 | valid_rmse 31.2061 | valid_pr 0.7424 | valid_criterion 17.5709 | score -0.7571
2025-02-12 04:59:27 - INFO - No improvement for 9 epochs
2025-02-12 04:59:29 - INFO - [Train] Epoch 00026 | train_loss 490.5438 | train_rmse 39.9735 | lr 0.000270
2025-02-12 04:59:29 - INFO - [Validate] Epoch 00026 | valid_rmse 31.5650 | valid_pr 0.7217 | valid_criterion 18.5340 | score -0.8534
2025-02-12 04:59:29 - INFO - No improvement for 10 epochs
2025-02-12 04:59:31 - INFO - [Train] Epoch 00027 | train_loss 488.9100 | train_rmse 40.2683 | lr 0.000280
2025-02-12 04:59:31 - INFO - [Validate] Epoch 00027 | valid_rmse 31.1585 | valid_pr 0.6508 | valid_criterion 16.6757 | score -0.6676
2025-02-12 04:59:31 - INFO - No improvement for 11 epochs
2025-02-12 04:59:33 - INFO - [Train] Epoch 00028 | train_loss 440.8119 | train_rmse 39.9761 | lr 0.000290
2025-02-12 04:59:33 - INFO - [Validate] Epoch 00028 | valid_rmse 29.4122 | valid_pr 0.7909 | valid_criterion 13.5471 | score -0.3547
2025-02-12 04:59:33 - INFO - No improvement for 12 epochs
2025-02-12 04:59:35 - INFO - [Train] Epoch 00029 | train_loss 452.9945 | train_rmse 39.9252 | lr 0.000300
2025-02-12 04:59:35 - INFO - [Validate] Epoch 00029 | valid_rmse 25.3905 | valid_pr 0.7954 | valid_criterion 20.3608 | score -1.0361
2025-02-12 04:59:35 - INFO - No improvement for 13 epochs
2025-02-12 04:59:37 - INFO - [Train] Epoch 00030 | train_loss 417.7118 | train_rmse 39.5260 | lr 0.000310
2025-02-12 04:59:37 - INFO - [Validate] Epoch 00030 | valid_rmse 26.4132 | valid_pr 0.8141 | valid_criterion 17.9843 | score -0.7984
2025-02-12 04:59:37 - INFO - No improvement for 14 epochs
2025-02-12 04:59:39 - INFO - [Train] Epoch 00031 | train_loss 398.3275 | train_rmse 39.8384 | lr 0.000320
2025-02-12 04:59:39 - INFO - [Validate] Epoch 00031 | valid_rmse 28.9602 | valid_pr 0.8732 | valid_criterion 25.8577 | score -1.5858
2025-02-12 04:59:39 - INFO - No improvement for 15 epochs
2025-02-12 04:59:41 - INFO - [Train] Epoch 00032 | train_loss 394.8864 | train_rmse 38.5677 | lr 0.000330
2025-02-12 04:59:41 - INFO - [Validate] Epoch 00032 | valid_rmse 22.0380 | valid_pr 0.8215 | valid_criterion 16.8038 | score -0.6804
2025-02-12 04:59:41 - INFO - No improvement for 16 epochs
2025-02-12 04:59:43 - INFO - [Train] Epoch 00033 | train_loss 366.8119 | train_rmse 38.6952 | lr 0.000340
2025-02-12 04:59:43 - INFO - [Validate] Epoch 00033 | valid_rmse 29.1520 | valid_pr 0.7815 | valid_criterion 25.0077 | score -1.5008
2025-02-12 04:59:43 - INFO - No improvement for 17 epochs
2025-02-12 04:59:45 - INFO - [Train] Epoch 00034 | train_loss 351.6067 | train_rmse 38.4069 | lr 0.000350
2025-02-12 04:59:45 - INFO - [Validate] Epoch 00034 | valid_rmse 25.5966 | valid_pr 0.8996 | valid_criterion 24.4215 | score -1.4421
2025-02-12 04:59:45 - INFO - No improvement for 18 epochs
2025-02-12 04:59:47 - INFO - [Train] Epoch 00035 | train_loss 332.2992 | train_rmse 38.3659 | lr 0.000360
2025-02-12 04:59:47 - INFO - [Validate] Epoch 00035 | valid_rmse 21.7869 | valid_pr 0.8971 | valid_criterion 16.5019 | score -0.6502
2025-02-12 04:59:47 - INFO - No improvement for 19 epochs
2025-02-12 04:59:49 - INFO - [Train] Epoch 00036 | train_loss 300.6623 | train_rmse 37.1240 | lr 0.000370
2025-02-12 04:59:49 - INFO - [Validate] Epoch 00036 | valid_rmse 24.4209 | valid_pr 0.8673 | valid_criterion 20.8983 | score -1.0898
2025-02-12 04:59:49 - INFO - No improvement for 20 epochs
2025-02-12 04:59:51 - INFO - [Train] Epoch 00037 | train_loss 304.4083 | train_rmse 37.2982 | lr 0.000380
2025-02-12 04:59:51 - INFO - [Validate] Epoch 00037 | valid_rmse 27.8463 | valid_pr 0.8501 | valid_criterion 31.0829 | score -2.1083
2025-02-12 04:59:51 - INFO - No improvement for 21 epochs
2025-02-12 04:59:53 - INFO - [Train] Epoch 00038 | train_loss 285.8263 | train_rmse 33.7970 | lr 0.000390
2025-02-12 04:59:53 - INFO - [Validate] Epoch 00038 | valid_rmse 18.1069 | valid_pr 0.8606 | valid_criterion 24.0775 | score -1.4078
2025-02-12 04:59:53 - INFO - No improvement for 22 epochs
2025-02-12 04:59:55 - INFO - [Train] Epoch 00039 | train_loss 263.2066 | train_rmse 32.6081 | lr 0.000400
2025-02-12 04:59:55 - INFO - [Validate] Epoch 00039 | valid_rmse 18.9028 | valid_pr 0.9156 | valid_criterion 19.7077 | score -0.9708
2025-02-12 04:59:55 - INFO - No improvement for 23 epochs
2025-02-12 04:59:57 - INFO - [Train] Epoch 00040 | train_loss 235.5949 | train_rmse 31.6853 | lr 0.000410
2025-02-12 04:59:57 - INFO - [Validate] Epoch 00040 | valid_rmse 17.6568 | valid_pr 0.9639 | valid_criterion 12.4544 | score -0.2454
2025-02-12 04:59:57 - INFO - No improvement for 24 epochs
2025-02-12 04:59:59 - INFO - [Train] Epoch 00041 | train_loss 194.9308 | train_rmse 29.8151 | lr 0.000420
2025-02-12 04:59:59 - INFO - [Validate] Epoch 00041 | valid_rmse 17.0191 | valid_pr 0.9611 | valid_criterion 17.2523 | score -0.7252
2025-02-12 04:59:59 - INFO - No improvement for 25 epochs
2025-02-12 05:00:01 - INFO - [Train] Epoch 00042 | train_loss 178.4301 | train_rmse 27.0745 | lr 0.000430
2025-02-12 05:00:01 - INFO - [Validate] Epoch 00042 | valid_rmse 20.1033 | valid_pr 0.9726 | valid_criterion 25.7043 | score -1.5704
2025-02-12 05:00:01 - INFO - No improvement for 26 epochs
2025-02-12 05:00:04 - INFO - [Train] Epoch 00043 | train_loss 141.0044 | train_rmse 24.2334 | lr 0.000440
2025-02-12 05:00:04 - INFO - [Validate] Epoch 00043 | valid_rmse 11.5756 | valid_pr 0.9753 | valid_criterion 12.9925 | score -0.2992
2025-02-12 05:00:04 - INFO - No improvement for 27 epochs
2025-02-12 05:00:06 - INFO - [Train] Epoch 00044 | train_loss 106.0730 | train_rmse 21.5008 | lr 0.000450
2025-02-12 05:00:06 - INFO - [Validate] Epoch 00044 | valid_rmse 8.4781 | valid_pr 0.9682 | valid_criterion 2.2295 | score 0.7771
2025-02-12 05:00:06 - INFO - [Validate] Best score achieved: 0.777052
2025-02-12 05:00:08 - INFO - [Train] Epoch 00045 | train_loss 86.3856 | train_rmse 18.3054 | lr 0.000460
2025-02-12 05:00:08 - INFO - [Validate] Epoch 00045 | valid_rmse 7.5566 | valid_pr 0.9524 | valid_criterion 4.7906 | score 0.5209
2025-02-12 05:00:08 - INFO - No improvement for 1 epochs
2025-02-12 05:00:34 - INFO - [Train] Epoch 00046 | train_loss 55.2041 | train_rmse 14.3474 | lr 0.000470
2025-02-12 05:00:34 - INFO - [Validate] Epoch 00046 | valid_rmse 10.5134 | valid_pr 0.9627 | valid_criterion 6.4254 | score 0.3575
2025-02-12 05:00:34 - INFO - No improvement for 2 epochs
2025-02-12 05:00:36 - INFO - [Train] Epoch 00047 | train_loss 41.7438 | train_rmse 13.0443 | lr 0.000480
2025-02-12 05:00:36 - INFO - [Validate] Epoch 00047 | valid_rmse 9.5686 | valid_pr 0.9100 | valid_criterion 8.4633 | score 0.1537
2025-02-12 05:00:36 - INFO - No improvement for 3 epochs
2025-02-12 05:00:38 - INFO - [Train] Epoch 00048 | train_loss 34.4124 | train_rmse 10.0044 | lr 0.000490
2025-02-12 05:00:38 - INFO - [Validate] Epoch 00048 | valid_rmse 5.3480 | valid_pr 0.9727 | valid_criterion 5.6343 | score 0.4366
2025-02-12 05:00:38 - INFO - No improvement for 4 epochs
2025-02-12 05:00:40 - INFO - [Train] Epoch 00049 | train_loss 35.7809 | train_rmse 10.0772 | lr 0.000500
2025-02-12 05:00:40 - INFO - [Validate] Epoch 00049 | valid_rmse 5.4035 | valid_pr 0.9834 | valid_criterion 7.3745 | score 0.2625
2025-02-12 05:00:40 - INFO - No improvement for 5 epochs
2025-02-12 05:00:42 - INFO - [Train] Epoch 00050 | train_loss 24.6654 | train_rmse 8.1270 | lr 0.000500
2025-02-12 05:00:42 - INFO - [Validate] Epoch 00050 | valid_rmse 4.8347 | valid_pr 0.9695 | valid_criterion 3.0769 | score 0.6923
2025-02-12 05:00:42 - INFO - No improvement for 6 epochs
2025-02-12 05:00:44 - INFO - [Train] Epoch 00051 | train_loss 18.0163 | train_rmse 6.4670 | lr 0.000500
2025-02-12 05:00:44 - INFO - [Validate] Epoch 00051 | valid_rmse 3.4501 | valid_pr 0.9912 | valid_criterion 2.8516 | score 0.7148
2025-02-12 05:00:44 - INFO - No improvement for 7 epochs
2025-02-12 05:00:46 - INFO - [Train] Epoch 00052 | train_loss 20.8143 | train_rmse 6.8025 | lr 0.000500
2025-02-12 05:00:46 - INFO - [Validate] Epoch 00052 | valid_rmse 3.4785 | valid_pr 0.9831 | valid_criterion 4.7553 | score 0.5245
2025-02-12 05:00:46 - INFO - No improvement for 8 epochs
2025-02-12 05:00:48 - INFO - [Train] Epoch 00053 | train_loss 20.1398 | train_rmse 6.7191 | lr 0.000500
2025-02-12 05:00:48 - INFO - [Validate] Epoch 00053 | valid_rmse 4.4985 | valid_pr 0.9854 | valid_criterion 2.9304 | score 0.7070
2025-02-12 05:00:48 - INFO - No improvement for 9 epochs
2025-02-12 05:00:50 - INFO - [Train] Epoch 00054 | train_loss 16.2232 | train_rmse 5.9998 | lr 0.000500
2025-02-12 05:00:50 - INFO - [Validate] Epoch 00054 | valid_rmse 3.2650 | valid_pr 0.9842 | valid_criterion 4.6082 | score 0.5392
2025-02-12 05:00:50 - INFO - No improvement for 10 epochs
2025-02-12 05:00:52 - INFO - [Train] Epoch 00055 | train_loss 21.9326 | train_rmse 7.1352 | lr 0.000500
2025-02-12 05:00:52 - INFO - [Validate] Epoch 00055 | valid_rmse 4.5107 | valid_pr 0.9707 | valid_criterion 6.9988 | score 0.3001
2025-02-12 05:00:52 - INFO - No improvement for 11 epochs
2025-02-12 05:00:55 - INFO - [Train] Epoch 00056 | train_loss 19.5083 | train_rmse 6.6762 | lr 0.000500
2025-02-12 05:00:55 - INFO - [Validate] Epoch 00056 | valid_rmse 4.0733 | valid_pr 0.9832 | valid_criterion 3.4324 | score 0.6568
2025-02-12 05:00:55 - INFO - No improvement for 12 epochs
2025-02-12 05:00:57 - INFO - [Train] Epoch 00057 | train_loss 17.9417 | train_rmse 6.3415 | lr 0.000500
2025-02-12 05:00:57 - INFO - [Validate] Epoch 00057 | valid_rmse 2.7339 | valid_pr 0.9944 | valid_criterion 2.8919 | score 0.7108
2025-02-12 05:00:57 - INFO - No improvement for 13 epochs
2025-02-12 05:00:59 - INFO - [Train] Epoch 00058 | train_loss 19.5245 | train_rmse 6.6990 | lr 0.000500
2025-02-12 05:00:59 - INFO - [Validate] Epoch 00058 | valid_rmse 2.8924 | valid_pr 0.9889 | valid_criterion 3.5152 | score 0.6485
2025-02-12 05:00:59 - INFO - No improvement for 14 epochs
2025-02-12 05:01:33 - INFO - [Train] Epoch 00059 | train_loss 21.1859 | train_rmse 6.8959 | lr 0.000500
2025-02-12 05:01:33 - INFO - [Validate] Epoch 00059 | valid_rmse 2.1985 | valid_pr 0.9945 | valid_criterion 3.1267 | score 0.6873
2025-02-12 05:01:33 - INFO - No improvement for 15 epochs
2025-02-12 05:01:35 - INFO - [Train] Epoch 00060 | train_loss 15.7347 | train_rmse 5.9728 | lr 0.000500
2025-02-12 05:01:35 - INFO - [Validate] Epoch 00060 | valid_rmse 4.8987 | valid_pr 0.9651 | valid_criterion 7.4967 | score 0.2503
2025-02-12 05:01:35 - INFO - No improvement for 16 epochs
2025-02-12 05:01:37 - INFO - [Train] Epoch 00061 | train_loss 19.2107 | train_rmse 6.5932 | lr 0.000500
2025-02-12 05:01:37 - INFO - [Validate] Epoch 00061 | valid_rmse 3.7569 | valid_pr 0.9927 | valid_criterion 3.4796 | score 0.6520
2025-02-12 05:01:37 - INFO - No improvement for 17 epochs
2025-02-12 05:01:39 - INFO - [Train] Epoch 00062 | train_loss 19.4505 | train_rmse 6.7683 | lr 0.000500
2025-02-12 05:01:39 - INFO - [Validate] Epoch 00062 | valid_rmse 3.0614 | valid_pr 0.9866 | valid_criterion 4.7543 | score 0.5246
2025-02-12 05:01:39 - INFO - No improvement for 18 epochs
2025-02-12 05:01:41 - INFO - [Train] Epoch 00063 | train_loss 16.8580 | train_rmse 6.1810 | lr 0.000500
2025-02-12 05:01:41 - INFO - [Validate] Epoch 00063 | valid_rmse 3.4714 | valid_pr 0.9966 | valid_criterion 5.1838 | score 0.4816
2025-02-12 05:01:41 - INFO - No improvement for 19 epochs
2025-02-12 05:01:43 - INFO - [Train] Epoch 00064 | train_loss 16.6381 | train_rmse 6.1185 | lr 0.000500
2025-02-12 05:01:43 - INFO - [Validate] Epoch 00064 | valid_rmse 3.9736 | valid_pr 0.9776 | valid_criterion 7.3519 | score 0.2648
2025-02-12 05:01:43 - INFO - No improvement for 20 epochs
2025-02-12 05:01:45 - INFO - [Train] Epoch 00065 | train_loss 20.6731 | train_rmse 6.7668 | lr 0.000500
2025-02-12 05:01:45 - INFO - [Validate] Epoch 00065 | valid_rmse 4.5815 | valid_pr 0.9939 | valid_criterion 5.4262 | score 0.4574
2025-02-12 05:01:45 - INFO - No improvement for 21 epochs
2025-02-12 05:01:47 - INFO - [Train] Epoch 00066 | train_loss 23.1898 | train_rmse 7.1313 | lr 0.000500
2025-02-12 05:01:47 - INFO - [Validate] Epoch 00066 | valid_rmse 3.0802 | valid_pr 0.9908 | valid_criterion 5.6878 | score 0.4312
2025-02-12 05:01:47 - INFO - No improvement for 22 epochs
2025-02-12 05:01:49 - INFO - [Train] Epoch 00067 | train_loss 19.9852 | train_rmse 6.8354 | lr 0.000500
2025-02-12 05:01:49 - INFO - [Validate] Epoch 00067 | valid_rmse 2.5178 | valid_pr 0.9912 | valid_criterion 3.0373 | score 0.6963
2025-02-12 05:01:49 - INFO - No improvement for 23 epochs
2025-02-12 05:01:52 - INFO - [Train] Epoch 00068 | train_loss 18.6903 | train_rmse 6.4343 | lr 0.000500
2025-02-12 05:01:52 - INFO - [Validate] Epoch 00068 | valid_rmse 2.5617 | valid_pr 0.9954 | valid_criterion 3.4769 | score 0.6523
2025-02-12 05:01:52 - INFO - No improvement for 24 epochs
2025-02-12 05:01:54 - INFO - [Train] Epoch 00069 | train_loss 19.6772 | train_rmse 6.6089 | lr 0.000500
2025-02-12 05:01:54 - INFO - [Validate] Epoch 00069 | valid_rmse 3.1212 | valid_pr 0.9936 | valid_criterion 4.7623 | score 0.5238
2025-02-12 05:01:54 - INFO - No improvement for 25 epochs
2025-02-12 05:01:56 - INFO - [Train] Epoch 00070 | train_loss 20.5955 | train_rmse 6.8162 | lr 0.000500
2025-02-12 05:01:56 - INFO - [Validate] Epoch 00070 | valid_rmse 3.7167 | valid_pr 0.9847 | valid_criterion 8.4476 | score 0.1552
2025-02-12 05:01:56 - INFO - No improvement for 26 epochs
2025-02-12 05:01:58 - INFO - [Train] Epoch 00071 | train_loss 17.5041 | train_rmse 6.1602 | lr 0.000500
2025-02-12 05:01:58 - INFO - [Validate] Epoch 00071 | valid_rmse 3.1348 | valid_pr 0.9905 | valid_criterion 3.0426 | score 0.6957
2025-02-12 05:01:58 - INFO - No improvement for 27 epochs
2025-02-12 05:02:00 - INFO - [Train] Epoch 00072 | train_loss 20.2028 | train_rmse 6.5714 | lr 0.000500
2025-02-12 05:02:00 - INFO - [Validate] Epoch 00072 | valid_rmse 2.1949 | valid_pr 0.9952 | valid_criterion 3.5458 | score 0.6454
2025-02-12 05:02:00 - INFO - No improvement for 28 epochs
2025-02-12 05:02:02 - INFO - [Train] Epoch 00073 | train_loss 19.1529 | train_rmse 6.4209 | lr 0.000500
2025-02-12 05:02:02 - INFO - [Validate] Epoch 00073 | valid_rmse 3.8063 | valid_pr 0.9940 | valid_criterion 6.6188 | score 0.3381
2025-02-12 05:02:02 - INFO - No improvement for 29 epochs
2025-02-12 05:02:04 - INFO - [Train] Epoch 00074 | train_loss 21.7349 | train_rmse 6.8991 | lr 0.000500
2025-02-12 05:02:04 - INFO - [Validate] Epoch 00074 | valid_rmse 3.2000 | valid_pr 0.9881 | valid_criterion 7.3577 | score 0.2642
2025-02-12 05:02:04 - INFO - No improvement for 30 epochs
2025-02-12 05:02:06 - INFO - [Train] Epoch 00075 | train_loss 15.6369 | train_rmse 5.8038 | lr 0.000500
2025-02-12 05:02:06 - INFO - [Validate] Epoch 00075 | valid_rmse 3.1565 | valid_pr 0.9952 | valid_criterion 4.1321 | score 0.5868
2025-02-12 05:02:06 - INFO - No improvement for 31 epochs
2025-02-12 05:02:08 - INFO - [Train] Epoch 00076 | train_loss 20.2536 | train_rmse 6.6533 | lr 0.000500
2025-02-12 05:02:08 - INFO - [Validate] Epoch 00076 | valid_rmse 2.5840 | valid_pr 0.9927 | valid_criterion 3.4489 | score 0.6551
2025-02-12 05:02:08 - INFO - No improvement for 32 epochs
2025-02-12 05:02:10 - INFO - [Train] Epoch 00077 | train_loss 11.6549 | train_rmse 4.9039 | lr 0.000500
2025-02-12 05:02:10 - INFO - [Validate] Epoch 00077 | valid_rmse 2.6591 | valid_pr 0.9945 | valid_criterion 2.3971 | score 0.7603
2025-02-12 05:02:10 - INFO - No improvement for 33 epochs
2025-02-12 05:02:12 - INFO - [Train] Epoch 00078 | train_loss 22.5179 | train_rmse 7.1087 | lr 0.000500
2025-02-12 05:02:12 - INFO - [Validate] Epoch 00078 | valid_rmse 3.0861 | valid_pr 0.9931 | valid_criterion 3.5041 | score 0.6496
2025-02-12 05:02:12 - INFO - No improvement for 34 epochs
2025-02-12 05:02:14 - INFO - [Train] Epoch 00079 | train_loss 30.9781 | train_rmse 8.2992 | lr 0.000500
2025-02-12 05:02:14 - INFO - [Validate] Epoch 00079 | valid_rmse 3.4032 | valid_pr 0.9929 | valid_criterion 5.7370 | score 0.4263
2025-02-12 05:02:14 - INFO - No improvement for 35 epochs
2025-02-12 05:02:16 - INFO - [Train] Epoch 00080 | train_loss 16.1104 | train_rmse 5.8484 | lr 0.000500
2025-02-12 05:02:16 - INFO - [Validate] Epoch 00080 | valid_rmse 3.3380 | valid_pr 0.9867 | valid_criterion 6.3607 | score 0.3639
2025-02-12 05:02:16 - INFO - No improvement for 36 epochs
2025-02-12 05:02:18 - INFO - [Train] Epoch 00081 | train_loss 15.9013 | train_rmse 6.0070 | lr 0.000500
2025-02-12 05:02:18 - INFO - [Validate] Epoch 00081 | valid_rmse 2.6314 | valid_pr 0.9947 | valid_criterion 2.9068 | score 0.7093
2025-02-12 05:02:18 - INFO - No improvement for 37 epochs
2025-02-12 05:02:20 - INFO - [Train] Epoch 00082 | train_loss 21.4398 | train_rmse 6.8992 | lr 0.000500
2025-02-12 05:02:20 - INFO - [Validate] Epoch 00082 | valid_rmse 2.5702 | valid_pr 0.9905 | valid_criterion 2.8817 | score 0.7118
2025-02-12 05:02:20 - INFO - No improvement for 38 epochs
2025-02-12 05:02:22 - INFO - [Train] Epoch 00083 | train_loss 26.0721 | train_rmse 7.6647 | lr 0.000500
2025-02-12 05:02:22 - INFO - [Validate] Epoch 00083 | valid_rmse 4.4542 | valid_pr 0.9775 | valid_criterion 9.7858 | score 0.0214
2025-02-12 05:02:22 - INFO - No improvement for 39 epochs
2025-02-12 05:02:24 - INFO - [Train] Epoch 00084 | train_loss 17.3811 | train_rmse 5.9623 | lr 0.000500
2025-02-12 05:02:24 - INFO - [Validate] Epoch 00084 | valid_rmse 3.2841 | valid_pr 0.9932 | valid_criterion 2.4515 | score 0.7549
2025-02-12 05:02:24 - INFO - No improvement for 40 epochs
2025-02-12 05:02:26 - INFO - [Train] Epoch 00085 | train_loss 17.8721 | train_rmse 6.1498 | lr 0.000500
2025-02-12 05:02:26 - INFO - [Validate] Epoch 00085 | valid_rmse 1.8116 | valid_pr 0.9951 | valid_criterion 2.0793 | score 0.7921
2025-02-12 05:02:26 - INFO - [Validate] Best score achieved: 0.792071
2025-02-12 05:02:28 - INFO - [Train] Epoch 00086 | train_loss 12.4408 | train_rmse 5.1982 | lr 0.000500
2025-02-12 05:02:28 - INFO - [Validate] Epoch 00086 | valid_rmse 2.9343 | valid_pr 0.9869 | valid_criterion 4.7603 | score 0.5240
2025-02-12 05:02:28 - INFO - No improvement for 1 epochs
2025-02-12 05:02:30 - INFO - [Train] Epoch 00087 | train_loss 18.8231 | train_rmse 6.4180 | lr 0.000500
2025-02-12 05:02:30 - INFO - [Validate] Epoch 00087 | valid_rmse 3.4661 | valid_pr 0.9943 | valid_criterion 2.8186 | score 0.7181
2025-02-12 05:02:30 - INFO - No improvement for 2 epochs
2025-02-12 05:02:32 - INFO - [Train] Epoch 00088 | train_loss 19.7439 | train_rmse 6.6360 | lr 0.000500
2025-02-12 05:02:32 - INFO - [Validate] Epoch 00088 | valid_rmse 2.7763 | valid_pr 0.9916 | valid_criterion 3.6483 | score 0.6352
2025-02-12 05:02:32 - INFO - No improvement for 3 epochs
2025-02-12 05:02:34 - INFO - [Train] Epoch 00089 | train_loss 15.7682 | train_rmse 5.7340 | lr 0.000500
2025-02-12 05:02:34 - INFO - [Validate] Epoch 00089 | valid_rmse 2.8909 | valid_pr 0.9950 | valid_criterion 3.0013 | score 0.6999
2025-02-12 05:02:34 - INFO - No improvement for 4 epochs
2025-02-12 05:02:36 - INFO - [Train] Epoch 00090 | train_loss 20.8109 | train_rmse 6.8430 | lr 0.000500
2025-02-12 05:02:36 - INFO - [Validate] Epoch 00090 | valid_rmse 4.0001 | valid_pr 0.9947 | valid_criterion 4.7796 | score 0.5220
2025-02-12 05:02:36 - INFO - No improvement for 5 epochs
2025-02-12 05:02:38 - INFO - [Train] Epoch 00091 | train_loss 15.9546 | train_rmse 5.8529 | lr 0.000500
2025-02-12 05:02:38 - INFO - [Validate] Epoch 00091 | valid_rmse 2.1412 | valid_pr 0.9950 | valid_criterion 2.9015 | score 0.7098
2025-02-12 05:02:38 - INFO - No improvement for 6 epochs
2025-02-12 05:02:40 - INFO - [Train] Epoch 00092 | train_loss 18.7570 | train_rmse 6.4201 | lr 0.000500
2025-02-12 05:02:40 - INFO - [Validate] Epoch 00092 | valid_rmse 3.6857 | valid_pr 0.9797 | valid_criterion 7.7921 | score 0.2208
2025-02-12 05:02:40 - INFO - No improvement for 7 epochs
2025-02-12 05:02:42 - INFO - [Train] Epoch 00093 | train_loss 15.2061 | train_rmse 5.7378 | lr 0.000500
2025-02-12 05:02:42 - INFO - [Validate] Epoch 00093 | valid_rmse 3.1897 | valid_pr 0.9912 | valid_criterion 4.8128 | score 0.5187
2025-02-12 05:02:42 - INFO - No improvement for 8 epochs
2025-02-12 05:02:44 - INFO - [Train] Epoch 00094 | train_loss 14.3560 | train_rmse 5.5132 | lr 0.000500
2025-02-12 05:02:44 - INFO - [Validate] Epoch 00094 | valid_rmse 3.2413 | valid_pr 0.9902 | valid_criterion 3.2105 | score 0.6789
2025-02-12 05:02:44 - INFO - No improvement for 9 epochs
2025-02-12 05:02:46 - INFO - [Train] Epoch 00095 | train_loss 15.8534 | train_rmse 5.7632 | lr 0.000500
2025-02-12 05:02:46 - INFO - [Validate] Epoch 00095 | valid_rmse 2.1860 | valid_pr 0.9961 | valid_criterion 2.1969 | score 0.7803
2025-02-12 05:02:46 - INFO - No improvement for 10 epochs
2025-02-12 05:02:48 - INFO - [Train] Epoch 00096 | train_loss 14.9645 | train_rmse 5.7539 | lr 0.000500
2025-02-12 05:02:48 - INFO - [Validate] Epoch 00096 | valid_rmse 4.1485 | valid_pr 0.9947 | valid_criterion 3.6967 | score 0.6303
2025-02-12 05:02:48 - INFO - No improvement for 11 epochs
2025-02-12 05:02:50 - INFO - [Train] Epoch 00097 | train_loss 14.4473 | train_rmse 5.4324 | lr 0.000500
2025-02-12 05:02:50 - INFO - [Validate] Epoch 00097 | valid_rmse 2.8118 | valid_pr 0.9916 | valid_criterion 3.2702 | score 0.6730
2025-02-12 05:02:50 - INFO - No improvement for 12 epochs
2025-02-12 05:02:52 - INFO - [Train] Epoch 00098 | train_loss 24.6077 | train_rmse 7.5540 | lr 0.000500
2025-02-12 05:02:52 - INFO - [Validate] Epoch 00098 | valid_rmse 3.5876 | valid_pr 0.9905 | valid_criterion 6.1075 | score 0.3892
2025-02-12 05:02:52 - INFO - No improvement for 13 epochs
2025-02-12 05:02:55 - INFO - [Train] Epoch 00099 | train_loss 14.5222 | train_rmse 5.6581 | lr 0.000500
2025-02-12 05:02:55 - INFO - [Validate] Epoch 00099 | valid_rmse 2.6566 | valid_pr 0.9949 | valid_criterion 3.5533 | score 0.6447
2025-02-12 05:02:55 - INFO - No improvement for 14 epochs
2025-02-12 05:02:57 - INFO - [Train] Epoch 00100 | train_loss 12.1088 | train_rmse 5.1065 | lr 0.000500
2025-02-12 05:02:57 - INFO - [Validate] Epoch 00100 | valid_rmse 3.3411 | valid_pr 0.9943 | valid_criterion 3.7193 | score 0.6281
2025-02-12 05:02:57 - INFO - No improvement for 15 epochs
2025-02-12 05:02:59 - INFO - [Train] Epoch 00101 | train_loss 16.9515 | train_rmse 6.0123 | lr 0.000500
2025-02-12 05:02:59 - INFO - [Validate] Epoch 00101 | valid_rmse 2.2240 | valid_pr 0.9954 | valid_criterion 3.2676 | score 0.6732
2025-02-12 05:02:59 - INFO - No improvement for 16 epochs
2025-02-12 05:03:01 - INFO - [Train] Epoch 00102 | train_loss 16.4021 | train_rmse 5.8441 | lr 0.000500
2025-02-12 05:03:01 - INFO - [Validate] Epoch 00102 | valid_rmse 3.0803 | valid_pr 0.9924 | valid_criterion 5.9917 | score 0.4008
2025-02-12 05:03:01 - INFO - No improvement for 17 epochs
2025-02-12 05:03:03 - INFO - [Train] Epoch 00103 | train_loss 13.6243 | train_rmse 5.3308 | lr 0.000500
2025-02-12 05:03:03 - INFO - [Validate] Epoch 00103 | valid_rmse 3.5961 | valid_pr 0.9954 | valid_criterion 4.9044 | score 0.5096
2025-02-12 05:03:03 - INFO - No improvement for 18 epochs
2025-02-12 05:03:05 - INFO - [Train] Epoch 00104 | train_loss 20.9808 | train_rmse 6.6163 | lr 0.000500
2025-02-12 05:03:05 - INFO - [Validate] Epoch 00104 | valid_rmse 3.1288 | valid_pr 0.9937 | valid_criterion 5.4443 | score 0.4556
2025-02-12 05:03:05 - INFO - No improvement for 19 epochs
2025-02-12 05:03:07 - INFO - [Train] Epoch 00105 | train_loss 13.0746 | train_rmse 5.2289 | lr 0.000500
2025-02-12 05:03:07 - INFO - [Validate] Epoch 00105 | valid_rmse 3.2271 | valid_pr 0.9945 | valid_criterion 5.3920 | score 0.4608
2025-02-12 05:03:07 - INFO - No improvement for 20 epochs
2025-02-12 05:03:34 - INFO - [Train] Epoch 00106 | train_loss 17.2305 | train_rmse 5.9951 | lr 0.000100
2025-02-12 05:03:34 - INFO - [Validate] Epoch 00106 | valid_rmse 2.7118 | valid_pr 0.9960 | valid_criterion 2.2861 | score 0.7714
2025-02-12 05:03:34 - INFO - No improvement for 21 epochs
2025-02-12 05:03:36 - INFO - [Train] Epoch 00107 | train_loss 16.6366 | train_rmse 6.0212 | lr 0.000100
2025-02-12 05:03:36 - INFO - [Validate] Epoch 00107 | valid_rmse 2.4147 | valid_pr 0.9963 | valid_criterion 2.5656 | score 0.7434
2025-02-12 05:03:36 - INFO - No improvement for 22 epochs
2025-02-12 05:03:38 - INFO - [Train] Epoch 00108 | train_loss 20.0631 | train_rmse 6.4796 | lr 0.000100
2025-02-12 05:03:38 - INFO - [Validate] Epoch 00108 | valid_rmse 2.8309 | valid_pr 0.9952 | valid_criterion 3.7696 | score 0.6230
2025-02-12 05:03:38 - INFO - No improvement for 23 epochs
2025-02-12 05:03:40 - INFO - [Train] Epoch 00109 | train_loss 15.3973 | train_rmse 5.7091 | lr 0.000100
2025-02-12 05:03:40 - INFO - [Validate] Epoch 00109 | valid_rmse 3.3758 | valid_pr 0.9949 | valid_criterion 5.2744 | score 0.4726
2025-02-12 05:03:40 - INFO - No improvement for 24 epochs
2025-02-12 05:03:42 - INFO - [Train] Epoch 00110 | train_loss 18.8494 | train_rmse 6.6180 | lr 0.000100
2025-02-12 05:03:42 - INFO - [Validate] Epoch 00110 | valid_rmse 2.6112 | valid_pr 0.9948 | valid_criterion 3.0782 | score 0.6922
2025-02-12 05:03:42 - INFO - No improvement for 25 epochs
2025-02-12 05:03:44 - INFO - [Train] Epoch 00111 | train_loss 17.4680 | train_rmse 6.1580 | lr 0.000100
2025-02-12 05:03:44 - INFO - [Validate] Epoch 00111 | valid_rmse 2.8222 | valid_pr 0.9951 | valid_criterion 3.5971 | score 0.6403
2025-02-12 05:03:44 - INFO - No improvement for 26 epochs
2025-02-12 05:03:46 - INFO - [Train] Epoch 00112 | train_loss 13.4608 | train_rmse 5.2356 | lr 0.000100
2025-02-12 05:03:46 - INFO - [Validate] Epoch 00112 | valid_rmse 2.7692 | valid_pr 0.9953 | valid_criterion 3.6318 | score 0.6368
2025-02-12 05:03:46 - INFO - No improvement for 27 epochs
2025-02-12 05:03:48 - INFO - [Train] Epoch 00113 | train_loss 14.8965 | train_rmse 5.5780 | lr 0.000100
2025-02-12 05:03:48 - INFO - [Validate] Epoch 00113 | valid_rmse 3.4348 | valid_pr 0.9964 | valid_criterion 4.3023 | score 0.5698
2025-02-12 05:03:48 - INFO - No improvement for 28 epochs
2025-02-12 05:03:50 - INFO - [Train] Epoch 00114 | train_loss 14.9546 | train_rmse 5.5815 | lr 0.000100
2025-02-12 05:03:50 - INFO - [Validate] Epoch 00114 | valid_rmse 3.0457 | valid_pr 0.9957 | valid_criterion 5.2996 | score 0.4700
2025-02-12 05:03:50 - INFO - No improvement for 29 epochs
2025-02-12 05:03:52 - INFO - [Train] Epoch 00115 | train_loss 18.1751 | train_rmse 6.0976 | lr 0.000100
2025-02-12 05:03:52 - INFO - [Validate] Epoch 00115 | valid_rmse 2.0809 | valid_pr 0.9947 | valid_criterion 3.5332 | score 0.6467
2025-02-12 05:03:52 - INFO - No improvement for 30 epochs
2025-02-12 05:03:54 - INFO - [Train] Epoch 00116 | train_loss 16.7585 | train_rmse 5.9178 | lr 0.000100
2025-02-12 05:03:54 - INFO - [Validate] Epoch 00116 | valid_rmse 2.9078 | valid_pr 0.9957 | valid_criterion 3.5814 | score 0.6419
2025-02-12 05:03:54 - INFO - No improvement for 31 epochs
2025-02-12 05:03:56 - INFO - [Train] Epoch 00117 | train_loss 12.7286 | train_rmse 5.2273 | lr 0.000100
2025-02-12 05:03:56 - INFO - [Validate] Epoch 00117 | valid_rmse 2.7079 | valid_pr 0.9956 | valid_criterion 4.6090 | score 0.5391
2025-02-12 05:03:56 - INFO - No improvement for 32 epochs
2025-02-12 05:03:58 - INFO - [Train] Epoch 00118 | train_loss 14.8192 | train_rmse 5.5307 | lr 0.000100
2025-02-12 05:03:58 - INFO - [Validate] Epoch 00118 | valid_rmse 3.3624 | valid_pr 0.9947 | valid_criterion 5.9561 | score 0.4044
2025-02-12 05:03:58 - INFO - No improvement for 33 epochs
2025-02-12 05:04:00 - INFO - [Train] Epoch 00119 | train_loss 19.0651 | train_rmse 6.4961 | lr 0.000100
2025-02-12 05:04:00 - INFO - [Validate] Epoch 00119 | valid_rmse 3.1348 | valid_pr 0.9952 | valid_criterion 4.1982 | score 0.5802
2025-02-12 05:04:00 - INFO - No improvement for 34 epochs
2025-02-12 05:04:34 - INFO - [Train] Epoch 00120 | train_loss 10.4826 | train_rmse 4.6404 | lr 0.000100
2025-02-12 05:04:34 - INFO - [Validate] Epoch 00120 | valid_rmse 2.8034 | valid_pr 0.9952 | valid_criterion 4.3716 | score 0.5628
2025-02-12 05:04:34 - INFO - No improvement for 35 epochs
2025-02-12 05:04:37 - INFO - [Train] Epoch 00121 | train_loss 15.6513 | train_rmse 5.6341 | lr 0.000100
2025-02-12 05:04:37 - INFO - [Validate] Epoch 00121 | valid_rmse 3.1360 | valid_pr 0.9947 | valid_criterion 4.9315 | score 0.5068
2025-02-12 05:04:37 - INFO - No improvement for 36 epochs
2025-02-12 05:04:39 - INFO - [Train] Epoch 00122 | train_loss 13.4685 | train_rmse 5.1923 | lr 0.000100
2025-02-12 05:04:39 - INFO - [Validate] Epoch 00122 | valid_rmse 3.4480 | valid_pr 0.9912 | valid_criterion 7.0792 | score 0.2921
2025-02-12 05:04:39 - INFO - No improvement for 37 epochs
2025-02-12 05:04:41 - INFO - [Train] Epoch 00123 | train_loss 14.7423 | train_rmse 5.7146 | lr 0.000100
2025-02-12 05:04:41 - INFO - [Validate] Epoch 00123 | valid_rmse 3.7847 | valid_pr 0.9928 | valid_criterion 7.0483 | score 0.2952
2025-02-12 05:04:41 - INFO - No improvement for 38 epochs
2025-02-12 05:04:43 - INFO - [Train] Epoch 00124 | train_loss 15.6673 | train_rmse 5.6549 | lr 0.000100
2025-02-12 05:04:43 - INFO - [Validate] Epoch 00124 | valid_rmse 3.0896 | valid_pr 0.9953 | valid_criterion 4.8547 | score 0.5145
2025-02-12 05:04:43 - INFO - No improvement for 39 epochs
2025-02-12 05:04:45 - INFO - [Train] Epoch 00125 | train_loss 16.1202 | train_rmse 5.9329 | lr 0.000100
2025-02-12 05:04:45 - INFO - [Validate] Epoch 00125 | valid_rmse 2.7547 | valid_pr 0.9945 | valid_criterion 4.0776 | score 0.5922
2025-02-12 05:04:45 - INFO - No improvement for 40 epochs
2025-02-12 05:04:47 - INFO - [Train] Epoch 00126 | train_loss 14.7607 | train_rmse 5.5488 | lr 0.000100
2025-02-12 05:04:47 - INFO - [Validate] Epoch 00126 | valid_rmse 2.3055 | valid_pr 0.9950 | valid_criterion 3.3454 | score 0.6655
2025-02-12 05:04:47 - INFO - No improvement for 41 epochs
2025-02-12 05:04:49 - INFO - [Train] Epoch 00127 | train_loss 15.9315 | train_rmse 5.9185 | lr 0.000020
2025-02-12 05:04:49 - INFO - [Validate] Epoch 00127 | valid_rmse 2.1661 | valid_pr 0.9954 | valid_criterion 3.5978 | score 0.6402
2025-02-12 05:04:49 - INFO - No improvement for 42 epochs
2025-02-12 05:04:51 - INFO - [Train] Epoch 00128 | train_loss 19.5282 | train_rmse 6.4228 | lr 0.000020
2025-02-12 05:04:51 - INFO - [Validate] Epoch 00128 | valid_rmse 3.2077 | valid_pr 0.9954 | valid_criterion 5.6212 | score 0.4379
2025-02-12 05:04:51 - INFO - No improvement for 43 epochs
2025-02-12 05:04:53 - INFO - [Train] Epoch 00129 | train_loss 13.9450 | train_rmse 5.3200 | lr 0.000020
2025-02-12 05:04:53 - INFO - [Validate] Epoch 00129 | valid_rmse 2.9520 | valid_pr 0.9935 | valid_criterion 5.8972 | score 0.4103
2025-02-12 05:04:53 - INFO - No improvement for 44 epochs
2025-02-12 05:04:55 - INFO - [Train] Epoch 00130 | train_loss 12.6596 | train_rmse 5.2962 | lr 0.000020
2025-02-12 05:04:55 - INFO - [Validate] Epoch 00130 | valid_rmse 3.0883 | valid_pr 0.9951 | valid_criterion 5.4565 | score 0.4543
2025-02-12 05:04:55 - INFO - No improvement for 45 epochs
2025-02-12 05:04:57 - INFO - [Train] Epoch 00131 | train_loss 14.2812 | train_rmse 5.3597 | lr 0.000020
2025-02-12 05:04:57 - INFO - [Validate] Epoch 00131 | valid_rmse 2.2072 | valid_pr 0.9936 | valid_criterion 2.5893 | score 0.7411
2025-02-12 05:04:57 - INFO - No improvement for 46 epochs
2025-02-12 05:04:59 - INFO - [Train] Epoch 00132 | train_loss 16.8296 | train_rmse 5.9779 | lr 0.000020
2025-02-12 05:04:59 - INFO - [Validate] Epoch 00132 | valid_rmse 2.5551 | valid_pr 0.9953 | valid_criterion 4.7283 | score 0.5272
2025-02-12 05:04:59 - INFO - No improvement for 47 epochs
2025-02-12 05:05:07 - INFO - [Train] Epoch 00133 | train_loss 16.4465 | train_rmse 5.9179 | lr 0.000020
2025-02-12 05:05:07 - INFO - [Validate] Epoch 00133 | valid_rmse 2.3661 | valid_pr 0.9955 | valid_criterion 4.2425 | score 0.5757
2025-02-12 05:05:07 - INFO - No improvement for 48 epochs
2025-02-12 05:05:09 - INFO - [Train] Epoch 00134 | train_loss 19.4900 | train_rmse 6.5311 | lr 0.000020
2025-02-12 05:05:09 - INFO - [Validate] Epoch 00134 | valid_rmse 2.1704 | valid_pr 0.9955 | valid_criterion 2.8232 | score 0.7177
2025-02-12 05:05:09 - INFO - No improvement for 49 epochs
2025-02-12 05:05:11 - INFO - [Train] Epoch 00135 | train_loss 13.3434 | train_rmse 5.3317 | lr 0.000020
2025-02-12 05:05:11 - INFO - [Validate] Epoch 00135 | valid_rmse 2.8657 | valid_pr 0.9954 | valid_criterion 4.6963 | score 0.5304
2025-02-12 05:05:11 - INFO - No improvement for 50 epochs
2025-02-12 05:05:13 - INFO - [Train] Epoch 00136 | train_loss 14.7690 | train_rmse 5.6771 | lr 0.000020
2025-02-12 05:05:13 - INFO - [Validate] Epoch 00136 | valid_rmse 3.0653 | valid_pr 0.9952 | valid_criterion 5.1589 | score 0.4841
2025-02-12 05:05:13 - INFO - No improvement for 51 epochs
2025-02-12 05:05:15 - INFO - [Train] Epoch 00137 | train_loss 13.6607 | train_rmse 5.3934 | lr 0.000020
2025-02-12 05:05:15 - INFO - [Validate] Epoch 00137 | valid_rmse 3.4547 | valid_pr 0.9958 | valid_criterion 4.6690 | score 0.5331
2025-02-12 05:05:15 - INFO - No improvement for 52 epochs
2025-02-12 05:05:17 - INFO - [Train] Epoch 00138 | train_loss 13.7733 | train_rmse 5.4845 | lr 0.000020
2025-02-12 05:05:17 - INFO - [Validate] Epoch 00138 | valid_rmse 2.5548 | valid_pr 0.9960 | valid_criterion 3.8916 | score 0.6108
2025-02-12 05:05:17 - INFO - No improvement for 53 epochs
2025-02-12 05:05:20 - INFO - [Train] Epoch 00139 | train_loss 16.7486 | train_rmse 5.9394 | lr 0.000020
2025-02-12 05:05:20 - INFO - [Validate] Epoch 00139 | valid_rmse 2.3999 | valid_pr 0.9947 | valid_criterion 3.6827 | score 0.6317
2025-02-12 05:05:20 - INFO - No improvement for 54 epochs
2025-02-12 05:05:22 - INFO - [Train] Epoch 00140 | train_loss 16.5595 | train_rmse 6.0934 | lr 0.000020
2025-02-12 05:05:22 - INFO - [Validate] Epoch 00140 | valid_rmse 2.4179 | valid_pr 0.9955 | valid_criterion 3.8184 | score 0.6182
2025-02-12 05:05:22 - INFO - No improvement for 55 epochs
2025-02-12 05:05:24 - INFO - [Train] Epoch 00141 | train_loss 18.3392 | train_rmse 6.0791 | lr 0.000020
2025-02-12 05:05:24 - INFO - [Validate] Epoch 00141 | valid_rmse 3.1228 | valid_pr 0.9952 | valid_criterion 5.2189 | score 0.4781
2025-02-12 05:05:24 - INFO - No improvement for 56 epochs
2025-02-12 05:05:26 - INFO - [Train] Epoch 00142 | train_loss 9.9774 | train_rmse 4.5463 | lr 0.000020
2025-02-12 05:05:26 - INFO - [Validate] Epoch 00142 | valid_rmse 3.0301 | valid_pr 0.9949 | valid_criterion 5.0249 | score 0.4975
2025-02-12 05:05:26 - INFO - No improvement for 57 epochs
2025-02-12 05:05:28 - INFO - [Train] Epoch 00143 | train_loss 13.9393 | train_rmse 5.2666 | lr 0.000020
2025-02-12 05:05:28 - INFO - [Validate] Epoch 00143 | valid_rmse 3.1632 | valid_pr 0.9950 | valid_criterion 5.3699 | score 0.4630
2025-02-12 05:05:28 - INFO - No improvement for 58 epochs
2025-02-12 05:05:30 - INFO - [Train] Epoch 00144 | train_loss 13.1300 | train_rmse 5.1542 | lr 0.000020
2025-02-12 05:05:30 - INFO - [Validate] Epoch 00144 | valid_rmse 3.2078 | valid_pr 0.9951 | valid_criterion 5.2678 | score 0.4732
2025-02-12 05:05:30 - INFO - No improvement for 59 epochs
2025-02-12 05:05:32 - INFO - [Train] Epoch 00145 | train_loss 15.5489 | train_rmse 5.6759 | lr 0.000020
2025-02-12 05:05:32 - INFO - [Validate] Epoch 00145 | valid_rmse 2.2884 | valid_pr 0.9957 | valid_criterion 3.8030 | score 0.6197
2025-02-12 05:05:32 - INFO - No improvement for 60 epochs
2025-02-12 05:05:34 - INFO - [Train] Epoch 00146 | train_loss 16.3387 | train_rmse 5.9690 | lr 0.000020
2025-02-12 05:05:34 - INFO - [Validate] Epoch 00146 | valid_rmse 2.5863 | valid_pr 0.9945 | valid_criterion 4.8539 | score 0.5146
2025-02-12 05:05:34 - INFO - No improvement for 61 epochs
2025-02-12 05:05:36 - INFO - [Train] Epoch 00147 | train_loss 15.6589 | train_rmse 5.6480 | lr 0.000020
2025-02-12 05:05:36 - INFO - [Validate] Epoch 00147 | valid_rmse 2.6517 | valid_pr 0.9944 | valid_criterion 4.6310 | score 0.5369
2025-02-12 05:05:36 - INFO - No improvement for 62 epochs
2025-02-12 05:05:38 - INFO - [Train] Epoch 00148 | train_loss 14.3082 | train_rmse 5.4575 | lr 0.000004
2025-02-12 05:05:38 - INFO - [Validate] Epoch 00148 | valid_rmse 2.3611 | valid_pr 0.9956 | valid_criterion 4.1402 | score 0.5860
2025-02-12 05:05:38 - INFO - No improvement for 63 epochs
2025-02-12 05:05:40 - INFO - [Train] Epoch 00149 | train_loss 13.8617 | train_rmse 5.5448 | lr 0.000004
2025-02-12 05:05:40 - INFO - [Validate] Epoch 00149 | valid_rmse 2.4165 | valid_pr 0.9942 | valid_criterion 3.8351 | score 0.6165
2025-02-12 05:05:40 - INFO - No improvement for 64 epochs
2025-02-12 05:05:42 - INFO - [Train] Epoch 00150 | train_loss 16.7485 | train_rmse 6.0726 | lr 0.000004
2025-02-12 05:05:42 - INFO - [Validate] Epoch 00150 | valid_rmse 2.2828 | valid_pr 0.9953 | valid_criterion 3.5448 | score 0.6455
2025-02-12 05:05:42 - INFO - No improvement for 65 epochs
2025-02-12 05:05:44 - INFO - [Train] Epoch 00151 | train_loss 14.8311 | train_rmse 5.6273 | lr 0.000004
2025-02-12 05:05:44 - INFO - [Validate] Epoch 00151 | valid_rmse 2.7272 | valid_pr 0.9947 | valid_criterion 4.6795 | score 0.5321
2025-02-12 05:05:44 - INFO - No improvement for 66 epochs
2025-02-12 05:05:46 - INFO - [Train] Epoch 00152 | train_loss 13.9108 | train_rmse 5.4059 | lr 0.000004
2025-02-12 05:05:46 - INFO - [Validate] Epoch 00152 | valid_rmse 3.0356 | valid_pr 0.9935 | valid_criterion 5.7288 | score 0.4271
2025-02-12 05:05:46 - INFO - No improvement for 67 epochs
2025-02-12 05:05:48 - INFO - [Train] Epoch 00153 | train_loss 11.7776 | train_rmse 5.0304 | lr 0.000004
2025-02-12 05:05:48 - INFO - [Validate] Epoch 00153 | valid_rmse 2.7313 | valid_pr 0.9946 | valid_criterion 4.6638 | score 0.5336
2025-02-12 05:05:48 - INFO - No improvement for 68 epochs
2025-02-12 05:05:50 - INFO - [Train] Epoch 00154 | train_loss 18.0639 | train_rmse 6.2448 | lr 0.000004
2025-02-12 05:05:50 - INFO - [Validate] Epoch 00154 | valid_rmse 3.3838 | valid_pr 0.9944 | valid_criterion 5.9032 | score 0.4097
2025-02-12 05:05:50 - INFO - No improvement for 69 epochs
2025-02-12 05:05:52 - INFO - [Train] Epoch 00155 | train_loss 17.5680 | train_rmse 6.0902 | lr 0.000004
2025-02-12 05:05:52 - INFO - [Validate] Epoch 00155 | valid_rmse 2.8223 | valid_pr 0.9935 | valid_criterion 5.0260 | score 0.4974
2025-02-12 05:05:52 - INFO - No improvement for 70 epochs
2025-02-12 05:05:54 - INFO - [Train] Epoch 00156 | train_loss 12.8792 | train_rmse 5.1258 | lr 0.000004
2025-02-12 05:05:54 - INFO - [Validate] Epoch 00156 | valid_rmse 3.3341 | valid_pr 0.9938 | valid_criterion 6.1475 | score 0.3852
2025-02-12 05:05:54 - INFO - No improvement for 71 epochs
2025-02-12 05:05:56 - INFO - [Train] Epoch 00157 | train_loss 11.1485 | train_rmse 4.8020 | lr 0.000004
2025-02-12 05:05:56 - INFO - [Validate] Epoch 00157 | valid_rmse 2.4351 | valid_pr 0.9949 | valid_criterion 4.1163 | score 0.5884
2025-02-12 05:05:56 - INFO - No improvement for 72 epochs
2025-02-12 05:05:58 - INFO - [Train] Epoch 00158 | train_loss 18.6670 | train_rmse 6.2667 | lr 0.000004
2025-02-12 05:05:58 - INFO - [Validate] Epoch 00158 | valid_rmse 2.1960 | valid_pr 0.9953 | valid_criterion 3.5120 | score 0.6488
2025-02-12 05:05:58 - INFO - No improvement for 73 epochs
2025-02-12 05:06:00 - INFO - [Train] Epoch 00159 | train_loss 19.1368 | train_rmse 6.2989 | lr 0.000004
2025-02-12 05:06:00 - INFO - [Validate] Epoch 00159 | valid_rmse 2.7290 | valid_pr 0.9947 | valid_criterion 5.0378 | score 0.4962
2025-02-12 05:06:00 - INFO - No improvement for 74 epochs
2025-02-12 05:06:02 - INFO - [Train] Epoch 00160 | train_loss 19.9166 | train_rmse 6.4205 | lr 0.000004
2025-02-12 05:06:02 - INFO - [Validate] Epoch 00160 | valid_rmse 2.1136 | valid_pr 0.9950 | valid_criterion 3.3859 | score 0.6614
2025-02-12 05:06:02 - INFO - No improvement for 75 epochs
2025-02-12 05:06:04 - INFO - [Train] Epoch 00161 | train_loss 11.7075 | train_rmse 4.7816 | lr 0.000004
2025-02-12 05:06:04 - INFO - [Validate] Epoch 00161 | valid_rmse 2.7913 | valid_pr 0.9952 | valid_criterion 4.5075 | score 0.5492
2025-02-12 05:06:04 - INFO - No improvement for 76 epochs
2025-02-12 05:06:06 - INFO - [Train] Epoch 00162 | train_loss 20.4401 | train_rmse 6.6462 | lr 0.000004
2025-02-12 05:06:06 - INFO - [Validate] Epoch 00162 | valid_rmse 2.6325 | valid_pr 0.9954 | valid_criterion 4.9478 | score 0.5052
2025-02-12 05:06:06 - INFO - No improvement for 77 epochs
2025-02-12 05:06:08 - INFO - [Train] Epoch 00163 | train_loss 17.3051 | train_rmse 6.0509 | lr 0.000004
2025-02-12 05:06:08 - INFO - [Validate] Epoch 00163 | valid_rmse 2.3367 | valid_pr 0.9953 | valid_criterion 3.5936 | score 0.6406
2025-02-12 05:06:08 - INFO - No improvement for 78 epochs
2025-02-12 05:06:10 - INFO - [Train] Epoch 00164 | train_loss 11.1270 | train_rmse 4.7023 | lr 0.000004
2025-02-12 05:06:10 - INFO - [Validate] Epoch 00164 | valid_rmse 2.7623 | valid_pr 0.9957 | valid_criterion 4.6701 | score 0.5330
2025-02-12 05:06:10 - INFO - No improvement for 79 epochs
2025-02-12 05:06:12 - INFO - [Train] Epoch 00165 | train_loss 14.2065 | train_rmse 5.4418 | lr 0.000004
2025-02-12 05:06:12 - INFO - [Validate] Epoch 00165 | valid_rmse 2.4697 | valid_pr 0.9960 | valid_criterion 3.9819 | score 0.6018
2025-02-12 05:06:12 - INFO - No improvement for 80 epochs
2025-02-12 05:06:14 - INFO - [Train] Epoch 00166 | train_loss 13.5419 | train_rmse 5.4250 | lr 0.000004
2025-02-12 05:06:14 - INFO - [Validate] Epoch 00166 | valid_rmse 2.6423 | valid_pr 0.9955 | valid_criterion 4.7040 | score 0.5296
2025-02-12 05:06:14 - INFO - No improvement for 81 epochs
2025-02-12 05:06:16 - INFO - [Train] Epoch 00167 | train_loss 14.2284 | train_rmse 5.4354 | lr 0.000004
2025-02-12 05:06:16 - INFO - [Validate] Epoch 00167 | valid_rmse 2.3056 | valid_pr 0.9958 | valid_criterion 3.6096 | score 0.6390
2025-02-12 05:06:16 - INFO - No improvement for 82 epochs
2025-02-12 05:06:18 - INFO - [Train] Epoch 00168 | train_loss 19.5077 | train_rmse 6.3789 | lr 0.000004
2025-02-12 05:06:18 - INFO - [Validate] Epoch 00168 | valid_rmse 3.2146 | valid_pr 0.9955 | valid_criterion 5.5896 | score 0.4410
2025-02-12 05:06:18 - INFO - No improvement for 83 epochs
2025-02-12 05:06:20 - INFO - [Train] Epoch 00169 | train_loss 19.9414 | train_rmse 6.6149 | lr 0.000001
2025-02-12 05:06:20 - INFO - [Validate] Epoch 00169 | valid_rmse 3.9211 | valid_pr 0.9960 | valid_criterion 5.6189 | score 0.4381
2025-02-12 05:06:20 - INFO - No improvement for 84 epochs
2025-02-12 05:06:22 - INFO - [Train] Epoch 00170 | train_loss 16.1283 | train_rmse 5.8214 | lr 0.000001
2025-02-12 05:06:22 - INFO - [Validate] Epoch 00170 | valid_rmse 2.7761 | valid_pr 0.9951 | valid_criterion 4.9501 | score 0.5050
2025-02-12 05:06:22 - INFO - No improvement for 85 epochs
2025-02-12 05:06:25 - INFO - [Train] Epoch 00171 | train_loss 11.4032 | train_rmse 4.7545 | lr 0.000001
2025-02-12 05:06:25 - INFO - [Validate] Epoch 00171 | valid_rmse 2.7593 | valid_pr 0.9956 | valid_criterion 4.6249 | score 0.5375
2025-02-12 05:06:25 - INFO - No improvement for 86 epochs
2025-02-12 05:06:27 - INFO - [Train] Epoch 00172 | train_loss 15.7325 | train_rmse 5.6923 | lr 0.000001
2025-02-12 05:06:27 - INFO - [Validate] Epoch 00172 | valid_rmse 2.5065 | valid_pr 0.9957 | valid_criterion 3.5751 | score 0.6425
2025-02-12 05:06:27 - INFO - No improvement for 87 epochs
2025-02-12 05:06:29 - INFO - [Train] Epoch 00173 | train_loss 14.7880 | train_rmse 5.4895 | lr 0.000001
2025-02-12 05:06:29 - INFO - [Validate] Epoch 00173 | valid_rmse 2.2025 | valid_pr 0.9951 | valid_criterion 4.2632 | score 0.5737
2025-02-12 05:06:29 - INFO - No improvement for 88 epochs
2025-02-12 05:06:31 - INFO - [Train] Epoch 00174 | train_loss 17.1063 | train_rmse 6.0788 | lr 0.000001
2025-02-12 05:06:31 - INFO - [Validate] Epoch 00174 | valid_rmse 2.5624 | valid_pr 0.9952 | valid_criterion 4.4138 | score 0.5586
2025-02-12 05:06:31 - INFO - No improvement for 89 epochs
2025-02-12 05:06:33 - INFO - [Train] Epoch 00175 | train_loss 16.3741 | train_rmse 5.9612 | lr 0.000001
2025-02-12 05:06:33 - INFO - [Validate] Epoch 00175 | valid_rmse 2.4592 | valid_pr 0.9946 | valid_criterion 4.1753 | score 0.5825
2025-02-12 05:06:33 - INFO - No improvement for 90 epochs
2025-02-12 05:06:35 - INFO - [Train] Epoch 00176 | train_loss 15.4682 | train_rmse 5.8408 | lr 0.000001
2025-02-12 05:06:35 - INFO - [Validate] Epoch 00176 | valid_rmse 3.2993 | valid_pr 0.9950 | valid_criterion 5.7501 | score 0.4250
2025-02-12 05:06:35 - INFO - No improvement for 91 epochs
2025-02-12 05:06:37 - INFO - [Train] Epoch 00177 | train_loss 20.1559 | train_rmse 6.5240 | lr 0.000001
2025-02-12 05:06:37 - INFO - [Validate] Epoch 00177 | valid_rmse 2.6143 | valid_pr 0.9947 | valid_criterion 4.7833 | score 0.5217
2025-02-12 05:06:37 - INFO - No improvement for 92 epochs
2025-02-12 05:06:39 - INFO - [Train] Epoch 00178 | train_loss 16.5406 | train_rmse 6.0500 | lr 0.000001
2025-02-12 05:06:39 - INFO - [Validate] Epoch 00178 | valid_rmse 2.2105 | valid_pr 0.9954 | valid_criterion 3.3484 | score 0.6652
2025-02-12 05:06:39 - INFO - No improvement for 93 epochs
2025-02-12 05:06:41 - INFO - [Train] Epoch 00179 | train_loss 14.7410 | train_rmse 5.5184 | lr 0.000001
2025-02-12 05:06:41 - INFO - [Validate] Epoch 00179 | valid_rmse 2.5400 | valid_pr 0.9950 | valid_criterion 4.5291 | score 0.5471
2025-02-12 05:06:41 - INFO - No improvement for 94 epochs
2025-02-12 05:06:43 - INFO - [Train] Epoch 00180 | train_loss 14.4317 | train_rmse 5.4981 | lr 0.000001
2025-02-12 05:06:43 - INFO - [Validate] Epoch 00180 | valid_rmse 2.0828 | valid_pr 0.9959 | valid_criterion 3.0504 | score 0.6950
2025-02-12 05:06:43 - INFO - No improvement for 95 epochs
2025-02-12 05:06:45 - INFO - [Train] Epoch 00181 | train_loss 11.5941 | train_rmse 4.8825 | lr 0.000001
2025-02-12 05:06:45 - INFO - [Validate] Epoch 00181 | valid_rmse 2.9783 | valid_pr 0.9956 | valid_criterion 5.1055 | score 0.4895
2025-02-12 05:06:45 - INFO - No improvement for 96 epochs
2025-02-12 05:06:47 - INFO - [Train] Epoch 00182 | train_loss 14.7041 | train_rmse 5.4854 | lr 0.000001
2025-02-12 05:06:47 - INFO - [Validate] Epoch 00182 | valid_rmse 2.6011 | valid_pr 0.9953 | valid_criterion 4.8264 | score 0.5174
2025-02-12 05:06:47 - INFO - No improvement for 97 epochs
2025-02-12 05:06:49 - INFO - [Train] Epoch 00183 | train_loss 12.7281 | train_rmse 5.1445 | lr 0.000001
2025-02-12 05:06:49 - INFO - [Validate] Epoch 00183 | valid_rmse 3.0530 | valid_pr 0.9951 | valid_criterion 5.3884 | score 0.4612
2025-02-12 05:06:49 - INFO - No improvement for 98 epochs
2025-02-12 05:06:51 - INFO - [Train] Epoch 00184 | train_loss 14.4822 | train_rmse 5.5939 | lr 0.000001
2025-02-12 05:06:51 - INFO - [Validate] Epoch 00184 | valid_rmse 2.6942 | valid_pr 0.9955 | valid_criterion 4.6071 | score 0.5393
2025-02-12 05:06:51 - INFO - No improvement for 99 epochs
2025-02-12 05:06:53 - INFO - [Train] Epoch 00185 | train_loss 13.1543 | train_rmse 5.2697 | lr 0.000001
2025-02-12 05:06:53 - INFO - [Validate] Epoch 00185 | valid_rmse 2.3325 | valid_pr 0.9953 | valid_criterion 3.7489 | score 0.6251
2025-02-12 05:06:53 - INFO - No improvement for 100 epochs
2025-02-12 05:06:53 - INFO - Early stopping triggered. No improvement for 100 epochs
2025-02-12 05:06:53 - INFO - Best model was saved at epoch 85
2025-02-12 05:06:53 - INFO - [Validate] Epoch 00185 | valid_rmse1 1.811617 | valid_pr1 0.995114 | valid_criterion 2.079293
