2025-02-11 11:14:16 - INFO - /inspire/ssd/ws-f4d69b29-e0a5-44e6-bd92-acf4de9990f0/public-project/hurenling-241310070200/LamNet/model/LamNet/01.train.py
2025-02-11 11:14:16 - INFO - train data: 726
2025-02-11 11:14:16 - INFO - valid data: 154
2025-02-11 11:14:16 - INFO - Total parameters: 1212803
2025-02-11 11:14:16 - INFO - Trainable parameters: 1212803
2025-02-11 11:14:19 - INFO - [Train] Epoch 00000 | train_loss 930.1219 | train_rmse 41.8330 | lr 0.000010
2025-02-11 11:14:19 - INFO - [Validate] Epoch 00000 | valid_rmse 45.0510 | valid_pr 0.3898 | valid_criterion 27.0734 | score -1.7073
2025-02-11 11:14:19 - INFO - [Validate] Best score achieved: -1.707344
2025-02-11 11:14:23 - INFO - [Train] Epoch 00001 | train_loss 931.1291 | train_rmse 41.8313 | lr 0.000020
2025-02-11 11:14:23 - INFO - [Validate] Epoch 00001 | valid_rmse 45.3247 | valid_pr -0.2141 | valid_criterion 27.2261 | score -1.7226
2025-02-11 11:14:23 - INFO - No improvement for 1 epochs
2025-02-11 11:14:27 - INFO - [Train] Epoch 00002 | train_loss 928.8112 | train_rmse 41.8170 | lr 0.000030
2025-02-11 11:14:27 - INFO - [Validate] Epoch 00002 | valid_rmse 45.0323 | valid_pr -0.0892 | valid_criterion 26.8854 | score -1.6885
2025-02-11 11:14:27 - INFO - [Validate] Best score achieved: -1.688541
2025-02-11 11:14:30 - INFO - [Train] Epoch 00003 | train_loss 926.7794 | train_rmse 41.7958 | lr 0.000040
2025-02-11 11:14:30 - INFO - [Validate] Epoch 00003 | valid_rmse 44.1170 | valid_pr -0.0866 | valid_criterion 25.9615 | score -1.5961
2025-02-11 11:14:30 - INFO - [Validate] Best score achieved: -1.596146
2025-02-11 11:14:34 - INFO - [Train] Epoch 00004 | train_loss 926.3219 | train_rmse 41.7777 | lr 0.000050
2025-02-11 11:14:34 - INFO - [Validate] Epoch 00004 | valid_rmse 43.4463 | valid_pr 0.0254 | valid_criterion 25.6136 | score -1.5614
2025-02-11 11:14:34 - INFO - [Validate] Best score achieved: -1.561363
2025-02-11 11:14:37 - INFO - [Train] Epoch 00005 | train_loss 922.2396 | train_rmse 41.7569 | lr 0.000060
2025-02-11 11:14:37 - INFO - [Validate] Epoch 00005 | valid_rmse 43.4141 | valid_pr -0.0129 | valid_criterion 25.2011 | score -1.5201
2025-02-11 11:14:37 - INFO - [Validate] Best score achieved: -1.520109
2025-02-11 11:14:41 - INFO - [Train] Epoch 00006 | train_loss 918.2795 | train_rmse 41.7242 | lr 0.000070
2025-02-11 11:14:41 - INFO - [Validate] Epoch 00006 | valid_rmse 41.6767 | valid_pr 0.0616 | valid_criterion 22.8856 | score -1.2886
2025-02-11 11:14:41 - INFO - [Validate] Best score achieved: -1.288558
2025-02-11 11:14:44 - INFO - [Train] Epoch 00007 | train_loss 909.5741 | train_rmse 41.6842 | lr 0.000080
2025-02-11 11:14:44 - INFO - [Validate] Epoch 00007 | valid_rmse 40.5321 | valid_pr 0.1098 | valid_criterion 21.0220 | score -1.1022
2025-02-11 11:14:44 - INFO - [Validate] Best score achieved: -1.102198
2025-02-11 11:14:48 - INFO - [Train] Epoch 00008 | train_loss 905.6212 | train_rmse 41.6956 | lr 0.000090
2025-02-11 11:14:48 - INFO - [Validate] Epoch 00008 | valid_rmse 38.1949 | valid_pr 0.1814 | valid_criterion 17.2678 | score -0.7268
2025-02-11 11:14:48 - INFO - [Validate] Best score achieved: -0.726781
2025-02-11 11:14:52 - INFO - [Train] Epoch 00009 | train_loss 892.5487 | train_rmse 41.6132 | lr 0.000100
2025-02-11 11:14:52 - INFO - [Validate] Epoch 00009 | valid_rmse 32.3029 | valid_pr 0.2210 | valid_criterion 10.1549 | score -0.0155
2025-02-11 11:14:52 - INFO - [Validate] Best score achieved: -0.015493
2025-02-11 11:14:55 - INFO - [Train] Epoch 00010 | train_loss 879.3040 | train_rmse 41.6376 | lr 0.000110
2025-02-11 11:14:55 - INFO - [Validate] Epoch 00010 | valid_rmse 32.7598 | valid_pr 0.2466 | valid_criterion 10.2401 | score -0.0240
2025-02-11 11:14:55 - INFO - No improvement for 1 epochs
2025-02-11 11:14:59 - INFO - [Train] Epoch 00011 | train_loss 864.3800 | train_rmse 41.7022 | lr 0.000120
2025-02-11 11:14:59 - INFO - [Validate] Epoch 00011 | valid_rmse 31.2374 | valid_pr 0.2408 | valid_criterion 8.5825 | score 0.1417
2025-02-11 11:14:59 - INFO - [Validate] Best score achieved: 0.141746
2025-02-11 11:15:02 - INFO - [Train] Epoch 00012 | train_loss 850.6241 | train_rmse 41.5243 | lr 0.000130
2025-02-11 11:15:02 - INFO - [Validate] Epoch 00012 | valid_rmse 28.3279 | valid_pr 0.2907 | valid_criterion 6.5079 | score 0.3492
2025-02-11 11:15:02 - INFO - [Validate] Best score achieved: 0.349210
2025-02-11 11:15:06 - INFO - [Train] Epoch 00013 | train_loss 830.3946 | train_rmse 41.3347 | lr 0.000140
2025-02-11 11:15:06 - INFO - [Validate] Epoch 00013 | valid_rmse 28.9461 | valid_pr 0.4040 | valid_criterion 5.1401 | score 0.4860
2025-02-11 11:15:06 - INFO - [Validate] Best score achieved: 0.485991
2025-02-11 11:15:09 - INFO - [Train] Epoch 00014 | train_loss 805.5436 | train_rmse 41.0548 | lr 0.000150
2025-02-11 11:15:09 - INFO - [Validate] Epoch 00014 | valid_rmse 35.4000 | valid_pr 0.4506 | valid_criterion 9.7413 | score 0.0259
2025-02-11 11:15:09 - INFO - No improvement for 1 epochs
2025-02-11 11:15:13 - INFO - [Train] Epoch 00015 | train_loss 775.9101 | train_rmse 40.5531 | lr 0.000160
2025-02-11 11:15:13 - INFO - [Validate] Epoch 00015 | valid_rmse 32.8119 | valid_pr 0.6108 | valid_criterion 6.7434 | score 0.3257
2025-02-11 11:15:13 - INFO - No improvement for 2 epochs
2025-02-11 11:15:16 - INFO - [Train] Epoch 00016 | train_loss 728.4695 | train_rmse 40.0478 | lr 0.000170
2025-02-11 11:15:16 - INFO - [Validate] Epoch 00016 | valid_rmse 26.9586 | valid_pr 0.5666 | valid_criterion 8.5705 | score 0.1430
2025-02-11 11:15:16 - INFO - No improvement for 3 epochs
2025-02-11 11:15:20 - INFO - [Train] Epoch 00017 | train_loss 711.2247 | train_rmse 39.4727 | lr 0.000180
2025-02-11 11:15:20 - INFO - [Validate] Epoch 00017 | valid_rmse 23.6108 | valid_pr 0.5629 | valid_criterion 8.3760 | score 0.1624
2025-02-11 11:15:20 - INFO - No improvement for 4 epochs
2025-02-11 11:15:24 - INFO - [Train] Epoch 00018 | train_loss 675.1043 | train_rmse 39.2410 | lr 0.000190
2025-02-11 11:15:24 - INFO - [Validate] Epoch 00018 | valid_rmse 31.5161 | valid_pr 0.6039 | valid_criterion 5.0770 | score 0.4923
2025-02-11 11:15:24 - INFO - [Validate] Best score achieved: 0.492297
2025-02-11 11:15:27 - INFO - [Train] Epoch 00019 | train_loss 647.7337 | train_rmse 38.8868 | lr 0.000200
2025-02-11 11:15:27 - INFO - [Validate] Epoch 00019 | valid_rmse 26.3382 | valid_pr 0.6001 | valid_criterion 9.8483 | score 0.0152
2025-02-11 11:15:27 - INFO - No improvement for 1 epochs
2025-02-11 11:15:31 - INFO - [Train] Epoch 00020 | train_loss 623.6128 | train_rmse 38.5732 | lr 0.000210
2025-02-11 11:15:31 - INFO - [Validate] Epoch 00020 | valid_rmse 29.8303 | valid_pr 0.5755 | valid_criterion 9.4861 | score 0.0514
2025-02-11 11:15:31 - INFO - No improvement for 2 epochs
2025-02-11 11:15:34 - INFO - [Train] Epoch 00021 | train_loss 594.8902 | train_rmse 37.9681 | lr 0.000220
2025-02-11 11:15:34 - INFO - [Validate] Epoch 00021 | valid_rmse 29.5939 | valid_pr 0.6642 | valid_criterion 9.3395 | score 0.0661
2025-02-11 11:15:34 - INFO - No improvement for 3 epochs
2025-02-11 11:15:38 - INFO - [Train] Epoch 00022 | train_loss 573.7262 | train_rmse 37.8533 | lr 0.000230
2025-02-11 11:15:38 - INFO - [Validate] Epoch 00022 | valid_rmse 34.8861 | valid_pr 0.5851 | valid_criterion 13.6720 | score -0.3672
2025-02-11 11:15:38 - INFO - No improvement for 4 epochs
2025-02-11 11:15:41 - INFO - [Train] Epoch 00023 | train_loss 554.6626 | train_rmse 37.6563 | lr 0.000240
2025-02-11 11:15:41 - INFO - [Validate] Epoch 00023 | valid_rmse 24.6517 | valid_pr 0.5561 | valid_criterion 25.5994 | score -1.5599
2025-02-11 11:15:41 - INFO - No improvement for 5 epochs
2025-02-11 11:15:45 - INFO - [Train] Epoch 00024 | train_loss 522.1967 | train_rmse 36.9764 | lr 0.000250
2025-02-11 11:15:45 - INFO - [Validate] Epoch 00024 | valid_rmse 32.1527 | valid_pr 0.6276 | valid_criterion 10.9940 | score -0.0994
2025-02-11 11:15:45 - INFO - No improvement for 6 epochs
2025-02-11 11:15:49 - INFO - [Train] Epoch 00025 | train_loss 506.3269 | train_rmse 36.2689 | lr 0.000260
2025-02-11 11:15:49 - INFO - [Validate] Epoch 00025 | valid_rmse 25.5987 | valid_pr 0.6338 | valid_criterion 23.5300 | score -1.3530
2025-02-11 11:15:49 - INFO - No improvement for 7 epochs
2025-02-11 11:15:52 - INFO - [Train] Epoch 00026 | train_loss 471.9308 | train_rmse 34.8936 | lr 0.000270
2025-02-11 11:15:52 - INFO - [Validate] Epoch 00026 | valid_rmse 37.6782 | valid_pr 0.5790 | valid_criterion 10.5323 | score -0.0532
2025-02-11 11:15:52 - INFO - No improvement for 8 epochs
2025-02-11 11:15:56 - INFO - [Train] Epoch 00027 | train_loss 439.0150 | train_rmse 33.6857 | lr 0.000280
2025-02-11 11:15:56 - INFO - [Validate] Epoch 00027 | valid_rmse 34.2805 | valid_pr 0.6791 | valid_criterion 7.7103 | score 0.2290
2025-02-11 11:15:56 - INFO - No improvement for 9 epochs
2025-02-11 11:15:59 - INFO - [Train] Epoch 00028 | train_loss 400.1924 | train_rmse 32.0037 | lr 0.000290
2025-02-11 11:15:59 - INFO - [Validate] Epoch 00028 | valid_rmse 32.7577 | valid_pr 0.6157 | valid_criterion 4.5330 | score 0.5467
2025-02-11 11:15:59 - INFO - [Validate] Best score achieved: 0.546697
2025-02-11 11:16:03 - INFO - [Train] Epoch 00029 | train_loss 354.8546 | train_rmse 29.7969 | lr 0.000300
2025-02-11 11:16:03 - INFO - [Validate] Epoch 00029 | valid_rmse 24.5091 | valid_pr 0.6975 | valid_criterion 5.6763 | score 0.4324
2025-02-11 11:16:03 - INFO - No improvement for 1 epochs
2025-02-11 11:16:06 - INFO - [Train] Epoch 00030 | train_loss 298.5723 | train_rmse 27.9856 | lr 0.000310
2025-02-11 11:16:06 - INFO - [Validate] Epoch 00030 | valid_rmse 27.1799 | valid_pr 0.6792 | valid_criterion 7.0191 | score 0.2981
2025-02-11 11:16:06 - INFO - No improvement for 2 epochs
2025-02-11 11:16:10 - INFO - [Train] Epoch 00031 | train_loss 238.9053 | train_rmse 24.5646 | lr 0.000320
2025-02-11 11:16:10 - INFO - [Validate] Epoch 00031 | valid_rmse 15.2472 | valid_pr 0.7468 | valid_criterion 20.9854 | score -1.0985
2025-02-11 11:16:10 - INFO - No improvement for 3 epochs
2025-02-11 11:16:13 - INFO - [Train] Epoch 00032 | train_loss 180.2955 | train_rmse 22.0383 | lr 0.000330
2025-02-11 11:16:13 - INFO - [Validate] Epoch 00032 | valid_rmse 28.5279 | valid_pr 0.7184 | valid_criterion 12.3532 | score -0.2353
2025-02-11 11:16:13 - INFO - No improvement for 4 epochs
2025-02-11 11:16:17 - INFO - [Train] Epoch 00033 | train_loss 139.0124 | train_rmse 18.3501 | lr 0.000340
2025-02-11 11:16:17 - INFO - [Validate] Epoch 00033 | valid_rmse 25.6368 | valid_pr 0.7342 | valid_criterion 12.1235 | score -0.2124
2025-02-11 11:16:17 - INFO - No improvement for 5 epochs
2025-02-11 11:16:20 - INFO - [Train] Epoch 00034 | train_loss 104.2175 | train_rmse 15.7192 | lr 0.000350
2025-02-11 11:16:20 - INFO - [Validate] Epoch 00034 | valid_rmse 24.5214 | valid_pr 0.7372 | valid_criterion 8.4828 | score 0.1517
2025-02-11 11:16:20 - INFO - No improvement for 6 epochs
2025-02-11 11:16:24 - INFO - [Train] Epoch 00035 | train_loss 69.1832 | train_rmse 12.6069 | lr 0.000360
2025-02-11 11:16:24 - INFO - [Validate] Epoch 00035 | valid_rmse 19.5579 | valid_pr 0.7760 | valid_criterion 5.8660 | score 0.4134
2025-02-11 11:16:24 - INFO - No improvement for 7 epochs
2025-02-11 11:16:27 - INFO - [Train] Epoch 00036 | train_loss 50.6292 | train_rmse 10.6204 | lr 0.000370
2025-02-11 11:16:27 - INFO - [Validate] Epoch 00036 | valid_rmse 17.4751 | valid_pr 0.7696 | valid_criterion 10.6473 | score -0.0647
2025-02-11 11:16:27 - INFO - No improvement for 8 epochs
2025-02-11 11:16:31 - INFO - [Train] Epoch 00037 | train_loss 40.2478 | train_rmse 9.1887 | lr 0.000380
2025-02-11 11:16:31 - INFO - [Validate] Epoch 00037 | valid_rmse 13.2826 | valid_pr 0.8125 | valid_criterion 10.1861 | score -0.0186
2025-02-11 11:16:31 - INFO - No improvement for 9 epochs
2025-02-11 11:16:35 - INFO - [Train] Epoch 00038 | train_loss 37.7832 | train_rmse 8.5866 | lr 0.000390
2025-02-11 11:16:35 - INFO - [Validate] Epoch 00038 | valid_rmse 18.1967 | valid_pr 0.7468 | valid_criterion 10.5468 | score -0.0547
2025-02-11 11:16:35 - INFO - No improvement for 10 epochs
2025-02-11 11:16:38 - INFO - [Train] Epoch 00039 | train_loss 35.0148 | train_rmse 8.2027 | lr 0.000400
2025-02-11 11:16:38 - INFO - [Validate] Epoch 00039 | valid_rmse 12.6592 | valid_pr 0.8319 | valid_criterion 12.2731 | score -0.2273
2025-02-11 11:16:38 - INFO - No improvement for 11 epochs
2025-02-11 11:16:42 - INFO - [Train] Epoch 00040 | train_loss 33.7591 | train_rmse 8.2577 | lr 0.000410
2025-02-11 11:16:42 - INFO - [Validate] Epoch 00040 | valid_rmse 14.7552 | valid_pr 0.8712 | valid_criterion 4.5756 | score 0.5424
2025-02-11 11:16:42 - INFO - No improvement for 12 epochs
2025-02-11 11:16:46 - INFO - [Train] Epoch 00041 | train_loss 39.2027 | train_rmse 8.6543 | lr 0.000420
2025-02-11 11:16:46 - INFO - [Validate] Epoch 00041 | valid_rmse 13.4031 | valid_pr 0.8190 | valid_criterion 11.5555 | score -0.1556
2025-02-11 11:16:46 - INFO - No improvement for 13 epochs
2025-02-11 11:16:49 - INFO - [Train] Epoch 00042 | train_loss 33.8189 | train_rmse 7.8174 | lr 0.000430
2025-02-11 11:16:49 - INFO - [Validate] Epoch 00042 | valid_rmse 10.8663 | valid_pr 0.8618 | valid_criterion 17.2762 | score -0.7276
2025-02-11 11:16:49 - INFO - No improvement for 14 epochs
2025-02-11 11:16:53 - INFO - [Train] Epoch 00043 | train_loss 33.2252 | train_rmse 7.8485 | lr 0.000440
2025-02-11 11:16:53 - INFO - [Validate] Epoch 00043 | valid_rmse 9.4886 | valid_pr 0.9062 | valid_criterion 9.5166 | score 0.0483
2025-02-11 11:16:53 - INFO - No improvement for 15 epochs
2025-02-11 11:16:56 - INFO - [Train] Epoch 00044 | train_loss 42.3319 | train_rmse 8.8229 | lr 0.000450
2025-02-11 11:16:56 - INFO - [Validate] Epoch 00044 | valid_rmse 14.3570 | valid_pr 0.8544 | valid_criterion 8.7559 | score 0.1244
2025-02-11 11:16:56 - INFO - No improvement for 16 epochs
2025-02-11 11:17:00 - INFO - [Train] Epoch 00045 | train_loss 40.6393 | train_rmse 8.6433 | lr 0.000460
2025-02-11 11:17:00 - INFO - [Validate] Epoch 00045 | valid_rmse 9.5096 | valid_pr 0.9198 | valid_criterion 4.1472 | score 0.5853
2025-02-11 11:17:00 - INFO - [Validate] Best score achieved: 0.585284
2025-02-11 11:17:03 - INFO - [Train] Epoch 00046 | train_loss 33.9327 | train_rmse 8.0321 | lr 0.000470
2025-02-11 11:17:03 - INFO - [Validate] Epoch 00046 | valid_rmse 11.0382 | valid_pr 0.9104 | valid_criterion 5.6323 | score 0.4368
2025-02-11 11:17:03 - INFO - No improvement for 1 epochs
2025-02-11 11:17:07 - INFO - [Train] Epoch 00047 | train_loss 32.3307 | train_rmse 7.7804 | lr 0.000480
2025-02-11 11:17:07 - INFO - [Validate] Epoch 00047 | valid_rmse 7.7787 | valid_pr 0.9275 | valid_criterion 7.9817 | score 0.2018
2025-02-11 11:17:07 - INFO - No improvement for 2 epochs
2025-02-11 11:17:11 - INFO - [Train] Epoch 00048 | train_loss 29.0512 | train_rmse 7.4574 | lr 0.000490
2025-02-11 11:17:11 - INFO - [Validate] Epoch 00048 | valid_rmse 11.6113 | valid_pr 0.9465 | valid_criterion 6.0508 | score 0.3949
2025-02-11 11:17:11 - INFO - No improvement for 3 epochs
2025-02-11 11:17:14 - INFO - [Train] Epoch 00049 | train_loss 27.1216 | train_rmse 7.1634 | lr 0.000500
2025-02-11 11:17:14 - INFO - [Validate] Epoch 00049 | valid_rmse 8.7164 | valid_pr 0.9426 | valid_criterion 7.7106 | score 0.2289
2025-02-11 11:17:14 - INFO - No improvement for 4 epochs
2025-02-11 11:17:18 - INFO - [Train] Epoch 00050 | train_loss 28.6000 | train_rmse 7.2194 | lr 0.000500
2025-02-11 11:17:18 - INFO - [Validate] Epoch 00050 | valid_rmse 8.9667 | valid_pr 0.9385 | valid_criterion 8.2451 | score 0.1755
2025-02-11 11:17:18 - INFO - No improvement for 5 epochs
2025-02-11 11:17:22 - INFO - [Train] Epoch 00051 | train_loss 29.3504 | train_rmse 7.3549 | lr 0.000500
2025-02-11 11:17:22 - INFO - [Validate] Epoch 00051 | valid_rmse 8.3989 | valid_pr 0.9541 | valid_criterion 3.9101 | score 0.6090
2025-02-11 11:17:22 - INFO - [Validate] Best score achieved: 0.608990
2025-02-11 11:17:25 - INFO - [Train] Epoch 00052 | train_loss 25.4772 | train_rmse 6.7841 | lr 0.000500
2025-02-11 11:17:25 - INFO - [Validate] Epoch 00052 | valid_rmse 7.7252 | valid_pr 0.9431 | valid_criterion 6.3551 | score 0.3645
2025-02-11 11:17:25 - INFO - No improvement for 1 epochs
2025-02-11 11:17:29 - INFO - [Train] Epoch 00053 | train_loss 32.3073 | train_rmse 7.6922 | lr 0.000500
2025-02-11 11:17:29 - INFO - [Validate] Epoch 00053 | valid_rmse 8.8291 | valid_pr 0.9294 | valid_criterion 5.5001 | score 0.4500
2025-02-11 11:17:29 - INFO - No improvement for 2 epochs
2025-02-11 11:17:32 - INFO - [Train] Epoch 00054 | train_loss 29.6537 | train_rmse 7.3816 | lr 0.000500
2025-02-11 11:17:32 - INFO - [Validate] Epoch 00054 | valid_rmse 9.3238 | valid_pr 0.9390 | valid_criterion 5.7010 | score 0.4299
2025-02-11 11:17:32 - INFO - No improvement for 3 epochs
2025-02-11 11:17:36 - INFO - [Train] Epoch 00055 | train_loss 27.2222 | train_rmse 6.9806 | lr 0.000500
2025-02-11 11:17:36 - INFO - [Validate] Epoch 00055 | valid_rmse 11.0418 | valid_pr 0.8863 | valid_criterion 9.3545 | score 0.0646
2025-02-11 11:17:36 - INFO - No improvement for 4 epochs
2025-02-11 11:17:40 - INFO - [Train] Epoch 00056 | train_loss 26.1785 | train_rmse 6.9214 | lr 0.000500
2025-02-11 11:17:40 - INFO - [Validate] Epoch 00056 | valid_rmse 10.3679 | valid_pr 0.9135 | valid_criterion 6.1445 | score 0.3855
2025-02-11 11:17:40 - INFO - No improvement for 5 epochs
2025-02-11 11:17:43 - INFO - [Train] Epoch 00057 | train_loss 30.0961 | train_rmse 7.5344 | lr 0.000500
2025-02-11 11:17:43 - INFO - [Validate] Epoch 00057 | valid_rmse 8.6790 | valid_pr 0.9328 | valid_criterion 5.5513 | score 0.4449
2025-02-11 11:17:43 - INFO - No improvement for 6 epochs
2025-02-11 11:17:47 - INFO - [Train] Epoch 00058 | train_loss 21.8404 | train_rmse 6.2490 | lr 0.000500
2025-02-11 11:17:47 - INFO - [Validate] Epoch 00058 | valid_rmse 6.7683 | valid_pr 0.9660 | valid_criterion 5.4869 | score 0.4513
2025-02-11 11:17:47 - INFO - No improvement for 7 epochs
2025-02-11 11:17:50 - INFO - [Train] Epoch 00059 | train_loss 23.0248 | train_rmse 6.4104 | lr 0.000500
2025-02-11 11:17:50 - INFO - [Validate] Epoch 00059 | valid_rmse 6.9901 | valid_pr 0.9561 | valid_criterion 5.3723 | score 0.4628
2025-02-11 11:17:50 - INFO - No improvement for 8 epochs
2025-02-11 11:17:54 - INFO - [Train] Epoch 00060 | train_loss 28.4440 | train_rmse 7.0283 | lr 0.000500
2025-02-11 11:17:54 - INFO - [Validate] Epoch 00060 | valid_rmse 8.9401 | valid_pr 0.9509 | valid_criterion 7.4417 | score 0.2558
2025-02-11 11:17:54 - INFO - No improvement for 9 epochs
2025-02-11 11:17:57 - INFO - [Train] Epoch 00061 | train_loss 26.1940 | train_rmse 6.7840 | lr 0.000500
2025-02-11 11:17:57 - INFO - [Validate] Epoch 00061 | valid_rmse 7.7587 | valid_pr 0.9443 | valid_criterion 5.4942 | score 0.4506
2025-02-11 11:17:57 - INFO - No improvement for 10 epochs
2025-02-11 11:18:01 - INFO - [Train] Epoch 00062 | train_loss 22.9664 | train_rmse 6.5578 | lr 0.000500
2025-02-11 11:18:01 - INFO - [Validate] Epoch 00062 | valid_rmse 9.0571 | valid_pr 0.9281 | valid_criterion 9.2288 | score 0.0771
2025-02-11 11:18:01 - INFO - No improvement for 11 epochs
2025-02-11 11:18:04 - INFO - [Train] Epoch 00063 | train_loss 24.8275 | train_rmse 6.6575 | lr 0.000500
2025-02-11 11:18:04 - INFO - [Validate] Epoch 00063 | valid_rmse 8.9449 | valid_pr 0.9551 | valid_criterion 5.6167 | score 0.4383
2025-02-11 11:18:04 - INFO - No improvement for 12 epochs
2025-02-11 11:18:08 - INFO - [Train] Epoch 00064 | train_loss 22.3854 | train_rmse 6.3433 | lr 0.000500
2025-02-11 11:18:08 - INFO - [Validate] Epoch 00064 | valid_rmse 8.5700 | valid_pr 0.9589 | valid_criterion 5.1407 | score 0.4859
2025-02-11 11:18:08 - INFO - No improvement for 13 epochs
2025-02-11 11:18:12 - INFO - [Train] Epoch 00065 | train_loss 23.8795 | train_rmse 6.7905 | lr 0.000500
2025-02-11 11:18:12 - INFO - [Validate] Epoch 00065 | valid_rmse 7.6068 | valid_pr 0.9665 | valid_criterion 3.7695 | score 0.6231
2025-02-11 11:18:12 - INFO - [Validate] Best score achieved: 0.623051
2025-02-11 11:18:15 - INFO - [Train] Epoch 00066 | train_loss 25.8308 | train_rmse 6.8906 | lr 0.000500
2025-02-11 11:18:15 - INFO - [Validate] Epoch 00066 | valid_rmse 9.2361 | valid_pr 0.9487 | valid_criterion 5.6005 | score 0.4400
2025-02-11 11:18:15 - INFO - No improvement for 1 epochs
2025-02-11 11:18:19 - INFO - [Train] Epoch 00067 | train_loss 23.0023 | train_rmse 6.4204 | lr 0.000500
2025-02-11 11:18:19 - INFO - [Validate] Epoch 00067 | valid_rmse 8.1626 | valid_pr 0.9558 | valid_criterion 8.0861 | score 0.1914
2025-02-11 11:18:19 - INFO - No improvement for 2 epochs
2025-02-11 11:18:22 - INFO - [Train] Epoch 00068 | train_loss 25.1126 | train_rmse 6.8095 | lr 0.000500
2025-02-11 11:18:22 - INFO - [Validate] Epoch 00068 | valid_rmse 5.8413 | valid_pr 0.9704 | valid_criterion 4.4062 | score 0.5594
2025-02-11 11:18:22 - INFO - No improvement for 3 epochs
2025-02-11 11:18:26 - INFO - [Train] Epoch 00069 | train_loss 26.0435 | train_rmse 6.7364 | lr 0.000500
2025-02-11 11:18:26 - INFO - [Validate] Epoch 00069 | valid_rmse 9.6231 | valid_pr 0.9366 | valid_criterion 5.1981 | score 0.4802
2025-02-11 11:18:26 - INFO - No improvement for 4 epochs
2025-02-11 11:18:29 - INFO - [Train] Epoch 00070 | train_loss 25.3973 | train_rmse 6.8332 | lr 0.000500
2025-02-11 11:18:29 - INFO - [Validate] Epoch 00070 | valid_rmse 6.6981 | valid_pr 0.9672 | valid_criterion 3.9693 | score 0.6031
2025-02-11 11:18:29 - INFO - No improvement for 5 epochs
2025-02-11 11:18:33 - INFO - [Train] Epoch 00071 | train_loss 20.5144 | train_rmse 6.0972 | lr 0.000500
2025-02-11 11:18:33 - INFO - [Validate] Epoch 00071 | valid_rmse 7.4905 | valid_pr 0.9656 | valid_criterion 5.0093 | score 0.4991
2025-02-11 11:18:33 - INFO - No improvement for 6 epochs
2025-02-11 11:18:37 - INFO - [Train] Epoch 00072 | train_loss 26.2246 | train_rmse 6.6277 | lr 0.000500
2025-02-11 11:18:37 - INFO - [Validate] Epoch 00072 | valid_rmse 6.9178 | valid_pr 0.9739 | valid_criterion 4.4963 | score 0.5504
2025-02-11 11:18:37 - INFO - No improvement for 7 epochs
2025-02-11 11:18:40 - INFO - [Train] Epoch 00073 | train_loss 21.3695 | train_rmse 6.3004 | lr 0.000500
2025-02-11 11:18:40 - INFO - [Validate] Epoch 00073 | valid_rmse 6.7246 | valid_pr 0.9634 | valid_criterion 6.4750 | score 0.3525
2025-02-11 11:18:40 - INFO - No improvement for 8 epochs
2025-02-11 11:18:44 - INFO - [Train] Epoch 00074 | train_loss 25.4533 | train_rmse 6.7584 | lr 0.000500
2025-02-11 11:18:44 - INFO - [Validate] Epoch 00074 | valid_rmse 7.9618 | valid_pr 0.9700 | valid_criterion 4.9805 | score 0.5020
2025-02-11 11:18:44 - INFO - No improvement for 9 epochs
2025-02-11 11:18:48 - INFO - [Train] Epoch 00075 | train_loss 20.4030 | train_rmse 5.9368 | lr 0.000500
2025-02-11 11:18:48 - INFO - [Validate] Epoch 00075 | valid_rmse 7.4959 | valid_pr 0.9679 | valid_criterion 4.2514 | score 0.5749
2025-02-11 11:18:48 - INFO - No improvement for 10 epochs
2025-02-11 11:18:52 - INFO - [Train] Epoch 00076 | train_loss 25.7657 | train_rmse 6.9172 | lr 0.000500
2025-02-11 11:18:52 - INFO - [Validate] Epoch 00076 | valid_rmse 8.2403 | valid_pr 0.9646 | valid_criterion 5.8979 | score 0.4102
2025-02-11 11:18:52 - INFO - No improvement for 11 epochs
2025-02-11 11:18:55 - INFO - [Train] Epoch 00077 | train_loss 21.3704 | train_rmse 6.0623 | lr 0.000500
2025-02-11 11:18:55 - INFO - [Validate] Epoch 00077 | valid_rmse 6.3054 | valid_pr 0.9729 | valid_criterion 5.8203 | score 0.4180
2025-02-11 11:18:55 - INFO - No improvement for 12 epochs
2025-02-11 11:18:59 - INFO - [Train] Epoch 00078 | train_loss 24.6706 | train_rmse 6.6616 | lr 0.000500
2025-02-11 11:18:59 - INFO - [Validate] Epoch 00078 | valid_rmse 7.7385 | valid_pr 0.9635 | valid_criterion 4.7972 | score 0.5203
2025-02-11 11:18:59 - INFO - No improvement for 13 epochs
2025-02-11 11:19:03 - INFO - [Train] Epoch 00079 | train_loss 18.2231 | train_rmse 5.4993 | lr 0.000500
2025-02-11 11:19:03 - INFO - [Validate] Epoch 00079 | valid_rmse 6.7440 | valid_pr 0.9689 | valid_criterion 4.8076 | score 0.5192
2025-02-11 11:19:03 - INFO - No improvement for 14 epochs
2025-02-11 11:19:06 - INFO - [Train] Epoch 00080 | train_loss 22.3167 | train_rmse 6.3262 | lr 0.000500
2025-02-11 11:19:06 - INFO - [Validate] Epoch 00080 | valid_rmse 6.3642 | valid_pr 0.9729 | valid_criterion 4.8631 | score 0.5137
2025-02-11 11:19:06 - INFO - No improvement for 15 epochs
2025-02-11 11:19:10 - INFO - [Train] Epoch 00081 | train_loss 23.1968 | train_rmse 6.3204 | lr 0.000500
2025-02-11 11:19:10 - INFO - [Validate] Epoch 00081 | valid_rmse 6.3465 | valid_pr 0.9687 | valid_criterion 5.3244 | score 0.4676
2025-02-11 11:19:10 - INFO - No improvement for 16 epochs
2025-02-11 11:19:13 - INFO - [Train] Epoch 00082 | train_loss 25.1376 | train_rmse 6.5677 | lr 0.000500
2025-02-11 11:19:13 - INFO - [Validate] Epoch 00082 | valid_rmse 5.7160 | valid_pr 0.9657 | valid_criterion 4.6192 | score 0.5381
2025-02-11 11:19:13 - INFO - No improvement for 17 epochs
2025-02-11 11:19:17 - INFO - [Train] Epoch 00083 | train_loss 17.6654 | train_rmse 5.5269 | lr 0.000500
2025-02-11 11:19:17 - INFO - [Validate] Epoch 00083 | valid_rmse 5.4604 | valid_pr 0.9828 | valid_criterion 4.6557 | score 0.5344
2025-02-11 11:19:17 - INFO - No improvement for 18 epochs
2025-02-11 11:19:21 - INFO - [Train] Epoch 00084 | train_loss 20.9102 | train_rmse 6.1464 | lr 0.000500
2025-02-11 11:19:21 - INFO - [Validate] Epoch 00084 | valid_rmse 5.9134 | valid_pr 0.9721 | valid_criterion 5.1210 | score 0.4879
2025-02-11 11:19:21 - INFO - No improvement for 19 epochs
2025-02-11 11:19:24 - INFO - [Train] Epoch 00085 | train_loss 23.1703 | train_rmse 6.5493 | lr 0.000500
2025-02-11 11:19:24 - INFO - [Validate] Epoch 00085 | valid_rmse 6.9435 | valid_pr 0.9706 | valid_criterion 4.7137 | score 0.5286
2025-02-11 11:19:24 - INFO - No improvement for 20 epochs
2025-02-11 11:19:27 - INFO - [Train] Epoch 00086 | train_loss 24.4284 | train_rmse 6.7537 | lr 0.000500
2025-02-11 11:19:27 - INFO - [Validate] Epoch 00086 | valid_rmse 6.8796 | valid_pr 0.9777 | valid_criterion 4.3513 | score 0.5649
2025-02-11 11:19:27 - INFO - No improvement for 21 epochs
2025-02-11 11:19:31 - INFO - [Train] Epoch 00087 | train_loss 18.4931 | train_rmse 5.5315 | lr 0.000500
2025-02-11 11:19:31 - INFO - [Validate] Epoch 00087 | valid_rmse 6.6959 | valid_pr 0.9782 | valid_criterion 4.9648 | score 0.5035
2025-02-11 11:19:31 - INFO - No improvement for 22 epochs
2025-02-11 11:19:35 - INFO - [Train] Epoch 00088 | train_loss 17.4478 | train_rmse 5.4854 | lr 0.000500
2025-02-11 11:19:35 - INFO - [Validate] Epoch 00088 | valid_rmse 6.6513 | valid_pr 0.9685 | valid_criterion 4.9632 | score 0.5037
2025-02-11 11:19:35 - INFO - No improvement for 23 epochs
2025-02-11 11:19:38 - INFO - [Train] Epoch 00089 | train_loss 18.6550 | train_rmse 5.7768 | lr 0.000500
2025-02-11 11:19:38 - INFO - [Validate] Epoch 00089 | valid_rmse 8.3954 | valid_pr 0.9652 | valid_criterion 7.6593 | score 0.2341
2025-02-11 11:19:38 - INFO - No improvement for 24 epochs
2025-02-11 11:19:42 - INFO - [Train] Epoch 00090 | train_loss 17.8143 | train_rmse 5.5356 | lr 0.000500
2025-02-11 11:19:42 - INFO - [Validate] Epoch 00090 | valid_rmse 5.9072 | valid_pr 0.9796 | valid_criterion 6.2112 | score 0.3789
2025-02-11 11:19:42 - INFO - No improvement for 25 epochs
2025-02-11 11:19:45 - INFO - [Train] Epoch 00091 | train_loss 16.4441 | train_rmse 5.5173 | lr 0.000500
2025-02-11 11:19:45 - INFO - [Validate] Epoch 00091 | valid_rmse 5.9535 | valid_pr 0.9798 | valid_criterion 5.0722 | score 0.4928
2025-02-11 11:19:45 - INFO - No improvement for 26 epochs
2025-02-11 11:19:49 - INFO - [Train] Epoch 00092 | train_loss 20.2082 | train_rmse 5.9797 | lr 0.000500
2025-02-11 11:19:49 - INFO - [Validate] Epoch 00092 | valid_rmse 5.4289 | valid_pr 0.9842 | valid_criterion 4.5899 | score 0.5410
2025-02-11 11:19:49 - INFO - No improvement for 27 epochs
2025-02-11 11:19:52 - INFO - [Train] Epoch 00093 | train_loss 23.7257 | train_rmse 6.4369 | lr 0.000500
2025-02-11 11:19:52 - INFO - [Validate] Epoch 00093 | valid_rmse 6.1523 | valid_pr 0.9709 | valid_criterion 5.3392 | score 0.4661
2025-02-11 11:19:52 - INFO - No improvement for 28 epochs
2025-02-11 11:19:56 - INFO - [Train] Epoch 00094 | train_loss 20.0689 | train_rmse 5.9858 | lr 0.000500
2025-02-11 11:19:56 - INFO - [Validate] Epoch 00094 | valid_rmse 4.1832 | valid_pr 0.9853 | valid_criterion 3.9549 | score 0.6045
2025-02-11 11:19:56 - INFO - No improvement for 29 epochs
2025-02-11 11:19:59 - INFO - [Train] Epoch 00095 | train_loss 22.6864 | train_rmse 6.4717 | lr 0.000500
2025-02-11 11:19:59 - INFO - [Validate] Epoch 00095 | valid_rmse 4.5694 | valid_pr 0.9855 | valid_criterion 4.4766 | score 0.5523
2025-02-11 11:19:59 - INFO - No improvement for 30 epochs
2025-02-11 11:20:03 - INFO - [Train] Epoch 00096 | train_loss 24.3131 | train_rmse 6.5594 | lr 0.000500
2025-02-11 11:20:03 - INFO - [Validate] Epoch 00096 | valid_rmse 6.3488 | valid_pr 0.9685 | valid_criterion 5.4986 | score 0.4501
2025-02-11 11:20:03 - INFO - No improvement for 31 epochs
2025-02-11 11:20:06 - INFO - [Train] Epoch 00097 | train_loss 27.1410 | train_rmse 6.8744 | lr 0.000500
2025-02-11 11:20:06 - INFO - [Validate] Epoch 00097 | valid_rmse 5.5372 | valid_pr 0.9736 | valid_criterion 5.6289 | score 0.4371
2025-02-11 11:20:06 - INFO - No improvement for 32 epochs
2025-02-11 11:20:10 - INFO - [Train] Epoch 00098 | train_loss 19.1710 | train_rmse 5.8228 | lr 0.000500
2025-02-11 11:20:10 - INFO - [Validate] Epoch 00098 | valid_rmse 7.3459 | valid_pr 0.9603 | valid_criterion 6.5566 | score 0.3443
2025-02-11 11:20:10 - INFO - No improvement for 33 epochs
2025-02-11 11:20:13 - INFO - [Train] Epoch 00099 | train_loss 18.0811 | train_rmse 5.5960 | lr 0.000500
2025-02-11 11:20:13 - INFO - [Validate] Epoch 00099 | valid_rmse 6.3953 | valid_pr 0.9793 | valid_criterion 6.4279 | score 0.3572
2025-02-11 11:20:13 - INFO - No improvement for 34 epochs
2025-02-11 11:20:17 - INFO - [Train] Epoch 00100 | train_loss 17.9195 | train_rmse 5.4830 | lr 0.000500
2025-02-11 11:20:17 - INFO - [Validate] Epoch 00100 | valid_rmse 5.6901 | valid_pr 0.9859 | valid_criterion 4.4877 | score 0.5512
2025-02-11 11:20:17 - INFO - No improvement for 35 epochs
2025-02-11 11:20:20 - INFO - [Train] Epoch 00101 | train_loss 18.6724 | train_rmse 5.6639 | lr 0.000500
2025-02-11 11:20:20 - INFO - [Validate] Epoch 00101 | valid_rmse 6.2077 | valid_pr 0.9763 | valid_criterion 6.6756 | score 0.3324
2025-02-11 11:20:20 - INFO - No improvement for 36 epochs
2025-02-11 11:20:24 - INFO - [Train] Epoch 00102 | train_loss 24.4074 | train_rmse 6.5362 | lr 0.000500
2025-02-11 11:20:24 - INFO - [Validate] Epoch 00102 | valid_rmse 7.6933 | valid_pr 0.9620 | valid_criterion 5.4248 | score 0.4575
2025-02-11 11:20:24 - INFO - No improvement for 37 epochs
2025-02-11 11:20:27 - INFO - [Train] Epoch 00103 | train_loss 18.5653 | train_rmse 5.7532 | lr 0.000500
2025-02-11 11:20:27 - INFO - [Validate] Epoch 00103 | valid_rmse 6.1510 | valid_pr 0.9817 | valid_criterion 4.9195 | score 0.5081
2025-02-11 11:20:27 - INFO - No improvement for 38 epochs
2025-02-11 11:20:31 - INFO - [Train] Epoch 00104 | train_loss 19.2885 | train_rmse 5.7282 | lr 0.000500
2025-02-11 11:20:31 - INFO - [Validate] Epoch 00104 | valid_rmse 6.6524 | valid_pr 0.9702 | valid_criterion 6.4298 | score 0.3570
2025-02-11 11:20:31 - INFO - No improvement for 39 epochs
2025-02-11 11:20:35 - INFO - [Train] Epoch 00105 | train_loss 17.5024 | train_rmse 5.5267 | lr 0.000500
2025-02-11 11:20:35 - INFO - [Validate] Epoch 00105 | valid_rmse 5.4119 | valid_pr 0.9778 | valid_criterion 5.8083 | score 0.4192
2025-02-11 11:20:35 - INFO - No improvement for 40 epochs
2025-02-11 11:20:38 - INFO - [Train] Epoch 00106 | train_loss 16.9710 | train_rmse 5.4744 | lr 0.000500
2025-02-11 11:20:38 - INFO - [Validate] Epoch 00106 | valid_rmse 5.2456 | valid_pr 0.9834 | valid_criterion 6.0465 | score 0.3953
2025-02-11 11:20:38 - INFO - No improvement for 41 epochs
2025-02-11 11:20:42 - INFO - [Train] Epoch 00107 | train_loss 22.8695 | train_rmse 6.3905 | lr 0.000500
2025-02-11 11:20:42 - INFO - [Validate] Epoch 00107 | valid_rmse 6.1169 | valid_pr 0.9816 | valid_criterion 5.3082 | score 0.4692
2025-02-11 11:20:42 - INFO - No improvement for 42 epochs
2025-02-11 11:20:45 - INFO - [Train] Epoch 00108 | train_loss 18.3639 | train_rmse 5.6047 | lr 0.000500
2025-02-11 11:20:45 - INFO - [Validate] Epoch 00108 | valid_rmse 6.8665 | valid_pr 0.9769 | valid_criterion 5.6024 | score 0.4398
2025-02-11 11:20:45 - INFO - No improvement for 43 epochs
2025-02-11 11:20:49 - INFO - [Train] Epoch 00109 | train_loss 16.6770 | train_rmse 5.2916 | lr 0.000500
2025-02-11 11:20:49 - INFO - [Validate] Epoch 00109 | valid_rmse 4.3878 | valid_pr 0.9861 | valid_criterion 4.0548 | score 0.5945
2025-02-11 11:20:49 - INFO - No improvement for 44 epochs
2025-02-11 11:20:52 - INFO - [Train] Epoch 00110 | train_loss 16.0482 | train_rmse 5.2607 | lr 0.000500
2025-02-11 11:20:52 - INFO - [Validate] Epoch 00110 | valid_rmse 4.1652 | valid_pr 0.9844 | valid_criterion 4.7898 | score 0.5210
2025-02-11 11:20:52 - INFO - No improvement for 45 epochs
2025-02-11 11:20:56 - INFO - [Train] Epoch 00111 | train_loss 22.1072 | train_rmse 6.4714 | lr 0.000500
2025-02-11 11:20:56 - INFO - [Validate] Epoch 00111 | valid_rmse 6.5121 | valid_pr 0.9746 | valid_criterion 6.0224 | score 0.3978
2025-02-11 11:20:56 - INFO - No improvement for 46 epochs
2025-02-11 11:20:59 - INFO - [Train] Epoch 00112 | train_loss 21.0896 | train_rmse 6.1477 | lr 0.000500
2025-02-11 11:20:59 - INFO - [Validate] Epoch 00112 | valid_rmse 6.2780 | valid_pr 0.9802 | valid_criterion 4.5785 | score 0.5421
2025-02-11 11:20:59 - INFO - No improvement for 47 epochs
2025-02-11 11:21:03 - INFO - [Train] Epoch 00113 | train_loss 16.7928 | train_rmse 5.3018 | lr 0.000500
2025-02-11 11:21:03 - INFO - [Validate] Epoch 00113 | valid_rmse 5.7486 | valid_pr 0.9810 | valid_criterion 3.5711 | score 0.6429
2025-02-11 11:21:03 - INFO - [Validate] Best score achieved: 0.642895
2025-02-11 11:21:06 - INFO - [Train] Epoch 00114 | train_loss 21.6827 | train_rmse 6.2105 | lr 0.000500
2025-02-11 11:21:06 - INFO - [Validate] Epoch 00114 | valid_rmse 5.2989 | valid_pr 0.9845 | valid_criterion 5.3817 | score 0.4618
2025-02-11 11:21:06 - INFO - No improvement for 1 epochs
2025-02-11 11:21:10 - INFO - [Train] Epoch 00115 | train_loss 17.5597 | train_rmse 5.5206 | lr 0.000500
2025-02-11 11:21:10 - INFO - [Validate] Epoch 00115 | valid_rmse 5.1484 | valid_pr 0.9836 | valid_criterion 4.3864 | score 0.5614
2025-02-11 11:21:10 - INFO - No improvement for 2 epochs
2025-02-11 11:21:14 - INFO - [Train] Epoch 00116 | train_loss 19.3709 | train_rmse 5.7589 | lr 0.000500
2025-02-11 11:21:14 - INFO - [Validate] Epoch 00116 | valid_rmse 6.4980 | valid_pr 0.9707 | valid_criterion 4.7623 | score 0.5238
2025-02-11 11:21:14 - INFO - No improvement for 3 epochs
2025-02-11 11:21:17 - INFO - [Train] Epoch 00117 | train_loss 19.8072 | train_rmse 5.8986 | lr 0.000500
2025-02-11 11:21:17 - INFO - [Validate] Epoch 00117 | valid_rmse 5.0324 | valid_pr 0.9810 | valid_criterion 4.9966 | score 0.5003
2025-02-11 11:21:17 - INFO - No improvement for 4 epochs
2025-02-11 11:21:21 - INFO - [Train] Epoch 00118 | train_loss 22.8351 | train_rmse 6.2399 | lr 0.000500
2025-02-11 11:21:21 - INFO - [Validate] Epoch 00118 | valid_rmse 5.2434 | valid_pr 0.9825 | valid_criterion 4.7603 | score 0.5240
2025-02-11 11:21:21 - INFO - No improvement for 5 epochs
2025-02-11 11:21:24 - INFO - [Train] Epoch 00119 | train_loss 20.0758 | train_rmse 5.9739 | lr 0.000500
2025-02-11 11:21:24 - INFO - [Validate] Epoch 00119 | valid_rmse 6.9491 | valid_pr 0.9748 | valid_criterion 5.7642 | score 0.4236
2025-02-11 11:21:24 - INFO - No improvement for 6 epochs
2025-02-11 11:21:28 - INFO - [Train] Epoch 00120 | train_loss 20.8054 | train_rmse 5.9991 | lr 0.000500
2025-02-11 11:21:28 - INFO - [Validate] Epoch 00120 | valid_rmse 8.1725 | valid_pr 0.9739 | valid_criterion 6.8352 | score 0.3165
2025-02-11 11:21:28 - INFO - No improvement for 7 epochs
2025-02-11 11:21:31 - INFO - [Train] Epoch 00121 | train_loss 18.8926 | train_rmse 5.7948 | lr 0.000500
2025-02-11 11:21:31 - INFO - [Validate] Epoch 00121 | valid_rmse 5.5081 | valid_pr 0.9763 | valid_criterion 5.8001 | score 0.4200
2025-02-11 11:21:31 - INFO - No improvement for 8 epochs
2025-02-11 11:21:35 - INFO - [Train] Epoch 00122 | train_loss 19.9996 | train_rmse 5.9219 | lr 0.000500
2025-02-11 11:21:35 - INFO - [Validate] Epoch 00122 | valid_rmse 6.7639 | valid_pr 0.9805 | valid_criterion 5.9000 | score 0.4100
2025-02-11 11:21:35 - INFO - No improvement for 9 epochs
2025-02-11 11:21:38 - INFO - [Train] Epoch 00123 | train_loss 17.4924 | train_rmse 5.5363 | lr 0.000500
2025-02-11 11:21:38 - INFO - [Validate] Epoch 00123 | valid_rmse 5.5823 | valid_pr 0.9813 | valid_criterion 4.8715 | score 0.5129
2025-02-11 11:21:38 - INFO - No improvement for 10 epochs
2025-02-11 11:21:42 - INFO - [Train] Epoch 00124 | train_loss 17.0154 | train_rmse 5.4710 | lr 0.000500
2025-02-11 11:21:42 - INFO - [Validate] Epoch 00124 | valid_rmse 6.7205 | valid_pr 0.9763 | valid_criterion 5.0861 | score 0.4914
2025-02-11 11:21:42 - INFO - No improvement for 11 epochs
2025-02-11 11:21:45 - INFO - [Train] Epoch 00125 | train_loss 15.3030 | train_rmse 5.1599 | lr 0.000500
2025-02-11 11:21:45 - INFO - [Validate] Epoch 00125 | valid_rmse 7.0223 | valid_pr 0.9711 | valid_criterion 7.5243 | score 0.2476
2025-02-11 11:21:45 - INFO - No improvement for 12 epochs
2025-02-11 11:21:49 - INFO - [Train] Epoch 00126 | train_loss 16.9891 | train_rmse 5.4130 | lr 0.000500
2025-02-11 11:21:49 - INFO - [Validate] Epoch 00126 | valid_rmse 5.8429 | valid_pr 0.9724 | valid_criterion 5.2217 | score 0.4778
2025-02-11 11:21:49 - INFO - No improvement for 13 epochs
2025-02-11 11:21:52 - INFO - [Train] Epoch 00127 | train_loss 16.8216 | train_rmse 5.4397 | lr 0.000500
2025-02-11 11:21:52 - INFO - [Validate] Epoch 00127 | valid_rmse 5.5032 | valid_pr 0.9817 | valid_criterion 4.4718 | score 0.5528
2025-02-11 11:21:52 - INFO - No improvement for 14 epochs
2025-02-11 11:21:56 - INFO - [Train] Epoch 00128 | train_loss 17.2938 | train_rmse 5.5122 | lr 0.000500
2025-02-11 11:21:56 - INFO - [Validate] Epoch 00128 | valid_rmse 5.7941 | valid_pr 0.9852 | valid_criterion 5.2490 | score 0.4751
2025-02-11 11:21:56 - INFO - No improvement for 15 epochs
2025-02-11 11:21:59 - INFO - [Train] Epoch 00129 | train_loss 15.6120 | train_rmse 5.1618 | lr 0.000500
2025-02-11 11:21:59 - INFO - [Validate] Epoch 00129 | valid_rmse 7.9546 | valid_pr 0.9747 | valid_criterion 5.6932 | score 0.4307
2025-02-11 11:21:59 - INFO - No improvement for 16 epochs
2025-02-11 11:22:03 - INFO - [Train] Epoch 00130 | train_loss 15.4641 | train_rmse 5.1963 | lr 0.000500
2025-02-11 11:22:03 - INFO - [Validate] Epoch 00130 | valid_rmse 4.8097 | valid_pr 0.9864 | valid_criterion 3.9019 | score 0.6098
2025-02-11 11:22:03 - INFO - No improvement for 17 epochs
2025-02-11 11:22:06 - INFO - [Train] Epoch 00131 | train_loss 14.8140 | train_rmse 5.0432 | lr 0.000100
2025-02-11 11:22:06 - INFO - [Validate] Epoch 00131 | valid_rmse 4.2488 | valid_pr 0.9847 | valid_criterion 3.4969 | score 0.6503
2025-02-11 11:22:06 - INFO - [Validate] Best score achieved: 0.650312
2025-02-11 11:22:10 - INFO - [Train] Epoch 00132 | train_loss 17.5025 | train_rmse 5.5030 | lr 0.000100
2025-02-11 11:22:10 - INFO - [Validate] Epoch 00132 | valid_rmse 4.2835 | valid_pr 0.9862 | valid_criterion 3.3641 | score 0.6636
2025-02-11 11:22:10 - INFO - [Validate] Best score achieved: 0.663590
2025-02-11 11:22:14 - INFO - [Train] Epoch 00133 | train_loss 17.5799 | train_rmse 5.5520 | lr 0.000100
2025-02-11 11:22:14 - INFO - [Validate] Epoch 00133 | valid_rmse 5.7786 | valid_pr 0.9820 | valid_criterion 4.0145 | score 0.5985
2025-02-11 11:22:14 - INFO - No improvement for 1 epochs
2025-02-11 11:22:17 - INFO - [Train] Epoch 00134 | train_loss 16.1545 | train_rmse 5.3399 | lr 0.000100
2025-02-11 11:22:17 - INFO - [Validate] Epoch 00134 | valid_rmse 4.7159 | valid_pr 0.9853 | valid_criterion 3.9165 | score 0.6084
2025-02-11 11:22:17 - INFO - No improvement for 2 epochs
2025-02-11 11:22:21 - INFO - [Train] Epoch 00135 | train_loss 17.0874 | train_rmse 5.3873 | lr 0.000100
2025-02-11 11:22:21 - INFO - [Validate] Epoch 00135 | valid_rmse 5.2107 | valid_pr 0.9847 | valid_criterion 4.7979 | score 0.5202
2025-02-11 11:22:21 - INFO - No improvement for 3 epochs
2025-02-11 11:22:24 - INFO - [Train] Epoch 00136 | train_loss 20.2540 | train_rmse 5.9330 | lr 0.000100
2025-02-11 11:22:24 - INFO - [Validate] Epoch 00136 | valid_rmse 4.5206 | valid_pr 0.9838 | valid_criterion 4.4531 | score 0.5547
2025-02-11 11:22:24 - INFO - No improvement for 4 epochs
2025-02-11 11:22:30 - INFO - [Train] Epoch 00137 | train_loss 17.5261 | train_rmse 5.5472 | lr 0.000100
2025-02-11 11:22:30 - INFO - [Validate] Epoch 00137 | valid_rmse 5.5881 | valid_pr 0.9845 | valid_criterion 5.1073 | score 0.4893
2025-02-11 11:22:30 - INFO - No improvement for 5 epochs
2025-02-11 11:22:34 - INFO - [Train] Epoch 00138 | train_loss 23.7523 | train_rmse 6.5473 | lr 0.000100
2025-02-11 11:22:34 - INFO - [Validate] Epoch 00138 | valid_rmse 5.3605 | valid_pr 0.9839 | valid_criterion 4.4226 | score 0.5577
2025-02-11 11:22:34 - INFO - No improvement for 6 epochs
2025-02-11 11:22:37 - INFO - [Train] Epoch 00139 | train_loss 15.8464 | train_rmse 5.2737 | lr 0.000100
2025-02-11 11:22:37 - INFO - [Validate] Epoch 00139 | valid_rmse 4.4470 | valid_pr 0.9877 | valid_criterion 3.7226 | score 0.6277
2025-02-11 11:22:37 - INFO - No improvement for 7 epochs
2025-02-11 11:22:41 - INFO - [Train] Epoch 00140 | train_loss 18.0392 | train_rmse 5.5515 | lr 0.000100
2025-02-11 11:22:41 - INFO - [Validate] Epoch 00140 | valid_rmse 5.3419 | valid_pr 0.9854 | valid_criterion 4.7044 | score 0.5296
2025-02-11 11:22:41 - INFO - No improvement for 8 epochs
2025-02-11 11:22:44 - INFO - [Train] Epoch 00141 | train_loss 13.2904 | train_rmse 4.7041 | lr 0.000100
2025-02-11 11:22:44 - INFO - [Validate] Epoch 00141 | valid_rmse 4.3443 | valid_pr 0.9849 | valid_criterion 4.5184 | score 0.5482
2025-02-11 11:22:44 - INFO - No improvement for 9 epochs
2025-02-11 11:22:48 - INFO - [Train] Epoch 00142 | train_loss 17.0746 | train_rmse 5.4545 | lr 0.000100
2025-02-11 11:22:48 - INFO - [Validate] Epoch 00142 | valid_rmse 5.4102 | valid_pr 0.9832 | valid_criterion 4.7331 | score 0.5267
2025-02-11 11:22:48 - INFO - No improvement for 10 epochs
2025-02-11 11:22:51 - INFO - [Train] Epoch 00143 | train_loss 19.6782 | train_rmse 6.0037 | lr 0.000100
2025-02-11 11:22:51 - INFO - [Validate] Epoch 00143 | valid_rmse 4.4616 | valid_pr 0.9840 | valid_criterion 4.5031 | score 0.5497
2025-02-11 11:22:51 - INFO - No improvement for 11 epochs
2025-02-11 11:22:55 - INFO - [Train] Epoch 00144 | train_loss 18.1284 | train_rmse 5.7280 | lr 0.000100
2025-02-11 11:22:55 - INFO - [Validate] Epoch 00144 | valid_rmse 5.4457 | valid_pr 0.9845 | valid_criterion 4.9987 | score 0.5001
2025-02-11 11:22:55 - INFO - No improvement for 12 epochs
2025-02-11 11:22:59 - INFO - [Train] Epoch 00145 | train_loss 18.1772 | train_rmse 5.8152 | lr 0.000100
2025-02-11 11:22:59 - INFO - [Validate] Epoch 00145 | valid_rmse 4.5731 | valid_pr 0.9845 | valid_criterion 4.3172 | score 0.5683
2025-02-11 11:22:59 - INFO - No improvement for 13 epochs
2025-02-11 11:23:02 - INFO - [Train] Epoch 00146 | train_loss 15.3911 | train_rmse 5.1808 | lr 0.000100
2025-02-11 11:23:02 - INFO - [Validate] Epoch 00146 | valid_rmse 4.9324 | valid_pr 0.9829 | valid_criterion 4.5652 | score 0.5435
2025-02-11 11:23:02 - INFO - No improvement for 14 epochs
2025-02-11 11:23:06 - INFO - [Train] Epoch 00147 | train_loss 18.9377 | train_rmse 5.7498 | lr 0.000100
2025-02-11 11:23:06 - INFO - [Validate] Epoch 00147 | valid_rmse 5.1187 | valid_pr 0.9840 | valid_criterion 4.7472 | score 0.5253
2025-02-11 11:23:06 - INFO - No improvement for 15 epochs
2025-02-11 11:23:09 - INFO - [Train] Epoch 00148 | train_loss 17.4497 | train_rmse 5.4027 | lr 0.000100
2025-02-11 11:23:09 - INFO - [Validate] Epoch 00148 | valid_rmse 5.4809 | valid_pr 0.9852 | valid_criterion 4.5694 | score 0.5431
2025-02-11 11:23:09 - INFO - No improvement for 16 epochs
2025-02-11 11:23:13 - INFO - [Train] Epoch 00149 | train_loss 21.3516 | train_rmse 6.0777 | lr 0.000100
2025-02-11 11:23:13 - INFO - [Validate] Epoch 00149 | valid_rmse 5.5637 | valid_pr 0.9844 | valid_criterion 4.9674 | score 0.5033
2025-02-11 11:23:13 - INFO - No improvement for 17 epochs
2025-02-11 11:23:17 - INFO - [Train] Epoch 00150 | train_loss 20.0280 | train_rmse 5.9587 | lr 0.000100
2025-02-11 11:23:17 - INFO - [Validate] Epoch 00150 | valid_rmse 5.0811 | valid_pr 0.9848 | valid_criterion 4.2450 | score 0.5755
2025-02-11 11:23:17 - INFO - No improvement for 18 epochs
2025-02-11 11:23:20 - INFO - [Train] Epoch 00151 | train_loss 12.9166 | train_rmse 4.7384 | lr 0.000100
2025-02-11 11:23:20 - INFO - [Validate] Epoch 00151 | valid_rmse 4.3931 | valid_pr 0.9864 | valid_criterion 3.8446 | score 0.6155
2025-02-11 11:23:20 - INFO - No improvement for 19 epochs
2025-02-11 11:23:24 - INFO - [Train] Epoch 00152 | train_loss 15.7031 | train_rmse 5.2814 | lr 0.000020
2025-02-11 11:23:24 - INFO - [Validate] Epoch 00152 | valid_rmse 4.8243 | valid_pr 0.9854 | valid_criterion 4.0131 | score 0.5987
2025-02-11 11:23:24 - INFO - No improvement for 20 epochs
2025-02-11 11:23:27 - INFO - [Train] Epoch 00153 | train_loss 12.7064 | train_rmse 4.5606 | lr 0.000020
2025-02-11 11:23:27 - INFO - [Validate] Epoch 00153 | valid_rmse 4.7955 | valid_pr 0.9852 | valid_criterion 4.0920 | score 0.5908
2025-02-11 11:23:27 - INFO - No improvement for 21 epochs
2025-02-11 11:23:31 - INFO - [Train] Epoch 00154 | train_loss 12.5789 | train_rmse 4.6691 | lr 0.000020
2025-02-11 11:23:31 - INFO - [Validate] Epoch 00154 | valid_rmse 4.7468 | valid_pr 0.9865 | valid_criterion 3.8239 | score 0.6176
2025-02-11 11:23:31 - INFO - No improvement for 22 epochs
2025-02-11 11:23:34 - INFO - [Train] Epoch 00155 | train_loss 20.7107 | train_rmse 5.9448 | lr 0.000020
2025-02-11 11:23:34 - INFO - [Validate] Epoch 00155 | valid_rmse 5.1015 | valid_pr 0.9856 | valid_criterion 4.0629 | score 0.5937
2025-02-11 11:23:34 - INFO - No improvement for 23 epochs
2025-02-11 11:23:38 - INFO - [Train] Epoch 00156 | train_loss 24.6668 | train_rmse 6.3003 | lr 0.000020
2025-02-11 11:23:38 - INFO - [Validate] Epoch 00156 | valid_rmse 3.8710 | valid_pr 0.9875 | valid_criterion 3.9584 | score 0.6042
2025-02-11 11:23:38 - INFO - No improvement for 24 epochs
2025-02-11 11:23:41 - INFO - [Train] Epoch 00157 | train_loss 15.0193 | train_rmse 4.9913 | lr 0.000020
2025-02-11 11:23:41 - INFO - [Validate] Epoch 00157 | valid_rmse 5.3353 | valid_pr 0.9863 | valid_criterion 4.1697 | score 0.5830
2025-02-11 11:23:41 - INFO - No improvement for 25 epochs
2025-02-11 11:23:45 - INFO - [Train] Epoch 00158 | train_loss 14.6578 | train_rmse 5.0759 | lr 0.000020
2025-02-11 11:23:45 - INFO - [Validate] Epoch 00158 | valid_rmse 4.2208 | valid_pr 0.9872 | valid_criterion 3.6948 | score 0.6305
2025-02-11 11:23:45 - INFO - No improvement for 26 epochs
2025-02-11 11:23:48 - INFO - [Train] Epoch 00159 | train_loss 15.0102 | train_rmse 5.1820 | lr 0.000020
2025-02-11 11:23:48 - INFO - [Validate] Epoch 00159 | valid_rmse 5.3377 | valid_pr 0.9859 | valid_criterion 4.3835 | score 0.5616
2025-02-11 11:23:48 - INFO - No improvement for 27 epochs
2025-02-11 11:23:52 - INFO - [Train] Epoch 00160 | train_loss 12.2441 | train_rmse 4.5643 | lr 0.000020
2025-02-11 11:23:52 - INFO - [Validate] Epoch 00160 | valid_rmse 5.4724 | valid_pr 0.9858 | valid_criterion 4.0709 | score 0.5929
2025-02-11 11:23:52 - INFO - No improvement for 28 epochs
2025-02-11 11:23:55 - INFO - [Train] Epoch 00161 | train_loss 13.8971 | train_rmse 4.9280 | lr 0.000020
2025-02-11 11:23:55 - INFO - [Validate] Epoch 00161 | valid_rmse 4.6559 | valid_pr 0.9862 | valid_criterion 3.9335 | score 0.6066
2025-02-11 11:23:55 - INFO - No improvement for 29 epochs
2025-02-11 11:23:59 - INFO - [Train] Epoch 00162 | train_loss 17.0390 | train_rmse 5.3441 | lr 0.000020
2025-02-11 11:23:59 - INFO - [Validate] Epoch 00162 | valid_rmse 4.6416 | valid_pr 0.9860 | valid_criterion 4.2519 | score 0.5748
2025-02-11 11:23:59 - INFO - No improvement for 30 epochs
2025-02-11 11:24:02 - INFO - [Train] Epoch 00163 | train_loss 12.5791 | train_rmse 4.5880 | lr 0.000020
2025-02-11 11:24:02 - INFO - [Validate] Epoch 00163 | valid_rmse 4.2812 | valid_pr 0.9863 | valid_criterion 4.2424 | score 0.5758
2025-02-11 11:24:02 - INFO - No improvement for 31 epochs
2025-02-11 11:24:06 - INFO - [Train] Epoch 00164 | train_loss 16.5221 | train_rmse 5.4668 | lr 0.000020
2025-02-11 11:24:06 - INFO - [Validate] Epoch 00164 | valid_rmse 5.1252 | valid_pr 0.9856 | valid_criterion 4.4009 | score 0.5599
2025-02-11 11:24:06 - INFO - No improvement for 32 epochs
2025-02-11 11:24:09 - INFO - [Train] Epoch 00165 | train_loss 16.7536 | train_rmse 5.4786 | lr 0.000020
2025-02-11 11:24:09 - INFO - [Validate] Epoch 00165 | valid_rmse 5.2343 | valid_pr 0.9870 | valid_criterion 3.6636 | score 0.6336
2025-02-11 11:24:09 - INFO - No improvement for 33 epochs
2025-02-11 11:24:13 - INFO - [Train] Epoch 00166 | train_loss 12.5064 | train_rmse 4.5203 | lr 0.000020
2025-02-11 11:24:13 - INFO - [Validate] Epoch 00166 | valid_rmse 5.2602 | valid_pr 0.9866 | valid_criterion 3.8443 | score 0.6156
2025-02-11 11:24:13 - INFO - No improvement for 34 epochs
2025-02-11 11:24:17 - INFO - [Train] Epoch 00167 | train_loss 16.9608 | train_rmse 5.5213 | lr 0.000020
2025-02-11 11:24:17 - INFO - [Validate] Epoch 00167 | valid_rmse 4.3060 | valid_pr 0.9865 | valid_criterion 4.2122 | score 0.5788
2025-02-11 11:24:17 - INFO - No improvement for 35 epochs
2025-02-11 11:24:20 - INFO - [Train] Epoch 00168 | train_loss 13.1213 | train_rmse 4.7325 | lr 0.000020
2025-02-11 11:24:20 - INFO - [Validate] Epoch 00168 | valid_rmse 4.9529 | valid_pr 0.9852 | valid_criterion 4.6487 | score 0.5351
2025-02-11 11:24:20 - INFO - No improvement for 36 epochs
2025-02-11 11:24:24 - INFO - [Train] Epoch 00169 | train_loss 22.4004 | train_rmse 6.3968 | lr 0.000020
2025-02-11 11:24:24 - INFO - [Validate] Epoch 00169 | valid_rmse 4.6110 | valid_pr 0.9869 | valid_criterion 4.0480 | score 0.5952
2025-02-11 11:24:24 - INFO - No improvement for 37 epochs
2025-02-11 11:24:28 - INFO - [Train] Epoch 00170 | train_loss 14.5975 | train_rmse 5.0881 | lr 0.000020
2025-02-11 11:24:28 - INFO - [Validate] Epoch 00170 | valid_rmse 4.7907 | valid_pr 0.9858 | valid_criterion 4.2462 | score 0.5754
2025-02-11 11:24:28 - INFO - No improvement for 38 epochs
2025-02-11 11:24:31 - INFO - [Train] Epoch 00171 | train_loss 13.8759 | train_rmse 4.8216 | lr 0.000020
2025-02-11 11:24:31 - INFO - [Validate] Epoch 00171 | valid_rmse 5.0982 | valid_pr 0.9858 | valid_criterion 4.3128 | score 0.5687
2025-02-11 11:24:31 - INFO - No improvement for 39 epochs
2025-02-11 11:24:35 - INFO - [Train] Epoch 00172 | train_loss 16.2378 | train_rmse 5.3300 | lr 0.000020
2025-02-11 11:24:35 - INFO - [Validate] Epoch 00172 | valid_rmse 5.2491 | valid_pr 0.9864 | valid_criterion 4.0813 | score 0.5919
2025-02-11 11:24:35 - INFO - No improvement for 40 epochs
2025-02-11 11:24:39 - INFO - [Train] Epoch 00173 | train_loss 18.3326 | train_rmse 5.7000 | lr 0.000020
2025-02-11 11:24:39 - INFO - [Validate] Epoch 00173 | valid_rmse 5.5847 | valid_pr 0.9851 | valid_criterion 4.9184 | score 0.5082
2025-02-11 11:24:39 - INFO - No improvement for 41 epochs
2025-02-11 11:24:42 - INFO - [Train] Epoch 00174 | train_loss 14.4859 | train_rmse 5.0396 | lr 0.000020
2025-02-11 11:24:42 - INFO - [Validate] Epoch 00174 | valid_rmse 4.9832 | valid_pr 0.9871 | valid_criterion 3.7010 | score 0.6299
2025-02-11 11:24:42 - INFO - No improvement for 42 epochs
2025-02-11 11:24:46 - INFO - [Train] Epoch 00175 | train_loss 17.4074 | train_rmse 5.5265 | lr 0.000020
2025-02-11 11:24:46 - INFO - [Validate] Epoch 00175 | valid_rmse 4.4317 | valid_pr 0.9866 | valid_criterion 3.8318 | score 0.6168
2025-02-11 11:24:46 - INFO - No improvement for 43 epochs
2025-02-11 11:24:49 - INFO - [Train] Epoch 00176 | train_loss 10.1078 | train_rmse 4.0812 | lr 0.000020
2025-02-11 11:24:49 - INFO - [Validate] Epoch 00176 | valid_rmse 5.4308 | valid_pr 0.9843 | valid_criterion 4.7233 | score 0.5277
2025-02-11 11:24:49 - INFO - No improvement for 44 epochs
2025-02-11 11:24:53 - INFO - [Train] Epoch 00177 | train_loss 15.7964 | train_rmse 5.2586 | lr 0.000004
2025-02-11 11:24:53 - INFO - [Validate] Epoch 00177 | valid_rmse 5.6277 | valid_pr 0.9845 | valid_criterion 4.7525 | score 0.5247
2025-02-11 11:24:53 - INFO - No improvement for 45 epochs
2025-02-11 11:24:57 - INFO - [Train] Epoch 00178 | train_loss 16.1616 | train_rmse 5.1680 | lr 0.000004
2025-02-11 11:24:57 - INFO - [Validate] Epoch 00178 | valid_rmse 4.7117 | valid_pr 0.9864 | valid_criterion 4.0683 | score 0.5932
2025-02-11 11:24:57 - INFO - No improvement for 46 epochs
2025-02-11 11:25:00 - INFO - [Train] Epoch 00179 | train_loss 13.5626 | train_rmse 4.7311 | lr 0.000004
2025-02-11 11:25:00 - INFO - [Validate] Epoch 00179 | valid_rmse 5.8389 | valid_pr 0.9839 | valid_criterion 5.1174 | score 0.4883
2025-02-11 11:25:00 - INFO - No improvement for 47 epochs
2025-02-11 11:25:04 - INFO - [Train] Epoch 00180 | train_loss 17.4442 | train_rmse 5.5221 | lr 0.000004
2025-02-11 11:25:04 - INFO - [Validate] Epoch 00180 | valid_rmse 5.4846 | valid_pr 0.9840 | valid_criterion 4.9667 | score 0.5033
2025-02-11 11:25:04 - INFO - No improvement for 48 epochs
2025-02-11 11:25:08 - INFO - [Train] Epoch 00181 | train_loss 14.1625 | train_rmse 4.9484 | lr 0.000004
2025-02-11 11:25:08 - INFO - [Validate] Epoch 00181 | valid_rmse 5.3249 | valid_pr 0.9860 | valid_criterion 4.2238 | score 0.5776
2025-02-11 11:25:08 - INFO - No improvement for 49 epochs
2025-02-11 11:25:11 - INFO - [Train] Epoch 00182 | train_loss 15.5764 | train_rmse 5.1982 | lr 0.000004
2025-02-11 11:25:11 - INFO - [Validate] Epoch 00182 | valid_rmse 5.7843 | valid_pr 0.9850 | valid_criterion 4.7202 | score 0.5280
2025-02-11 11:25:11 - INFO - No improvement for 50 epochs
2025-02-11 11:25:15 - INFO - [Train] Epoch 00183 | train_loss 18.9864 | train_rmse 5.7290 | lr 0.000004
2025-02-11 11:25:15 - INFO - [Validate] Epoch 00183 | valid_rmse 4.5774 | valid_pr 0.9865 | valid_criterion 3.9957 | score 0.6004
2025-02-11 11:25:15 - INFO - No improvement for 51 epochs
2025-02-11 11:25:18 - INFO - [Train] Epoch 00184 | train_loss 13.7584 | train_rmse 4.8889 | lr 0.000004
2025-02-11 11:25:18 - INFO - [Validate] Epoch 00184 | valid_rmse 6.0343 | valid_pr 0.9854 | valid_criterion 4.8788 | score 0.5121
2025-02-11 11:25:18 - INFO - No improvement for 52 epochs
2025-02-11 11:25:22 - INFO - [Train] Epoch 00185 | train_loss 16.0500 | train_rmse 5.2621 | lr 0.000004
2025-02-11 11:25:22 - INFO - [Validate] Epoch 00185 | valid_rmse 4.6892 | valid_pr 0.9866 | valid_criterion 3.9357 | score 0.6064
2025-02-11 11:25:22 - INFO - No improvement for 53 epochs
2025-02-11 11:25:26 - INFO - [Train] Epoch 00186 | train_loss 14.9934 | train_rmse 5.0243 | lr 0.000004
2025-02-11 11:25:26 - INFO - [Validate] Epoch 00186 | valid_rmse 5.2182 | valid_pr 0.9857 | valid_criterion 4.2367 | score 0.5763
2025-02-11 11:25:26 - INFO - No improvement for 54 epochs
2025-02-11 11:25:30 - INFO - [Train] Epoch 00187 | train_loss 16.8803 | train_rmse 5.5532 | lr 0.000004
2025-02-11 11:25:30 - INFO - [Validate] Epoch 00187 | valid_rmse 5.3177 | valid_pr 0.9861 | valid_criterion 4.3720 | score 0.5628
2025-02-11 11:25:30 - INFO - No improvement for 55 epochs
2025-02-11 11:25:33 - INFO - [Train] Epoch 00188 | train_loss 16.5042 | train_rmse 5.5032 | lr 0.000004
2025-02-11 11:25:33 - INFO - [Validate] Epoch 00188 | valid_rmse 5.0532 | valid_pr 0.9853 | valid_criterion 4.6068 | score 0.5393
2025-02-11 11:25:33 - INFO - No improvement for 56 epochs
2025-02-11 11:25:37 - INFO - [Train] Epoch 00189 | train_loss 20.6720 | train_rmse 6.1617 | lr 0.000004
2025-02-11 11:25:37 - INFO - [Validate] Epoch 00189 | valid_rmse 6.3829 | valid_pr 0.9826 | valid_criterion 5.7887 | score 0.4211
2025-02-11 11:25:37 - INFO - No improvement for 57 epochs
2025-02-11 11:25:41 - INFO - [Train] Epoch 00190 | train_loss 19.2535 | train_rmse 5.8271 | lr 0.000004
2025-02-11 11:25:41 - INFO - [Validate] Epoch 00190 | valid_rmse 4.9152 | valid_pr 0.9863 | valid_criterion 4.1980 | score 0.5802
2025-02-11 11:25:41 - INFO - No improvement for 58 epochs
2025-02-11 11:25:44 - INFO - [Train] Epoch 00191 | train_loss 14.4954 | train_rmse 4.9506 | lr 0.000004
2025-02-11 11:25:44 - INFO - [Validate] Epoch 00191 | valid_rmse 4.2826 | valid_pr 0.9871 | valid_criterion 3.7351 | score 0.6265
2025-02-11 11:25:44 - INFO - No improvement for 59 epochs
2025-02-11 11:25:48 - INFO - [Train] Epoch 00192 | train_loss 13.7779 | train_rmse 4.8813 | lr 0.000004
2025-02-11 11:25:48 - INFO - [Validate] Epoch 00192 | valid_rmse 5.6028 | valid_pr 0.9838 | valid_criterion 5.0521 | score 0.4948
2025-02-11 11:25:48 - INFO - No improvement for 60 epochs
2025-02-11 11:25:51 - INFO - [Train] Epoch 00193 | train_loss 14.7502 | train_rmse 5.0961 | lr 0.000004
2025-02-11 11:25:51 - INFO - [Validate] Epoch 00193 | valid_rmse 5.0083 | valid_pr 0.9858 | valid_criterion 4.2282 | score 0.5772
2025-02-11 11:25:51 - INFO - No improvement for 61 epochs
2025-02-11 11:25:55 - INFO - [Train] Epoch 00194 | train_loss 18.6957 | train_rmse 5.8700 | lr 0.000004
2025-02-11 11:25:55 - INFO - [Validate] Epoch 00194 | valid_rmse 5.0001 | valid_pr 0.9854 | valid_criterion 4.2568 | score 0.5743
2025-02-11 11:25:55 - INFO - No improvement for 62 epochs
2025-02-11 11:25:59 - INFO - [Train] Epoch 00195 | train_loss 17.7580 | train_rmse 5.5571 | lr 0.000004
2025-02-11 11:25:59 - INFO - [Validate] Epoch 00195 | valid_rmse 6.3215 | valid_pr 0.9833 | valid_criterion 5.2059 | score 0.4794
2025-02-11 11:25:59 - INFO - No improvement for 63 epochs
2025-02-11 11:26:02 - INFO - [Train] Epoch 00196 | train_loss 16.9234 | train_rmse 5.3635 | lr 0.000004
2025-02-11 11:26:02 - INFO - [Validate] Epoch 00196 | valid_rmse 4.2795 | valid_pr 0.9865 | valid_criterion 3.9088 | score 0.6091
2025-02-11 11:26:02 - INFO - No improvement for 64 epochs
2025-02-11 11:26:06 - INFO - [Train] Epoch 00197 | train_loss 13.8968 | train_rmse 4.9436 | lr 0.000004
2025-02-11 11:26:06 - INFO - [Validate] Epoch 00197 | valid_rmse 5.4970 | valid_pr 0.9858 | valid_criterion 4.6111 | score 0.5389
2025-02-11 11:26:06 - INFO - No improvement for 65 epochs
2025-02-11 11:26:10 - INFO - [Train] Epoch 00198 | train_loss 17.1763 | train_rmse 5.5455 | lr 0.000001
2025-02-11 11:26:10 - INFO - [Validate] Epoch 00198 | valid_rmse 3.9472 | valid_pr 0.9876 | valid_criterion 3.7690 | score 0.6231
2025-02-11 11:26:10 - INFO - No improvement for 66 epochs
2025-02-11 11:26:13 - INFO - [Train] Epoch 00199 | train_loss 13.8797 | train_rmse 4.7924 | lr 0.000001
2025-02-11 11:26:13 - INFO - [Validate] Epoch 00199 | valid_rmse 4.9849 | valid_pr 0.9855 | valid_criterion 4.6128 | score 0.5387
2025-02-11 11:26:13 - INFO - No improvement for 67 epochs
2025-02-11 11:26:17 - INFO - [Train] Epoch 00200 | train_loss 15.4483 | train_rmse 5.1580 | lr 0.000001
2025-02-11 11:26:17 - INFO - [Validate] Epoch 00200 | valid_rmse 5.1226 | valid_pr 0.9857 | valid_criterion 4.4076 | score 0.5592
2025-02-11 11:26:17 - INFO - No improvement for 68 epochs
2025-02-11 11:26:21 - INFO - [Train] Epoch 00201 | train_loss 14.9855 | train_rmse 5.1884 | lr 0.000001
2025-02-11 11:26:21 - INFO - [Validate] Epoch 00201 | valid_rmse 5.0011 | valid_pr 0.9859 | valid_criterion 4.0145 | score 0.5985
2025-02-11 11:26:21 - INFO - No improvement for 69 epochs
2025-02-11 11:26:24 - INFO - [Train] Epoch 00202 | train_loss 15.1743 | train_rmse 5.0501 | lr 0.000001
2025-02-11 11:26:24 - INFO - [Validate] Epoch 00202 | valid_rmse 4.5348 | valid_pr 0.9865 | valid_criterion 4.0649 | score 0.5935
2025-02-11 11:26:24 - INFO - No improvement for 70 epochs
2025-02-11 11:26:28 - INFO - [Train] Epoch 00203 | train_loss 17.5792 | train_rmse 5.5691 | lr 0.000001
2025-02-11 11:26:28 - INFO - [Validate] Epoch 00203 | valid_rmse 4.7552 | valid_pr 0.9863 | valid_criterion 4.0864 | score 0.5914
2025-02-11 11:26:28 - INFO - No improvement for 71 epochs
2025-02-11 11:26:31 - INFO - [Train] Epoch 00204 | train_loss 11.3390 | train_rmse 4.2931 | lr 0.000001
2025-02-11 11:26:31 - INFO - [Validate] Epoch 00204 | valid_rmse 5.3444 | valid_pr 0.9850 | valid_criterion 4.7703 | score 0.5230
2025-02-11 11:26:31 - INFO - No improvement for 72 epochs
2025-02-11 11:26:35 - INFO - [Train] Epoch 00205 | train_loss 15.5912 | train_rmse 5.1559 | lr 0.000001
2025-02-11 11:26:35 - INFO - [Validate] Epoch 00205 | valid_rmse 6.0821 | valid_pr 0.9854 | valid_criterion 4.6424 | score 0.5358
2025-02-11 11:26:35 - INFO - No improvement for 73 epochs
2025-02-11 11:26:39 - INFO - [Train] Epoch 00206 | train_loss 21.9817 | train_rmse 6.2568 | lr 0.000001
2025-02-11 11:26:39 - INFO - [Validate] Epoch 00206 | valid_rmse 5.3867 | valid_pr 0.9848 | valid_criterion 4.5326 | score 0.5467
2025-02-11 11:26:39 - INFO - No improvement for 74 epochs
2025-02-11 11:26:42 - INFO - [Train] Epoch 00207 | train_loss 12.3637 | train_rmse 4.4803 | lr 0.000001
2025-02-11 11:26:42 - INFO - [Validate] Epoch 00207 | valid_rmse 5.0964 | valid_pr 0.9860 | valid_criterion 4.3776 | score 0.5622
2025-02-11 11:26:42 - INFO - No improvement for 75 epochs
2025-02-11 11:26:46 - INFO - [Train] Epoch 00208 | train_loss 16.0093 | train_rmse 5.2265 | lr 0.000001
2025-02-11 11:26:46 - INFO - [Validate] Epoch 00208 | valid_rmse 4.5664 | valid_pr 0.9876 | valid_criterion 3.6147 | score 0.6385
2025-02-11 11:26:46 - INFO - No improvement for 76 epochs
2025-02-11 11:26:50 - INFO - [Train] Epoch 00209 | train_loss 14.1701 | train_rmse 4.8648 | lr 0.000001
2025-02-11 11:26:50 - INFO - [Validate] Epoch 00209 | valid_rmse 4.7613 | valid_pr 0.9862 | valid_criterion 4.0418 | score 0.5958
2025-02-11 11:26:50 - INFO - No improvement for 77 epochs
2025-02-11 11:26:53 - INFO - [Train] Epoch 00210 | train_loss 15.1208 | train_rmse 5.0511 | lr 0.000001
2025-02-11 11:26:53 - INFO - [Validate] Epoch 00210 | valid_rmse 5.0908 | valid_pr 0.9851 | valid_criterion 4.7852 | score 0.5215
2025-02-11 11:26:53 - INFO - No improvement for 78 epochs
2025-02-11 11:26:57 - INFO - [Train] Epoch 00211 | train_loss 17.9794 | train_rmse 5.5196 | lr 0.000001
2025-02-11 11:26:57 - INFO - [Validate] Epoch 00211 | valid_rmse 4.2782 | valid_pr 0.9867 | valid_criterion 3.7358 | score 0.6264
2025-02-11 11:26:57 - INFO - No improvement for 79 epochs
2025-02-11 11:27:00 - INFO - [Train] Epoch 00212 | train_loss 18.2515 | train_rmse 5.7918 | lr 0.000001
2025-02-11 11:27:00 - INFO - [Validate] Epoch 00212 | valid_rmse 5.5721 | valid_pr 0.9836 | valid_criterion 4.9258 | score 0.5074
2025-02-11 11:27:00 - INFO - No improvement for 80 epochs
2025-02-11 11:27:04 - INFO - [Train] Epoch 00213 | train_loss 23.7280 | train_rmse 6.5429 | lr 0.000001
2025-02-11 11:27:04 - INFO - [Validate] Epoch 00213 | valid_rmse 4.6373 | valid_pr 0.9858 | valid_criterion 4.2432 | score 0.5757
2025-02-11 11:27:04 - INFO - No improvement for 81 epochs
2025-02-11 11:27:08 - INFO - [Train] Epoch 00214 | train_loss 16.1711 | train_rmse 5.2420 | lr 0.000001
2025-02-11 11:27:08 - INFO - [Validate] Epoch 00214 | valid_rmse 6.1123 | valid_pr 0.9841 | valid_criterion 5.0796 | score 0.4920
2025-02-11 11:27:08 - INFO - No improvement for 82 epochs
2025-02-11 11:27:11 - INFO - [Train] Epoch 00215 | train_loss 12.6640 | train_rmse 4.6045 | lr 0.000001
2025-02-11 11:27:11 - INFO - [Validate] Epoch 00215 | valid_rmse 4.9023 | valid_pr 0.9866 | valid_criterion 3.9913 | score 0.6009
2025-02-11 11:27:11 - INFO - No improvement for 83 epochs
2025-02-11 11:27:15 - INFO - [Train] Epoch 00216 | train_loss 12.2435 | train_rmse 4.6739 | lr 0.000001
2025-02-11 11:27:15 - INFO - [Validate] Epoch 00216 | valid_rmse 4.4076 | valid_pr 0.9862 | valid_criterion 4.2592 | score 0.5741
2025-02-11 11:27:15 - INFO - No improvement for 84 epochs
2025-02-11 11:27:19 - INFO - [Train] Epoch 00217 | train_loss 14.1387 | train_rmse 4.8739 | lr 0.000001
2025-02-11 11:27:19 - INFO - [Validate] Epoch 00217 | valid_rmse 4.8858 | valid_pr 0.9863 | valid_criterion 4.1028 | score 0.5897
2025-02-11 11:27:19 - INFO - No improvement for 85 epochs
2025-02-11 11:27:22 - INFO - [Train] Epoch 00218 | train_loss 17.0356 | train_rmse 5.4815 | lr 0.000001
2025-02-11 11:27:22 - INFO - [Validate] Epoch 00218 | valid_rmse 5.0541 | valid_pr 0.9856 | valid_criterion 4.2797 | score 0.5720
2025-02-11 11:27:22 - INFO - No improvement for 86 epochs
2025-02-11 11:27:26 - INFO - [Train] Epoch 00219 | train_loss 11.8336 | train_rmse 4.5037 | lr 0.000000
2025-02-11 11:27:26 - INFO - [Validate] Epoch 00219 | valid_rmse 4.9026 | valid_pr 0.9862 | valid_criterion 4.2266 | score 0.5773
2025-02-11 11:27:26 - INFO - No improvement for 87 epochs
2025-02-11 11:27:30 - INFO - [Train] Epoch 00220 | train_loss 18.1743 | train_rmse 5.8101 | lr 0.000000
2025-02-11 11:27:30 - INFO - [Validate] Epoch 00220 | valid_rmse 5.8054 | valid_pr 0.9856 | valid_criterion 4.5729 | score 0.5427
2025-02-11 11:27:30 - INFO - No improvement for 88 epochs
2025-02-11 11:27:33 - INFO - [Train] Epoch 00221 | train_loss 14.0684 | train_rmse 4.8453 | lr 0.000000
2025-02-11 11:27:33 - INFO - [Validate] Epoch 00221 | valid_rmse 4.9324 | valid_pr 0.9857 | valid_criterion 4.1755 | score 0.5824
2025-02-11 11:27:33 - INFO - No improvement for 89 epochs
2025-02-11 11:27:37 - INFO - [Train] Epoch 00222 | train_loss 16.5834 | train_rmse 5.3677 | lr 0.000000
2025-02-11 11:27:37 - INFO - [Validate] Epoch 00222 | valid_rmse 4.4428 | valid_pr 0.9867 | valid_criterion 3.9567 | score 0.6043
2025-02-11 11:27:37 - INFO - No improvement for 90 epochs
2025-02-11 11:27:41 - INFO - [Train] Epoch 00223 | train_loss 14.0393 | train_rmse 4.8637 | lr 0.000000
2025-02-11 11:27:41 - INFO - [Validate] Epoch 00223 | valid_rmse 4.6490 | valid_pr 0.9871 | valid_criterion 3.6771 | score 0.6323
2025-02-11 11:27:41 - INFO - No improvement for 91 epochs
2025-02-11 11:27:45 - INFO - [Train] Epoch 00224 | train_loss 14.3776 | train_rmse 5.0317 | lr 0.000000
2025-02-11 11:27:45 - INFO - [Validate] Epoch 00224 | valid_rmse 5.2422 | valid_pr 0.9858 | valid_criterion 4.2914 | score 0.5709
2025-02-11 11:27:45 - INFO - No improvement for 92 epochs
2025-02-11 11:27:48 - INFO - [Train] Epoch 00225 | train_loss 17.1631 | train_rmse 5.5455 | lr 0.000000
2025-02-11 11:27:48 - INFO - [Validate] Epoch 00225 | valid_rmse 5.5307 | valid_pr 0.9859 | valid_criterion 4.1156 | score 0.5884
2025-02-11 11:27:48 - INFO - No improvement for 93 epochs
2025-02-11 11:27:52 - INFO - [Train] Epoch 00226 | train_loss 20.4341 | train_rmse 6.2000 | lr 0.000000
2025-02-11 11:27:52 - INFO - [Validate] Epoch 00226 | valid_rmse 5.0230 | valid_pr 0.9862 | valid_criterion 4.3425 | score 0.5658
2025-02-11 11:27:52 - INFO - No improvement for 94 epochs
2025-02-11 11:27:56 - INFO - [Train] Epoch 00227 | train_loss 15.6833 | train_rmse 5.1754 | lr 0.000000
2025-02-11 11:27:56 - INFO - [Validate] Epoch 00227 | valid_rmse 4.4592 | valid_pr 0.9867 | valid_criterion 3.7831 | score 0.6217
2025-02-11 11:27:56 - INFO - No improvement for 95 epochs
2025-02-11 11:27:59 - INFO - [Train] Epoch 00228 | train_loss 19.3034 | train_rmse 5.8197 | lr 0.000000
2025-02-11 11:27:59 - INFO - [Validate] Epoch 00228 | valid_rmse 4.5538 | valid_pr 0.9861 | valid_criterion 4.2300 | score 0.5770
2025-02-11 11:27:59 - INFO - No improvement for 96 epochs
2025-02-11 11:28:03 - INFO - [Train] Epoch 00229 | train_loss 15.4161 | train_rmse 5.2737 | lr 0.000000
2025-02-11 11:28:03 - INFO - [Validate] Epoch 00229 | valid_rmse 4.3997 | valid_pr 0.9876 | valid_criterion 3.7474 | score 0.6253
2025-02-11 11:28:03 - INFO - No improvement for 97 epochs
2025-02-11 11:28:07 - INFO - [Train] Epoch 00230 | train_loss 12.0813 | train_rmse 4.5351 | lr 0.000000
2025-02-11 11:28:07 - INFO - [Validate] Epoch 00230 | valid_rmse 5.3436 | valid_pr 0.9847 | valid_criterion 4.7835 | score 0.5216
2025-02-11 11:28:07 - INFO - No improvement for 98 epochs
2025-02-11 11:28:10 - INFO - [Train] Epoch 00231 | train_loss 14.9311 | train_rmse 5.0867 | lr 0.000000
2025-02-11 11:28:10 - INFO - [Validate] Epoch 00231 | valid_rmse 4.2599 | valid_pr 0.9866 | valid_criterion 3.9861 | score 0.6014
2025-02-11 11:28:10 - INFO - No improvement for 99 epochs
2025-02-11 11:28:14 - INFO - [Train] Epoch 00232 | train_loss 11.7203 | train_rmse 4.4746 | lr 0.000000
2025-02-11 11:28:14 - INFO - [Validate] Epoch 00232 | valid_rmse 5.0639 | valid_pr 0.9858 | valid_criterion 4.3505 | score 0.5649
2025-02-11 11:28:14 - INFO - No improvement for 100 epochs
2025-02-11 11:28:14 - INFO - Early stopping triggered. No improvement for 100 epochs
2025-02-11 11:28:14 - INFO - Best model was saved at epoch 132
2025-02-11 11:28:14 - INFO - [Validate] Epoch 00232 | valid_rmse1 4.283485 | valid_pr1 0.986238 | valid_criterion 3.364102
