2025-01-07 15:32:21 - INFO - 01.trainF.py
2025-01-07 15:32:21 - INFO - train data: 5544
2025-01-07 15:32:21 - INFO - valid data: 1210
2025-01-07 15:32:21 - INFO - Total parameters: 1212803
2025-01-07 15:32:21 - INFO - Trainable parameters: 1212803
2025-01-07 15:32:34 - INFO - [Train] Epoch 00000 | train_loss 1759.7463 | train_rmse 41.9270 | lr 0.000201
2025-01-07 15:32:34 - INFO - [Validate] Epoch 00000 | valid_rmse 42.4528 | valid_pr 0.0324 | valid_criterion 23.3721 | score -1.3372
2025-01-07 15:32:34 - INFO - [Validate] Best score achieved: -1.337212
2025-01-07 15:32:46 - INFO - [Train] Epoch 00001 | train_loss 1613.1431 | train_rmse 40.1406 | lr 0.000401
2025-01-07 15:32:46 - INFO - [Validate] Epoch 00001 | valid_rmse 37.4046 | valid_pr 0.8977 | valid_criterion 32.5622 | score -2.2562
2025-01-07 15:32:46 - INFO - No improvement for 1 epochs
2025-01-07 15:32:59 - INFO - [Train] Epoch 00002 | train_loss 1211.2342 | train_rmse 34.7758 | lr 0.000601
2025-01-07 15:32:59 - INFO - [Validate] Epoch 00002 | valid_rmse 30.2271 | valid_pr 0.9346 | valid_criterion 30.3635 | score -2.0363
2025-01-07 15:32:59 - INFO - No improvement for 2 epochs
2025-01-07 15:33:11 - INFO - [Train] Epoch 00003 | train_loss 515.9445 | train_rmse 22.6728 | lr 0.000801
2025-01-07 15:33:11 - INFO - [Validate] Epoch 00003 | valid_rmse 13.7764 | valid_pr 0.9150 | valid_criterion 15.0058 | score -0.5006
2025-01-07 15:33:11 - INFO - [Validate] Best score achieved: -0.500578
2025-01-07 15:33:24 - INFO - [Train] Epoch 00004 | train_loss 69.9977 | train_rmse 8.2515 | lr 0.001001
2025-01-07 15:33:24 - INFO - [Validate] Epoch 00004 | valid_rmse 6.3721 | valid_pr 0.9480 | valid_criterion 10.4744 | score -0.0474
2025-01-07 15:33:24 - INFO - [Validate] Best score achieved: -0.047437
2025-01-07 15:33:36 - INFO - [Train] Epoch 00005 | train_loss 53.5093 | train_rmse 7.1821 | lr 0.001201
2025-01-07 15:33:36 - INFO - [Validate] Epoch 00005 | valid_rmse 6.8134 | valid_pr 0.9410 | valid_criterion 8.7251 | score 0.1275
2025-01-07 15:33:36 - INFO - [Validate] Best score achieved: 0.127491
2025-01-07 15:33:49 - INFO - [Train] Epoch 00006 | train_loss 48.6170 | train_rmse 6.8318 | lr 0.001401
2025-01-07 15:33:49 - INFO - [Validate] Epoch 00006 | valid_rmse 8.2548 | valid_pr 0.9268 | valid_criterion 10.1233 | score -0.0123
2025-01-07 15:33:49 - INFO - No improvement for 1 epochs
2025-01-07 15:34:01 - INFO - [Train] Epoch 00007 | train_loss 48.6430 | train_rmse 6.8319 | lr 0.001601
2025-01-07 15:34:01 - INFO - [Validate] Epoch 00007 | valid_rmse 6.8644 | valid_pr 0.9479 | valid_criterion 9.7613 | score 0.0239
2025-01-07 15:34:01 - INFO - No improvement for 2 epochs
2025-01-07 15:34:13 - INFO - [Train] Epoch 00008 | train_loss 44.1366 | train_rmse 6.4915 | lr 0.001801
2025-01-07 15:34:13 - INFO - [Validate] Epoch 00008 | valid_rmse 8.1142 | valid_pr 0.9139 | valid_criterion 11.7226 | score -0.1723
2025-01-07 15:34:13 - INFO - No improvement for 3 epochs
2025-01-07 15:34:25 - INFO - [Train] Epoch 00009 | train_loss 42.1743 | train_rmse 6.3357 | lr 0.002001
2025-01-07 15:34:25 - INFO - [Validate] Epoch 00009 | valid_rmse 5.6709 | valid_pr 0.9601 | valid_criterion 8.5552 | score 0.1445
2025-01-07 15:34:25 - INFO - [Validate] Best score achieved: 0.144481
2025-01-07 15:34:38 - INFO - [Train] Epoch 00010 | train_loss 38.0154 | train_rmse 5.9951 | lr 0.002201
2025-01-07 15:34:38 - INFO - [Validate] Epoch 00010 | valid_rmse 6.9724 | valid_pr 0.9641 | valid_criterion 9.9400 | score 0.0060
2025-01-07 15:34:38 - INFO - No improvement for 1 epochs
2025-01-07 15:34:50 - INFO - [Train] Epoch 00011 | train_loss 37.8290 | train_rmse 5.9756 | lr 0.002401
2025-01-07 15:34:50 - INFO - [Validate] Epoch 00011 | valid_rmse 5.9743 | valid_pr 0.9585 | valid_criterion 9.8330 | score 0.0167
2025-01-07 15:34:50 - INFO - No improvement for 2 epochs
2025-01-07 15:35:02 - INFO - [Train] Epoch 00012 | train_loss 42.8636 | train_rmse 6.3787 | lr 0.002601
2025-01-07 15:35:02 - INFO - [Validate] Epoch 00012 | valid_rmse 6.0308 | valid_pr 0.9577 | valid_criterion 8.5816 | score 0.1418
2025-01-07 15:35:02 - INFO - No improvement for 3 epochs
2025-01-07 15:35:14 - INFO - [Train] Epoch 00013 | train_loss 41.3948 | train_rmse 6.2587 | lr 0.002801
2025-01-07 15:35:14 - INFO - [Validate] Epoch 00013 | valid_rmse 6.9579 | valid_pr 0.9507 | valid_criterion 9.5927 | score 0.0407
2025-01-07 15:35:14 - INFO - No improvement for 4 epochs
2025-01-07 15:35:26 - INFO - [Train] Epoch 00014 | train_loss 34.5573 | train_rmse 5.6817 | lr 0.003001
2025-01-07 15:35:26 - INFO - [Validate] Epoch 00014 | valid_rmse 6.5269 | valid_pr 0.9605 | valid_criterion 11.3572 | score -0.1357
2025-01-07 15:35:26 - INFO - No improvement for 5 epochs
2025-01-07 15:35:39 - INFO - [Train] Epoch 00015 | train_loss 33.6577 | train_rmse 5.5972 | lr 0.003201
2025-01-07 15:35:39 - INFO - [Validate] Epoch 00015 | valid_rmse 5.0695 | valid_pr 0.9685 | valid_criterion 7.8120 | score 0.2188
2025-01-07 15:35:39 - INFO - [Validate] Best score achieved: 0.218795
2025-01-07 15:35:51 - INFO - [Train] Epoch 00016 | train_loss 32.4472 | train_rmse 5.4836 | lr 0.003401
2025-01-07 15:35:51 - INFO - [Validate] Epoch 00016 | valid_rmse 5.6773 | valid_pr 0.9609 | valid_criterion 8.7014 | score 0.1299
2025-01-07 15:35:51 - INFO - No improvement for 1 epochs
2025-01-07 15:36:03 - INFO - [Train] Epoch 00017 | train_loss 34.2342 | train_rmse 5.6389 | lr 0.003601
2025-01-07 15:36:03 - INFO - [Validate] Epoch 00017 | valid_rmse 6.4489 | valid_pr 0.9627 | valid_criterion 8.8757 | score 0.1124
2025-01-07 15:36:03 - INFO - No improvement for 2 epochs
2025-01-07 15:36:16 - INFO - [Train] Epoch 00018 | train_loss 30.9146 | train_rmse 5.3310 | lr 0.003801
2025-01-07 15:36:16 - INFO - [Validate] Epoch 00018 | valid_rmse 4.8228 | valid_pr 0.9714 | valid_criterion 7.6369 | score 0.2363
2025-01-07 15:36:16 - INFO - [Validate] Best score achieved: 0.236314
2025-01-07 15:36:28 - INFO - [Train] Epoch 00019 | train_loss 30.9954 | train_rmse 5.3335 | lr 0.004001
2025-01-07 15:36:28 - INFO - [Validate] Epoch 00019 | valid_rmse 5.2980 | valid_pr 0.9634 | valid_criterion 8.6647 | score 0.1335
2025-01-07 15:36:28 - INFO - No improvement for 1 epochs
2025-01-07 15:36:40 - INFO - [Train] Epoch 00020 | train_loss 29.9533 | train_rmse 5.2282 | lr 0.004201
2025-01-07 15:36:40 - INFO - [Validate] Epoch 00020 | valid_rmse 5.4104 | valid_pr 0.9703 | valid_criterion 8.8607 | score 0.1139
2025-01-07 15:36:40 - INFO - No improvement for 2 epochs
2025-01-07 15:36:53 - INFO - [Train] Epoch 00021 | train_loss 30.1429 | train_rmse 5.2416 | lr 0.004401
2025-01-07 15:36:53 - INFO - [Validate] Epoch 00021 | valid_rmse 5.2940 | valid_pr 0.9643 | valid_criterion 9.4081 | score 0.0592
2025-01-07 15:36:53 - INFO - No improvement for 3 epochs
2025-01-07 15:37:05 - INFO - [Train] Epoch 00022 | train_loss 29.3631 | train_rmse 5.1610 | lr 0.004601
2025-01-07 15:37:05 - INFO - [Validate] Epoch 00022 | valid_rmse 5.9941 | valid_pr 0.9656 | valid_criterion 8.8990 | score 0.1101
2025-01-07 15:37:05 - INFO - No improvement for 4 epochs
2025-01-07 15:37:17 - INFO - [Train] Epoch 00023 | train_loss 30.0120 | train_rmse 5.2183 | lr 0.004801
2025-01-07 15:37:17 - INFO - [Validate] Epoch 00023 | valid_rmse 6.6040 | valid_pr 0.9532 | valid_criterion 9.3854 | score 0.0615
2025-01-07 15:37:17 - INFO - No improvement for 5 epochs
2025-01-07 15:37:29 - INFO - [Train] Epoch 00024 | train_loss 29.3365 | train_rmse 5.1479 | lr 0.005001
2025-01-07 15:37:29 - INFO - [Validate] Epoch 00024 | valid_rmse 5.3058 | valid_pr 0.9713 | valid_criterion 7.7633 | score 0.2237
2025-01-07 15:37:29 - INFO - No improvement for 6 epochs
2025-01-07 15:37:42 - INFO - [Train] Epoch 00025 | train_loss 29.6746 | train_rmse 5.1738 | lr 0.005200
2025-01-07 15:37:42 - INFO - [Validate] Epoch 00025 | valid_rmse 5.4449 | valid_pr 0.9639 | valid_criterion 8.1401 | score 0.1860
2025-01-07 15:37:42 - INFO - No improvement for 7 epochs
2025-01-07 15:37:54 - INFO - [Train] Epoch 00026 | train_loss 30.2524 | train_rmse 5.2214 | lr 0.005400
2025-01-07 15:37:54 - INFO - [Validate] Epoch 00026 | valid_rmse 5.5600 | valid_pr 0.9647 | valid_criterion 8.1587 | score 0.1841
2025-01-07 15:37:54 - INFO - No improvement for 8 epochs
2025-01-07 15:38:06 - INFO - [Train] Epoch 00027 | train_loss 30.1510 | train_rmse 5.2058 | lr 0.005600
2025-01-07 15:38:06 - INFO - [Validate] Epoch 00027 | valid_rmse 5.6687 | valid_pr 0.9668 | valid_criterion 7.7799 | score 0.2220
2025-01-07 15:38:06 - INFO - No improvement for 9 epochs
2025-01-07 15:38:18 - INFO - [Train] Epoch 00028 | train_loss 28.5095 | train_rmse 5.0396 | lr 0.005800
2025-01-07 15:38:18 - INFO - [Validate] Epoch 00028 | valid_rmse 5.5505 | valid_pr 0.9664 | valid_criterion 8.3022 | score 0.1698
2025-01-07 15:38:18 - INFO - No improvement for 10 epochs
2025-01-07 15:38:31 - INFO - [Train] Epoch 00029 | train_loss 26.7405 | train_rmse 4.8527 | lr 0.006000
2025-01-07 15:38:31 - INFO - [Validate] Epoch 00029 | valid_rmse 5.2791 | valid_pr 0.9689 | valid_criterion 7.7359 | score 0.2264
2025-01-07 15:38:31 - INFO - No improvement for 11 epochs
2025-01-07 15:38:43 - INFO - [Train] Epoch 00030 | train_loss 30.0889 | train_rmse 5.1804 | lr 0.006200
2025-01-07 15:38:43 - INFO - [Validate] Epoch 00030 | valid_rmse 6.3950 | valid_pr 0.9483 | valid_criterion 9.9497 | score 0.0050
2025-01-07 15:38:43 - INFO - No improvement for 12 epochs
2025-01-07 15:38:55 - INFO - [Train] Epoch 00031 | train_loss 29.0573 | train_rmse 5.0725 | lr 0.006400
2025-01-07 15:38:55 - INFO - [Validate] Epoch 00031 | valid_rmse 5.0664 | valid_pr 0.9678 | valid_criterion 8.4214 | score 0.1579
2025-01-07 15:38:55 - INFO - No improvement for 13 epochs
2025-01-07 15:39:08 - INFO - [Train] Epoch 00032 | train_loss 25.7828 | train_rmse 4.7312 | lr 0.006600
2025-01-07 15:39:08 - INFO - [Validate] Epoch 00032 | valid_rmse 5.4908 | valid_pr 0.9662 | valid_criterion 7.9885 | score 0.2012
2025-01-07 15:39:08 - INFO - No improvement for 14 epochs
2025-01-07 15:39:20 - INFO - [Train] Epoch 00033 | train_loss 28.0805 | train_rmse 4.9630 | lr 0.006800
2025-01-07 15:39:20 - INFO - [Validate] Epoch 00033 | valid_rmse 5.8130 | valid_pr 0.9678 | valid_criterion 8.4070 | score 0.1593
2025-01-07 15:39:20 - INFO - No improvement for 15 epochs
2025-01-07 15:39:33 - INFO - [Train] Epoch 00034 | train_loss 26.7937 | train_rmse 4.8261 | lr 0.007000
2025-01-07 15:39:33 - INFO - [Validate] Epoch 00034 | valid_rmse 5.9841 | valid_pr 0.9667 | valid_criterion 8.5884 | score 0.1412
2025-01-07 15:39:33 - INFO - No improvement for 16 epochs
2025-01-07 15:39:45 - INFO - [Train] Epoch 00035 | train_loss 30.1201 | train_rmse 5.1551 | lr 0.007200
2025-01-07 15:39:45 - INFO - [Validate] Epoch 00035 | valid_rmse 6.3464 | valid_pr 0.9621 | valid_criterion 7.4874 | score 0.2513
2025-01-07 15:39:45 - INFO - [Validate] Best score achieved: 0.251256
2025-01-07 15:39:58 - INFO - [Train] Epoch 00036 | train_loss 31.1296 | train_rmse 5.2439 | lr 0.007400
2025-01-07 15:39:58 - INFO - [Validate] Epoch 00036 | valid_rmse 4.9299 | valid_pr 0.9722 | valid_criterion 7.7938 | score 0.2206
2025-01-07 15:39:58 - INFO - No improvement for 1 epochs
2025-01-07 15:40:10 - INFO - [Train] Epoch 00037 | train_loss 27.1453 | train_rmse 4.8416 | lr 0.007600
2025-01-07 15:40:10 - INFO - [Validate] Epoch 00037 | valid_rmse 4.8538 | valid_pr 0.9697 | valid_criterion 7.4882 | score 0.2512
2025-01-07 15:40:10 - INFO - No improvement for 2 epochs
2025-01-07 15:40:22 - INFO - [Train] Epoch 00038 | train_loss 30.6948 | train_rmse 5.1870 | lr 0.007800
2025-01-07 15:40:22 - INFO - [Validate] Epoch 00038 | valid_rmse 6.7072 | valid_pr 0.9652 | valid_criterion 9.8474 | score 0.0153
2025-01-07 15:40:22 - INFO - No improvement for 3 epochs
2025-01-07 15:40:34 - INFO - [Train] Epoch 00039 | train_loss 30.9530 | train_rmse 5.2048 | lr 0.008000
2025-01-07 15:40:34 - INFO - [Validate] Epoch 00039 | valid_rmse 5.2669 | valid_pr 0.9653 | valid_criterion 9.0673 | score 0.0933
2025-01-07 15:40:34 - INFO - No improvement for 4 epochs
2025-01-07 15:40:47 - INFO - [Train] Epoch 00040 | train_loss 29.1447 | train_rmse 5.0213 | lr 0.008200
2025-01-07 15:40:47 - INFO - [Validate] Epoch 00040 | valid_rmse 4.6154 | valid_pr 0.9748 | valid_criterion 7.1762 | score 0.2824
2025-01-07 15:40:47 - INFO - [Validate] Best score achieved: 0.282381
2025-01-07 15:40:59 - INFO - [Train] Epoch 00041 | train_loss 28.0931 | train_rmse 4.9095 | lr 0.008400
2025-01-07 15:40:59 - INFO - [Validate] Epoch 00041 | valid_rmse 5.5854 | valid_pr 0.9645 | valid_criterion 9.0355 | score 0.0964
2025-01-07 15:40:59 - INFO - No improvement for 1 epochs
2025-01-07 15:41:11 - INFO - [Train] Epoch 00042 | train_loss 28.0001 | train_rmse 4.8963 | lr 0.008600
2025-01-07 15:41:11 - INFO - [Validate] Epoch 00042 | valid_rmse 4.9760 | valid_pr 0.9679 | valid_criterion 8.4676 | score 0.1532
2025-01-07 15:41:11 - INFO - No improvement for 2 epochs
2025-01-07 15:41:24 - INFO - [Train] Epoch 00043 | train_loss 28.5667 | train_rmse 4.9470 | lr 0.008800
2025-01-07 15:41:24 - INFO - [Validate] Epoch 00043 | valid_rmse 4.9624 | valid_pr 0.9692 | valid_criterion 8.1769 | score 0.1823
2025-01-07 15:41:24 - INFO - No improvement for 3 epochs
2025-01-07 15:41:36 - INFO - [Train] Epoch 00044 | train_loss 26.6110 | train_rmse 4.7375 | lr 0.009000
2025-01-07 15:41:36 - INFO - [Validate] Epoch 00044 | valid_rmse 6.7783 | valid_pr 0.9670 | valid_criterion 8.3971 | score 0.1603
2025-01-07 15:41:36 - INFO - No improvement for 4 epochs
2025-01-07 15:41:49 - INFO - [Train] Epoch 00045 | train_loss 25.6642 | train_rmse 4.6280 | lr 0.009200
2025-01-07 15:41:49 - INFO - [Validate] Epoch 00045 | valid_rmse 6.7941 | valid_pr 0.9758 | valid_criterion 7.6831 | score 0.2317
2025-01-07 15:41:49 - INFO - No improvement for 5 epochs
2025-01-07 15:42:01 - INFO - [Train] Epoch 00046 | train_loss 28.4029 | train_rmse 4.9037 | lr 0.009400
2025-01-07 15:42:01 - INFO - [Validate] Epoch 00046 | valid_rmse 4.7919 | valid_pr 0.9710 | valid_criterion 7.7304 | score 0.2270
2025-01-07 15:42:01 - INFO - No improvement for 6 epochs
2025-01-07 15:42:13 - INFO - [Train] Epoch 00047 | train_loss 25.0668 | train_rmse 4.5421 | lr 0.009600
2025-01-07 15:42:13 - INFO - [Validate] Epoch 00047 | valid_rmse 5.5450 | valid_pr 0.9725 | valid_criterion 7.7728 | score 0.2227
2025-01-07 15:42:13 - INFO - No improvement for 7 epochs
2025-01-07 15:42:25 - INFO - [Train] Epoch 00048 | train_loss 27.8837 | train_rmse 4.8406 | lr 0.009800
2025-01-07 15:42:25 - INFO - [Validate] Epoch 00048 | valid_rmse 4.6137 | valid_pr 0.9749 | valid_criterion 7.1355 | score 0.2865
2025-01-07 15:42:25 - INFO - [Validate] Best score achieved: 0.286454
2025-01-07 15:42:38 - INFO - [Train] Epoch 00049 | train_loss 31.2324 | train_rmse 5.1759 | lr 0.010000
2025-01-07 15:42:38 - INFO - [Validate] Epoch 00049 | valid_rmse 5.8583 | valid_pr 0.9665 | valid_criterion 8.3523 | score 0.1648
2025-01-07 15:42:38 - INFO - No improvement for 1 epochs
2025-01-07 15:42:50 - INFO - [Train] Epoch 00050 | train_loss 31.4013 | train_rmse 5.1869 | lr 0.010000
2025-01-07 15:42:50 - INFO - [Validate] Epoch 00050 | valid_rmse 5.6117 | valid_pr 0.9706 | valid_criterion 7.7785 | score 0.2221
2025-01-07 15:42:50 - INFO - No improvement for 2 epochs
2025-01-07 15:43:02 - INFO - [Train] Epoch 00051 | train_loss 25.1940 | train_rmse 4.5415 | lr 0.010000
2025-01-07 15:43:02 - INFO - [Validate] Epoch 00051 | valid_rmse 4.6101 | valid_pr 0.9747 | valid_criterion 7.5294 | score 0.2471
2025-01-07 15:43:02 - INFO - No improvement for 3 epochs
2025-01-07 15:43:15 - INFO - [Train] Epoch 00052 | train_loss 28.4172 | train_rmse 4.8779 | lr 0.010000
2025-01-07 15:43:15 - INFO - [Validate] Epoch 00052 | valid_rmse 5.0677 | valid_pr 0.9740 | valid_criterion 7.8160 | score 0.2184
2025-01-07 15:43:15 - INFO - No improvement for 4 epochs
2025-01-07 15:43:27 - INFO - [Train] Epoch 00053 | train_loss 27.7682 | train_rmse 4.8080 | lr 0.010000
2025-01-07 15:43:27 - INFO - [Validate] Epoch 00053 | valid_rmse 6.9526 | valid_pr 0.9679 | valid_criterion 8.6613 | score 0.1339
2025-01-07 15:43:27 - INFO - No improvement for 5 epochs
2025-01-07 15:43:39 - INFO - [Train] Epoch 00054 | train_loss 30.3653 | train_rmse 5.0720 | lr 0.010000
2025-01-07 15:43:39 - INFO - [Validate] Epoch 00054 | valid_rmse 4.6277 | valid_pr 0.9737 | valid_criterion 7.8424 | score 0.2158
2025-01-07 15:43:39 - INFO - No improvement for 6 epochs
2025-01-07 15:43:52 - INFO - [Train] Epoch 00055 | train_loss 27.8058 | train_rmse 4.8121 | lr 0.010000
2025-01-07 15:43:52 - INFO - [Validate] Epoch 00055 | valid_rmse 4.6843 | valid_pr 0.9718 | valid_criterion 7.7545 | score 0.2245
2025-01-07 15:43:52 - INFO - No improvement for 7 epochs
2025-01-07 15:44:04 - INFO - [Train] Epoch 00056 | train_loss 28.0131 | train_rmse 4.8298 | lr 0.010000
2025-01-07 15:44:04 - INFO - [Validate] Epoch 00056 | valid_rmse 4.8044 | valid_pr 0.9716 | valid_criterion 7.8335 | score 0.2166
2025-01-07 15:44:04 - INFO - No improvement for 8 epochs
2025-01-07 15:44:16 - INFO - [Train] Epoch 00057 | train_loss 22.8810 | train_rmse 4.2626 | lr 0.010000
2025-01-07 15:44:16 - INFO - [Validate] Epoch 00057 | valid_rmse 5.1731 | valid_pr 0.9712 | valid_criterion 9.0623 | score 0.0938
2025-01-07 15:44:16 - INFO - No improvement for 9 epochs
2025-01-07 15:44:28 - INFO - [Train] Epoch 00058 | train_loss 26.9380 | train_rmse 4.7168 | lr 0.010000
2025-01-07 15:44:28 - INFO - [Validate] Epoch 00058 | valid_rmse 5.5121 | valid_pr 0.9746 | valid_criterion 8.7828 | score 0.1217
2025-01-07 15:44:28 - INFO - No improvement for 10 epochs
2025-01-07 15:44:41 - INFO - [Train] Epoch 00059 | train_loss 29.0497 | train_rmse 4.9366 | lr 0.010000
2025-01-07 15:44:41 - INFO - [Validate] Epoch 00059 | valid_rmse 4.8724 | valid_pr 0.9740 | valid_criterion 7.4139 | score 0.2586
2025-01-07 15:44:41 - INFO - No improvement for 11 epochs
2025-01-07 15:44:53 - INFO - [Train] Epoch 00060 | train_loss 28.0242 | train_rmse 4.8304 | lr 0.010000
2025-01-07 15:44:53 - INFO - [Validate] Epoch 00060 | valid_rmse 4.2252 | valid_pr 0.9769 | valid_criterion 7.0674 | score 0.2933
2025-01-07 15:44:53 - INFO - [Validate] Best score achieved: 0.293256
2025-01-07 15:45:05 - INFO - [Train] Epoch 00061 | train_loss 26.1301 | train_rmse 4.6241 | lr 0.010000
2025-01-07 15:45:05 - INFO - [Validate] Epoch 00061 | valid_rmse 5.5220 | valid_pr 0.9662 | valid_criterion 9.2295 | score 0.0770
2025-01-07 15:45:05 - INFO - No improvement for 1 epochs
2025-01-07 15:45:17 - INFO - [Train] Epoch 00062 | train_loss 27.7788 | train_rmse 4.7875 | lr 0.010000
2025-01-07 15:45:17 - INFO - [Validate] Epoch 00062 | valid_rmse 4.6356 | valid_pr 0.9724 | valid_criterion 7.8427 | score 0.2157
2025-01-07 15:45:17 - INFO - No improvement for 2 epochs
2025-01-07 15:45:30 - INFO - [Train] Epoch 00063 | train_loss 27.4227 | train_rmse 4.7467 | lr 0.010000
2025-01-07 15:45:30 - INFO - [Validate] Epoch 00063 | valid_rmse 5.0840 | valid_pr 0.9659 | valid_criterion 8.2041 | score 0.1796
2025-01-07 15:45:30 - INFO - No improvement for 3 epochs
2025-01-07 15:45:42 - INFO - [Train] Epoch 00064 | train_loss 26.2144 | train_rmse 4.6155 | lr 0.010000
2025-01-07 15:45:42 - INFO - [Validate] Epoch 00064 | valid_rmse 4.5092 | valid_pr 0.9748 | valid_criterion 7.6290 | score 0.2371
2025-01-07 15:45:42 - INFO - No improvement for 4 epochs
2025-01-07 15:45:55 - INFO - [Train] Epoch 00065 | train_loss 24.8212 | train_rmse 4.4690 | lr 0.010000
2025-01-07 15:45:55 - INFO - [Validate] Epoch 00065 | valid_rmse 4.9031 | valid_pr 0.9693 | valid_criterion 8.0359 | score 0.1964
2025-01-07 15:45:55 - INFO - No improvement for 5 epochs
2025-01-07 15:46:07 - INFO - [Train] Epoch 00066 | train_loss 26.7388 | train_rmse 4.6801 | lr 0.010000
2025-01-07 15:46:07 - INFO - [Validate] Epoch 00066 | valid_rmse 4.9732 | valid_pr 0.9718 | valid_criterion 7.9591 | score 0.2041
2025-01-07 15:46:07 - INFO - No improvement for 6 epochs
2025-01-07 15:46:19 - INFO - [Train] Epoch 00067 | train_loss 25.0308 | train_rmse 4.4932 | lr 0.010000
2025-01-07 15:46:19 - INFO - [Validate] Epoch 00067 | valid_rmse 5.0105 | valid_pr 0.9710 | valid_criterion 7.9468 | score 0.2053
2025-01-07 15:46:19 - INFO - No improvement for 7 epochs
2025-01-07 15:46:32 - INFO - [Train] Epoch 00068 | train_loss 25.5479 | train_rmse 4.5498 | lr 0.010000
2025-01-07 15:46:32 - INFO - [Validate] Epoch 00068 | valid_rmse 5.2330 | valid_pr 0.9727 | valid_criterion 7.7522 | score 0.2248
2025-01-07 15:46:32 - INFO - No improvement for 8 epochs
2025-01-07 15:46:44 - INFO - [Train] Epoch 00069 | train_loss 26.6298 | train_rmse 4.6633 | lr 0.010000
2025-01-07 15:46:44 - INFO - [Validate] Epoch 00069 | valid_rmse 5.2270 | valid_pr 0.9723 | valid_criterion 8.6508 | score 0.1349
2025-01-07 15:46:44 - INFO - No improvement for 9 epochs
2025-01-07 15:46:56 - INFO - [Train] Epoch 00070 | train_loss 23.3820 | train_rmse 4.2994 | lr 0.010000
2025-01-07 15:46:56 - INFO - [Validate] Epoch 00070 | valid_rmse 4.3848 | valid_pr 0.9748 | valid_criterion 7.3156 | score 0.2684
2025-01-07 15:46:56 - INFO - No improvement for 10 epochs
2025-01-07 15:47:09 - INFO - [Train] Epoch 00071 | train_loss 24.8963 | train_rmse 4.4781 | lr 0.010000
2025-01-07 15:47:09 - INFO - [Validate] Epoch 00071 | valid_rmse 5.2713 | valid_pr 0.9736 | valid_criterion 7.6036 | score 0.2396
2025-01-07 15:47:09 - INFO - No improvement for 11 epochs
2025-01-07 15:47:21 - INFO - [Train] Epoch 00072 | train_loss 25.2600 | train_rmse 4.5235 | lr 0.010000
2025-01-07 15:47:21 - INFO - [Validate] Epoch 00072 | valid_rmse 6.0198 | valid_pr 0.9760 | valid_criterion 7.6149 | score 0.2385
2025-01-07 15:47:21 - INFO - No improvement for 12 epochs
2025-01-07 15:47:33 - INFO - [Train] Epoch 00073 | train_loss 27.1461 | train_rmse 4.7330 | lr 0.010000
2025-01-07 15:47:33 - INFO - [Validate] Epoch 00073 | valid_rmse 4.7735 | valid_pr 0.9739 | valid_criterion 7.5057 | score 0.2494
2025-01-07 15:47:33 - INFO - No improvement for 13 epochs
2025-01-07 15:47:45 - INFO - [Train] Epoch 00074 | train_loss 22.8961 | train_rmse 4.2548 | lr 0.010000
2025-01-07 15:47:45 - INFO - [Validate] Epoch 00074 | valid_rmse 5.7395 | valid_pr 0.9727 | valid_criterion 7.8076 | score 0.2192
2025-01-07 15:47:45 - INFO - No improvement for 14 epochs
2025-01-07 15:47:57 - INFO - [Train] Epoch 00075 | train_loss 24.0005 | train_rmse 4.3788 | lr 0.010000
2025-01-07 15:47:57 - INFO - [Validate] Epoch 00075 | valid_rmse 4.6148 | valid_pr 0.9720 | valid_criterion 7.9809 | score 0.2019
2025-01-07 15:47:57 - INFO - No improvement for 15 epochs
2025-01-07 15:48:10 - INFO - [Train] Epoch 00076 | train_loss 26.7153 | train_rmse 4.6803 | lr 0.010000
2025-01-07 15:48:10 - INFO - [Validate] Epoch 00076 | valid_rmse 6.4373 | valid_pr 0.9683 | valid_criterion 8.7851 | score 0.1215
2025-01-07 15:48:10 - INFO - No improvement for 16 epochs
2025-01-07 15:48:22 - INFO - [Train] Epoch 00077 | train_loss 27.7647 | train_rmse 4.7848 | lr 0.010000
2025-01-07 15:48:22 - INFO - [Validate] Epoch 00077 | valid_rmse 4.5791 | valid_pr 0.9765 | valid_criterion 7.4652 | score 0.2535
2025-01-07 15:48:22 - INFO - No improvement for 17 epochs
2025-01-07 15:48:34 - INFO - [Train] Epoch 00078 | train_loss 25.1579 | train_rmse 4.5076 | lr 0.010000
2025-01-07 15:48:34 - INFO - [Validate] Epoch 00078 | valid_rmse 6.2891 | valid_pr 0.9675 | valid_criterion 9.1828 | score 0.0817
2025-01-07 15:48:34 - INFO - No improvement for 18 epochs
2025-01-07 15:48:46 - INFO - [Train] Epoch 00079 | train_loss 28.7328 | train_rmse 4.8890 | lr 0.010000
2025-01-07 15:48:46 - INFO - [Validate] Epoch 00079 | valid_rmse 4.7793 | valid_pr 0.9773 | valid_criterion 7.5064 | score 0.2494
2025-01-07 15:48:46 - INFO - No improvement for 19 epochs
2025-01-07 15:48:59 - INFO - [Train] Epoch 00080 | train_loss 26.2661 | train_rmse 4.6238 | lr 0.010000
2025-01-07 15:48:59 - INFO - [Validate] Epoch 00080 | valid_rmse 5.3730 | valid_pr 0.9695 | valid_criterion 8.6539 | score 0.1346
2025-01-07 15:48:59 - INFO - No improvement for 20 epochs
2025-01-07 15:49:11 - INFO - [Train] Epoch 00081 | train_loss 25.5564 | train_rmse 4.5523 | lr 0.002000
2025-01-07 15:49:11 - INFO - [Validate] Epoch 00081 | valid_rmse 5.9304 | valid_pr 0.9704 | valid_criterion 9.8137 | score 0.0186
2025-01-07 15:49:11 - INFO - No improvement for 21 epochs
2025-01-07 15:49:23 - INFO - [Train] Epoch 00082 | train_loss 22.9978 | train_rmse 4.2712 | lr 0.002000
2025-01-07 15:49:23 - INFO - [Validate] Epoch 00082 | valid_rmse 4.5845 | valid_pr 0.9746 | valid_criterion 7.6093 | score 0.2391
2025-01-07 15:49:23 - INFO - No improvement for 22 epochs
2025-01-07 15:49:35 - INFO - [Train] Epoch 00083 | train_loss 20.9536 | train_rmse 4.0307 | lr 0.002000
2025-01-07 15:49:35 - INFO - [Validate] Epoch 00083 | valid_rmse 4.9963 | valid_pr 0.9731 | valid_criterion 7.6667 | score 0.2333
2025-01-07 15:49:35 - INFO - No improvement for 23 epochs
2025-01-07 15:49:48 - INFO - [Train] Epoch 00084 | train_loss 22.4411 | train_rmse 4.2170 | lr 0.002000
2025-01-07 15:49:48 - INFO - [Validate] Epoch 00084 | valid_rmse 4.8057 | valid_pr 0.9736 | valid_criterion 7.7376 | score 0.2262
2025-01-07 15:49:48 - INFO - No improvement for 24 epochs
2025-01-07 15:50:00 - INFO - [Train] Epoch 00085 | train_loss 20.5247 | train_rmse 3.9889 | lr 0.002000
2025-01-07 15:50:00 - INFO - [Validate] Epoch 00085 | valid_rmse 5.0085 | valid_pr 0.9727 | valid_criterion 7.7787 | score 0.2221
2025-01-07 15:50:00 - INFO - No improvement for 25 epochs
2025-01-07 15:50:12 - INFO - [Train] Epoch 00086 | train_loss 19.4844 | train_rmse 3.8617 | lr 0.002000
2025-01-07 15:50:12 - INFO - [Validate] Epoch 00086 | valid_rmse 4.9235 | valid_pr 0.9725 | valid_criterion 7.8352 | score 0.2165
2025-01-07 15:50:12 - INFO - No improvement for 26 epochs
2025-01-07 15:50:25 - INFO - [Train] Epoch 00087 | train_loss 19.0534 | train_rmse 3.8107 | lr 0.002000
2025-01-07 15:50:25 - INFO - [Validate] Epoch 00087 | valid_rmse 4.7393 | valid_pr 0.9736 | valid_criterion 7.7757 | score 0.2224
2025-01-07 15:50:25 - INFO - No improvement for 27 epochs
2025-01-07 15:50:37 - INFO - [Train] Epoch 00088 | train_loss 20.3798 | train_rmse 3.9859 | lr 0.002000
2025-01-07 15:50:37 - INFO - [Validate] Epoch 00088 | valid_rmse 5.3498 | valid_pr 0.9719 | valid_criterion 8.0161 | score 0.1984
2025-01-07 15:50:37 - INFO - No improvement for 28 epochs
2025-01-07 15:50:49 - INFO - [Train] Epoch 00089 | train_loss 19.9975 | train_rmse 3.9424 | lr 0.002000
2025-01-07 15:50:49 - INFO - [Validate] Epoch 00089 | valid_rmse 5.0435 | valid_pr 0.9734 | valid_criterion 7.8942 | score 0.2106
2025-01-07 15:50:49 - INFO - No improvement for 29 epochs
2025-01-07 15:51:02 - INFO - [Train] Epoch 00090 | train_loss 20.4392 | train_rmse 4.0026 | lr 0.002000
2025-01-07 15:51:02 - INFO - [Validate] Epoch 00090 | valid_rmse 5.6058 | valid_pr 0.9710 | valid_criterion 8.4443 | score 0.1556
2025-01-07 15:51:02 - INFO - No improvement for 30 epochs
2025-01-07 15:51:14 - INFO - [Train] Epoch 00091 | train_loss 21.6969 | train_rmse 4.1612 | lr 0.002000
2025-01-07 15:51:14 - INFO - [Validate] Epoch 00091 | valid_rmse 5.0566 | valid_pr 0.9724 | valid_criterion 7.9935 | score 0.2007
2025-01-07 15:51:14 - INFO - No improvement for 31 epochs
2025-01-07 15:51:27 - INFO - [Train] Epoch 00092 | train_loss 19.6052 | train_rmse 3.9061 | lr 0.002000
2025-01-07 15:51:27 - INFO - [Validate] Epoch 00092 | valid_rmse 4.8360 | valid_pr 0.9735 | valid_criterion 7.7267 | score 0.2273
2025-01-07 15:51:27 - INFO - No improvement for 32 epochs
2025-01-07 15:51:40 - INFO - [Train] Epoch 00093 | train_loss 21.4320 | train_rmse 4.1374 | lr 0.002000
2025-01-07 15:51:40 - INFO - [Validate] Epoch 00093 | valid_rmse 5.4461 | valid_pr 0.9724 | valid_criterion 8.4230 | score 0.1577
2025-01-07 15:51:40 - INFO - No improvement for 33 epochs
2025-01-07 15:51:52 - INFO - [Train] Epoch 00094 | train_loss 19.6341 | train_rmse 3.9178 | lr 0.002000
2025-01-07 15:51:52 - INFO - [Validate] Epoch 00094 | valid_rmse 5.0990 | valid_pr 0.9726 | valid_criterion 7.7885 | score 0.2211
2025-01-07 15:51:52 - INFO - No improvement for 34 epochs
2025-01-07 15:52:05 - INFO - [Train] Epoch 00095 | train_loss 16.9904 | train_rmse 3.5688 | lr 0.002000
2025-01-07 15:52:05 - INFO - [Validate] Epoch 00095 | valid_rmse 4.6801 | valid_pr 0.9739 | valid_criterion 7.6643 | score 0.2336
2025-01-07 15:52:05 - INFO - No improvement for 35 epochs
2025-01-07 15:52:17 - INFO - [Train] Epoch 00096 | train_loss 22.6550 | train_rmse 4.2931 | lr 0.002000
2025-01-07 15:52:17 - INFO - [Validate] Epoch 00096 | valid_rmse 5.2926 | valid_pr 0.9734 | valid_criterion 7.8456 | score 0.2154
2025-01-07 15:52:17 - INFO - No improvement for 36 epochs
2025-01-07 15:52:29 - INFO - [Train] Epoch 00097 | train_loss 20.3804 | train_rmse 4.0225 | lr 0.002000
2025-01-07 15:52:29 - INFO - [Validate] Epoch 00097 | valid_rmse 4.8631 | valid_pr 0.9718 | valid_criterion 8.0420 | score 0.1958
2025-01-07 15:52:29 - INFO - No improvement for 37 epochs
2025-01-07 15:52:42 - INFO - [Train] Epoch 00098 | train_loss 19.8452 | train_rmse 3.9586 | lr 0.002000
2025-01-07 15:52:42 - INFO - [Validate] Epoch 00098 | valid_rmse 5.7937 | valid_pr 0.9702 | valid_criterion 8.4910 | score 0.1509
2025-01-07 15:52:42 - INFO - No improvement for 38 epochs
2025-01-07 15:52:54 - INFO - [Train] Epoch 00099 | train_loss 19.2611 | train_rmse 3.8875 | lr 0.002000
2025-01-07 15:52:54 - INFO - [Validate] Epoch 00099 | valid_rmse 4.8512 | valid_pr 0.9719 | valid_criterion 7.9443 | score 0.2056
2025-01-07 15:52:54 - INFO - No improvement for 39 epochs
2025-01-07 15:53:06 - INFO - [Train] Epoch 00100 | train_loss 20.4010 | train_rmse 4.0348 | lr 0.002000
2025-01-07 15:53:06 - INFO - [Validate] Epoch 00100 | valid_rmse 5.0127 | valid_pr 0.9727 | valid_criterion 7.7941 | score 0.2206
2025-01-07 15:53:06 - INFO - No improvement for 40 epochs
2025-01-07 15:53:19 - INFO - [Train] Epoch 00101 | train_loss 19.3136 | train_rmse 3.9007 | lr 0.002000
2025-01-07 15:53:19 - INFO - [Validate] Epoch 00101 | valid_rmse 4.9006 | valid_pr 0.9733 | valid_criterion 7.8013 | score 0.2199
2025-01-07 15:53:19 - INFO - No improvement for 41 epochs
2025-01-07 15:53:31 - INFO - [Train] Epoch 00102 | train_loss 19.8888 | train_rmse 3.9765 | lr 0.000400
2025-01-07 15:53:31 - INFO - [Validate] Epoch 00102 | valid_rmse 5.3482 | valid_pr 0.9723 | valid_criterion 8.1383 | score 0.1862
2025-01-07 15:53:31 - INFO - No improvement for 42 epochs
2025-01-07 15:53:43 - INFO - [Train] Epoch 00103 | train_loss 17.2969 | train_rmse 3.6385 | lr 0.000400
2025-01-07 15:53:43 - INFO - [Validate] Epoch 00103 | valid_rmse 5.0702 | valid_pr 0.9725 | valid_criterion 7.9055 | score 0.2094
2025-01-07 15:53:43 - INFO - No improvement for 43 epochs
2025-01-07 15:53:56 - INFO - [Train] Epoch 00104 | train_loss 17.5588 | train_rmse 3.6754 | lr 0.000400
2025-01-07 15:53:56 - INFO - [Validate] Epoch 00104 | valid_rmse 4.7540 | valid_pr 0.9734 | valid_criterion 7.7834 | score 0.2217
2025-01-07 15:53:56 - INFO - No improvement for 44 epochs
2025-01-07 15:54:08 - INFO - [Train] Epoch 00105 | train_loss 17.8332 | train_rmse 3.7136 | lr 0.000400
2025-01-07 15:54:08 - INFO - [Validate] Epoch 00105 | valid_rmse 4.8966 | valid_pr 0.9725 | valid_criterion 7.9918 | score 0.2008
2025-01-07 15:54:08 - INFO - No improvement for 45 epochs
2025-01-07 15:54:20 - INFO - [Train] Epoch 00106 | train_loss 15.6802 | train_rmse 3.4126 | lr 0.000400
2025-01-07 15:54:20 - INFO - [Validate] Epoch 00106 | valid_rmse 4.6940 | valid_pr 0.9733 | valid_criterion 7.7600 | score 0.2240
2025-01-07 15:54:20 - INFO - No improvement for 46 epochs
2025-01-07 15:54:32 - INFO - [Train] Epoch 00107 | train_loss 21.1098 | train_rmse 4.1332 | lr 0.000400
2025-01-07 15:54:32 - INFO - [Validate] Epoch 00107 | valid_rmse 4.7569 | valid_pr 0.9733 | valid_criterion 7.7737 | score 0.2226
2025-01-07 15:54:32 - INFO - No improvement for 47 epochs
2025-01-07 15:54:45 - INFO - [Train] Epoch 00108 | train_loss 19.8913 | train_rmse 3.9838 | lr 0.000400
2025-01-07 15:54:45 - INFO - [Validate] Epoch 00108 | valid_rmse 4.8064 | valid_pr 0.9736 | valid_criterion 7.7364 | score 0.2264
2025-01-07 15:54:45 - INFO - No improvement for 48 epochs
2025-01-07 15:54:57 - INFO - [Train] Epoch 00109 | train_loss 18.6262 | train_rmse 3.8225 | lr 0.000400
2025-01-07 15:54:57 - INFO - [Validate] Epoch 00109 | valid_rmse 5.1968 | valid_pr 0.9724 | valid_criterion 8.0438 | score 0.1956
2025-01-07 15:54:57 - INFO - No improvement for 49 epochs
2025-01-07 15:55:09 - INFO - [Train] Epoch 00110 | train_loss 18.3489 | train_rmse 3.7870 | lr 0.000400
2025-01-07 15:55:09 - INFO - [Validate] Epoch 00110 | valid_rmse 4.6969 | valid_pr 0.9733 | valid_criterion 7.7948 | score 0.2205
2025-01-07 15:55:09 - INFO - No improvement for 50 epochs
2025-01-07 15:55:21 - INFO - [Train] Epoch 00111 | train_loss 19.6547 | train_rmse 3.9566 | lr 0.000400
2025-01-07 15:55:21 - INFO - [Validate] Epoch 00111 | valid_rmse 4.8762 | valid_pr 0.9729 | valid_criterion 7.7955 | score 0.2205
2025-01-07 15:55:21 - INFO - No improvement for 51 epochs
2025-01-07 15:55:34 - INFO - [Train] Epoch 00112 | train_loss 18.6146 | train_rmse 3.8237 | lr 0.000400
2025-01-07 15:55:34 - INFO - [Validate] Epoch 00112 | valid_rmse 5.0762 | valid_pr 0.9729 | valid_criterion 7.9980 | score 0.2002
2025-01-07 15:55:34 - INFO - No improvement for 52 epochs
2025-01-07 15:55:46 - INFO - [Train] Epoch 00113 | train_loss 18.0507 | train_rmse 3.7502 | lr 0.000400
2025-01-07 15:55:46 - INFO - [Validate] Epoch 00113 | valid_rmse 4.9242 | valid_pr 0.9738 | valid_criterion 7.8193 | score 0.2181
2025-01-07 15:55:46 - INFO - No improvement for 53 epochs
2025-01-07 15:55:58 - INFO - [Train] Epoch 00114 | train_loss 20.3330 | train_rmse 4.0439 | lr 0.000400
2025-01-07 15:55:58 - INFO - [Validate] Epoch 00114 | valid_rmse 4.8304 | valid_pr 0.9735 | valid_criterion 7.7583 | score 0.2242
2025-01-07 15:55:58 - INFO - No improvement for 54 epochs
2025-01-07 15:56:10 - INFO - [Train] Epoch 00115 | train_loss 19.2857 | train_rmse 3.9130 | lr 0.000400
2025-01-07 15:56:10 - INFO - [Validate] Epoch 00115 | valid_rmse 5.0230 | valid_pr 0.9730 | valid_criterion 7.9419 | score 0.2058
2025-01-07 15:56:10 - INFO - No improvement for 55 epochs
2025-01-07 15:56:22 - INFO - [Train] Epoch 00116 | train_loss 17.5026 | train_rmse 3.6790 | lr 0.000400
2025-01-07 15:56:22 - INFO - [Validate] Epoch 00116 | valid_rmse 4.7949 | valid_pr 0.9734 | valid_criterion 7.7787 | score 0.2221
2025-01-07 15:56:22 - INFO - No improvement for 56 epochs
2025-01-07 15:56:35 - INFO - [Train] Epoch 00117 | train_loss 16.8298 | train_rmse 3.5873 | lr 0.000400
2025-01-07 15:56:35 - INFO - [Validate] Epoch 00117 | valid_rmse 4.9371 | valid_pr 0.9729 | valid_criterion 7.8177 | score 0.2182
2025-01-07 15:56:35 - INFO - No improvement for 57 epochs
2025-01-07 15:56:47 - INFO - [Train] Epoch 00118 | train_loss 16.2104 | train_rmse 3.5009 | lr 0.000400
2025-01-07 15:56:47 - INFO - [Validate] Epoch 00118 | valid_rmse 4.9167 | valid_pr 0.9723 | valid_criterion 8.0207 | score 0.1979
2025-01-07 15:56:47 - INFO - No improvement for 58 epochs
2025-01-07 15:57:00 - INFO - [Train] Epoch 00119 | train_loss 18.6239 | train_rmse 3.8309 | lr 0.000400
2025-01-07 15:57:00 - INFO - [Validate] Epoch 00119 | valid_rmse 5.1381 | valid_pr 0.9722 | valid_criterion 8.0719 | score 0.1928
2025-01-07 15:57:00 - INFO - No improvement for 59 epochs
2025-01-07 15:57:12 - INFO - [Train] Epoch 00120 | train_loss 17.2676 | train_rmse 3.6503 | lr 0.000400
2025-01-07 15:57:12 - INFO - [Validate] Epoch 00120 | valid_rmse 4.8765 | valid_pr 0.9730 | valid_criterion 7.8216 | score 0.2178
2025-01-07 15:57:12 - INFO - No improvement for 60 epochs
2025-01-07 15:57:24 - INFO - [Train] Epoch 00121 | train_loss 18.5708 | train_rmse 3.8255 | lr 0.000400
2025-01-07 15:57:24 - INFO - [Validate] Epoch 00121 | valid_rmse 5.3521 | valid_pr 0.9726 | valid_criterion 8.2209 | score 0.1779
2025-01-07 15:57:24 - INFO - No improvement for 61 epochs
2025-01-07 15:57:37 - INFO - [Train] Epoch 00122 | train_loss 19.6325 | train_rmse 3.9626 | lr 0.000400
2025-01-07 15:57:37 - INFO - [Validate] Epoch 00122 | valid_rmse 5.2962 | valid_pr 0.9728 | valid_criterion 8.0373 | score 0.1963
2025-01-07 15:57:37 - INFO - No improvement for 62 epochs
2025-01-07 15:57:50 - INFO - [Train] Epoch 00123 | train_loss 19.2426 | train_rmse 3.9138 | lr 0.000080
2025-01-07 15:57:50 - INFO - [Validate] Epoch 00123 | valid_rmse 4.9280 | valid_pr 0.9726 | valid_criterion 7.7975 | score 0.2202
2025-01-07 15:57:50 - INFO - No improvement for 63 epochs
2025-01-07 15:58:02 - INFO - [Train] Epoch 00124 | train_loss 18.6693 | train_rmse 3.8405 | lr 0.000080
2025-01-07 15:58:02 - INFO - [Validate] Epoch 00124 | valid_rmse 5.2216 | valid_pr 0.9728 | valid_criterion 8.0091 | score 0.1991
2025-01-07 15:58:02 - INFO - No improvement for 64 epochs
2025-01-07 15:58:14 - INFO - [Train] Epoch 00125 | train_loss 18.1196 | train_rmse 3.7684 | lr 0.000080
2025-01-07 15:58:14 - INFO - [Validate] Epoch 00125 | valid_rmse 4.9424 | valid_pr 0.9726 | valid_criterion 7.8691 | score 0.2131
2025-01-07 15:58:14 - INFO - No improvement for 65 epochs
2025-01-07 15:58:26 - INFO - [Train] Epoch 00126 | train_loss 15.9942 | train_rmse 3.4752 | lr 0.000080
2025-01-07 15:58:26 - INFO - [Validate] Epoch 00126 | valid_rmse 4.8633 | valid_pr 0.9731 | valid_criterion 7.7835 | score 0.2216
2025-01-07 15:58:26 - INFO - No improvement for 66 epochs
2025-01-07 15:58:39 - INFO - [Train] Epoch 00127 | train_loss 17.2613 | train_rmse 3.6531 | lr 0.000080
2025-01-07 15:58:39 - INFO - [Validate] Epoch 00127 | valid_rmse 4.9424 | valid_pr 0.9727 | valid_criterion 7.8682 | score 0.2132
2025-01-07 15:58:39 - INFO - No improvement for 67 epochs
2025-01-07 15:58:51 - INFO - [Train] Epoch 00128 | train_loss 18.0211 | train_rmse 3.7558 | lr 0.000080
2025-01-07 15:58:51 - INFO - [Validate] Epoch 00128 | valid_rmse 4.8055 | valid_pr 0.9733 | valid_criterion 7.7884 | score 0.2212
2025-01-07 15:58:51 - INFO - No improvement for 68 epochs
2025-01-07 15:59:03 - INFO - [Train] Epoch 00129 | train_loss 18.8436 | train_rmse 3.8640 | lr 0.000080
2025-01-07 15:59:03 - INFO - [Validate] Epoch 00129 | valid_rmse 4.9301 | valid_pr 0.9728 | valid_criterion 7.8430 | score 0.2157
2025-01-07 15:59:03 - INFO - No improvement for 69 epochs
2025-01-07 15:59:16 - INFO - [Train] Epoch 00130 | train_loss 20.2090 | train_rmse 4.0369 | lr 0.000080
2025-01-07 15:59:16 - INFO - [Validate] Epoch 00130 | valid_rmse 4.9492 | valid_pr 0.9731 | valid_criterion 7.8689 | score 0.2131
2025-01-07 15:59:16 - INFO - No improvement for 70 epochs
2025-01-07 15:59:28 - INFO - [Train] Epoch 00131 | train_loss 15.7279 | train_rmse 3.4376 | lr 0.000080
2025-01-07 15:59:28 - INFO - [Validate] Epoch 00131 | valid_rmse 5.2692 | valid_pr 0.9727 | valid_criterion 8.0363 | score 0.1964
2025-01-07 15:59:28 - INFO - No improvement for 71 epochs
2025-01-07 15:59:40 - INFO - [Train] Epoch 00132 | train_loss 18.2058 | train_rmse 3.7810 | lr 0.000080
2025-01-07 15:59:40 - INFO - [Validate] Epoch 00132 | valid_rmse 4.8210 | valid_pr 0.9733 | valid_criterion 7.7620 | score 0.2238
2025-01-07 15:59:40 - INFO - No improvement for 72 epochs
2025-01-07 15:59:52 - INFO - [Train] Epoch 00133 | train_loss 16.2720 | train_rmse 3.5162 | lr 0.000080
2025-01-07 15:59:52 - INFO - [Validate] Epoch 00133 | valid_rmse 5.5327 | valid_pr 0.9729 | valid_criterion 7.9936 | score 0.2006
2025-01-07 15:59:52 - INFO - No improvement for 73 epochs
2025-01-07 16:00:04 - INFO - [Train] Epoch 00134 | train_loss 16.1043 | train_rmse 3.4924 | lr 0.000080
2025-01-07 16:00:04 - INFO - [Validate] Epoch 00134 | valid_rmse 5.0696 | valid_pr 0.9722 | valid_criterion 8.1435 | score 0.1856
2025-01-07 16:00:04 - INFO - No improvement for 74 epochs
2025-01-07 16:00:17 - INFO - [Train] Epoch 00135 | train_loss 19.5128 | train_rmse 3.9505 | lr 0.000080
2025-01-07 16:00:17 - INFO - [Validate] Epoch 00135 | valid_rmse 4.9610 | valid_pr 0.9721 | valid_criterion 8.0599 | score 0.1940
2025-01-07 16:00:17 - INFO - No improvement for 75 epochs
2025-01-07 16:00:29 - INFO - [Train] Epoch 00136 | train_loss 16.6021 | train_rmse 3.5634 | lr 0.000080
2025-01-07 16:00:29 - INFO - [Validate] Epoch 00136 | valid_rmse 4.9118 | valid_pr 0.9722 | valid_criterion 8.0556 | score 0.1944
2025-01-07 16:00:29 - INFO - No improvement for 76 epochs
2025-01-07 16:00:41 - INFO - [Train] Epoch 00137 | train_loss 20.5709 | train_rmse 4.0826 | lr 0.000080
2025-01-07 16:00:41 - INFO - [Validate] Epoch 00137 | valid_rmse 5.0396 | valid_pr 0.9731 | valid_criterion 7.8550 | score 0.2145
2025-01-07 16:00:41 - INFO - No improvement for 77 epochs
2025-01-07 16:00:53 - INFO - [Train] Epoch 00138 | train_loss 18.7114 | train_rmse 3.8483 | lr 0.000080
2025-01-07 16:00:53 - INFO - [Validate] Epoch 00138 | valid_rmse 5.0725 | valid_pr 0.9726 | valid_criterion 7.9957 | score 0.2004
2025-01-07 16:00:53 - INFO - No improvement for 78 epochs
2025-01-07 16:01:06 - INFO - [Train] Epoch 00139 | train_loss 17.6326 | train_rmse 3.7056 | lr 0.000080
2025-01-07 16:01:06 - INFO - [Validate] Epoch 00139 | valid_rmse 4.6746 | valid_pr 0.9732 | valid_criterion 7.8154 | score 0.2185
2025-01-07 16:01:06 - INFO - No improvement for 79 epochs
2025-01-07 16:01:18 - INFO - [Train] Epoch 00140 | train_loss 16.2173 | train_rmse 3.5096 | lr 0.000080
2025-01-07 16:01:18 - INFO - [Validate] Epoch 00140 | valid_rmse 4.9174 | valid_pr 0.9733 | valid_criterion 7.8269 | score 0.2173
2025-01-07 16:01:18 - INFO - No improvement for 80 epochs
2025-01-07 16:01:30 - INFO - [Train] Epoch 00141 | train_loss 16.7754 | train_rmse 3.5885 | lr 0.000080
2025-01-07 16:01:30 - INFO - [Validate] Epoch 00141 | valid_rmse 4.9231 | valid_pr 0.9734 | valid_criterion 7.8187 | score 0.2181
2025-01-07 16:01:30 - INFO - No improvement for 81 epochs
2025-01-07 16:01:43 - INFO - [Train] Epoch 00142 | train_loss 17.2361 | train_rmse 3.6522 | lr 0.000080
2025-01-07 16:01:43 - INFO - [Validate] Epoch 00142 | valid_rmse 4.9968 | valid_pr 0.9720 | valid_criterion 7.9712 | score 0.2029
2025-01-07 16:01:43 - INFO - No improvement for 82 epochs
2025-01-07 16:01:55 - INFO - [Train] Epoch 00143 | train_loss 20.2788 | train_rmse 4.0476 | lr 0.000080
2025-01-07 16:01:55 - INFO - [Validate] Epoch 00143 | valid_rmse 4.7994 | valid_pr 0.9731 | valid_criterion 7.8202 | score 0.2180
2025-01-07 16:01:55 - INFO - No improvement for 83 epochs
2025-01-07 16:02:07 - INFO - [Train] Epoch 00144 | train_loss 16.3830 | train_rmse 3.5339 | lr 0.000016
2025-01-07 16:02:07 - INFO - [Validate] Epoch 00144 | valid_rmse 4.7995 | valid_pr 0.9732 | valid_criterion 7.8358 | score 0.2164
2025-01-07 16:02:07 - INFO - No improvement for 84 epochs
2025-01-07 16:02:20 - INFO - [Train] Epoch 00145 | train_loss 17.6524 | train_rmse 3.7092 | lr 0.000016
2025-01-07 16:02:20 - INFO - [Validate] Epoch 00145 | valid_rmse 4.7824 | valid_pr 0.9727 | valid_criterion 7.8614 | score 0.2139
2025-01-07 16:02:20 - INFO - No improvement for 85 epochs
2025-01-07 16:02:32 - INFO - [Train] Epoch 00146 | train_loss 18.4611 | train_rmse 3.8167 | lr 0.000016
2025-01-07 16:02:32 - INFO - [Validate] Epoch 00146 | valid_rmse 4.8064 | valid_pr 0.9731 | valid_criterion 7.8814 | score 0.2119
2025-01-07 16:02:32 - INFO - No improvement for 86 epochs
2025-01-07 16:02:44 - INFO - [Train] Epoch 00147 | train_loss 20.5875 | train_rmse 4.0859 | lr 0.000016
2025-01-07 16:02:44 - INFO - [Validate] Epoch 00147 | valid_rmse 5.8412 | valid_pr 0.9726 | valid_criterion 8.3911 | score 0.1609
2025-01-07 16:02:44 - INFO - No improvement for 87 epochs
2025-01-07 16:02:56 - INFO - [Train] Epoch 00148 | train_loss 17.1715 | train_rmse 3.6440 | lr 0.000016
2025-01-07 16:02:56 - INFO - [Validate] Epoch 00148 | valid_rmse 4.8570 | valid_pr 0.9734 | valid_criterion 7.8329 | score 0.2167
2025-01-07 16:02:56 - INFO - No improvement for 88 epochs
2025-01-07 16:03:08 - INFO - [Train] Epoch 00149 | train_loss 19.0187 | train_rmse 3.8892 | lr 0.000016
2025-01-07 16:03:08 - INFO - [Validate] Epoch 00149 | valid_rmse 5.0650 | valid_pr 0.9728 | valid_criterion 7.9631 | score 0.2037
2025-01-07 16:03:08 - INFO - No improvement for 89 epochs
2025-01-07 16:03:21 - INFO - [Train] Epoch 00150 | train_loss 18.9959 | train_rmse 3.8863 | lr 0.000016
2025-01-07 16:03:21 - INFO - [Validate] Epoch 00150 | valid_rmse 4.8474 | valid_pr 0.9728 | valid_criterion 7.8084 | score 0.2192
2025-01-07 16:03:21 - INFO - No improvement for 90 epochs
2025-01-07 16:03:33 - INFO - [Train] Epoch 00151 | train_loss 15.4555 | train_rmse 3.4005 | lr 0.000016
2025-01-07 16:03:33 - INFO - [Validate] Epoch 00151 | valid_rmse 5.1435 | valid_pr 0.9731 | valid_criterion 7.9395 | score 0.2061
2025-01-07 16:03:33 - INFO - No improvement for 91 epochs
2025-01-07 16:03:45 - INFO - [Train] Epoch 00152 | train_loss 18.6545 | train_rmse 3.8422 | lr 0.000016
2025-01-07 16:03:45 - INFO - [Validate] Epoch 00152 | valid_rmse 4.9380 | valid_pr 0.9728 | valid_criterion 7.9457 | score 0.2054
2025-01-07 16:03:45 - INFO - No improvement for 92 epochs
2025-01-07 16:03:58 - INFO - [Train] Epoch 00153 | train_loss 15.8003 | train_rmse 3.4509 | lr 0.000016
2025-01-07 16:03:58 - INFO - [Validate] Epoch 00153 | valid_rmse 5.3756 | valid_pr 0.9729 | valid_criterion 8.1565 | score 0.1843
2025-01-07 16:03:58 - INFO - No improvement for 93 epochs
2025-01-07 16:04:10 - INFO - [Train] Epoch 00154 | train_loss 16.2488 | train_rmse 3.5153 | lr 0.000016
2025-01-07 16:04:10 - INFO - [Validate] Epoch 00154 | valid_rmse 5.1499 | valid_pr 0.9720 | valid_criterion 8.1630 | score 0.1837
2025-01-07 16:04:10 - INFO - No improvement for 94 epochs
2025-01-07 16:04:23 - INFO - [Train] Epoch 00155 | train_loss 18.0351 | train_rmse 3.7608 | lr 0.000016
2025-01-07 16:04:23 - INFO - [Validate] Epoch 00155 | valid_rmse 4.8558 | valid_pr 0.9729 | valid_criterion 7.8276 | score 0.2172
2025-01-07 16:04:23 - INFO - No improvement for 95 epochs
2025-01-07 16:04:35 - INFO - [Train] Epoch 00156 | train_loss 18.3230 | train_rmse 3.7990 | lr 0.000016
2025-01-07 16:04:35 - INFO - [Validate] Epoch 00156 | valid_rmse 5.1559 | valid_pr 0.9731 | valid_criterion 7.9611 | score 0.2039
2025-01-07 16:04:35 - INFO - No improvement for 96 epochs
2025-01-07 16:04:47 - INFO - [Train] Epoch 00157 | train_loss 17.8504 | train_rmse 3.7363 | lr 0.000016
2025-01-07 16:04:47 - INFO - [Validate] Epoch 00157 | valid_rmse 5.3004 | valid_pr 0.9727 | valid_criterion 8.1706 | score 0.1829
2025-01-07 16:04:47 - INFO - No improvement for 97 epochs
2025-01-07 16:05:00 - INFO - [Train] Epoch 00158 | train_loss 18.6408 | train_rmse 3.8406 | lr 0.000016
2025-01-07 16:05:00 - INFO - [Validate] Epoch 00158 | valid_rmse 4.8686 | valid_pr 0.9732 | valid_criterion 7.7988 | score 0.2201
2025-01-07 16:05:00 - INFO - No improvement for 98 epochs
2025-01-07 16:05:12 - INFO - [Train] Epoch 00159 | train_loss 15.3521 | train_rmse 3.3855 | lr 0.000016
2025-01-07 16:05:12 - INFO - [Validate] Epoch 00159 | valid_rmse 4.7522 | valid_pr 0.9736 | valid_criterion 7.7379 | score 0.2262
2025-01-07 16:05:12 - INFO - No improvement for 99 epochs
2025-01-07 16:05:24 - INFO - [Train] Epoch 00160 | train_loss 18.3196 | train_rmse 3.7986 | lr 0.000016
2025-01-07 16:05:24 - INFO - [Validate] Epoch 00160 | valid_rmse 4.9555 | valid_pr 0.9734 | valid_criterion 7.9262 | score 0.2074
2025-01-07 16:05:24 - INFO - No improvement for 100 epochs
2025-01-07 16:05:24 - INFO - Early stopping triggered. No improvement for 100 epochs
2025-01-07 16:05:24 - INFO - Best model was saved at epoch 60
2025-01-07 16:05:25 - INFO - [Validate] Epoch 00160 | valid_rmse1 4.225229 | valid_pr1 0.976912 | valid_criterion 7.067435
