2025-01-08 08:02:38 - INFO - 01.train.py
2025-01-08 08:02:38 - INFO - train data: 4884
2025-01-08 08:02:38 - INFO - valid data: 1056
2025-01-08 08:02:38 - INFO - Total parameters: 1212803
2025-01-08 08:02:38 - INFO - Trainable parameters: 1212803
2025-01-08 08:02:49 - INFO - [Train] Epoch 00000 | train_loss 850.9343 | train_rmse 42.0252 | lr 0.000201
2025-01-08 08:02:49 - INFO - [Validate] Epoch 00000 | valid_rmse 42.5853 | valid_pr -0.0105 | valid_criterion 23.4910 | score -1.3491
2025-01-08 08:02:49 - INFO - [Validate] Best score achieved: -1.349096
2025-01-08 08:03:00 - INFO - [Train] Epoch 00001 | train_loss 805.8049 | train_rmse 41.3515 | lr 0.000401
2025-01-08 08:03:00 - INFO - [Validate] Epoch 00001 | valid_rmse 41.1427 | valid_pr 0.5864 | valid_criterion 21.2854 | score -1.1285
2025-01-08 08:03:00 - INFO - [Validate] Best score achieved: -1.128541
2025-01-08 08:03:11 - INFO - [Train] Epoch 00002 | train_loss 642.4902 | train_rmse 37.7213 | lr 0.000601
2025-01-08 08:03:11 - INFO - [Validate] Epoch 00002 | valid_rmse 38.2967 | valid_pr 0.7548 | valid_criterion 30.9722 | score -2.0972
2025-01-08 08:03:11 - INFO - No improvement for 1 epochs
2025-01-08 08:03:21 - INFO - [Train] Epoch 00003 | train_loss 430.3413 | train_rmse 31.2838 | lr 0.000801
2025-01-08 08:03:21 - INFO - [Validate] Epoch 00003 | valid_rmse 22.8818 | valid_pr 0.8740 | valid_criterion 15.9556 | score -0.5956
2025-01-08 08:03:21 - INFO - [Validate] Best score achieved: -0.595555
2025-01-08 08:03:33 - INFO - [Train] Epoch 00004 | train_loss 74.2597 | train_rmse 12.7013 | lr 0.001001
2025-01-08 08:03:33 - INFO - [Validate] Epoch 00004 | valid_rmse 9.3291 | valid_pr 0.9065 | valid_criterion 9.9563 | score 0.0044
2025-01-08 08:03:33 - INFO - [Validate] Best score achieved: 0.004373
2025-01-08 08:03:43 - INFO - [Train] Epoch 00005 | train_loss 29.3620 | train_rmse 7.7404 | lr 0.001201
2025-01-08 08:03:43 - INFO - [Validate] Epoch 00005 | valid_rmse 11.9985 | valid_pr 0.9245 | valid_criterion 19.8517 | score -0.9852
2025-01-08 08:03:43 - INFO - No improvement for 1 epochs
2025-01-08 08:03:54 - INFO - [Train] Epoch 00006 | train_loss 27.6020 | train_rmse 7.4797 | lr 0.001401
2025-01-08 08:03:54 - INFO - [Validate] Epoch 00006 | valid_rmse 6.6712 | valid_pr 0.9579 | valid_criterion 6.8335 | score 0.3167
2025-01-08 08:03:54 - INFO - [Validate] Best score achieved: 0.316650
2025-01-08 08:04:05 - INFO - [Train] Epoch 00007 | train_loss 25.3396 | train_rmse 7.0604 | lr 0.001601
2025-01-08 08:04:05 - INFO - [Validate] Epoch 00007 | valid_rmse 9.7929 | valid_pr 0.9312 | valid_criterion 11.2973 | score -0.1297
2025-01-08 08:04:05 - INFO - No improvement for 1 epochs
2025-01-08 08:04:16 - INFO - [Train] Epoch 00008 | train_loss 24.4958 | train_rmse 6.8946 | lr 0.001801
2025-01-08 08:04:16 - INFO - [Validate] Epoch 00008 | valid_rmse 6.3096 | valid_pr 0.9484 | valid_criterion 6.2309 | score 0.3769
2025-01-08 08:04:16 - INFO - [Validate] Best score achieved: 0.376909
2025-01-08 08:04:27 - INFO - [Train] Epoch 00009 | train_loss 23.4545 | train_rmse 6.7765 | lr 0.002001
2025-01-08 08:04:27 - INFO - [Validate] Epoch 00009 | valid_rmse 8.8877 | valid_pr 0.9580 | valid_criterion 12.0198 | score -0.2020
2025-01-08 08:04:27 - INFO - No improvement for 1 epochs
2025-01-08 08:04:38 - INFO - [Train] Epoch 00010 | train_loss 20.7623 | train_rmse 6.3238 | lr 0.002201
2025-01-08 08:04:38 - INFO - [Validate] Epoch 00010 | valid_rmse 5.5795 | valid_pr 0.9623 | valid_criterion 6.8715 | score 0.3128
2025-01-08 08:04:38 - INFO - No improvement for 2 epochs
2025-01-08 08:04:49 - INFO - [Train] Epoch 00011 | train_loss 21.7400 | train_rmse 6.4242 | lr 0.002401
2025-01-08 08:04:49 - INFO - [Validate] Epoch 00011 | valid_rmse 7.6844 | valid_pr 0.9333 | valid_criterion 6.8568 | score 0.3143
2025-01-08 08:04:49 - INFO - No improvement for 3 epochs
2025-01-08 08:05:00 - INFO - [Train] Epoch 00012 | train_loss 21.3181 | train_rmse 6.3839 | lr 0.002601
2025-01-08 08:05:00 - INFO - [Validate] Epoch 00012 | valid_rmse 4.6818 | valid_pr 0.9726 | valid_criterion 5.8769 | score 0.4123
2025-01-08 08:05:00 - INFO - [Validate] Best score achieved: 0.412309
2025-01-08 08:05:11 - INFO - [Train] Epoch 00013 | train_loss 21.6238 | train_rmse 6.3708 | lr 0.002801
2025-01-08 08:05:11 - INFO - [Validate] Epoch 00013 | valid_rmse 6.8303 | valid_pr 0.9604 | valid_criterion 7.7471 | score 0.2253
2025-01-08 08:05:11 - INFO - No improvement for 1 epochs
2025-01-08 08:05:22 - INFO - [Train] Epoch 00014 | train_loss 19.2184 | train_rmse 5.9534 | lr 0.003001
2025-01-08 08:05:22 - INFO - [Validate] Epoch 00014 | valid_rmse 6.4109 | valid_pr 0.9481 | valid_criterion 6.9084 | score 0.3092
2025-01-08 08:05:22 - INFO - No improvement for 2 epochs
2025-01-08 08:05:33 - INFO - [Train] Epoch 00015 | train_loss 20.5097 | train_rmse 6.2373 | lr 0.003201
2025-01-08 08:05:33 - INFO - [Validate] Epoch 00015 | valid_rmse 5.7575 | valid_pr 0.9564 | valid_criterion 7.4840 | score 0.2516
2025-01-08 08:05:33 - INFO - No improvement for 3 epochs
2025-01-08 08:05:44 - INFO - [Train] Epoch 00016 | train_loss 18.4841 | train_rmse 5.7947 | lr 0.003401
2025-01-08 08:05:44 - INFO - [Validate] Epoch 00016 | valid_rmse 4.3951 | valid_pr 0.9751 | valid_criterion 5.6565 | score 0.4343
2025-01-08 08:05:44 - INFO - [Validate] Best score achieved: 0.434349
2025-01-08 08:05:55 - INFO - [Train] Epoch 00017 | train_loss 19.1637 | train_rmse 6.0173 | lr 0.003601
2025-01-08 08:05:55 - INFO - [Validate] Epoch 00017 | valid_rmse 6.1350 | valid_pr 0.9729 | valid_criterion 6.7302 | score 0.3270
2025-01-08 08:05:55 - INFO - No improvement for 1 epochs
2025-01-08 08:06:06 - INFO - [Train] Epoch 00018 | train_loss 19.9070 | train_rmse 6.0773 | lr 0.003801
2025-01-08 08:06:06 - INFO - [Validate] Epoch 00018 | valid_rmse 5.5851 | valid_pr 0.9608 | valid_criterion 7.5567 | score 0.2443
2025-01-08 08:06:06 - INFO - No improvement for 2 epochs
2025-01-08 08:06:17 - INFO - [Train] Epoch 00019 | train_loss 18.2960 | train_rmse 5.8242 | lr 0.004001
2025-01-08 08:06:17 - INFO - [Validate] Epoch 00019 | valid_rmse 5.9605 | valid_pr 0.9721 | valid_criterion 6.0262 | score 0.3974
2025-01-08 08:06:17 - INFO - No improvement for 3 epochs
2025-01-08 08:06:28 - INFO - [Train] Epoch 00020 | train_loss 17.8219 | train_rmse 5.7455 | lr 0.004201
2025-01-08 08:06:28 - INFO - [Validate] Epoch 00020 | valid_rmse 6.5780 | valid_pr 0.9669 | valid_criterion 10.2746 | score -0.0275
2025-01-08 08:06:28 - INFO - No improvement for 4 epochs
2025-01-08 08:06:39 - INFO - [Train] Epoch 00021 | train_loss 18.6345 | train_rmse 5.8491 | lr 0.004401
2025-01-08 08:06:39 - INFO - [Validate] Epoch 00021 | valid_rmse 6.6331 | valid_pr 0.9703 | valid_criterion 6.6324 | score 0.3368
2025-01-08 08:06:39 - INFO - No improvement for 5 epochs
2025-01-08 08:06:50 - INFO - [Train] Epoch 00022 | train_loss 19.0038 | train_rmse 5.9321 | lr 0.004601
2025-01-08 08:06:50 - INFO - [Validate] Epoch 00022 | valid_rmse 5.2353 | valid_pr 0.9746 | valid_criterion 6.1132 | score 0.3887
2025-01-08 08:06:50 - INFO - No improvement for 6 epochs
2025-01-08 08:07:01 - INFO - [Train] Epoch 00023 | train_loss 18.2456 | train_rmse 5.7159 | lr 0.004801
2025-01-08 08:07:01 - INFO - [Validate] Epoch 00023 | valid_rmse 5.9565 | valid_pr 0.9665 | valid_criterion 6.6586 | score 0.3341
2025-01-08 08:07:01 - INFO - No improvement for 7 epochs
2025-01-08 08:07:12 - INFO - [Train] Epoch 00024 | train_loss 19.3367 | train_rmse 5.9209 | lr 0.005001
2025-01-08 08:07:12 - INFO - [Validate] Epoch 00024 | valid_rmse 8.2857 | valid_pr 0.9579 | valid_criterion 13.0172 | score -0.3017
2025-01-08 08:07:12 - INFO - No improvement for 8 epochs
2025-01-08 08:07:24 - INFO - [Train] Epoch 00025 | train_loss 19.8077 | train_rmse 6.0422 | lr 0.005200
2025-01-08 08:07:24 - INFO - [Validate] Epoch 00025 | valid_rmse 8.0592 | valid_pr 0.9727 | valid_criterion 10.8986 | score -0.0899
2025-01-08 08:07:24 - INFO - No improvement for 9 epochs
2025-01-08 08:07:35 - INFO - [Train] Epoch 00026 | train_loss 18.2120 | train_rmse 5.6932 | lr 0.005400
2025-01-08 08:07:35 - INFO - [Validate] Epoch 00026 | valid_rmse 7.6914 | valid_pr 0.9709 | valid_criterion 8.4537 | score 0.1546
2025-01-08 08:07:35 - INFO - No improvement for 10 epochs
2025-01-08 08:07:46 - INFO - [Train] Epoch 00027 | train_loss 17.6989 | train_rmse 5.6342 | lr 0.005600
2025-01-08 08:07:46 - INFO - [Validate] Epoch 00027 | valid_rmse 5.0488 | valid_pr 0.9721 | valid_criterion 6.7042 | score 0.3296
2025-01-08 08:07:46 - INFO - No improvement for 11 epochs
2025-01-08 08:07:57 - INFO - [Train] Epoch 00028 | train_loss 15.4151 | train_rmse 5.2026 | lr 0.005800
2025-01-08 08:07:57 - INFO - [Validate] Epoch 00028 | valid_rmse 4.2131 | valid_pr 0.9774 | valid_criterion 5.4231 | score 0.4577
2025-01-08 08:07:57 - INFO - [Validate] Best score achieved: 0.457691
2025-01-08 08:08:08 - INFO - [Train] Epoch 00029 | train_loss 19.5306 | train_rmse 5.8948 | lr 0.006000
2025-01-08 08:08:08 - INFO - [Validate] Epoch 00029 | valid_rmse 6.5495 | valid_pr 0.9730 | valid_criterion 7.4285 | score 0.2571
2025-01-08 08:08:08 - INFO - No improvement for 1 epochs
2025-01-08 08:08:19 - INFO - [Train] Epoch 00030 | train_loss 17.4348 | train_rmse 5.5359 | lr 0.006200
2025-01-08 08:08:19 - INFO - [Validate] Epoch 00030 | valid_rmse 5.6293 | valid_pr 0.9596 | valid_criterion 6.0290 | score 0.3971
2025-01-08 08:08:19 - INFO - No improvement for 2 epochs
2025-01-08 08:08:30 - INFO - [Train] Epoch 00031 | train_loss 19.3647 | train_rmse 5.8924 | lr 0.006400
2025-01-08 08:08:30 - INFO - [Validate] Epoch 00031 | valid_rmse 5.4341 | valid_pr 0.9660 | valid_criterion 7.1126 | score 0.2887
2025-01-08 08:08:30 - INFO - No improvement for 3 epochs
2025-01-08 08:08:41 - INFO - [Train] Epoch 00032 | train_loss 19.2394 | train_rmse 5.8291 | lr 0.006600
2025-01-08 08:08:41 - INFO - [Validate] Epoch 00032 | valid_rmse 6.0172 | valid_pr 0.9726 | valid_criterion 6.4883 | score 0.3512
2025-01-08 08:08:41 - INFO - No improvement for 4 epochs
2025-01-08 08:08:52 - INFO - [Train] Epoch 00033 | train_loss 17.5096 | train_rmse 5.5949 | lr 0.006800
2025-01-08 08:08:52 - INFO - [Validate] Epoch 00033 | valid_rmse 7.7876 | valid_pr 0.9696 | valid_criterion 7.9970 | score 0.2003
2025-01-08 08:08:52 - INFO - No improvement for 5 epochs
2025-01-08 08:09:03 - INFO - [Train] Epoch 00034 | train_loss 19.6026 | train_rmse 5.8903 | lr 0.007000
2025-01-08 08:09:03 - INFO - [Validate] Epoch 00034 | valid_rmse 4.9545 | valid_pr 0.9744 | valid_criterion 5.6433 | score 0.4357
2025-01-08 08:09:03 - INFO - No improvement for 6 epochs
2025-01-08 08:09:14 - INFO - [Train] Epoch 00035 | train_loss 17.9690 | train_rmse 5.6166 | lr 0.007200
2025-01-08 08:09:14 - INFO - [Validate] Epoch 00035 | valid_rmse 5.2086 | valid_pr 0.9735 | valid_criterion 6.5926 | score 0.3407
2025-01-08 08:09:14 - INFO - No improvement for 7 epochs
2025-01-08 08:09:25 - INFO - [Train] Epoch 00036 | train_loss 17.7148 | train_rmse 5.4941 | lr 0.007400
2025-01-08 08:09:25 - INFO - [Validate] Epoch 00036 | valid_rmse 4.1943 | valid_pr 0.9796 | valid_criterion 6.3443 | score 0.3656
2025-01-08 08:09:25 - INFO - No improvement for 8 epochs
2025-01-08 08:09:36 - INFO - [Train] Epoch 00037 | train_loss 14.8313 | train_rmse 5.0124 | lr 0.007600
2025-01-08 08:09:36 - INFO - [Validate] Epoch 00037 | valid_rmse 4.6349 | valid_pr 0.9754 | valid_criterion 6.8460 | score 0.3154
2025-01-08 08:09:36 - INFO - No improvement for 9 epochs
2025-01-08 08:09:47 - INFO - [Train] Epoch 00038 | train_loss 18.2640 | train_rmse 5.6258 | lr 0.007800
2025-01-08 08:09:47 - INFO - [Validate] Epoch 00038 | valid_rmse 5.3520 | valid_pr 0.9766 | valid_criterion 5.4239 | score 0.4576
2025-01-08 08:09:47 - INFO - No improvement for 10 epochs
2025-01-08 08:09:58 - INFO - [Train] Epoch 00039 | train_loss 16.7231 | train_rmse 5.3088 | lr 0.008000
2025-01-08 08:09:58 - INFO - [Validate] Epoch 00039 | valid_rmse 4.7538 | valid_pr 0.9752 | valid_criterion 7.0507 | score 0.2949
2025-01-08 08:09:58 - INFO - No improvement for 11 epochs
2025-01-08 08:10:09 - INFO - [Train] Epoch 00040 | train_loss 17.9697 | train_rmse 5.5133 | lr 0.008200
2025-01-08 08:10:09 - INFO - [Validate] Epoch 00040 | valid_rmse 6.0011 | valid_pr 0.9774 | valid_criterion 5.9186 | score 0.4081
2025-01-08 08:10:09 - INFO - No improvement for 12 epochs
2025-01-08 08:10:20 - INFO - [Train] Epoch 00041 | train_loss 16.8942 | train_rmse 5.3725 | lr 0.008400
2025-01-08 08:10:20 - INFO - [Validate] Epoch 00041 | valid_rmse 4.7621 | valid_pr 0.9829 | valid_criterion 7.3652 | score 0.2635
2025-01-08 08:10:20 - INFO - No improvement for 13 epochs
2025-01-08 08:10:31 - INFO - [Train] Epoch 00042 | train_loss 18.2054 | train_rmse 5.5761 | lr 0.008600
2025-01-08 08:10:31 - INFO - [Validate] Epoch 00042 | valid_rmse 6.5535 | valid_pr 0.9725 | valid_criterion 6.0899 | score 0.3910
2025-01-08 08:10:31 - INFO - No improvement for 14 epochs
2025-01-08 08:10:42 - INFO - [Train] Epoch 00043 | train_loss 18.8090 | train_rmse 5.7175 | lr 0.008800
2025-01-08 08:10:42 - INFO - [Validate] Epoch 00043 | valid_rmse 4.3250 | valid_pr 0.9752 | valid_criterion 6.4421 | score 0.3558
2025-01-08 08:10:42 - INFO - No improvement for 15 epochs
2025-01-08 08:10:53 - INFO - [Train] Epoch 00044 | train_loss 17.4052 | train_rmse 5.3626 | lr 0.009000
2025-01-08 08:10:53 - INFO - [Validate] Epoch 00044 | valid_rmse 5.2923 | valid_pr 0.9771 | valid_criterion 7.3186 | score 0.2681
2025-01-08 08:10:53 - INFO - No improvement for 16 epochs
2025-01-08 08:11:04 - INFO - [Train] Epoch 00045 | train_loss 16.2995 | train_rmse 5.2075 | lr 0.009200
2025-01-08 08:11:04 - INFO - [Validate] Epoch 00045 | valid_rmse 5.4388 | valid_pr 0.9644 | valid_criterion 6.9274 | score 0.3073
2025-01-08 08:11:04 - INFO - No improvement for 17 epochs
2025-01-08 08:11:16 - INFO - [Train] Epoch 00046 | train_loss 17.5708 | train_rmse 5.4605 | lr 0.009400
2025-01-08 08:11:16 - INFO - [Validate] Epoch 00046 | valid_rmse 4.5816 | valid_pr 0.9782 | valid_criterion 6.7470 | score 0.3253
2025-01-08 08:11:16 - INFO - No improvement for 18 epochs
2025-01-08 08:11:27 - INFO - [Train] Epoch 00047 | train_loss 19.8529 | train_rmse 5.8210 | lr 0.009600
2025-01-08 08:11:27 - INFO - [Validate] Epoch 00047 | valid_rmse 4.2643 | valid_pr 0.9770 | valid_criterion 6.0004 | score 0.4000
2025-01-08 08:11:27 - INFO - No improvement for 19 epochs
2025-01-08 08:11:38 - INFO - [Train] Epoch 00048 | train_loss 15.5161 | train_rmse 5.0075 | lr 0.009800
2025-01-08 08:11:38 - INFO - [Validate] Epoch 00048 | valid_rmse 4.6374 | valid_pr 0.9757 | valid_criterion 6.3704 | score 0.3630
2025-01-08 08:11:38 - INFO - No improvement for 20 epochs
2025-01-08 08:11:49 - INFO - [Train] Epoch 00049 | train_loss 18.2926 | train_rmse 5.4982 | lr 0.010000
2025-01-08 08:11:49 - INFO - [Validate] Epoch 00049 | valid_rmse 4.6057 | valid_pr 0.9760 | valid_criterion 6.6890 | score 0.3311
2025-01-08 08:11:49 - INFO - No improvement for 21 epochs
2025-01-08 08:12:01 - INFO - [Train] Epoch 00050 | train_loss 19.4743 | train_rmse 5.8094 | lr 0.010000
2025-01-08 08:12:01 - INFO - [Validate] Epoch 00050 | valid_rmse 4.7766 | valid_pr 0.9788 | valid_criterion 8.3114 | score 0.1689
2025-01-08 08:12:01 - INFO - No improvement for 22 epochs
2025-01-08 08:12:12 - INFO - [Train] Epoch 00051 | train_loss 17.7058 | train_rmse 5.4131 | lr 0.010000
2025-01-08 08:12:12 - INFO - [Validate] Epoch 00051 | valid_rmse 6.4263 | valid_pr 0.9588 | valid_criterion 6.5958 | score 0.3404
2025-01-08 08:12:12 - INFO - No improvement for 23 epochs
2025-01-08 08:12:24 - INFO - [Train] Epoch 00052 | train_loss 17.0544 | train_rmse 5.2271 | lr 0.010000
2025-01-08 08:12:24 - INFO - [Validate] Epoch 00052 | valid_rmse 4.6367 | valid_pr 0.9801 | valid_criterion 6.1452 | score 0.3855
2025-01-08 08:12:24 - INFO - No improvement for 24 epochs
2025-01-08 08:12:35 - INFO - [Train] Epoch 00053 | train_loss 20.6930 | train_rmse 5.8831 | lr 0.010000
2025-01-08 08:12:35 - INFO - [Validate] Epoch 00053 | valid_rmse 4.2839 | valid_pr 0.9830 | valid_criterion 5.4895 | score 0.4511
2025-01-08 08:12:35 - INFO - No improvement for 25 epochs
2025-01-08 08:12:46 - INFO - [Train] Epoch 00054 | train_loss 16.4676 | train_rmse 5.1128 | lr 0.010000
2025-01-08 08:12:46 - INFO - [Validate] Epoch 00054 | valid_rmse 5.6998 | valid_pr 0.9643 | valid_criterion 8.5320 | score 0.1468
2025-01-08 08:12:46 - INFO - No improvement for 26 epochs
2025-01-08 08:12:58 - INFO - [Train] Epoch 00055 | train_loss 15.5300 | train_rmse 4.9700 | lr 0.010000
2025-01-08 08:12:58 - INFO - [Validate] Epoch 00055 | valid_rmse 4.7710 | valid_pr 0.9733 | valid_criterion 6.5666 | score 0.3433
2025-01-08 08:12:58 - INFO - No improvement for 27 epochs
2025-01-08 08:13:09 - INFO - [Train] Epoch 00056 | train_loss 19.1571 | train_rmse 5.6315 | lr 0.010000
2025-01-08 08:13:09 - INFO - [Validate] Epoch 00056 | valid_rmse 4.5892 | valid_pr 0.9803 | valid_criterion 5.7967 | score 0.4203
2025-01-08 08:13:09 - INFO - No improvement for 28 epochs
2025-01-08 08:13:20 - INFO - [Train] Epoch 00057 | train_loss 16.6157 | train_rmse 5.1230 | lr 0.010000
2025-01-08 08:13:20 - INFO - [Validate] Epoch 00057 | valid_rmse 5.1276 | valid_pr 0.9783 | valid_criterion 6.8450 | score 0.3155
2025-01-08 08:13:20 - INFO - No improvement for 29 epochs
2025-01-08 08:13:31 - INFO - [Train] Epoch 00058 | train_loss 17.3038 | train_rmse 5.3124 | lr 0.010000
2025-01-08 08:13:31 - INFO - [Validate] Epoch 00058 | valid_rmse 4.6588 | valid_pr 0.9749 | valid_criterion 6.7199 | score 0.3280
2025-01-08 08:13:31 - INFO - No improvement for 30 epochs
2025-01-08 08:13:42 - INFO - [Train] Epoch 00059 | train_loss 16.3886 | train_rmse 5.2011 | lr 0.010000
2025-01-08 08:13:42 - INFO - [Validate] Epoch 00059 | valid_rmse 4.0250 | valid_pr 0.9810 | valid_criterion 5.6793 | score 0.4321
2025-01-08 08:13:42 - INFO - No improvement for 31 epochs
2025-01-08 08:13:53 - INFO - [Train] Epoch 00060 | train_loss 16.2376 | train_rmse 5.1000 | lr 0.010000
2025-01-08 08:13:53 - INFO - [Validate] Epoch 00060 | valid_rmse 4.0994 | valid_pr 0.9793 | valid_criterion 5.8226 | score 0.4177
2025-01-08 08:13:53 - INFO - No improvement for 32 epochs
2025-01-08 08:14:04 - INFO - [Train] Epoch 00061 | train_loss 17.7324 | train_rmse 5.3581 | lr 0.010000
2025-01-08 08:14:04 - INFO - [Validate] Epoch 00061 | valid_rmse 5.7942 | valid_pr 0.9793 | valid_criterion 6.2047 | score 0.3795
2025-01-08 08:14:04 - INFO - No improvement for 33 epochs
2025-01-08 08:14:15 - INFO - [Train] Epoch 00062 | train_loss 17.4179 | train_rmse 5.3914 | lr 0.010000
2025-01-08 08:14:15 - INFO - [Validate] Epoch 00062 | valid_rmse 5.4390 | valid_pr 0.9711 | valid_criterion 6.4377 | score 0.3562
2025-01-08 08:14:15 - INFO - No improvement for 34 epochs
2025-01-08 08:14:26 - INFO - [Train] Epoch 00063 | train_loss 18.7588 | train_rmse 5.5671 | lr 0.010000
2025-01-08 08:14:26 - INFO - [Validate] Epoch 00063 | valid_rmse 5.2736 | valid_pr 0.9769 | valid_criterion 8.4195 | score 0.1580
2025-01-08 08:14:26 - INFO - No improvement for 35 epochs
2025-01-08 08:14:38 - INFO - [Train] Epoch 00064 | train_loss 16.8554 | train_rmse 5.2121 | lr 0.010000
2025-01-08 08:14:38 - INFO - [Validate] Epoch 00064 | valid_rmse 4.0775 | valid_pr 0.9821 | valid_criterion 6.0323 | score 0.3968
2025-01-08 08:14:38 - INFO - No improvement for 36 epochs
2025-01-08 08:14:49 - INFO - [Train] Epoch 00065 | train_loss 16.6735 | train_rmse 5.1902 | lr 0.010000
2025-01-08 08:14:49 - INFO - [Validate] Epoch 00065 | valid_rmse 4.8543 | valid_pr 0.9772 | valid_criterion 5.7211 | score 0.4279
2025-01-08 08:14:49 - INFO - No improvement for 37 epochs
2025-01-08 08:15:00 - INFO - [Train] Epoch 00066 | train_loss 16.4490 | train_rmse 5.1661 | lr 0.010000
2025-01-08 08:15:00 - INFO - [Validate] Epoch 00066 | valid_rmse 5.6199 | valid_pr 0.9766 | valid_criterion 6.3749 | score 0.3625
2025-01-08 08:15:00 - INFO - No improvement for 38 epochs
2025-01-08 08:15:11 - INFO - [Train] Epoch 00067 | train_loss 18.2262 | train_rmse 5.5147 | lr 0.010000
2025-01-08 08:15:11 - INFO - [Validate] Epoch 00067 | valid_rmse 4.2548 | valid_pr 0.9824 | valid_criterion 5.7207 | score 0.4279
2025-01-08 08:15:11 - INFO - No improvement for 39 epochs
2025-01-08 08:15:22 - INFO - [Train] Epoch 00068 | train_loss 16.5543 | train_rmse 5.1991 | lr 0.010000
2025-01-08 08:15:22 - INFO - [Validate] Epoch 00068 | valid_rmse 4.7722 | valid_pr 0.9751 | valid_criterion 5.5860 | score 0.4414
2025-01-08 08:15:22 - INFO - No improvement for 40 epochs
2025-01-08 08:15:33 - INFO - [Train] Epoch 00069 | train_loss 17.7492 | train_rmse 5.3866 | lr 0.010000
2025-01-08 08:15:33 - INFO - [Validate] Epoch 00069 | valid_rmse 4.7042 | valid_pr 0.9739 | valid_criterion 7.2929 | score 0.2707
2025-01-08 08:15:33 - INFO - No improvement for 41 epochs
2025-01-08 08:15:44 - INFO - [Train] Epoch 00070 | train_loss 17.3272 | train_rmse 5.3050 | lr 0.010000
2025-01-08 08:15:44 - INFO - [Validate] Epoch 00070 | valid_rmse 4.9613 | valid_pr 0.9746 | valid_criterion 6.2197 | score 0.3780
2025-01-08 08:15:44 - INFO - No improvement for 42 epochs
2025-01-08 08:15:55 - INFO - [Train] Epoch 00071 | train_loss 14.6918 | train_rmse 4.7618 | lr 0.010000
2025-01-08 08:15:55 - INFO - [Validate] Epoch 00071 | valid_rmse 3.6615 | valid_pr 0.9829 | valid_criterion 5.4180 | score 0.4582
2025-01-08 08:15:55 - INFO - [Validate] Best score achieved: 0.458202
2025-01-08 08:16:06 - INFO - [Train] Epoch 00072 | train_loss 17.1530 | train_rmse 5.2879 | lr 0.010000
2025-01-08 08:16:06 - INFO - [Validate] Epoch 00072 | valid_rmse 6.0656 | valid_pr 0.9720 | valid_criterion 8.0704 | score 0.1930
2025-01-08 08:16:06 - INFO - No improvement for 1 epochs
2025-01-08 08:16:17 - INFO - [Train] Epoch 00073 | train_loss 14.6492 | train_rmse 4.7597 | lr 0.010000
2025-01-08 08:16:17 - INFO - [Validate] Epoch 00073 | valid_rmse 4.3398 | valid_pr 0.9778 | valid_criterion 7.1416 | score 0.2858
2025-01-08 08:16:17 - INFO - No improvement for 2 epochs
2025-01-08 08:16:28 - INFO - [Train] Epoch 00074 | train_loss 15.9674 | train_rmse 5.0699 | lr 0.010000
2025-01-08 08:16:28 - INFO - [Validate] Epoch 00074 | valid_rmse 6.1062 | valid_pr 0.9776 | valid_criterion 6.6915 | score 0.3309
2025-01-08 08:16:28 - INFO - No improvement for 3 epochs
2025-01-08 08:16:39 - INFO - [Train] Epoch 00075 | train_loss 15.7998 | train_rmse 5.0082 | lr 0.010000
2025-01-08 08:16:39 - INFO - [Validate] Epoch 00075 | valid_rmse 4.3236 | valid_pr 0.9829 | valid_criterion 5.7625 | score 0.4237
2025-01-08 08:16:39 - INFO - No improvement for 4 epochs
2025-01-08 08:16:50 - INFO - [Train] Epoch 00076 | train_loss 15.2650 | train_rmse 4.8782 | lr 0.010000
2025-01-08 08:16:50 - INFO - [Validate] Epoch 00076 | valid_rmse 4.4788 | valid_pr 0.9776 | valid_criterion 6.4944 | score 0.3506
2025-01-08 08:16:50 - INFO - No improvement for 5 epochs
2025-01-08 08:17:01 - INFO - [Train] Epoch 00077 | train_loss 17.2276 | train_rmse 5.3112 | lr 0.010000
2025-01-08 08:17:01 - INFO - [Validate] Epoch 00077 | valid_rmse 4.5357 | valid_pr 0.9738 | valid_criterion 5.9815 | score 0.4018
2025-01-08 08:17:01 - INFO - No improvement for 6 epochs
2025-01-08 08:17:12 - INFO - [Train] Epoch 00078 | train_loss 14.4494 | train_rmse 4.7290 | lr 0.010000
2025-01-08 08:17:12 - INFO - [Validate] Epoch 00078 | valid_rmse 4.5330 | valid_pr 0.9762 | valid_criterion 5.7847 | score 0.4215
2025-01-08 08:17:12 - INFO - No improvement for 7 epochs
2025-01-08 08:17:23 - INFO - [Train] Epoch 00079 | train_loss 15.2204 | train_rmse 4.9039 | lr 0.010000
2025-01-08 08:17:23 - INFO - [Validate] Epoch 00079 | valid_rmse 5.6513 | valid_pr 0.9782 | valid_criterion 6.1990 | score 0.3801
2025-01-08 08:17:23 - INFO - No improvement for 8 epochs
2025-01-08 08:17:34 - INFO - [Train] Epoch 00080 | train_loss 14.5752 | train_rmse 4.7734 | lr 0.010000
2025-01-08 08:17:34 - INFO - [Validate] Epoch 00080 | valid_rmse 3.6251 | valid_pr 0.9831 | valid_criterion 5.2216 | score 0.4778
2025-01-08 08:17:34 - INFO - [Validate] Best score achieved: 0.477844
2025-01-08 08:17:45 - INFO - [Train] Epoch 00081 | train_loss 17.1417 | train_rmse 5.2097 | lr 0.010000
2025-01-08 08:17:45 - INFO - [Validate] Epoch 00081 | valid_rmse 4.1117 | valid_pr 0.9807 | valid_criterion 5.2940 | score 0.4706
2025-01-08 08:17:45 - INFO - No improvement for 1 epochs
2025-01-08 08:17:56 - INFO - [Train] Epoch 00082 | train_loss 15.1303 | train_rmse 4.8246 | lr 0.010000
2025-01-08 08:17:56 - INFO - [Validate] Epoch 00082 | valid_rmse 3.8298 | valid_pr 0.9817 | valid_criterion 5.3675 | score 0.4632
2025-01-08 08:17:56 - INFO - No improvement for 2 epochs
2025-01-08 08:18:07 - INFO - [Train] Epoch 00083 | train_loss 15.8312 | train_rmse 5.0251 | lr 0.010000
2025-01-08 08:18:07 - INFO - [Validate] Epoch 00083 | valid_rmse 3.7296 | valid_pr 0.9822 | valid_criterion 5.7050 | score 0.4295
2025-01-08 08:18:07 - INFO - No improvement for 3 epochs
2025-01-08 08:18:18 - INFO - [Train] Epoch 00084 | train_loss 15.1588 | train_rmse 4.8740 | lr 0.010000
2025-01-08 08:18:18 - INFO - [Validate] Epoch 00084 | valid_rmse 4.5927 | valid_pr 0.9803 | valid_criterion 5.7103 | score 0.4290
2025-01-08 08:18:18 - INFO - No improvement for 4 epochs
2025-01-08 08:18:29 - INFO - [Train] Epoch 00085 | train_loss 13.6763 | train_rmse 4.5494 | lr 0.010000
2025-01-08 08:18:29 - INFO - [Validate] Epoch 00085 | valid_rmse 3.8635 | valid_pr 0.9812 | valid_criterion 5.5164 | score 0.4484
2025-01-08 08:18:29 - INFO - No improvement for 5 epochs
2025-01-08 08:18:41 - INFO - [Train] Epoch 00086 | train_loss 16.3541 | train_rmse 5.1118 | lr 0.010000
2025-01-08 08:18:41 - INFO - [Validate] Epoch 00086 | valid_rmse 4.1606 | valid_pr 0.9815 | valid_criterion 5.5961 | score 0.4404
2025-01-08 08:18:41 - INFO - No improvement for 6 epochs
2025-01-08 08:18:52 - INFO - [Train] Epoch 00087 | train_loss 14.9187 | train_rmse 4.8455 | lr 0.010000
2025-01-08 08:18:52 - INFO - [Validate] Epoch 00087 | valid_rmse 3.5885 | valid_pr 0.9839 | valid_criterion 5.2917 | score 0.4708
2025-01-08 08:18:52 - INFO - No improvement for 7 epochs
2025-01-08 08:19:03 - INFO - [Train] Epoch 00088 | train_loss 14.2185 | train_rmse 4.6919 | lr 0.010000
2025-01-08 08:19:03 - INFO - [Validate] Epoch 00088 | valid_rmse 4.2479 | valid_pr 0.9786 | valid_criterion 6.3422 | score 0.3658
2025-01-08 08:19:03 - INFO - No improvement for 8 epochs
2025-01-08 08:19:14 - INFO - [Train] Epoch 00089 | train_loss 15.7018 | train_rmse 5.0323 | lr 0.010000
2025-01-08 08:19:14 - INFO - [Validate] Epoch 00089 | valid_rmse 4.6049 | valid_pr 0.9793 | valid_criterion 6.3454 | score 0.3655
2025-01-08 08:19:14 - INFO - No improvement for 9 epochs
2025-01-08 08:19:26 - INFO - [Train] Epoch 00090 | train_loss 15.4338 | train_rmse 4.9156 | lr 0.010000
2025-01-08 08:19:26 - INFO - [Validate] Epoch 00090 | valid_rmse 4.4759 | valid_pr 0.9773 | valid_criterion 6.6335 | score 0.3367
2025-01-08 08:19:26 - INFO - No improvement for 10 epochs
2025-01-08 08:19:37 - INFO - [Train] Epoch 00091 | train_loss 14.5649 | train_rmse 4.7156 | lr 0.010000
2025-01-08 08:19:37 - INFO - [Validate] Epoch 00091 | valid_rmse 5.3076 | valid_pr 0.9765 | valid_criterion 7.0361 | score 0.2964
2025-01-08 08:19:37 - INFO - No improvement for 11 epochs
2025-01-08 08:19:48 - INFO - [Train] Epoch 00092 | train_loss 15.2240 | train_rmse 4.8801 | lr 0.010000
2025-01-08 08:19:48 - INFO - [Validate] Epoch 00092 | valid_rmse 5.0319 | valid_pr 0.9765 | valid_criterion 6.9218 | score 0.3078
2025-01-08 08:19:48 - INFO - No improvement for 12 epochs
2025-01-08 08:19:59 - INFO - [Train] Epoch 00093 | train_loss 15.2335 | train_rmse 4.9064 | lr 0.010000
2025-01-08 08:19:59 - INFO - [Validate] Epoch 00093 | valid_rmse 4.1586 | valid_pr 0.9844 | valid_criterion 6.2161 | score 0.3784
2025-01-08 08:19:59 - INFO - No improvement for 13 epochs
2025-01-08 08:20:10 - INFO - [Train] Epoch 00094 | train_loss 15.2122 | train_rmse 4.9151 | lr 0.010000
2025-01-08 08:20:10 - INFO - [Validate] Epoch 00094 | valid_rmse 4.3687 | valid_pr 0.9810 | valid_criterion 6.0535 | score 0.3947
2025-01-08 08:20:10 - INFO - No improvement for 14 epochs
2025-01-08 08:20:21 - INFO - [Train] Epoch 00095 | train_loss 15.5377 | train_rmse 4.9873 | lr 0.010000
2025-01-08 08:20:21 - INFO - [Validate] Epoch 00095 | valid_rmse 3.7795 | valid_pr 0.9819 | valid_criterion 5.8524 | score 0.4148
2025-01-08 08:20:21 - INFO - No improvement for 15 epochs
2025-01-08 08:20:32 - INFO - [Train] Epoch 00096 | train_loss 13.2358 | train_rmse 4.5069 | lr 0.010000
2025-01-08 08:20:32 - INFO - [Validate] Epoch 00096 | valid_rmse 4.1875 | valid_pr 0.9792 | valid_criterion 6.5859 | score 0.3414
2025-01-08 08:20:32 - INFO - No improvement for 16 epochs
2025-01-08 08:20:43 - INFO - [Train] Epoch 00097 | train_loss 17.7505 | train_rmse 5.4735 | lr 0.010000
2025-01-08 08:20:43 - INFO - [Validate] Epoch 00097 | valid_rmse 4.3159 | valid_pr 0.9818 | valid_criterion 6.1011 | score 0.3899
2025-01-08 08:20:43 - INFO - No improvement for 17 epochs
2025-01-08 08:20:54 - INFO - [Train] Epoch 00098 | train_loss 14.9859 | train_rmse 4.8958 | lr 0.010000
2025-01-08 08:20:54 - INFO - [Validate] Epoch 00098 | valid_rmse 4.1126 | valid_pr 0.9788 | valid_criterion 6.2426 | score 0.3757
2025-01-08 08:20:54 - INFO - No improvement for 18 epochs
2025-01-08 08:21:05 - INFO - [Train] Epoch 00099 | train_loss 14.7139 | train_rmse 4.8549 | lr 0.010000
2025-01-08 08:21:05 - INFO - [Validate] Epoch 00099 | valid_rmse 3.9569 | valid_pr 0.9805 | valid_criterion 5.6977 | score 0.4302
2025-01-08 08:21:05 - INFO - No improvement for 19 epochs
2025-01-08 08:21:16 - INFO - [Train] Epoch 00100 | train_loss 15.6050 | train_rmse 5.0015 | lr 0.010000
2025-01-08 08:21:16 - INFO - [Validate] Epoch 00100 | valid_rmse 4.3284 | valid_pr 0.9816 | valid_criterion 6.5559 | score 0.3444
2025-01-08 08:21:16 - INFO - No improvement for 20 epochs
2025-01-08 08:21:27 - INFO - [Train] Epoch 00101 | train_loss 13.7986 | train_rmse 4.6108 | lr 0.010000
2025-01-08 08:21:27 - INFO - [Validate] Epoch 00101 | valid_rmse 4.8720 | valid_pr 0.9811 | valid_criterion 6.8621 | score 0.3138
2025-01-08 08:21:27 - INFO - No improvement for 21 epochs
2025-01-08 08:21:38 - INFO - [Train] Epoch 00102 | train_loss 15.3577 | train_rmse 4.9907 | lr 0.010000
2025-01-08 08:21:38 - INFO - [Validate] Epoch 00102 | valid_rmse 4.4284 | valid_pr 0.9782 | valid_criterion 6.6487 | score 0.3351
2025-01-08 08:21:38 - INFO - No improvement for 22 epochs
2025-01-08 08:21:49 - INFO - [Train] Epoch 00103 | train_loss 14.0875 | train_rmse 4.7207 | lr 0.010000
2025-01-08 08:21:49 - INFO - [Validate] Epoch 00103 | valid_rmse 4.7770 | valid_pr 0.9785 | valid_criterion 6.2135 | score 0.3786
2025-01-08 08:21:49 - INFO - No improvement for 23 epochs
2025-01-08 08:22:00 - INFO - [Train] Epoch 00104 | train_loss 13.8955 | train_rmse 4.6348 | lr 0.010000
2025-01-08 08:22:00 - INFO - [Validate] Epoch 00104 | valid_rmse 3.5372 | valid_pr 0.9846 | valid_criterion 5.0323 | score 0.4968
2025-01-08 08:22:00 - INFO - [Validate] Best score achieved: 0.496770
2025-01-08 08:22:11 - INFO - [Train] Epoch 00105 | train_loss 14.4235 | train_rmse 4.7546 | lr 0.010000
2025-01-08 08:22:11 - INFO - [Validate] Epoch 00105 | valid_rmse 4.3328 | valid_pr 0.9798 | valid_criterion 6.7705 | score 0.3229
2025-01-08 08:22:11 - INFO - No improvement for 1 epochs
2025-01-08 08:22:22 - INFO - [Train] Epoch 00106 | train_loss 13.4932 | train_rmse 4.5620 | lr 0.010000
2025-01-08 08:22:22 - INFO - [Validate] Epoch 00106 | valid_rmse 4.1630 | valid_pr 0.9828 | valid_criterion 5.6554 | score 0.4345
2025-01-08 08:22:22 - INFO - No improvement for 2 epochs
2025-01-08 08:22:33 - INFO - [Train] Epoch 00107 | train_loss 14.2830 | train_rmse 4.8230 | lr 0.010000
2025-01-08 08:22:33 - INFO - [Validate] Epoch 00107 | valid_rmse 4.4938 | valid_pr 0.9794 | valid_criterion 6.3812 | score 0.3619
2025-01-08 08:22:33 - INFO - No improvement for 3 epochs
2025-01-08 08:22:44 - INFO - [Train] Epoch 00108 | train_loss 14.3070 | train_rmse 4.8099 | lr 0.010000
2025-01-08 08:22:44 - INFO - [Validate] Epoch 00108 | valid_rmse 4.0769 | valid_pr 0.9824 | valid_criterion 6.7683 | score 0.3232
2025-01-08 08:22:44 - INFO - No improvement for 4 epochs
2025-01-08 08:22:55 - INFO - [Train] Epoch 00109 | train_loss 14.8809 | train_rmse 4.9038 | lr 0.010000
2025-01-08 08:22:55 - INFO - [Validate] Epoch 00109 | valid_rmse 6.9870 | valid_pr 0.9788 | valid_criterion 6.0491 | score 0.3951
2025-01-08 08:22:55 - INFO - No improvement for 5 epochs
2025-01-08 08:23:06 - INFO - [Train] Epoch 00110 | train_loss 14.8200 | train_rmse 4.9202 | lr 0.010000
2025-01-08 08:23:06 - INFO - [Validate] Epoch 00110 | valid_rmse 4.8988 | valid_pr 0.9760 | valid_criterion 7.0311 | score 0.2969
2025-01-08 08:23:06 - INFO - No improvement for 6 epochs
2025-01-08 08:23:17 - INFO - [Train] Epoch 00111 | train_loss 13.4256 | train_rmse 4.5771 | lr 0.010000
2025-01-08 08:23:17 - INFO - [Validate] Epoch 00111 | valid_rmse 4.4715 | valid_pr 0.9790 | valid_criterion 6.2209 | score 0.3779
2025-01-08 08:23:17 - INFO - No improvement for 7 epochs
2025-01-08 08:23:28 - INFO - [Train] Epoch 00112 | train_loss 14.0493 | train_rmse 4.7359 | lr 0.010000
2025-01-08 08:23:28 - INFO - [Validate] Epoch 00112 | valid_rmse 4.4461 | valid_pr 0.9811 | valid_criterion 6.1653 | score 0.3835
2025-01-08 08:23:28 - INFO - No improvement for 8 epochs
2025-01-08 08:23:40 - INFO - [Train] Epoch 00113 | train_loss 14.3898 | train_rmse 4.7431 | lr 0.010000
2025-01-08 08:23:40 - INFO - [Validate] Epoch 00113 | valid_rmse 4.6828 | valid_pr 0.9817 | valid_criterion 5.9456 | score 0.4054
2025-01-08 08:23:40 - INFO - No improvement for 9 epochs
2025-01-08 08:23:50 - INFO - [Train] Epoch 00114 | train_loss 14.1483 | train_rmse 4.8201 | lr 0.010000
2025-01-08 08:23:50 - INFO - [Validate] Epoch 00114 | valid_rmse 4.0333 | valid_pr 0.9808 | valid_criterion 6.1508 | score 0.3849
2025-01-08 08:23:50 - INFO - No improvement for 10 epochs
2025-01-08 08:24:02 - INFO - [Train] Epoch 00115 | train_loss 13.8048 | train_rmse 4.6242 | lr 0.010000
2025-01-08 08:24:02 - INFO - [Validate] Epoch 00115 | valid_rmse 3.9019 | valid_pr 0.9815 | valid_criterion 5.9062 | score 0.4094
2025-01-08 08:24:02 - INFO - No improvement for 11 epochs
2025-01-08 08:24:13 - INFO - [Train] Epoch 00116 | train_loss 15.0204 | train_rmse 4.9912 | lr 0.010000
2025-01-08 08:24:13 - INFO - [Validate] Epoch 00116 | valid_rmse 4.3195 | valid_pr 0.9826 | valid_criterion 5.4521 | score 0.4548
2025-01-08 08:24:13 - INFO - No improvement for 12 epochs
2025-01-08 08:24:24 - INFO - [Train] Epoch 00117 | train_loss 14.8624 | train_rmse 4.9208 | lr 0.010000
2025-01-08 08:24:24 - INFO - [Validate] Epoch 00117 | valid_rmse 4.8387 | valid_pr 0.9786 | valid_criterion 5.9383 | score 0.4062
2025-01-08 08:24:24 - INFO - No improvement for 13 epochs
2025-01-08 08:24:35 - INFO - [Train] Epoch 00118 | train_loss 15.0802 | train_rmse 4.9218 | lr 0.010000
2025-01-08 08:24:35 - INFO - [Validate] Epoch 00118 | valid_rmse 4.3872 | valid_pr 0.9817 | valid_criterion 5.3715 | score 0.4628
2025-01-08 08:24:35 - INFO - No improvement for 14 epochs
2025-01-08 08:24:46 - INFO - [Train] Epoch 00119 | train_loss 15.5654 | train_rmse 5.0849 | lr 0.010000
2025-01-08 08:24:46 - INFO - [Validate] Epoch 00119 | valid_rmse 3.8638 | valid_pr 0.9826 | valid_criterion 5.5496 | score 0.4450
2025-01-08 08:24:46 - INFO - No improvement for 15 epochs
2025-01-08 08:24:57 - INFO - [Train] Epoch 00120 | train_loss 11.8237 | train_rmse 4.1904 | lr 0.010000
2025-01-08 08:24:57 - INFO - [Validate] Epoch 00120 | valid_rmse 3.8889 | valid_pr 0.9813 | valid_criterion 5.5996 | score 0.4400
2025-01-08 08:24:57 - INFO - No improvement for 16 epochs
2025-01-08 08:25:09 - INFO - [Train] Epoch 00121 | train_loss 14.2242 | train_rmse 4.7945 | lr 0.010000
2025-01-08 08:25:09 - INFO - [Validate] Epoch 00121 | valid_rmse 4.4136 | valid_pr 0.9798 | valid_criterion 6.4847 | score 0.3515
2025-01-08 08:25:09 - INFO - No improvement for 17 epochs
2025-01-08 08:25:20 - INFO - [Train] Epoch 00122 | train_loss 15.1877 | train_rmse 4.9535 | lr 0.010000
2025-01-08 08:25:20 - INFO - [Validate] Epoch 00122 | valid_rmse 3.9259 | valid_pr 0.9822 | valid_criterion 5.7540 | score 0.4246
2025-01-08 08:25:20 - INFO - No improvement for 18 epochs
2025-01-08 08:25:31 - INFO - [Train] Epoch 00123 | train_loss 13.1047 | train_rmse 4.5581 | lr 0.010000
2025-01-08 08:25:31 - INFO - [Validate] Epoch 00123 | valid_rmse 3.9564 | valid_pr 0.9804 | valid_criterion 5.6110 | score 0.4389
2025-01-08 08:25:31 - INFO - No improvement for 19 epochs
2025-01-08 08:25:43 - INFO - [Train] Epoch 00124 | train_loss 13.0824 | train_rmse 4.5117 | lr 0.010000
2025-01-08 08:25:43 - INFO - [Validate] Epoch 00124 | valid_rmse 4.1286 | valid_pr 0.9844 | valid_criterion 6.1873 | score 0.3813
2025-01-08 08:25:43 - INFO - No improvement for 20 epochs
2025-01-08 08:25:54 - INFO - [Train] Epoch 00125 | train_loss 13.9913 | train_rmse 4.7314 | lr 0.002000
2025-01-08 08:25:54 - INFO - [Validate] Epoch 00125 | valid_rmse 4.4608 | valid_pr 0.9848 | valid_criterion 5.3219 | score 0.4678
2025-01-08 08:25:54 - INFO - No improvement for 21 epochs
2025-01-08 08:26:05 - INFO - [Train] Epoch 00126 | train_loss 11.2562 | train_rmse 4.1433 | lr 0.002000
2025-01-08 08:26:05 - INFO - [Validate] Epoch 00126 | valid_rmse 3.6948 | valid_pr 0.9847 | valid_criterion 5.3330 | score 0.4667
2025-01-08 08:26:05 - INFO - No improvement for 22 epochs
2025-01-08 08:26:16 - INFO - [Train] Epoch 00127 | train_loss 11.6877 | train_rmse 4.2617 | lr 0.002000
2025-01-08 08:26:16 - INFO - [Validate] Epoch 00127 | valid_rmse 3.9452 | valid_pr 0.9848 | valid_criterion 5.4430 | score 0.4557
2025-01-08 08:26:16 - INFO - No improvement for 23 epochs
2025-01-08 08:26:28 - INFO - [Train] Epoch 00128 | train_loss 10.3115 | train_rmse 3.8781 | lr 0.002000
2025-01-08 08:26:28 - INFO - [Validate] Epoch 00128 | valid_rmse 3.6993 | valid_pr 0.9845 | valid_criterion 5.3566 | score 0.4643
2025-01-08 08:26:28 - INFO - No improvement for 24 epochs
2025-01-08 08:26:39 - INFO - [Train] Epoch 00129 | train_loss 11.5744 | train_rmse 4.2286 | lr 0.002000
2025-01-08 08:26:39 - INFO - [Validate] Epoch 00129 | valid_rmse 4.0944 | valid_pr 0.9842 | valid_criterion 5.5047 | score 0.4495
2025-01-08 08:26:39 - INFO - No improvement for 25 epochs
2025-01-08 08:26:50 - INFO - [Train] Epoch 00130 | train_loss 10.8871 | train_rmse 4.0429 | lr 0.002000
2025-01-08 08:26:50 - INFO - [Validate] Epoch 00130 | valid_rmse 3.9299 | valid_pr 0.9839 | valid_criterion 5.4343 | score 0.4566
2025-01-08 08:26:50 - INFO - No improvement for 26 epochs
2025-01-08 08:27:01 - INFO - [Train] Epoch 00131 | train_loss 11.8591 | train_rmse 4.2874 | lr 0.002000
2025-01-08 08:27:01 - INFO - [Validate] Epoch 00131 | valid_rmse 3.5310 | valid_pr 0.9861 | valid_criterion 5.1727 | score 0.4827
2025-01-08 08:27:01 - INFO - No improvement for 27 epochs
2025-01-08 08:27:12 - INFO - [Train] Epoch 00132 | train_loss 11.1551 | train_rmse 4.1344 | lr 0.002000
2025-01-08 08:27:12 - INFO - [Validate] Epoch 00132 | valid_rmse 3.8645 | valid_pr 0.9848 | valid_criterion 5.3179 | score 0.4682
2025-01-08 08:27:12 - INFO - No improvement for 28 epochs
2025-01-08 08:27:23 - INFO - [Train] Epoch 00133 | train_loss 10.4815 | train_rmse 3.9810 | lr 0.002000
2025-01-08 08:27:23 - INFO - [Validate] Epoch 00133 | valid_rmse 3.6914 | valid_pr 0.9858 | valid_criterion 5.2093 | score 0.4791
2025-01-08 08:27:23 - INFO - No improvement for 29 epochs
2025-01-08 08:27:34 - INFO - [Train] Epoch 00134 | train_loss 12.1035 | train_rmse 4.3890 | lr 0.002000
2025-01-08 08:27:34 - INFO - [Validate] Epoch 00134 | valid_rmse 4.0776 | valid_pr 0.9840 | valid_criterion 5.8142 | score 0.4186
2025-01-08 08:27:34 - INFO - No improvement for 30 epochs
2025-01-08 08:27:45 - INFO - [Train] Epoch 00135 | train_loss 10.1525 | train_rmse 3.9662 | lr 0.002000
2025-01-08 08:27:45 - INFO - [Validate] Epoch 00135 | valid_rmse 4.0379 | valid_pr 0.9823 | valid_criterion 5.8821 | score 0.4118
2025-01-08 08:27:45 - INFO - No improvement for 31 epochs
2025-01-08 08:27:56 - INFO - [Train] Epoch 00136 | train_loss 11.3790 | train_rmse 4.2739 | lr 0.002000
2025-01-08 08:27:56 - INFO - [Validate] Epoch 00136 | valid_rmse 4.6342 | valid_pr 0.9819 | valid_criterion 5.8453 | score 0.4155
2025-01-08 08:27:56 - INFO - No improvement for 32 epochs
2025-01-08 08:28:07 - INFO - [Train] Epoch 00137 | train_loss 10.8169 | train_rmse 4.0742 | lr 0.002000
2025-01-08 08:28:07 - INFO - [Validate] Epoch 00137 | valid_rmse 4.0587 | valid_pr 0.9845 | valid_criterion 5.4272 | score 0.4573
2025-01-08 08:28:07 - INFO - No improvement for 33 epochs
2025-01-08 08:28:18 - INFO - [Train] Epoch 00138 | train_loss 11.1953 | train_rmse 4.2280 | lr 0.002000
2025-01-08 08:28:18 - INFO - [Validate] Epoch 00138 | valid_rmse 3.6105 | valid_pr 0.9858 | valid_criterion 4.9543 | score 0.5046
2025-01-08 08:28:18 - INFO - [Validate] Best score achieved: 0.504575
2025-01-08 08:28:29 - INFO - [Train] Epoch 00139 | train_loss 12.1276 | train_rmse 4.4377 | lr 0.002000
2025-01-08 08:28:29 - INFO - [Validate] Epoch 00139 | valid_rmse 4.2308 | valid_pr 0.9827 | valid_criterion 5.9298 | score 0.4070
2025-01-08 08:28:29 - INFO - No improvement for 1 epochs
2025-01-08 08:28:40 - INFO - [Train] Epoch 00140 | train_loss 11.4929 | train_rmse 4.2716 | lr 0.002000
2025-01-08 08:28:40 - INFO - [Validate] Epoch 00140 | valid_rmse 3.7931 | valid_pr 0.9859 | valid_criterion 5.0096 | score 0.4990
2025-01-08 08:28:40 - INFO - No improvement for 2 epochs
2025-01-08 08:28:51 - INFO - [Train] Epoch 00141 | train_loss 10.3195 | train_rmse 4.0358 | lr 0.002000
2025-01-08 08:28:51 - INFO - [Validate] Epoch 00141 | valid_rmse 4.1412 | valid_pr 0.9844 | valid_criterion 5.5851 | score 0.4415
2025-01-08 08:28:51 - INFO - No improvement for 3 epochs
2025-01-08 08:29:02 - INFO - [Train] Epoch 00142 | train_loss 10.8874 | train_rmse 4.1749 | lr 0.002000
2025-01-08 08:29:02 - INFO - [Validate] Epoch 00142 | valid_rmse 3.9387 | valid_pr 0.9847 | valid_criterion 5.4267 | score 0.4573
2025-01-08 08:29:02 - INFO - No improvement for 4 epochs
2025-01-08 08:29:13 - INFO - [Train] Epoch 00143 | train_loss 11.4180 | train_rmse 4.3133 | lr 0.002000
2025-01-08 08:29:13 - INFO - [Validate] Epoch 00143 | valid_rmse 3.6912 | valid_pr 0.9841 | valid_criterion 5.4531 | score 0.4547
2025-01-08 08:29:13 - INFO - No improvement for 5 epochs
2025-01-08 08:29:25 - INFO - [Train] Epoch 00144 | train_loss 9.5598 | train_rmse 3.8013 | lr 0.002000
2025-01-08 08:29:25 - INFO - [Validate] Epoch 00144 | valid_rmse 3.9205 | valid_pr 0.9833 | valid_criterion 5.5499 | score 0.4450
2025-01-08 08:29:25 - INFO - No improvement for 6 epochs
2025-01-08 08:29:36 - INFO - [Train] Epoch 00145 | train_loss 10.4886 | train_rmse 4.1107 | lr 0.002000
2025-01-08 08:29:36 - INFO - [Validate] Epoch 00145 | valid_rmse 3.6940 | valid_pr 0.9847 | valid_criterion 5.4269 | score 0.4573
2025-01-08 08:29:36 - INFO - No improvement for 7 epochs
2025-01-08 08:29:47 - INFO - [Train] Epoch 00146 | train_loss 10.4994 | train_rmse 4.0769 | lr 0.002000
2025-01-08 08:29:47 - INFO - [Validate] Epoch 00146 | valid_rmse 4.0391 | valid_pr 0.9842 | valid_criterion 5.6212 | score 0.4379
2025-01-08 08:29:47 - INFO - No improvement for 8 epochs
2025-01-08 08:29:58 - INFO - [Train] Epoch 00147 | train_loss 11.4028 | train_rmse 4.2626 | lr 0.002000
2025-01-08 08:29:58 - INFO - [Validate] Epoch 00147 | valid_rmse 4.2346 | valid_pr 0.9848 | valid_criterion 5.3640 | score 0.4636
2025-01-08 08:29:58 - INFO - No improvement for 9 epochs
2025-01-08 08:30:09 - INFO - [Train] Epoch 00148 | train_loss 11.1438 | train_rmse 4.2380 | lr 0.002000
2025-01-08 08:30:09 - INFO - [Validate] Epoch 00148 | valid_rmse 3.7496 | valid_pr 0.9849 | valid_criterion 5.4898 | score 0.4510
2025-01-08 08:30:09 - INFO - No improvement for 10 epochs
2025-01-08 08:30:20 - INFO - [Train] Epoch 00149 | train_loss 10.1720 | train_rmse 4.0090 | lr 0.002000
2025-01-08 08:30:20 - INFO - [Validate] Epoch 00149 | valid_rmse 3.7113 | valid_pr 0.9849 | valid_criterion 5.4443 | score 0.4556
2025-01-08 08:30:20 - INFO - No improvement for 11 epochs
2025-01-08 08:30:32 - INFO - [Train] Epoch 00150 | train_loss 9.8330 | train_rmse 3.9117 | lr 0.002000
2025-01-08 08:30:32 - INFO - [Validate] Epoch 00150 | valid_rmse 3.7195 | valid_pr 0.9844 | valid_criterion 5.3581 | score 0.4642
2025-01-08 08:30:32 - INFO - No improvement for 12 epochs
2025-01-08 08:30:43 - INFO - [Train] Epoch 00151 | train_loss 12.1270 | train_rmse 4.5330 | lr 0.002000
2025-01-08 08:30:43 - INFO - [Validate] Epoch 00151 | valid_rmse 4.3991 | valid_pr 0.9842 | valid_criterion 5.5682 | score 0.4432
2025-01-08 08:30:43 - INFO - No improvement for 13 epochs
2025-01-08 08:30:54 - INFO - [Train] Epoch 00152 | train_loss 10.0658 | train_rmse 3.9944 | lr 0.000400
2025-01-08 08:30:54 - INFO - [Validate] Epoch 00152 | valid_rmse 4.0373 | valid_pr 0.9835 | valid_criterion 5.5603 | score 0.4440
2025-01-08 08:30:54 - INFO - No improvement for 14 epochs
2025-01-08 08:31:05 - INFO - [Train] Epoch 00153 | train_loss 10.2514 | train_rmse 4.0500 | lr 0.000400
2025-01-08 08:31:05 - INFO - [Validate] Epoch 00153 | valid_rmse 3.7162 | valid_pr 0.9843 | valid_criterion 5.4304 | score 0.4570
2025-01-08 08:31:05 - INFO - No improvement for 15 epochs
2025-01-08 08:31:17 - INFO - [Train] Epoch 00154 | train_loss 10.1626 | train_rmse 4.0629 | lr 0.000400
2025-01-08 08:31:17 - INFO - [Validate] Epoch 00154 | valid_rmse 3.7960 | valid_pr 0.9837 | valid_criterion 5.4747 | score 0.4525
2025-01-08 08:31:17 - INFO - No improvement for 16 epochs
2025-01-08 08:31:28 - INFO - [Train] Epoch 00155 | train_loss 8.8772 | train_rmse 3.6852 | lr 0.000400
2025-01-08 08:31:28 - INFO - [Validate] Epoch 00155 | valid_rmse 3.9494 | valid_pr 0.9836 | valid_criterion 5.5307 | score 0.4469
2025-01-08 08:31:28 - INFO - No improvement for 17 epochs
2025-01-08 08:31:39 - INFO - [Train] Epoch 00156 | train_loss 9.8249 | train_rmse 3.9563 | lr 0.000400
2025-01-08 08:31:39 - INFO - [Validate] Epoch 00156 | valid_rmse 3.9468 | valid_pr 0.9842 | valid_criterion 5.3466 | score 0.4653
2025-01-08 08:31:39 - INFO - No improvement for 18 epochs
2025-01-08 08:31:50 - INFO - [Train] Epoch 00157 | train_loss 10.4463 | train_rmse 4.1131 | lr 0.000400
2025-01-08 08:31:50 - INFO - [Validate] Epoch 00157 | valid_rmse 4.0227 | valid_pr 0.9841 | valid_criterion 5.6163 | score 0.4384
2025-01-08 08:31:50 - INFO - No improvement for 19 epochs
2025-01-08 08:32:01 - INFO - [Train] Epoch 00158 | train_loss 9.9103 | train_rmse 4.0092 | lr 0.000400
2025-01-08 08:32:01 - INFO - [Validate] Epoch 00158 | valid_rmse 4.1485 | valid_pr 0.9846 | valid_criterion 5.4191 | score 0.4581
2025-01-08 08:32:01 - INFO - No improvement for 20 epochs
2025-01-08 08:32:12 - INFO - [Train] Epoch 00159 | train_loss 9.4959 | train_rmse 3.9104 | lr 0.000400
2025-01-08 08:32:12 - INFO - [Validate] Epoch 00159 | valid_rmse 4.1753 | valid_pr 0.9833 | valid_criterion 5.5938 | score 0.4406
2025-01-08 08:32:12 - INFO - No improvement for 21 epochs
2025-01-08 08:32:23 - INFO - [Train] Epoch 00160 | train_loss 10.9722 | train_rmse 4.2415 | lr 0.000400
2025-01-08 08:32:23 - INFO - [Validate] Epoch 00160 | valid_rmse 3.9575 | valid_pr 0.9839 | valid_criterion 5.3307 | score 0.4669
2025-01-08 08:32:23 - INFO - No improvement for 22 epochs
2025-01-08 08:32:34 - INFO - [Train] Epoch 00161 | train_loss 10.4877 | train_rmse 4.1446 | lr 0.000400
2025-01-08 08:32:34 - INFO - [Validate] Epoch 00161 | valid_rmse 4.1706 | valid_pr 0.9829 | valid_criterion 5.7166 | score 0.4283
2025-01-08 08:32:34 - INFO - No improvement for 23 epochs
2025-01-08 08:32:46 - INFO - [Train] Epoch 00162 | train_loss 9.5800 | train_rmse 3.9515 | lr 0.000400
2025-01-08 08:32:46 - INFO - [Validate] Epoch 00162 | valid_rmse 4.3308 | valid_pr 0.9832 | valid_criterion 5.6500 | score 0.4350
2025-01-08 08:32:46 - INFO - No improvement for 24 epochs
2025-01-08 08:32:57 - INFO - [Train] Epoch 00163 | train_loss 10.8958 | train_rmse 4.2649 | lr 0.000400
2025-01-08 08:32:57 - INFO - [Validate] Epoch 00163 | valid_rmse 4.0580 | valid_pr 0.9838 | valid_criterion 5.3365 | score 0.4663
2025-01-08 08:32:57 - INFO - No improvement for 25 epochs
2025-01-08 08:33:08 - INFO - [Train] Epoch 00164 | train_loss 10.5286 | train_rmse 4.2197 | lr 0.000400
2025-01-08 08:33:08 - INFO - [Validate] Epoch 00164 | valid_rmse 3.7192 | valid_pr 0.9838 | valid_criterion 5.3796 | score 0.4620
2025-01-08 08:33:08 - INFO - No improvement for 26 epochs
2025-01-08 08:33:19 - INFO - [Train] Epoch 00165 | train_loss 10.6089 | train_rmse 4.2294 | lr 0.000400
2025-01-08 08:33:19 - INFO - [Validate] Epoch 00165 | valid_rmse 3.7917 | valid_pr 0.9844 | valid_criterion 5.2238 | score 0.4776
2025-01-08 08:33:19 - INFO - No improvement for 27 epochs
2025-01-08 08:33:30 - INFO - [Train] Epoch 00166 | train_loss 10.8491 | train_rmse 4.3445 | lr 0.000400
2025-01-08 08:33:30 - INFO - [Validate] Epoch 00166 | valid_rmse 3.9334 | valid_pr 0.9834 | valid_criterion 5.4208 | score 0.4579
2025-01-08 08:33:30 - INFO - No improvement for 28 epochs
2025-01-08 08:33:41 - INFO - [Train] Epoch 00167 | train_loss 9.2799 | train_rmse 3.8956 | lr 0.000400
2025-01-08 08:33:41 - INFO - [Validate] Epoch 00167 | valid_rmse 3.7851 | valid_pr 0.9835 | valid_criterion 5.3950 | score 0.4605
2025-01-08 08:33:41 - INFO - No improvement for 29 epochs
2025-01-08 08:33:52 - INFO - [Train] Epoch 00168 | train_loss 9.6755 | train_rmse 4.0942 | lr 0.000400
2025-01-08 08:33:52 - INFO - [Validate] Epoch 00168 | valid_rmse 4.0266 | valid_pr 0.9825 | valid_criterion 5.5753 | score 0.4425
2025-01-08 08:33:52 - INFO - No improvement for 30 epochs
2025-01-08 08:34:03 - INFO - [Train] Epoch 00169 | train_loss 9.6344 | train_rmse 4.1184 | lr 0.000400
2025-01-08 08:34:03 - INFO - [Validate] Epoch 00169 | valid_rmse 3.8639 | valid_pr 0.9825 | valid_criterion 5.5563 | score 0.4444
2025-01-08 08:34:03 - INFO - No improvement for 31 epochs
2025-01-08 08:34:14 - INFO - [Train] Epoch 00170 | train_loss 9.9432 | train_rmse 4.2427 | lr 0.000400
2025-01-08 08:34:14 - INFO - [Validate] Epoch 00170 | valid_rmse 4.0753 | valid_pr 0.9820 | valid_criterion 5.6190 | score 0.4381
2025-01-08 08:34:14 - INFO - No improvement for 32 epochs
2025-01-08 08:34:25 - INFO - [Train] Epoch 00171 | train_loss 9.0699 | train_rmse 4.0415 | lr 0.000400
2025-01-08 08:34:25 - INFO - [Validate] Epoch 00171 | valid_rmse 4.2828 | valid_pr 0.9828 | valid_criterion 5.6653 | score 0.4335
2025-01-08 08:34:25 - INFO - No improvement for 33 epochs
2025-01-08 08:34:36 - INFO - [Train] Epoch 00172 | train_loss 9.8173 | train_rmse 4.4505 | lr 0.000400
2025-01-08 08:34:36 - INFO - [Validate] Epoch 00172 | valid_rmse 4.3701 | valid_pr 0.9815 | valid_criterion 5.8739 | score 0.4126
2025-01-08 08:34:36 - INFO - No improvement for 34 epochs
2025-01-08 08:34:47 - INFO - [Train] Epoch 00173 | train_loss 9.3312 | train_rmse 4.4834 | lr 0.000080
2025-01-08 08:34:47 - INFO - [Validate] Epoch 00173 | valid_rmse 4.0733 | valid_pr 0.9807 | valid_criterion 5.8164 | score 0.4184
2025-01-08 08:34:47 - INFO - No improvement for 35 epochs
2025-01-08 08:34:58 - INFO - [Train] Epoch 00174 | train_loss 8.1845 | train_rmse 4.3807 | lr 0.000080
2025-01-08 08:34:58 - INFO - [Validate] Epoch 00174 | valid_rmse 4.0173 | valid_pr 0.9819 | valid_criterion 5.7194 | score 0.4281
2025-01-08 08:34:58 - INFO - No improvement for 36 epochs
2025-01-08 08:35:09 - INFO - [Train] Epoch 00175 | train_loss 8.5311 | train_rmse 4.4662 | lr 0.000080
2025-01-08 08:35:09 - INFO - [Validate] Epoch 00175 | valid_rmse 4.5975 | valid_pr 0.9774 | valid_criterion 6.0179 | score 0.3982
2025-01-08 08:35:09 - INFO - No improvement for 37 epochs
2025-01-08 08:35:20 - INFO - [Train] Epoch 00176 | train_loss 9.7480 | train_rmse 4.8547 | lr 0.000080
2025-01-08 08:35:20 - INFO - [Validate] Epoch 00176 | valid_rmse 4.2386 | valid_pr 0.9785 | valid_criterion 5.9632 | score 0.4037
2025-01-08 08:35:20 - INFO - No improvement for 38 epochs
2025-01-08 08:35:31 - INFO - [Train] Epoch 00177 | train_loss 9.0634 | train_rmse 4.7402 | lr 0.000080
2025-01-08 08:35:31 - INFO - [Validate] Epoch 00177 | valid_rmse 4.4355 | valid_pr 0.9782 | valid_criterion 6.0772 | score 0.3923
2025-01-08 08:35:31 - INFO - No improvement for 39 epochs
2025-01-08 08:35:42 - INFO - [Train] Epoch 00178 | train_loss 8.6239 | train_rmse 4.7847 | lr 0.000080
2025-01-08 08:35:42 - INFO - [Validate] Epoch 00178 | valid_rmse 4.4542 | valid_pr 0.9802 | valid_criterion 5.9744 | score 0.4026
2025-01-08 08:35:42 - INFO - No improvement for 40 epochs
2025-01-08 08:35:53 - INFO - [Train] Epoch 00179 | train_loss 7.9868 | train_rmse 4.6798 | lr 0.000080
2025-01-08 08:35:53 - INFO - [Validate] Epoch 00179 | valid_rmse 4.3086 | valid_pr 0.9799 | valid_criterion 5.9912 | score 0.4009
2025-01-08 08:35:53 - INFO - No improvement for 41 epochs
2025-01-08 08:36:04 - INFO - [Train] Epoch 00180 | train_loss 8.3377 | train_rmse 4.5517 | lr 0.000080
2025-01-08 08:36:04 - INFO - [Validate] Epoch 00180 | valid_rmse 4.4799 | valid_pr 0.9795 | valid_criterion 6.0057 | score 0.3994
2025-01-08 08:36:04 - INFO - No improvement for 42 epochs
2025-01-08 08:36:15 - INFO - [Train] Epoch 00181 | train_loss 8.8330 | train_rmse 4.6974 | lr 0.000080
2025-01-08 08:36:15 - INFO - [Validate] Epoch 00181 | valid_rmse 4.3462 | valid_pr 0.9797 | valid_criterion 5.9391 | score 0.4061
2025-01-08 08:36:15 - INFO - No improvement for 43 epochs
2025-01-08 08:36:26 - INFO - [Train] Epoch 00182 | train_loss 8.3197 | train_rmse 4.5514 | lr 0.000080
2025-01-08 08:36:26 - INFO - [Validate] Epoch 00182 | valid_rmse 4.2588 | valid_pr 0.9783 | valid_criterion 6.0465 | score 0.3953
2025-01-08 08:36:26 - INFO - No improvement for 44 epochs
2025-01-08 08:36:37 - INFO - [Train] Epoch 00183 | train_loss 8.0488 | train_rmse 4.6733 | lr 0.000080
2025-01-08 08:36:37 - INFO - [Validate] Epoch 00183 | valid_rmse 4.3435 | valid_pr 0.9789 | valid_criterion 6.0999 | score 0.3900
2025-01-08 08:36:37 - INFO - No improvement for 45 epochs
2025-01-08 08:36:48 - INFO - [Train] Epoch 00184 | train_loss 8.8521 | train_rmse 4.9017 | lr 0.000080
2025-01-08 08:36:48 - INFO - [Validate] Epoch 00184 | valid_rmse 4.2669 | valid_pr 0.9787 | valid_criterion 6.1050 | score 0.3895
2025-01-08 08:36:48 - INFO - No improvement for 46 epochs
2025-01-08 08:36:59 - INFO - [Train] Epoch 00185 | train_loss 8.5999 | train_rmse 5.0041 | lr 0.000080
2025-01-08 08:36:59 - INFO - [Validate] Epoch 00185 | valid_rmse 5.0187 | valid_pr 0.9789 | valid_criterion 6.1130 | score 0.3887
2025-01-08 08:36:59 - INFO - No improvement for 47 epochs
2025-01-08 08:37:11 - INFO - [Train] Epoch 00186 | train_loss 7.8288 | train_rmse 4.7026 | lr 0.000080
2025-01-08 08:37:11 - INFO - [Validate] Epoch 00186 | valid_rmse 4.5874 | valid_pr 0.9781 | valid_criterion 6.1809 | score 0.3819
2025-01-08 08:37:11 - INFO - No improvement for 48 epochs
2025-01-08 08:37:22 - INFO - [Train] Epoch 00187 | train_loss 6.7394 | train_rmse 4.6484 | lr 0.000080
2025-01-08 08:37:22 - INFO - [Validate] Epoch 00187 | valid_rmse 4.0903 | valid_pr 0.9797 | valid_criterion 5.9471 | score 0.4053
2025-01-08 08:37:22 - INFO - No improvement for 49 epochs
2025-01-08 08:37:33 - INFO - [Train] Epoch 00188 | train_loss 8.2216 | train_rmse 4.8383 | lr 0.000080
2025-01-08 08:37:33 - INFO - [Validate] Epoch 00188 | valid_rmse 4.5035 | valid_pr 0.9776 | valid_criterion 6.1411 | score 0.3859
2025-01-08 08:37:33 - INFO - No improvement for 50 epochs
2025-01-08 08:37:44 - INFO - [Train] Epoch 00189 | train_loss 6.9314 | train_rmse 4.6656 | lr 0.000080
2025-01-08 08:37:44 - INFO - [Validate] Epoch 00189 | valid_rmse 4.8546 | valid_pr 0.9752 | valid_criterion 6.0344 | score 0.3966
2025-01-08 08:37:44 - INFO - No improvement for 51 epochs
2025-01-08 08:37:55 - INFO - [Train] Epoch 00190 | train_loss 8.1361 | train_rmse 5.1025 | lr 0.000080
2025-01-08 08:37:55 - INFO - [Validate] Epoch 00190 | valid_rmse 4.6867 | valid_pr 0.9745 | valid_criterion 6.1733 | score 0.3827
2025-01-08 08:37:55 - INFO - No improvement for 52 epochs
2025-01-08 08:38:06 - INFO - [Train] Epoch 00191 | train_loss 6.8213 | train_rmse 4.8383 | lr 0.000080
2025-01-08 08:38:06 - INFO - [Validate] Epoch 00191 | valid_rmse 4.6260 | valid_pr 0.9769 | valid_criterion 5.9557 | score 0.4044
2025-01-08 08:38:06 - INFO - No improvement for 53 epochs
2025-01-08 08:38:17 - INFO - [Train] Epoch 00192 | train_loss 6.7625 | train_rmse 4.9632 | lr 0.000080
2025-01-08 08:38:17 - INFO - [Validate] Epoch 00192 | valid_rmse 4.4957 | valid_pr 0.9779 | valid_criterion 5.9657 | score 0.4034
2025-01-08 08:38:17 - INFO - No improvement for 54 epochs
2025-01-08 08:38:28 - INFO - [Train] Epoch 00193 | train_loss 8.7644 | train_rmse 5.2076 | lr 0.000080
2025-01-08 08:38:28 - INFO - [Validate] Epoch 00193 | valid_rmse 4.4867 | valid_pr 0.9757 | valid_criterion 6.0165 | score 0.3983
2025-01-08 08:38:28 - INFO - No improvement for 55 epochs
2025-01-08 08:38:39 - INFO - [Train] Epoch 00194 | train_loss 7.1133 | train_rmse 4.9191 | lr 0.000016
2025-01-08 08:38:39 - INFO - [Validate] Epoch 00194 | valid_rmse 4.7739 | valid_pr 0.9766 | valid_criterion 5.9167 | score 0.4083
2025-01-08 08:38:39 - INFO - No improvement for 56 epochs
2025-01-08 08:38:50 - INFO - [Train] Epoch 00195 | train_loss 6.6089 | train_rmse 5.0138 | lr 0.000016
2025-01-08 08:38:50 - INFO - [Validate] Epoch 00195 | valid_rmse 4.9427 | valid_pr 0.9753 | valid_criterion 6.0440 | score 0.3956
2025-01-08 08:38:50 - INFO - No improvement for 57 epochs
2025-01-08 08:39:01 - INFO - [Train] Epoch 00196 | train_loss 7.6327 | train_rmse 5.0969 | lr 0.000016
2025-01-08 08:39:01 - INFO - [Validate] Epoch 00196 | valid_rmse 4.5349 | valid_pr 0.9764 | valid_criterion 6.0353 | score 0.3965
2025-01-08 08:39:01 - INFO - No improvement for 58 epochs
2025-01-08 08:39:12 - INFO - [Train] Epoch 00197 | train_loss 6.3437 | train_rmse 4.9410 | lr 0.000016
2025-01-08 08:39:12 - INFO - [Validate] Epoch 00197 | valid_rmse 4.5827 | valid_pr 0.9768 | valid_criterion 5.9538 | score 0.4046
2025-01-08 08:39:12 - INFO - No improvement for 59 epochs
2025-01-08 08:39:23 - INFO - [Train] Epoch 00198 | train_loss 5.6117 | train_rmse 4.6124 | lr 0.000016
2025-01-08 08:39:23 - INFO - [Validate] Epoch 00198 | valid_rmse 4.6704 | valid_pr 0.9739 | valid_criterion 6.0281 | score 0.3972
2025-01-08 08:39:23 - INFO - No improvement for 60 epochs
2025-01-08 08:39:34 - INFO - [Train] Epoch 00199 | train_loss 6.1118 | train_rmse 4.8604 | lr 0.000016
2025-01-08 08:39:34 - INFO - [Validate] Epoch 00199 | valid_rmse 4.3460 | valid_pr 0.9792 | valid_criterion 5.8631 | score 0.4137
2025-01-08 08:39:34 - INFO - No improvement for 61 epochs
2025-01-08 08:39:45 - INFO - [Train] Epoch 00200 | train_loss 7.0598 | train_rmse 5.0956 | lr 0.000016
2025-01-08 08:39:45 - INFO - [Validate] Epoch 00200 | valid_rmse 4.4247 | valid_pr 0.9761 | valid_criterion 5.8322 | score 0.4168
2025-01-08 08:39:45 - INFO - No improvement for 62 epochs
2025-01-08 08:39:56 - INFO - [Train] Epoch 00201 | train_loss 7.3497 | train_rmse 5.1601 | lr 0.000016
2025-01-08 08:39:56 - INFO - [Validate] Epoch 00201 | valid_rmse 4.7371 | valid_pr 0.9737 | valid_criterion 6.0251 | score 0.3975
2025-01-08 08:39:56 - INFO - No improvement for 63 epochs
2025-01-08 08:40:07 - INFO - [Train] Epoch 00202 | train_loss 8.0665 | train_rmse 5.4288 | lr 0.000016
2025-01-08 08:40:07 - INFO - [Validate] Epoch 00202 | valid_rmse 4.2049 | valid_pr 0.9783 | valid_criterion 5.8617 | score 0.4138
2025-01-08 08:40:07 - INFO - No improvement for 64 epochs
2025-01-08 08:40:18 - INFO - [Train] Epoch 00203 | train_loss 7.2091 | train_rmse 5.2031 | lr 0.000016
2025-01-08 08:40:18 - INFO - [Validate] Epoch 00203 | valid_rmse 4.5153 | valid_pr 0.9769 | valid_criterion 5.9156 | score 0.4084
2025-01-08 08:40:18 - INFO - No improvement for 65 epochs
2025-01-08 08:40:29 - INFO - [Train] Epoch 00204 | train_loss 6.5595 | train_rmse 4.8492 | lr 0.000016
2025-01-08 08:40:29 - INFO - [Validate] Epoch 00204 | valid_rmse 4.5516 | valid_pr 0.9764 | valid_criterion 6.0537 | score 0.3946
2025-01-08 08:40:29 - INFO - No improvement for 66 epochs
2025-01-08 08:40:40 - INFO - [Train] Epoch 00205 | train_loss 6.7806 | train_rmse 5.0928 | lr 0.000016
2025-01-08 08:40:40 - INFO - [Validate] Epoch 00205 | valid_rmse 5.2528 | valid_pr 0.9748 | valid_criterion 6.2889 | score 0.3711
2025-01-08 08:40:40 - INFO - No improvement for 67 epochs
2025-01-08 08:40:51 - INFO - [Train] Epoch 00206 | train_loss 6.3750 | train_rmse 5.0806 | lr 0.000016
2025-01-08 08:40:51 - INFO - [Validate] Epoch 00206 | valid_rmse 4.1141 | valid_pr 0.9796 | valid_criterion 5.8354 | score 0.4165
2025-01-08 08:40:51 - INFO - No improvement for 68 epochs
2025-01-08 08:41:03 - INFO - [Train] Epoch 00207 | train_loss 6.2114 | train_rmse 4.9748 | lr 0.000016
2025-01-08 08:41:03 - INFO - [Validate] Epoch 00207 | valid_rmse 4.4527 | valid_pr 0.9748 | valid_criterion 5.9802 | score 0.4020
2025-01-08 08:41:03 - INFO - No improvement for 69 epochs
2025-01-08 08:41:13 - INFO - [Train] Epoch 00208 | train_loss 6.6042 | train_rmse 5.2072 | lr 0.000016
2025-01-08 08:41:13 - INFO - [Validate] Epoch 00208 | valid_rmse 4.9810 | valid_pr 0.9720 | valid_criterion 6.1307 | score 0.3869
2025-01-08 08:41:13 - INFO - No improvement for 70 epochs
2025-01-08 08:41:25 - INFO - [Train] Epoch 00209 | train_loss 6.5069 | train_rmse 5.0726 | lr 0.000016
2025-01-08 08:41:25 - INFO - [Validate] Epoch 00209 | valid_rmse 4.6091 | valid_pr 0.9750 | valid_criterion 5.8948 | score 0.4105
2025-01-08 08:41:25 - INFO - No improvement for 71 epochs
2025-01-08 08:41:36 - INFO - [Train] Epoch 00210 | train_loss 5.4015 | train_rmse 4.8322 | lr 0.000016
2025-01-08 08:41:36 - INFO - [Validate] Epoch 00210 | valid_rmse 4.4080 | valid_pr 0.9765 | valid_criterion 5.9665 | score 0.4033
2025-01-08 08:41:36 - INFO - No improvement for 72 epochs
2025-01-08 08:41:47 - INFO - [Train] Epoch 00211 | train_loss 5.6142 | train_rmse 4.9334 | lr 0.000016
2025-01-08 08:41:47 - INFO - [Validate] Epoch 00211 | valid_rmse 4.5275 | valid_pr 0.9756 | valid_criterion 5.8562 | score 0.4144
2025-01-08 08:41:47 - INFO - No improvement for 73 epochs
2025-01-08 08:41:58 - INFO - [Train] Epoch 00212 | train_loss 5.8942 | train_rmse 4.9807 | lr 0.000016
2025-01-08 08:41:58 - INFO - [Validate] Epoch 00212 | valid_rmse 4.4576 | valid_pr 0.9755 | valid_criterion 6.0073 | score 0.3993
2025-01-08 08:41:58 - INFO - No improvement for 74 epochs
2025-01-08 08:42:09 - INFO - [Train] Epoch 00213 | train_loss 6.3137 | train_rmse 5.2231 | lr 0.000016
2025-01-08 08:42:09 - INFO - [Validate] Epoch 00213 | valid_rmse 4.4565 | valid_pr 0.9766 | valid_criterion 5.8989 | score 0.4101
2025-01-08 08:42:09 - INFO - No improvement for 75 epochs
2025-01-08 08:42:20 - INFO - [Train] Epoch 00214 | train_loss 7.2677 | train_rmse 5.0555 | lr 0.000016
2025-01-08 08:42:20 - INFO - [Validate] Epoch 00214 | valid_rmse 4.4555 | valid_pr 0.9774 | valid_criterion 5.7610 | score 0.4239
2025-01-08 08:42:20 - INFO - No improvement for 76 epochs
2025-01-08 08:42:31 - INFO - [Train] Epoch 00215 | train_loss 6.4324 | train_rmse 5.2525 | lr 0.000003
2025-01-08 08:42:31 - INFO - [Validate] Epoch 00215 | valid_rmse 5.3108 | valid_pr 0.9720 | valid_criterion 6.2172 | score 0.3783
2025-01-08 08:42:31 - INFO - No improvement for 77 epochs
2025-01-08 08:42:42 - INFO - [Train] Epoch 00216 | train_loss 5.3054 | train_rmse 4.9957 | lr 0.000003
2025-01-08 08:42:42 - INFO - [Validate] Epoch 00216 | valid_rmse 4.7383 | valid_pr 0.9755 | valid_criterion 5.9411 | score 0.4059
2025-01-08 08:42:42 - INFO - No improvement for 78 epochs
2025-01-08 08:42:53 - INFO - [Train] Epoch 00217 | train_loss 5.4419 | train_rmse 5.2965 | lr 0.000003
2025-01-08 08:42:53 - INFO - [Validate] Epoch 00217 | valid_rmse 4.5114 | valid_pr 0.9747 | valid_criterion 6.0312 | score 0.3969
2025-01-08 08:42:53 - INFO - No improvement for 79 epochs
2025-01-08 08:43:04 - INFO - [Train] Epoch 00218 | train_loss 7.1402 | train_rmse 5.2162 | lr 0.000003
2025-01-08 08:43:04 - INFO - [Validate] Epoch 00218 | valid_rmse 4.4740 | valid_pr 0.9756 | valid_criterion 5.9583 | score 0.4042
2025-01-08 08:43:04 - INFO - No improvement for 80 epochs
2025-01-08 08:43:15 - INFO - [Train] Epoch 00219 | train_loss 6.0024 | train_rmse 5.1508 | lr 0.000003
2025-01-08 08:43:15 - INFO - [Validate] Epoch 00219 | valid_rmse 4.6898 | valid_pr 0.9765 | valid_criterion 5.9850 | score 0.4015
2025-01-08 08:43:15 - INFO - No improvement for 81 epochs
2025-01-08 08:43:27 - INFO - [Train] Epoch 00220 | train_loss 6.4406 | train_rmse 5.0606 | lr 0.000003
2025-01-08 08:43:27 - INFO - [Validate] Epoch 00220 | valid_rmse 4.8282 | valid_pr 0.9746 | valid_criterion 5.9071 | score 0.4093
2025-01-08 08:43:27 - INFO - No improvement for 82 epochs
2025-01-08 08:43:38 - INFO - [Train] Epoch 00221 | train_loss 6.0290 | train_rmse 4.9838 | lr 0.000003
2025-01-08 08:43:38 - INFO - [Validate] Epoch 00221 | valid_rmse 4.8664 | valid_pr 0.9721 | valid_criterion 6.1986 | score 0.3801
2025-01-08 08:43:38 - INFO - No improvement for 83 epochs
2025-01-08 08:43:49 - INFO - [Train] Epoch 00222 | train_loss 7.6773 | train_rmse 5.1949 | lr 0.000003
2025-01-08 08:43:49 - INFO - [Validate] Epoch 00222 | valid_rmse 4.9298 | valid_pr 0.9749 | valid_criterion 5.9906 | score 0.4009
2025-01-08 08:43:49 - INFO - No improvement for 84 epochs
2025-01-08 08:44:00 - INFO - [Train] Epoch 00223 | train_loss 7.1556 | train_rmse 5.4547 | lr 0.000003
2025-01-08 08:44:00 - INFO - [Validate] Epoch 00223 | valid_rmse 4.5135 | valid_pr 0.9747 | valid_criterion 5.9597 | score 0.4040
2025-01-08 08:44:00 - INFO - No improvement for 85 epochs
2025-01-08 08:44:11 - INFO - [Train] Epoch 00224 | train_loss 5.7595 | train_rmse 5.0441 | lr 0.000003
2025-01-08 08:44:11 - INFO - [Validate] Epoch 00224 | valid_rmse 4.4333 | valid_pr 0.9757 | valid_criterion 6.0399 | score 0.3960
2025-01-08 08:44:11 - INFO - No improvement for 86 epochs
2025-01-08 08:44:22 - INFO - [Train] Epoch 00225 | train_loss 6.9264 | train_rmse 5.3186 | lr 0.000003
2025-01-08 08:44:22 - INFO - [Validate] Epoch 00225 | valid_rmse 4.8784 | valid_pr 0.9743 | valid_criterion 6.0770 | score 0.3923
2025-01-08 08:44:22 - INFO - No improvement for 87 epochs
2025-01-08 08:44:33 - INFO - [Train] Epoch 00226 | train_loss 6.4084 | train_rmse 5.1833 | lr 0.000003
2025-01-08 08:44:33 - INFO - [Validate] Epoch 00226 | valid_rmse 4.7341 | valid_pr 0.9737 | valid_criterion 5.9858 | score 0.4014
2025-01-08 08:44:33 - INFO - No improvement for 88 epochs
2025-01-08 08:44:44 - INFO - [Train] Epoch 00227 | train_loss 5.4714 | train_rmse 4.7882 | lr 0.000003
2025-01-08 08:44:44 - INFO - [Validate] Epoch 00227 | valid_rmse 4.8684 | valid_pr 0.9752 | valid_criterion 6.1139 | score 0.3886
2025-01-08 08:44:44 - INFO - No improvement for 89 epochs
2025-01-08 08:44:55 - INFO - [Train] Epoch 00228 | train_loss 6.1769 | train_rmse 5.1249 | lr 0.000003
2025-01-08 08:44:55 - INFO - [Validate] Epoch 00228 | valid_rmse 4.5329 | valid_pr 0.9745 | valid_criterion 5.9803 | score 0.4020
2025-01-08 08:44:55 - INFO - No improvement for 90 epochs
2025-01-08 08:45:06 - INFO - [Train] Epoch 00229 | train_loss 4.3306 | train_rmse 4.8649 | lr 0.000003
2025-01-08 08:45:06 - INFO - [Validate] Epoch 00229 | valid_rmse 4.5548 | valid_pr 0.9751 | valid_criterion 5.9403 | score 0.4060
2025-01-08 08:45:06 - INFO - No improvement for 91 epochs
2025-01-08 08:45:17 - INFO - [Train] Epoch 00230 | train_loss 5.1656 | train_rmse 4.9689 | lr 0.000003
2025-01-08 08:45:17 - INFO - [Validate] Epoch 00230 | valid_rmse 4.7713 | valid_pr 0.9733 | valid_criterion 6.0129 | score 0.3987
2025-01-08 08:45:17 - INFO - No improvement for 92 epochs
2025-01-08 08:45:28 - INFO - [Train] Epoch 00231 | train_loss 5.6675 | train_rmse 5.0582 | lr 0.000003
2025-01-08 08:45:28 - INFO - [Validate] Epoch 00231 | valid_rmse 4.4727 | valid_pr 0.9770 | valid_criterion 5.8386 | score 0.4161
2025-01-08 08:45:28 - INFO - No improvement for 93 epochs
2025-01-08 08:45:39 - INFO - [Train] Epoch 00232 | train_loss 5.4644 | train_rmse 4.9408 | lr 0.000003
2025-01-08 08:45:39 - INFO - [Validate] Epoch 00232 | valid_rmse 4.4048 | valid_pr 0.9753 | valid_criterion 5.9735 | score 0.4026
2025-01-08 08:45:39 - INFO - No improvement for 94 epochs
2025-01-08 08:45:50 - INFO - [Train] Epoch 00233 | train_loss 5.2930 | train_rmse 4.9812 | lr 0.000003
2025-01-08 08:45:50 - INFO - [Validate] Epoch 00233 | valid_rmse 4.3444 | valid_pr 0.9781 | valid_criterion 6.0233 | score 0.3977
2025-01-08 08:45:50 - INFO - No improvement for 95 epochs
2025-01-08 08:46:01 - INFO - [Train] Epoch 00234 | train_loss 5.6158 | train_rmse 4.8960 | lr 0.000003
2025-01-08 08:46:01 - INFO - [Validate] Epoch 00234 | valid_rmse 4.4760 | valid_pr 0.9752 | valid_criterion 5.9717 | score 0.4028
2025-01-08 08:46:01 - INFO - No improvement for 96 epochs
2025-01-08 08:46:12 - INFO - [Train] Epoch 00235 | train_loss 6.9338 | train_rmse 4.9866 | lr 0.000003
2025-01-08 08:46:12 - INFO - [Validate] Epoch 00235 | valid_rmse 4.5979 | valid_pr 0.9745 | valid_criterion 5.8758 | score 0.4124
2025-01-08 08:46:12 - INFO - No improvement for 97 epochs
2025-01-08 08:46:23 - INFO - [Train] Epoch 00236 | train_loss 6.0799 | train_rmse 4.9467 | lr 0.000001
2025-01-08 08:46:23 - INFO - [Validate] Epoch 00236 | valid_rmse 4.7118 | valid_pr 0.9747 | valid_criterion 6.0995 | score 0.3901
2025-01-08 08:46:23 - INFO - No improvement for 98 epochs
2025-01-08 08:46:34 - INFO - [Train] Epoch 00237 | train_loss 6.0813 | train_rmse 4.9801 | lr 0.000001
2025-01-08 08:46:34 - INFO - [Validate] Epoch 00237 | valid_rmse 4.6539 | valid_pr 0.9746 | valid_criterion 5.9066 | score 0.4093
2025-01-08 08:46:34 - INFO - No improvement for 99 epochs
2025-01-08 08:46:45 - INFO - [Train] Epoch 00238 | train_loss 5.4494 | train_rmse 4.8288 | lr 0.000001
2025-01-08 08:46:45 - INFO - [Validate] Epoch 00238 | valid_rmse 4.8867 | valid_pr 0.9727 | valid_criterion 6.1064 | score 0.3894
2025-01-08 08:46:45 - INFO - No improvement for 100 epochs
2025-01-08 08:46:45 - INFO - Early stopping triggered. No improvement for 100 epochs
2025-01-08 08:46:45 - INFO - Best model was saved at epoch 138
2025-01-08 08:46:46 - INFO - [Validate] Epoch 00238 | valid_rmse1 3.610504 | valid_pr1 0.985790 | valid_criterion 4.954255
