2025-02-19 13:53:09 - INFO - 01.train.py
2025-02-19 13:53:09 - INFO - train data: 682
2025-02-19 13:53:09 - INFO - valid data: 154
2025-02-19 13:53:09 - INFO - Total parameters: 1212803
2025-02-19 13:53:09 - INFO - Trainable parameters: 1212803
2025-02-19 13:53:11 - INFO - [Train] Epoch 00000 | train_loss 2232.8230 | train_rmse 47.2329 | lr 0.000100
2025-02-19 13:53:11 - INFO - [Validate] Epoch 00000 | valid_rmse 49.8396 | valid_pr 0.0767 | valid_criterion 35.5131 | score -2.5513
2025-02-19 13:53:11 - INFO - [Validate] Best score achieved: -2.551311
2025-02-19 13:53:13 - INFO - [Train] Epoch 00001 | train_loss 2224.2488 | train_rmse 47.1421 | lr 0.000200
2025-02-19 13:53:13 - INFO - [Validate] Epoch 00001 | valid_rmse 50.6272 | valid_pr 0.1732 | valid_criterion 36.2713 | score -2.6271
2025-02-19 13:53:13 - INFO - No improvement for 1 epochs
2025-02-19 13:53:15 - INFO - [Train] Epoch 00002 | train_loss 2206.1629 | train_rmse 46.9499 | lr 0.000300
2025-02-19 13:53:15 - INFO - [Validate] Epoch 00002 | valid_rmse 50.3590 | valid_pr 0.4282 | valid_criterion 35.4964 | score -2.5496
2025-02-19 13:53:15 - INFO - [Validate] Best score achieved: -2.549643
2025-02-19 13:53:17 - INFO - [Train] Epoch 00003 | train_loss 2174.4978 | train_rmse 46.6115 | lr 0.000400
2025-02-19 13:53:17 - INFO - [Validate] Epoch 00003 | valid_rmse 50.6181 | valid_pr 0.4744 | valid_criterion 34.7395 | score -2.4739
2025-02-19 13:53:17 - INFO - [Validate] Best score achieved: -2.473949
2025-02-19 13:53:19 - INFO - [Train] Epoch 00004 | train_loss 2128.8097 | train_rmse 46.1188 | lr 0.000500
2025-02-19 13:53:19 - INFO - [Validate] Epoch 00004 | valid_rmse 53.1380 | valid_pr 0.4294 | valid_criterion 34.3990 | score -2.4399
2025-02-19 13:53:19 - INFO - [Validate] Best score achieved: -2.439903
2025-02-19 13:53:21 - INFO - [Train] Epoch 00005 | train_loss 2062.6982 | train_rmse 45.3964 | lr 0.000600
2025-02-19 13:53:21 - INFO - [Validate] Epoch 00005 | valid_rmse 64.8797 | valid_pr 0.2595 | valid_criterion 44.6889 | score -3.4689
2025-02-19 13:53:21 - INFO - No improvement for 1 epochs
2025-02-19 13:53:23 - INFO - [Train] Epoch 00006 | train_loss 2017.5469 | train_rmse 44.8963 | lr 0.000700
2025-02-19 13:53:23 - INFO - [Validate] Epoch 00006 | valid_rmse 48.4494 | valid_pr 0.4916 | valid_criterion 29.8216 | score -1.9822
2025-02-19 13:53:23 - INFO - [Validate] Best score achieved: -1.982158
2025-02-19 13:53:25 - INFO - [Train] Epoch 00007 | train_loss 1946.3577 | train_rmse 44.0964 | lr 0.000800
2025-02-19 13:53:25 - INFO - [Validate] Epoch 00007 | valid_rmse 61.2745 | valid_pr 0.2035 | valid_criterion 40.6437 | score -3.0644
2025-02-19 13:53:25 - INFO - No improvement for 1 epochs
2025-02-19 13:53:27 - INFO - [Train] Epoch 00008 | train_loss 1872.5166 | train_rmse 43.2510 | lr 0.000900
2025-02-19 13:53:27 - INFO - [Validate] Epoch 00008 | valid_rmse 55.9972 | valid_pr 0.3854 | valid_criterion 32.3179 | score -2.2318
2025-02-19 13:53:27 - INFO - No improvement for 2 epochs
2025-02-19 13:53:29 - INFO - [Train] Epoch 00009 | train_loss 1779.5734 | train_rmse 42.1628 | lr 0.001000
2025-02-19 13:53:29 - INFO - [Validate] Epoch 00009 | valid_rmse 51.9935 | valid_pr 0.4982 | valid_criterion 28.7550 | score -1.8755
2025-02-19 13:53:29 - INFO - [Validate] Best score achieved: -1.875503
2025-02-19 13:53:31 - INFO - [Train] Epoch 00010 | train_loss 1683.6549 | train_rmse 41.0095 | lr 0.001100
2025-02-19 13:53:31 - INFO - [Validate] Epoch 00010 | valid_rmse 67.3750 | valid_pr 0.1966 | valid_criterion 40.8324 | score -3.0832
2025-02-19 13:53:31 - INFO - No improvement for 1 epochs
2025-02-19 13:53:33 - INFO - [Train] Epoch 00011 | train_loss 1451.3082 | train_rmse 38.0714 | lr 0.001200
2025-02-19 13:53:33 - INFO - [Validate] Epoch 00011 | valid_rmse 42.5308 | valid_pr 0.4405 | valid_criterion 22.6361 | score -1.2636
2025-02-19 13:53:33 - INFO - [Validate] Best score achieved: -1.263606
2025-02-19 13:53:35 - INFO - [Train] Epoch 00012 | train_loss 1188.4348 | train_rmse 34.4463 | lr 0.001300
2025-02-19 13:53:35 - INFO - [Validate] Epoch 00012 | valid_rmse 42.6616 | valid_pr 0.3241 | valid_criterion 28.6544 | score -1.8654
2025-02-19 13:53:35 - INFO - No improvement for 1 epochs
2025-02-19 13:53:38 - INFO - [Train] Epoch 00013 | train_loss 859.7727 | train_rmse 29.2895 | lr 0.001400
2025-02-19 13:53:38 - INFO - [Validate] Epoch 00013 | valid_rmse 33.7478 | valid_pr 0.3661 | valid_criterion 17.2629 | score -0.7263
2025-02-19 13:53:38 - INFO - [Validate] Best score achieved: -0.726293
2025-02-19 13:53:40 - INFO - [Train] Epoch 00014 | train_loss 549.5086 | train_rmse 23.4008 | lr 0.001500
2025-02-19 13:53:40 - INFO - [Validate] Epoch 00014 | valid_rmse 45.5517 | valid_pr 0.3651 | valid_criterion 17.0736 | score -0.7074
2025-02-19 13:53:40 - INFO - [Validate] Best score achieved: -0.707358
2025-02-19 13:53:42 - INFO - [Train] Epoch 00015 | train_loss 374.9812 | train_rmse 19.3147 | lr 0.001600
2025-02-19 13:53:42 - INFO - [Validate] Epoch 00015 | valid_rmse 33.8097 | valid_pr 0.4434 | valid_criterion 14.3173 | score -0.4317
2025-02-19 13:53:42 - INFO - [Validate] Best score achieved: -0.431728
2025-02-19 13:53:44 - INFO - [Train] Epoch 00016 | train_loss 287.0505 | train_rmse 16.8853 | lr 0.001700
2025-02-19 13:53:44 - INFO - [Validate] Epoch 00016 | valid_rmse 36.3665 | valid_pr 0.3073 | valid_criterion 22.7739 | score -1.2774
2025-02-19 13:53:44 - INFO - No improvement for 1 epochs
2025-02-19 13:53:46 - INFO - [Train] Epoch 00017 | train_loss 287.9090 | train_rmse 16.9104 | lr 0.001800
2025-02-19 13:53:46 - INFO - [Validate] Epoch 00017 | valid_rmse 28.3583 | valid_pr 0.3092 | valid_criterion 25.2046 | score -1.5205
2025-02-19 13:53:46 - INFO - No improvement for 2 epochs
2025-02-19 13:53:48 - INFO - [Train] Epoch 00018 | train_loss 266.6935 | train_rmse 16.2707 | lr 0.001900
2025-02-19 13:53:48 - INFO - [Validate] Epoch 00018 | valid_rmse 18.3101 | valid_pr 0.6187 | valid_criterion 14.8487 | score -0.4849
2025-02-19 13:53:48 - INFO - No improvement for 3 epochs
2025-02-19 13:53:50 - INFO - [Train] Epoch 00019 | train_loss 257.9366 | train_rmse 15.9991 | lr 0.002000
2025-02-19 13:53:50 - INFO - [Validate] Epoch 00019 | valid_rmse 56.1823 | valid_pr 0.2051 | valid_criterion 25.2509 | score -1.5251
2025-02-19 13:53:50 - INFO - No improvement for 4 epochs
2025-02-19 13:53:52 - INFO - [Train] Epoch 00020 | train_loss 285.2825 | train_rmse 16.8317 | lr 0.002100
2025-02-19 13:53:52 - INFO - [Validate] Epoch 00020 | valid_rmse 26.9958 | valid_pr 0.3872 | valid_criterion 20.7798 | score -1.0780
2025-02-19 13:53:52 - INFO - No improvement for 5 epochs
2025-02-19 13:53:54 - INFO - [Train] Epoch 00021 | train_loss 254.3150 | train_rmse 15.8848 | lr 0.002200
2025-02-19 13:53:54 - INFO - [Validate] Epoch 00021 | valid_rmse 22.7449 | valid_pr 0.4709 | valid_criterion 23.6256 | score -1.3626
2025-02-19 13:53:54 - INFO - No improvement for 6 epochs
2025-02-19 13:53:56 - INFO - [Train] Epoch 00022 | train_loss 283.5677 | train_rmse 16.7800 | lr 0.002300
2025-02-19 13:53:56 - INFO - [Validate] Epoch 00022 | valid_rmse 43.1722 | valid_pr 0.2998 | valid_criterion 30.7312 | score -2.0731
2025-02-19 13:53:56 - INFO - No improvement for 7 epochs
2025-02-19 13:53:58 - INFO - [Train] Epoch 00023 | train_loss 242.0501 | train_rmse 15.4931 | lr 0.002400
2025-02-19 13:53:58 - INFO - [Validate] Epoch 00023 | valid_rmse 52.8124 | valid_pr 0.2760 | valid_criterion 26.9098 | score -1.6910
2025-02-19 13:53:58 - INFO - No improvement for 8 epochs
2025-02-19 13:54:00 - INFO - [Train] Epoch 00024 | train_loss 280.9441 | train_rmse 16.7007 | lr 0.002500
2025-02-19 13:54:00 - INFO - [Validate] Epoch 00024 | valid_rmse 30.9975 | valid_pr 0.2859 | valid_criterion 24.2414 | score -1.4241
2025-02-19 13:54:00 - INFO - No improvement for 9 epochs
2025-02-19 13:54:02 - INFO - [Train] Epoch 00025 | train_loss 254.3020 | train_rmse 15.8824 | lr 0.002600
2025-02-19 13:54:02 - INFO - [Validate] Epoch 00025 | valid_rmse 33.6845 | valid_pr 0.3305 | valid_criterion 21.1149 | score -1.1115
2025-02-19 13:54:02 - INFO - No improvement for 10 epochs
2025-02-19 13:54:04 - INFO - [Train] Epoch 00026 | train_loss 215.9467 | train_rmse 14.6245 | lr 0.002700
2025-02-19 13:54:04 - INFO - [Validate] Epoch 00026 | valid_rmse 22.4789 | valid_pr 0.4195 | valid_criterion 19.4459 | score -0.9446
2025-02-19 13:54:04 - INFO - No improvement for 11 epochs
2025-02-19 13:54:06 - INFO - [Train] Epoch 00027 | train_loss 255.1839 | train_rmse 15.9089 | lr 0.002800
2025-02-19 13:54:06 - INFO - [Validate] Epoch 00027 | valid_rmse 29.2925 | valid_pr 0.2533 | valid_criterion 28.5326 | score -1.8533
2025-02-19 13:54:06 - INFO - No improvement for 12 epochs
2025-02-19 13:54:08 - INFO - [Train] Epoch 00028 | train_loss 245.3807 | train_rmse 15.5972 | lr 0.002900
2025-02-19 13:54:08 - INFO - [Validate] Epoch 00028 | valid_rmse 23.0639 | valid_pr 0.3481 | valid_criterion 17.0934 | score -0.7093
2025-02-19 13:54:08 - INFO - No improvement for 13 epochs
2025-02-19 13:54:10 - INFO - [Train] Epoch 00029 | train_loss 221.5552 | train_rmse 14.8133 | lr 0.003000
2025-02-19 13:54:10 - INFO - [Validate] Epoch 00029 | valid_rmse 27.3435 | valid_pr 0.3601 | valid_criterion 18.7961 | score -0.8796
2025-02-19 13:54:10 - INFO - No improvement for 14 epochs
2025-02-19 13:54:12 - INFO - [Train] Epoch 00030 | train_loss 242.7485 | train_rmse 15.5116 | lr 0.003100
2025-02-19 13:54:12 - INFO - [Validate] Epoch 00030 | valid_rmse 24.3968 | valid_pr 0.3819 | valid_criterion 14.6320 | score -0.4632
2025-02-19 13:54:12 - INFO - No improvement for 15 epochs
2025-02-19 13:54:14 - INFO - [Train] Epoch 00031 | train_loss 240.1835 | train_rmse 15.4280 | lr 0.003200
2025-02-19 13:54:14 - INFO - [Validate] Epoch 00031 | valid_rmse 26.8625 | valid_pr 0.6059 | valid_criterion 12.2365 | score -0.2236
2025-02-19 13:54:14 - INFO - [Validate] Best score achieved: -0.223646
2025-02-19 13:54:16 - INFO - [Train] Epoch 00032 | train_loss 227.3791 | train_rmse 15.0066 | lr 0.003300
2025-02-19 13:54:16 - INFO - [Validate] Epoch 00032 | valid_rmse 24.1908 | valid_pr 0.4903 | valid_criterion 15.4567 | score -0.5457
2025-02-19 13:54:16 - INFO - No improvement for 1 epochs
2025-02-19 13:54:18 - INFO - [Train] Epoch 00033 | train_loss 212.0355 | train_rmse 14.4856 | lr 0.003400
2025-02-19 13:54:18 - INFO - [Validate] Epoch 00033 | valid_rmse 55.1431 | valid_pr 0.2263 | valid_criterion 32.4274 | score -2.2427
2025-02-19 13:54:18 - INFO - No improvement for 2 epochs
2025-02-19 13:54:20 - INFO - [Train] Epoch 00034 | train_loss 211.6392 | train_rmse 14.4712 | lr 0.003500
2025-02-19 13:54:20 - INFO - [Validate] Epoch 00034 | valid_rmse 20.7777 | valid_pr 0.4603 | valid_criterion 14.4084 | score -0.4408
2025-02-19 13:54:20 - INFO - No improvement for 3 epochs
2025-02-19 13:54:22 - INFO - [Train] Epoch 00035 | train_loss 223.2575 | train_rmse 14.8663 | lr 0.003600
2025-02-19 13:54:22 - INFO - [Validate] Epoch 00035 | valid_rmse 16.3620 | valid_pr 0.7537 | valid_criterion 9.7070 | score 0.0293
2025-02-19 13:54:22 - INFO - [Validate] Best score achieved: 0.029303
2025-02-19 13:54:24 - INFO - [Train] Epoch 00036 | train_loss 218.1638 | train_rmse 14.6928 | lr 0.003700
2025-02-19 13:54:24 - INFO - [Validate] Epoch 00036 | valid_rmse 27.8671 | valid_pr 0.4799 | valid_criterion 25.2334 | score -1.5233
2025-02-19 13:54:24 - INFO - No improvement for 1 epochs
2025-02-19 13:54:26 - INFO - [Train] Epoch 00037 | train_loss 218.8926 | train_rmse 14.7167 | lr 0.003800
2025-02-19 13:54:26 - INFO - [Validate] Epoch 00037 | valid_rmse 21.2142 | valid_pr 0.5403 | valid_criterion 14.7123 | score -0.4712
2025-02-19 13:54:26 - INFO - No improvement for 2 epochs
2025-02-19 13:54:28 - INFO - [Train] Epoch 00038 | train_loss 236.6477 | train_rmse 15.3072 | lr 0.003900
2025-02-19 13:54:28 - INFO - [Validate] Epoch 00038 | valid_rmse 25.9314 | valid_pr 0.5078 | valid_criterion 13.8526 | score -0.3853
2025-02-19 13:54:28 - INFO - No improvement for 3 epochs
2025-02-19 13:54:30 - INFO - [Train] Epoch 00039 | train_loss 198.0453 | train_rmse 13.9887 | lr 0.004000
2025-02-19 13:54:30 - INFO - [Validate] Epoch 00039 | valid_rmse 20.8392 | valid_pr 0.4833 | valid_criterion 11.6042 | score -0.1604
2025-02-19 13:54:30 - INFO - No improvement for 4 epochs
2025-02-19 13:54:32 - INFO - [Train] Epoch 00040 | train_loss 219.0931 | train_rmse 14.7212 | lr 0.004100
2025-02-19 13:54:32 - INFO - [Validate] Epoch 00040 | valid_rmse 22.2256 | valid_pr 0.5266 | valid_criterion 13.5515 | score -0.3551
2025-02-19 13:54:32 - INFO - No improvement for 5 epochs
2025-02-19 13:54:34 - INFO - [Train] Epoch 00041 | train_loss 186.0856 | train_rmse 13.5531 | lr 0.004200
2025-02-19 13:54:34 - INFO - [Validate] Epoch 00041 | valid_rmse 49.2590 | valid_pr 0.2934 | valid_criterion 28.5213 | score -1.8521
2025-02-19 13:54:34 - INFO - No improvement for 6 epochs
2025-02-19 13:54:36 - INFO - [Train] Epoch 00042 | train_loss 217.7334 | train_rmse 14.6736 | lr 0.004300
2025-02-19 13:54:36 - INFO - [Validate] Epoch 00042 | valid_rmse 16.7323 | valid_pr 0.7037 | valid_criterion 11.4620 | score -0.1462
2025-02-19 13:54:36 - INFO - No improvement for 7 epochs
2025-02-19 13:54:38 - INFO - [Train] Epoch 00043 | train_loss 164.2533 | train_rmse 12.7208 | lr 0.004400
2025-02-19 13:54:38 - INFO - [Validate] Epoch 00043 | valid_rmse 19.9702 | valid_pr 0.6732 | valid_criterion 10.9762 | score -0.0976
2025-02-19 13:54:38 - INFO - No improvement for 8 epochs
2025-02-19 13:54:40 - INFO - [Train] Epoch 00044 | train_loss 198.9082 | train_rmse 14.0162 | lr 0.004500
2025-02-19 13:54:40 - INFO - [Validate] Epoch 00044 | valid_rmse 29.0219 | valid_pr 0.6633 | valid_criterion 11.0157 | score -0.1016
2025-02-19 13:54:40 - INFO - No improvement for 9 epochs
2025-02-19 13:54:42 - INFO - [Train] Epoch 00045 | train_loss 175.9954 | train_rmse 13.1726 | lr 0.004600
2025-02-19 13:54:42 - INFO - [Validate] Epoch 00045 | valid_rmse 21.9192 | valid_pr 0.6414 | valid_criterion 9.4640 | score 0.0536
2025-02-19 13:54:42 - INFO - [Validate] Best score achieved: 0.053598
2025-02-19 13:54:44 - INFO - [Train] Epoch 00046 | train_loss 178.9995 | train_rmse 13.2854 | lr 0.004700
2025-02-19 13:54:44 - INFO - [Validate] Epoch 00046 | valid_rmse 27.6815 | valid_pr 0.4793 | valid_criterion 18.0007 | score -0.8001
2025-02-19 13:54:44 - INFO - No improvement for 1 epochs
2025-02-19 13:54:46 - INFO - [Train] Epoch 00047 | train_loss 169.4018 | train_rmse 12.9184 | lr 0.004800
2025-02-19 13:54:46 - INFO - [Validate] Epoch 00047 | valid_rmse 20.3732 | valid_pr 0.6941 | valid_criterion 9.7627 | score 0.0237
2025-02-19 13:54:46 - INFO - No improvement for 2 epochs
2025-02-19 13:54:48 - INFO - [Train] Epoch 00048 | train_loss 169.2255 | train_rmse 12.9108 | lr 0.004900
2025-02-19 13:54:48 - INFO - [Validate] Epoch 00048 | valid_rmse 21.9858 | valid_pr 0.6298 | valid_criterion 12.7376 | score -0.2738
2025-02-19 13:54:48 - INFO - No improvement for 3 epochs
2025-02-19 13:54:50 - INFO - [Train] Epoch 00049 | train_loss 194.7938 | train_rmse 13.8648 | lr 0.005000
2025-02-19 13:54:50 - INFO - [Validate] Epoch 00049 | valid_rmse 23.0985 | valid_pr 0.7385 | valid_criterion 9.6203 | score 0.0380
2025-02-19 13:54:50 - INFO - No improvement for 4 epochs
2025-02-19 13:54:52 - INFO - [Train] Epoch 00050 | train_loss 172.7269 | train_rmse 13.0437 | lr 0.005000
2025-02-19 13:54:52 - INFO - [Validate] Epoch 00050 | valid_rmse 24.5039 | valid_pr 0.6670 | valid_criterion 13.4207 | score -0.3421
2025-02-19 13:54:52 - INFO - No improvement for 5 epochs
2025-02-19 13:54:54 - INFO - [Train] Epoch 00051 | train_loss 196.5178 | train_rmse 13.9249 | lr 0.005000
2025-02-19 13:54:54 - INFO - [Validate] Epoch 00051 | valid_rmse 16.9291 | valid_pr 0.7545 | valid_criterion 13.1704 | score -0.3170
2025-02-19 13:54:54 - INFO - No improvement for 6 epochs
2025-02-19 13:54:56 - INFO - [Train] Epoch 00052 | train_loss 179.8282 | train_rmse 13.3111 | lr 0.005000
2025-02-19 13:54:56 - INFO - [Validate] Epoch 00052 | valid_rmse 26.5376 | valid_pr 0.6496 | valid_criterion 15.5018 | score -0.5502
2025-02-19 13:54:56 - INFO - No improvement for 7 epochs
2025-02-19 13:54:58 - INFO - [Train] Epoch 00053 | train_loss 175.2279 | train_rmse 13.1361 | lr 0.005000
2025-02-19 13:54:58 - INFO - [Validate] Epoch 00053 | valid_rmse 29.7270 | valid_pr 0.4976 | valid_criterion 25.2069 | score -1.5207
2025-02-19 13:54:58 - INFO - No improvement for 8 epochs
2025-02-19 13:55:00 - INFO - [Train] Epoch 00054 | train_loss 170.0485 | train_rmse 12.9368 | lr 0.005000
2025-02-19 13:55:00 - INFO - [Validate] Epoch 00054 | valid_rmse 23.4060 | valid_pr 0.7090 | valid_criterion 14.4501 | score -0.4450
2025-02-19 13:55:00 - INFO - No improvement for 9 epochs
2025-02-19 13:55:02 - INFO - [Train] Epoch 00055 | train_loss 193.2392 | train_rmse 13.8031 | lr 0.005000
2025-02-19 13:55:02 - INFO - [Validate] Epoch 00055 | valid_rmse 31.0500 | valid_pr 0.5514 | valid_criterion 14.5685 | score -0.4568
2025-02-19 13:55:02 - INFO - No improvement for 10 epochs
2025-02-19 13:55:04 - INFO - [Train] Epoch 00056 | train_loss 177.5208 | train_rmse 13.2205 | lr 0.005000
2025-02-19 13:55:04 - INFO - [Validate] Epoch 00056 | valid_rmse 20.8461 | valid_pr 0.7247 | valid_criterion 12.1698 | score -0.2170
2025-02-19 13:55:04 - INFO - No improvement for 11 epochs
2025-02-19 13:55:06 - INFO - [Train] Epoch 00057 | train_loss 149.4357 | train_rmse 12.1109 | lr 0.005000
2025-02-19 13:55:06 - INFO - [Validate] Epoch 00057 | valid_rmse 22.9872 | valid_pr 0.6878 | valid_criterion 15.2246 | score -0.5225
2025-02-19 13:55:06 - INFO - No improvement for 12 epochs
2025-02-19 13:55:09 - INFO - [Train] Epoch 00058 | train_loss 149.0847 | train_rmse 12.0956 | lr 0.005000
2025-02-19 13:55:09 - INFO - [Validate] Epoch 00058 | valid_rmse 20.0456 | valid_pr 0.6220 | valid_criterion 14.0152 | score -0.4015
2025-02-19 13:55:09 - INFO - No improvement for 13 epochs
2025-02-19 13:55:11 - INFO - [Train] Epoch 00059 | train_loss 139.3782 | train_rmse 11.6866 | lr 0.005000
2025-02-19 13:55:11 - INFO - [Validate] Epoch 00059 | valid_rmse 16.7284 | valid_pr 0.7823 | valid_criterion 12.5667 | score -0.2567
2025-02-19 13:55:11 - INFO - No improvement for 14 epochs
2025-02-19 13:55:13 - INFO - [Train] Epoch 00060 | train_loss 135.4355 | train_rmse 11.5159 | lr 0.005000
2025-02-19 13:55:13 - INFO - [Validate] Epoch 00060 | valid_rmse 25.5590 | valid_pr 0.6233 | valid_criterion 15.9771 | score -0.5977
2025-02-19 13:55:13 - INFO - No improvement for 15 epochs
2025-02-19 13:55:15 - INFO - [Train] Epoch 00061 | train_loss 161.1954 | train_rmse 12.5839 | lr 0.005000
2025-02-19 13:55:15 - INFO - [Validate] Epoch 00061 | valid_rmse 17.5706 | valid_pr 0.7366 | valid_criterion 13.3731 | score -0.3373
2025-02-19 13:55:15 - INFO - No improvement for 16 epochs
2025-02-19 13:55:17 - INFO - [Train] Epoch 00062 | train_loss 116.9024 | train_rmse 10.6789 | lr 0.005000
2025-02-19 13:55:17 - INFO - [Validate] Epoch 00062 | valid_rmse 17.8058 | valid_pr 0.7873 | valid_criterion 12.1264 | score -0.2126
2025-02-19 13:55:17 - INFO - No improvement for 17 epochs
2025-02-19 13:55:19 - INFO - [Train] Epoch 00063 | train_loss 149.5964 | train_rmse 12.1125 | lr 0.005000
2025-02-19 13:55:19 - INFO - [Validate] Epoch 00063 | valid_rmse 24.6548 | valid_pr 0.6754 | valid_criterion 12.3378 | score -0.2338
2025-02-19 13:55:19 - INFO - No improvement for 18 epochs
2025-02-19 13:55:21 - INFO - [Train] Epoch 00064 | train_loss 130.3878 | train_rmse 11.2909 | lr 0.005000
2025-02-19 13:55:21 - INFO - [Validate] Epoch 00064 | valid_rmse 21.0405 | valid_pr 0.6454 | valid_criterion 14.9678 | score -0.4968
2025-02-19 13:55:21 - INFO - No improvement for 19 epochs
2025-02-19 13:55:23 - INFO - [Train] Epoch 00065 | train_loss 133.5722 | train_rmse 11.4303 | lr 0.005000
2025-02-19 13:55:23 - INFO - [Validate] Epoch 00065 | valid_rmse 17.7470 | valid_pr 0.6997 | valid_criterion 12.7597 | score -0.2760
2025-02-19 13:55:23 - INFO - No improvement for 20 epochs
2025-02-19 13:55:25 - INFO - [Train] Epoch 00066 | train_loss 120.1302 | train_rmse 10.8256 | lr 0.005000
2025-02-19 13:55:25 - INFO - [Validate] Epoch 00066 | valid_rmse 18.2681 | valid_pr 0.6505 | valid_criterion 15.3168 | score -0.5317
2025-02-19 13:55:25 - INFO - No improvement for 21 epochs
2025-02-19 13:55:27 - INFO - [Train] Epoch 00067 | train_loss 113.0547 | train_rmse 10.4932 | lr 0.005000
2025-02-19 13:55:27 - INFO - [Validate] Epoch 00067 | valid_rmse 20.8912 | valid_pr 0.7374 | valid_criterion 15.9472 | score -0.5947
2025-02-19 13:55:27 - INFO - No improvement for 22 epochs
2025-02-19 13:55:29 - INFO - [Train] Epoch 00068 | train_loss 96.2696 | train_rmse 9.6597 | lr 0.005000
2025-02-19 13:55:29 - INFO - [Validate] Epoch 00068 | valid_rmse 16.5937 | valid_pr 0.7240 | valid_criterion 13.4040 | score -0.3404
2025-02-19 13:55:29 - INFO - No improvement for 23 epochs
2025-02-19 13:55:31 - INFO - [Train] Epoch 00069 | train_loss 112.7409 | train_rmse 10.4769 | lr 0.005000
2025-02-19 13:55:31 - INFO - [Validate] Epoch 00069 | valid_rmse 17.2269 | valid_pr 0.7598 | valid_criterion 14.7579 | score -0.4758
2025-02-19 13:55:31 - INFO - No improvement for 24 epochs
2025-02-19 13:55:33 - INFO - [Train] Epoch 00070 | train_loss 103.3457 | train_rmse 10.0180 | lr 0.005000
2025-02-19 13:55:33 - INFO - [Validate] Epoch 00070 | valid_rmse 19.6145 | valid_pr 0.7673 | valid_criterion 14.9644 | score -0.4964
2025-02-19 13:55:33 - INFO - No improvement for 25 epochs
2025-02-19 13:55:35 - INFO - [Train] Epoch 00071 | train_loss 110.7876 | train_rmse 10.3822 | lr 0.005000
2025-02-19 13:55:35 - INFO - [Validate] Epoch 00071 | valid_rmse 19.8004 | valid_pr 0.7624 | valid_criterion 13.6728 | score -0.3673
2025-02-19 13:55:35 - INFO - No improvement for 26 epochs
2025-02-19 13:55:37 - INFO - [Train] Epoch 00072 | train_loss 95.1627 | train_rmse 9.5996 | lr 0.005000
2025-02-19 13:55:37 - INFO - [Validate] Epoch 00072 | valid_rmse 14.5675 | valid_pr 0.8122 | valid_criterion 13.3621 | score -0.3362
2025-02-19 13:55:37 - INFO - No improvement for 27 epochs
2025-02-19 13:55:39 - INFO - [Train] Epoch 00073 | train_loss 90.3439 | train_rmse 9.3445 | lr 0.005000
2025-02-19 13:55:39 - INFO - [Validate] Epoch 00073 | valid_rmse 15.7951 | valid_pr 0.7666 | valid_criterion 14.6556 | score -0.4656
2025-02-19 13:55:39 - INFO - No improvement for 28 epochs
2025-02-19 13:55:41 - INFO - [Train] Epoch 00074 | train_loss 88.8688 | train_rmse 9.2646 | lr 0.005000
2025-02-19 13:55:41 - INFO - [Validate] Epoch 00074 | valid_rmse 19.9342 | valid_pr 0.5533 | valid_criterion 13.8928 | score -0.3893
2025-02-19 13:55:41 - INFO - No improvement for 29 epochs
2025-02-19 13:55:43 - INFO - [Train] Epoch 00075 | train_loss 91.6399 | train_rmse 9.4123 | lr 0.005000
2025-02-19 13:55:43 - INFO - [Validate] Epoch 00075 | valid_rmse 14.7419 | valid_pr 0.8181 | valid_criterion 15.0256 | score -0.5026
2025-02-19 13:55:43 - INFO - No improvement for 30 epochs
2025-02-19 13:55:45 - INFO - [Train] Epoch 00076 | train_loss 79.5319 | train_rmse 8.7447 | lr 0.005000
2025-02-19 13:55:45 - INFO - [Validate] Epoch 00076 | valid_rmse 17.3581 | valid_pr 0.7774 | valid_criterion 15.5989 | score -0.5599
2025-02-19 13:55:45 - INFO - No improvement for 31 epochs
2025-02-19 13:55:47 - INFO - [Train] Epoch 00077 | train_loss 77.9288 | train_rmse 8.6518 | lr 0.005000
2025-02-19 13:55:47 - INFO - [Validate] Epoch 00077 | valid_rmse 15.1067 | valid_pr 0.7703 | valid_criterion 14.8595 | score -0.4859
2025-02-19 13:55:47 - INFO - No improvement for 32 epochs
2025-02-19 13:55:49 - INFO - [Train] Epoch 00078 | train_loss 80.7829 | train_rmse 8.8146 | lr 0.005000
2025-02-19 13:55:49 - INFO - [Validate] Epoch 00078 | valid_rmse 17.1263 | valid_pr 0.7852 | valid_criterion 15.4045 | score -0.5404
2025-02-19 13:55:49 - INFO - No improvement for 33 epochs
2025-02-19 13:55:51 - INFO - [Train] Epoch 00079 | train_loss 95.4180 | train_rmse 9.6086 | lr 0.005000
2025-02-19 13:55:51 - INFO - [Validate] Epoch 00079 | valid_rmse 16.2234 | valid_pr 0.7210 | valid_criterion 13.0578 | score -0.3058
2025-02-19 13:55:51 - INFO - No improvement for 34 epochs
2025-02-19 13:55:53 - INFO - [Train] Epoch 00080 | train_loss 87.7184 | train_rmse 9.1988 | lr 0.005000
2025-02-19 13:55:53 - INFO - [Validate] Epoch 00080 | valid_rmse 15.6842 | valid_pr 0.8136 | valid_criterion 15.1306 | score -0.5131
2025-02-19 13:55:53 - INFO - No improvement for 35 epochs
2025-02-19 13:55:55 - INFO - [Train] Epoch 00081 | train_loss 88.5309 | train_rmse 9.2423 | lr 0.005000
2025-02-19 13:55:55 - INFO - [Validate] Epoch 00081 | valid_rmse 15.9299 | valid_pr 0.7920 | valid_criterion 13.7556 | score -0.3756
2025-02-19 13:55:55 - INFO - No improvement for 36 epochs
2025-02-19 13:55:57 - INFO - [Train] Epoch 00082 | train_loss 75.0303 | train_rmse 8.4800 | lr 0.005000
2025-02-19 13:55:57 - INFO - [Validate] Epoch 00082 | valid_rmse 20.4767 | valid_pr 0.7522 | valid_criterion 14.6039 | score -0.4604
2025-02-19 13:55:57 - INFO - No improvement for 37 epochs
2025-02-19 13:55:59 - INFO - [Train] Epoch 00083 | train_loss 65.9778 | train_rmse 7.9277 | lr 0.005000
2025-02-19 13:55:59 - INFO - [Validate] Epoch 00083 | valid_rmse 17.1830 | valid_pr 0.7478 | valid_criterion 16.7485 | score -0.6748
2025-02-19 13:55:59 - INFO - No improvement for 38 epochs
2025-02-19 13:56:01 - INFO - [Train] Epoch 00084 | train_loss 96.7279 | train_rmse 9.6742 | lr 0.005000
2025-02-19 13:56:01 - INFO - [Validate] Epoch 00084 | valid_rmse 18.0100 | valid_pr 0.6999 | valid_criterion 17.4462 | score -0.7446
2025-02-19 13:56:01 - INFO - No improvement for 39 epochs
2025-02-19 13:56:03 - INFO - [Train] Epoch 00085 | train_loss 77.7412 | train_rmse 8.6367 | lr 0.005000
2025-02-19 13:56:03 - INFO - [Validate] Epoch 00085 | valid_rmse 18.8227 | valid_pr 0.7150 | valid_criterion 19.2059 | score -0.9206
2025-02-19 13:56:03 - INFO - No improvement for 40 epochs
2025-02-19 13:56:05 - INFO - [Train] Epoch 00086 | train_loss 81.8015 | train_rmse 8.8680 | lr 0.005000
2025-02-19 13:56:05 - INFO - [Validate] Epoch 00086 | valid_rmse 17.5371 | valid_pr 0.6597 | valid_criterion 12.4893 | score -0.2489
2025-02-19 13:56:05 - INFO - No improvement for 41 epochs
2025-02-19 13:56:07 - INFO - [Train] Epoch 00087 | train_loss 87.9371 | train_rmse 9.2071 | lr 0.005000
2025-02-19 13:56:07 - INFO - [Validate] Epoch 00087 | valid_rmse 16.5965 | valid_pr 0.7393 | valid_criterion 15.7523 | score -0.5752
2025-02-19 13:56:07 - INFO - No improvement for 42 epochs
2025-02-19 13:56:09 - INFO - [Train] Epoch 00088 | train_loss 76.3315 | train_rmse 8.5530 | lr 0.005000
2025-02-19 13:56:09 - INFO - [Validate] Epoch 00088 | valid_rmse 16.3074 | valid_pr 0.7911 | valid_criterion 14.3917 | score -0.4392
2025-02-19 13:56:09 - INFO - No improvement for 43 epochs
2025-02-19 13:56:11 - INFO - [Train] Epoch 00089 | train_loss 72.1362 | train_rmse 8.3038 | lr 0.005000
2025-02-19 13:56:11 - INFO - [Validate] Epoch 00089 | valid_rmse 17.5215 | valid_pr 0.7231 | valid_criterion 21.0325 | score -1.1032
2025-02-19 13:56:11 - INFO - No improvement for 44 epochs
2025-02-19 13:56:13 - INFO - [Train] Epoch 00090 | train_loss 81.3032 | train_rmse 8.8380 | lr 0.005000
2025-02-19 13:56:13 - INFO - [Validate] Epoch 00090 | valid_rmse 15.7020 | valid_pr 0.7619 | valid_criterion 14.2202 | score -0.4220
2025-02-19 13:56:13 - INFO - No improvement for 45 epochs
2025-02-19 13:56:15 - INFO - [Train] Epoch 00091 | train_loss 70.5471 | train_rmse 8.2066 | lr 0.005000
2025-02-19 13:56:15 - INFO - [Validate] Epoch 00091 | valid_rmse 15.4572 | valid_pr 0.7881 | valid_criterion 13.4923 | score -0.3492
2025-02-19 13:56:15 - INFO - No improvement for 46 epochs
2025-02-19 13:56:17 - INFO - [Train] Epoch 00092 | train_loss 60.4528 | train_rmse 7.5661 | lr 0.005000
2025-02-19 13:56:17 - INFO - [Validate] Epoch 00092 | valid_rmse 13.8940 | valid_pr 0.8167 | valid_criterion 15.7856 | score -0.5786
2025-02-19 13:56:17 - INFO - No improvement for 47 epochs
2025-02-19 13:56:19 - INFO - [Train] Epoch 00093 | train_loss 68.2299 | train_rmse 8.0633 | lr 0.005000
2025-02-19 13:56:19 - INFO - [Validate] Epoch 00093 | valid_rmse 19.0172 | valid_pr 0.6057 | valid_criterion 15.0291 | score -0.5029
2025-02-19 13:56:19 - INFO - No improvement for 48 epochs
2025-02-19 13:56:21 - INFO - [Train] Epoch 00094 | train_loss 60.9831 | train_rmse 7.6004 | lr 0.005000
2025-02-19 13:56:21 - INFO - [Validate] Epoch 00094 | valid_rmse 15.5845 | valid_pr 0.7977 | valid_criterion 18.3402 | score -0.8340
2025-02-19 13:56:21 - INFO - No improvement for 49 epochs
2025-02-19 13:56:23 - INFO - [Train] Epoch 00095 | train_loss 69.4826 | train_rmse 8.1399 | lr 0.005000
2025-02-19 13:56:23 - INFO - [Validate] Epoch 00095 | valid_rmse 16.8994 | valid_pr 0.6884 | valid_criterion 17.8712 | score -0.7871
2025-02-19 13:56:23 - INFO - No improvement for 50 epochs
2025-02-19 13:56:25 - INFO - [Train] Epoch 00096 | train_loss 67.5478 | train_rmse 8.0198 | lr 0.005000
2025-02-19 13:56:25 - INFO - [Validate] Epoch 00096 | valid_rmse 15.6150 | valid_pr 0.8131 | valid_criterion 16.1079 | score -0.6108
2025-02-19 13:56:25 - INFO - No improvement for 51 epochs
2025-02-19 13:56:27 - INFO - [Train] Epoch 00097 | train_loss 75.4918 | train_rmse 8.5003 | lr 0.005000
2025-02-19 13:56:27 - INFO - [Validate] Epoch 00097 | valid_rmse 13.2865 | valid_pr 0.8325 | valid_criterion 13.2464 | score -0.3246
2025-02-19 13:56:27 - INFO - No improvement for 52 epochs
2025-02-19 13:56:29 - INFO - [Train] Epoch 00098 | train_loss 62.6791 | train_rmse 7.7092 | lr 0.005000
2025-02-19 13:56:29 - INFO - [Validate] Epoch 00098 | valid_rmse 16.5911 | valid_pr 0.8181 | valid_criterion 15.5089 | score -0.5509
2025-02-19 13:56:29 - INFO - No improvement for 53 epochs
2025-02-19 13:56:31 - INFO - [Train] Epoch 00099 | train_loss 67.6292 | train_rmse 8.0235 | lr 0.005000
2025-02-19 13:56:31 - INFO - [Validate] Epoch 00099 | valid_rmse 15.9392 | valid_pr 0.8174 | valid_criterion 14.2618 | score -0.4262
2025-02-19 13:56:31 - INFO - No improvement for 54 epochs
2025-02-19 13:56:34 - INFO - [Train] Epoch 00100 | train_loss 48.0776 | train_rmse 6.6947 | lr 0.005000
2025-02-19 13:56:34 - INFO - [Validate] Epoch 00100 | valid_rmse 15.3192 | valid_pr 0.7660 | valid_criterion 12.0904 | score -0.2090
2025-02-19 13:56:34 - INFO - No improvement for 55 epochs
2025-02-19 13:56:36 - INFO - [Train] Epoch 00101 | train_loss 81.2132 | train_rmse 8.8286 | lr 0.005000
2025-02-19 13:56:36 - INFO - [Validate] Epoch 00101 | valid_rmse 16.7367 | valid_pr 0.7784 | valid_criterion 16.3495 | score -0.6349
2025-02-19 13:56:36 - INFO - No improvement for 56 epochs
2025-02-19 13:56:38 - INFO - [Train] Epoch 00102 | train_loss 60.3692 | train_rmse 7.5559 | lr 0.005000
2025-02-19 13:56:38 - INFO - [Validate] Epoch 00102 | valid_rmse 15.7415 | valid_pr 0.7779 | valid_criterion 16.0277 | score -0.6028
2025-02-19 13:56:38 - INFO - No improvement for 57 epochs
2025-02-19 13:56:40 - INFO - [Train] Epoch 00103 | train_loss 47.7925 | train_rmse 6.6713 | lr 0.005000
2025-02-19 13:56:40 - INFO - [Validate] Epoch 00103 | valid_rmse 17.4736 | valid_pr 0.7144 | valid_criterion 17.3966 | score -0.7397
2025-02-19 13:56:40 - INFO - No improvement for 58 epochs
2025-02-19 13:56:42 - INFO - [Train] Epoch 00104 | train_loss 68.4343 | train_rmse 8.0711 | lr 0.005000
2025-02-19 13:56:42 - INFO - [Validate] Epoch 00104 | valid_rmse 17.8003 | valid_pr 0.6678 | valid_criterion 16.2569 | score -0.6257
2025-02-19 13:56:42 - INFO - No improvement for 59 epochs
2025-02-19 13:56:44 - INFO - [Train] Epoch 00105 | train_loss 69.0718 | train_rmse 8.1100 | lr 0.005000
2025-02-19 13:56:44 - INFO - [Validate] Epoch 00105 | valid_rmse 16.5593 | valid_pr 0.7319 | valid_criterion 16.8126 | score -0.6813
2025-02-19 13:56:44 - INFO - No improvement for 60 epochs
2025-02-19 13:56:46 - INFO - [Train] Epoch 00106 | train_loss 62.9961 | train_rmse 7.7260 | lr 0.005000
2025-02-19 13:56:46 - INFO - [Validate] Epoch 00106 | valid_rmse 16.0833 | valid_pr 0.7525 | valid_criterion 14.6200 | score -0.4620
2025-02-19 13:56:46 - INFO - No improvement for 61 epochs
2025-02-19 13:56:48 - INFO - [Train] Epoch 00107 | train_loss 51.3975 | train_rmse 6.9347 | lr 0.005000
2025-02-19 13:56:48 - INFO - [Validate] Epoch 00107 | valid_rmse 15.4788 | valid_pr 0.7844 | valid_criterion 17.4658 | score -0.7466
2025-02-19 13:56:48 - INFO - No improvement for 62 epochs
2025-02-19 13:56:50 - INFO - [Train] Epoch 00108 | train_loss 54.4087 | train_rmse 7.1482 | lr 0.005000
2025-02-19 13:56:50 - INFO - [Validate] Epoch 00108 | valid_rmse 17.4158 | valid_pr 0.6645 | valid_criterion 13.3114 | score -0.3311
2025-02-19 13:56:50 - INFO - No improvement for 63 epochs
2025-02-19 13:56:52 - INFO - [Train] Epoch 00109 | train_loss 65.4042 | train_rmse 7.8794 | lr 0.005000
2025-02-19 13:56:52 - INFO - [Validate] Epoch 00109 | valid_rmse 16.9162 | valid_pr 0.7608 | valid_criterion 18.6708 | score -0.8671
2025-02-19 13:56:52 - INFO - No improvement for 64 epochs
2025-02-19 13:56:54 - INFO - [Train] Epoch 00110 | train_loss 62.6592 | train_rmse 7.7027 | lr 0.005000
2025-02-19 13:56:54 - INFO - [Validate] Epoch 00110 | valid_rmse 18.8536 | valid_pr 0.7492 | valid_criterion 18.8413 | score -0.8841
2025-02-19 13:56:54 - INFO - No improvement for 65 epochs
2025-02-19 13:56:56 - INFO - [Train] Epoch 00111 | train_loss 64.9674 | train_rmse 7.8506 | lr 0.005000
2025-02-19 13:56:56 - INFO - [Validate] Epoch 00111 | valid_rmse 13.7520 | valid_pr 0.8176 | valid_criterion 16.2616 | score -0.6262
2025-02-19 13:56:56 - INFO - No improvement for 66 epochs
2025-02-19 13:56:57 - INFO - [Train] Epoch 00112 | train_loss 67.7597 | train_rmse 8.0262 | lr 0.005000
2025-02-19 13:56:57 - INFO - [Validate] Epoch 00112 | valid_rmse 14.5632 | valid_pr 0.7829 | valid_criterion 16.4207 | score -0.6421
2025-02-19 13:56:57 - INFO - No improvement for 67 epochs
2025-02-19 13:56:59 - INFO - [Train] Epoch 00113 | train_loss 64.6578 | train_rmse 7.8299 | lr 0.005000
2025-02-19 13:56:59 - INFO - [Validate] Epoch 00113 | valid_rmse 15.9727 | valid_pr 0.7592 | valid_criterion 15.4583 | score -0.5458
2025-02-19 13:56:59 - INFO - No improvement for 68 epochs
2025-02-19 13:57:01 - INFO - [Train] Epoch 00114 | train_loss 59.4052 | train_rmse 7.4867 | lr 0.005000
2025-02-19 13:57:01 - INFO - [Validate] Epoch 00114 | valid_rmse 14.6934 | valid_pr 0.8026 | valid_criterion 17.1554 | score -0.7155
2025-02-19 13:57:01 - INFO - No improvement for 69 epochs
2025-02-19 13:57:03 - INFO - [Train] Epoch 00115 | train_loss 48.9127 | train_rmse 6.7493 | lr 0.005000
2025-02-19 13:57:03 - INFO - [Validate] Epoch 00115 | valid_rmse 15.4431 | valid_pr 0.7707 | valid_criterion 14.7581 | score -0.4758
2025-02-19 13:57:03 - INFO - No improvement for 70 epochs
2025-02-19 13:57:05 - INFO - [Train] Epoch 00116 | train_loss 56.7371 | train_rmse 7.3056 | lr 0.005000
2025-02-19 13:57:05 - INFO - [Validate] Epoch 00116 | valid_rmse 18.8067 | valid_pr 0.5996 | valid_criterion 16.5537 | score -0.6554
2025-02-19 13:57:05 - INFO - No improvement for 71 epochs
2025-02-19 13:57:08 - INFO - [Train] Epoch 00117 | train_loss 59.0969 | train_rmse 7.4651 | lr 0.005000
2025-02-19 13:57:08 - INFO - [Validate] Epoch 00117 | valid_rmse 17.2400 | valid_pr 0.7692 | valid_criterion 21.3362 | score -1.1336
2025-02-19 13:57:08 - INFO - No improvement for 72 epochs
2025-02-19 13:57:10 - INFO - [Train] Epoch 00118 | train_loss 57.1801 | train_rmse 7.3350 | lr 0.001000
2025-02-19 13:57:10 - INFO - [Validate] Epoch 00118 | valid_rmse 14.6541 | valid_pr 0.7805 | valid_criterion 17.7338 | score -0.7734
2025-02-19 13:57:10 - INFO - No improvement for 73 epochs
2025-02-19 13:57:12 - INFO - [Train] Epoch 00119 | train_loss 55.8927 | train_rmse 7.2463 | lr 0.001000
2025-02-19 13:57:12 - INFO - [Validate] Epoch 00119 | valid_rmse 15.6612 | valid_pr 0.7832 | valid_criterion 19.0850 | score -0.9085
2025-02-19 13:57:12 - INFO - No improvement for 74 epochs
2025-02-19 13:57:14 - INFO - [Train] Epoch 00120 | train_loss 43.1374 | train_rmse 6.3052 | lr 0.001000
2025-02-19 13:57:14 - INFO - [Validate] Epoch 00120 | valid_rmse 14.8159 | valid_pr 0.8018 | valid_criterion 18.2022 | score -0.8202
2025-02-19 13:57:14 - INFO - No improvement for 75 epochs
2025-02-19 13:57:16 - INFO - [Train] Epoch 00121 | train_loss 46.2584 | train_rmse 6.5480 | lr 0.001000
2025-02-19 13:57:16 - INFO - [Validate] Epoch 00121 | valid_rmse 15.9259 | valid_pr 0.7832 | valid_criterion 18.6069 | score -0.8607
2025-02-19 13:57:16 - INFO - No improvement for 76 epochs
2025-02-19 13:57:18 - INFO - [Train] Epoch 00122 | train_loss 52.6166 | train_rmse 7.0168 | lr 0.001000
2025-02-19 13:57:18 - INFO - [Validate] Epoch 00122 | valid_rmse 16.1567 | valid_pr 0.7863 | valid_criterion 18.0847 | score -0.8085
2025-02-19 13:57:18 - INFO - No improvement for 77 epochs
2025-02-19 13:57:20 - INFO - [Train] Epoch 00123 | train_loss 38.5250 | train_rmse 5.9284 | lr 0.001000
2025-02-19 13:57:20 - INFO - [Validate] Epoch 00123 | valid_rmse 14.8405 | valid_pr 0.7959 | valid_criterion 17.8217 | score -0.7822
2025-02-19 13:57:20 - INFO - No improvement for 78 epochs
2025-02-19 13:57:22 - INFO - [Train] Epoch 00124 | train_loss 52.0318 | train_rmse 6.9752 | lr 0.001000
2025-02-19 13:57:22 - INFO - [Validate] Epoch 00124 | valid_rmse 16.0399 | valid_pr 0.8025 | valid_criterion 17.8780 | score -0.7878
2025-02-19 13:57:22 - INFO - No improvement for 79 epochs
2025-02-19 13:57:24 - INFO - [Train] Epoch 00125 | train_loss 45.5932 | train_rmse 6.4973 | lr 0.001000
2025-02-19 13:57:24 - INFO - [Validate] Epoch 00125 | valid_rmse 15.2146 | valid_pr 0.8100 | valid_criterion 17.1018 | score -0.7102
2025-02-19 13:57:24 - INFO - No improvement for 80 epochs
2025-02-19 13:57:26 - INFO - [Train] Epoch 00126 | train_loss 43.0303 | train_rmse 6.2970 | lr 0.001000
2025-02-19 13:57:26 - INFO - [Validate] Epoch 00126 | valid_rmse 14.5616 | valid_pr 0.8135 | valid_criterion 15.6748 | score -0.5675
2025-02-19 13:57:26 - INFO - No improvement for 81 epochs
2025-02-19 13:57:28 - INFO - [Train] Epoch 00127 | train_loss 42.7521 | train_rmse 6.2749 | lr 0.001000
2025-02-19 13:57:28 - INFO - [Validate] Epoch 00127 | valid_rmse 15.6692 | valid_pr 0.7639 | valid_criterion 16.2648 | score -0.6265
2025-02-19 13:57:28 - INFO - No improvement for 82 epochs
2025-02-19 13:57:29 - INFO - [Train] Epoch 00128 | train_loss 38.7997 | train_rmse 5.9517 | lr 0.001000
2025-02-19 13:57:29 - INFO - [Validate] Epoch 00128 | valid_rmse 15.7694 | valid_pr 0.8130 | valid_criterion 16.3561 | score -0.6356
2025-02-19 13:57:29 - INFO - No improvement for 83 epochs
2025-02-19 13:57:31 - INFO - [Train] Epoch 00129 | train_loss 39.3877 | train_rmse 6.0009 | lr 0.001000
2025-02-19 13:57:31 - INFO - [Validate] Epoch 00129 | valid_rmse 14.3622 | valid_pr 0.8308 | valid_criterion 14.7300 | score -0.4730
2025-02-19 13:57:31 - INFO - No improvement for 84 epochs
2025-02-19 13:57:33 - INFO - [Train] Epoch 00130 | train_loss 36.3214 | train_rmse 5.7397 | lr 0.001000
2025-02-19 13:57:33 - INFO - [Validate] Epoch 00130 | valid_rmse 14.7621 | valid_pr 0.7970 | valid_criterion 16.9571 | score -0.6957
2025-02-19 13:57:33 - INFO - No improvement for 85 epochs
2025-02-19 13:57:35 - INFO - [Train] Epoch 00131 | train_loss 40.4715 | train_rmse 6.0906 | lr 0.001000
2025-02-19 13:57:35 - INFO - [Validate] Epoch 00131 | valid_rmse 14.6664 | valid_pr 0.8044 | valid_criterion 15.7472 | score -0.5747
2025-02-19 13:57:35 - INFO - No improvement for 86 epochs
2025-02-19 13:57:37 - INFO - [Train] Epoch 00132 | train_loss 49.9768 | train_rmse 6.8265 | lr 0.001000
2025-02-19 13:57:37 - INFO - [Validate] Epoch 00132 | valid_rmse 14.4523 | valid_pr 0.8260 | valid_criterion 15.5786 | score -0.5579
2025-02-19 13:57:37 - INFO - No improvement for 87 epochs
2025-02-19 13:57:40 - INFO - [Train] Epoch 00133 | train_loss 39.0659 | train_rmse 5.9741 | lr 0.001000
2025-02-19 13:57:40 - INFO - [Validate] Epoch 00133 | valid_rmse 15.2694 | valid_pr 0.8240 | valid_criterion 16.5031 | score -0.6503
2025-02-19 13:57:40 - INFO - No improvement for 88 epochs
2025-02-19 13:57:42 - INFO - [Train] Epoch 00134 | train_loss 51.1890 | train_rmse 6.9147 | lr 0.001000
2025-02-19 13:57:42 - INFO - [Validate] Epoch 00134 | valid_rmse 15.8652 | valid_pr 0.7636 | valid_criterion 15.2083 | score -0.5208
2025-02-19 13:57:42 - INFO - No improvement for 89 epochs
2025-02-19 13:57:44 - INFO - [Train] Epoch 00135 | train_loss 33.0004 | train_rmse 5.4429 | lr 0.001000
2025-02-19 13:57:44 - INFO - [Validate] Epoch 00135 | valid_rmse 14.2363 | valid_pr 0.8257 | valid_criterion 14.4332 | score -0.4433
2025-02-19 13:57:44 - INFO - No improvement for 90 epochs
2025-02-19 13:57:46 - INFO - [Train] Epoch 00136 | train_loss 42.6887 | train_rmse 6.2701 | lr 0.001000
2025-02-19 13:57:46 - INFO - [Validate] Epoch 00136 | valid_rmse 15.1444 | valid_pr 0.7991 | valid_criterion 14.0808 | score -0.4081
2025-02-19 13:57:46 - INFO - No improvement for 91 epochs
2025-02-19 13:57:48 - INFO - [Train] Epoch 00137 | train_loss 45.8879 | train_rmse 6.5203 | lr 0.001000
2025-02-19 13:57:48 - INFO - [Validate] Epoch 00137 | valid_rmse 14.8979 | valid_pr 0.8052 | valid_criterion 15.1062 | score -0.5106
2025-02-19 13:57:48 - INFO - No improvement for 92 epochs
2025-02-19 13:57:50 - INFO - [Train] Epoch 00138 | train_loss 36.4663 | train_rmse 5.7526 | lr 0.001000
2025-02-19 13:57:50 - INFO - [Validate] Epoch 00138 | valid_rmse 13.9951 | valid_pr 0.8364 | valid_criterion 13.9649 | score -0.3965
2025-02-19 13:57:50 - INFO - No improvement for 93 epochs
2025-02-19 13:57:52 - INFO - [Train] Epoch 00139 | train_loss 41.4419 | train_rmse 6.1700 | lr 0.000200
2025-02-19 13:57:52 - INFO - [Validate] Epoch 00139 | valid_rmse 13.7586 | valid_pr 0.8302 | valid_criterion 14.3800 | score -0.4380
2025-02-19 13:57:52 - INFO - No improvement for 94 epochs
2025-02-19 13:57:54 - INFO - [Train] Epoch 00140 | train_loss 41.0608 | train_rmse 6.1390 | lr 0.000200
2025-02-19 13:57:54 - INFO - [Validate] Epoch 00140 | valid_rmse 13.8017 | valid_pr 0.8314 | valid_criterion 14.1499 | score -0.4150
2025-02-19 13:57:54 - INFO - No improvement for 95 epochs
2025-02-19 13:57:56 - INFO - [Train] Epoch 00141 | train_loss 40.3869 | train_rmse 6.0839 | lr 0.000200
2025-02-19 13:57:56 - INFO - [Validate] Epoch 00141 | valid_rmse 13.8125 | valid_pr 0.8296 | valid_criterion 14.1651 | score -0.4165
2025-02-19 13:57:56 - INFO - No improvement for 96 epochs
2025-02-19 13:57:58 - INFO - [Train] Epoch 00142 | train_loss 33.9529 | train_rmse 5.5300 | lr 0.000200
2025-02-19 13:57:58 - INFO - [Validate] Epoch 00142 | valid_rmse 14.3386 | valid_pr 0.8278 | valid_criterion 14.0686 | score -0.4069
2025-02-19 13:57:58 - INFO - No improvement for 97 epochs
2025-02-19 13:57:59 - INFO - [Train] Epoch 00143 | train_loss 32.6957 | train_rmse 5.4151 | lr 0.000200
2025-02-19 13:57:59 - INFO - [Validate] Epoch 00143 | valid_rmse 13.9829 | valid_pr 0.8297 | valid_criterion 14.0358 | score -0.4036
2025-02-19 13:57:59 - INFO - No improvement for 98 epochs
2025-02-19 13:58:01 - INFO - [Train] Epoch 00144 | train_loss 45.1268 | train_rmse 6.4618 | lr 0.000200
2025-02-19 13:58:01 - INFO - [Validate] Epoch 00144 | valid_rmse 14.1896 | valid_pr 0.8254 | valid_criterion 14.2792 | score -0.4279
2025-02-19 13:58:01 - INFO - No improvement for 99 epochs
2025-02-19 13:58:03 - INFO - [Train] Epoch 00145 | train_loss 47.8584 | train_rmse 6.6698 | lr 0.000200
2025-02-19 13:58:03 - INFO - [Validate] Epoch 00145 | valid_rmse 13.8676 | valid_pr 0.8288 | valid_criterion 14.5709 | score -0.4571
2025-02-19 13:58:03 - INFO - No improvement for 100 epochs
2025-02-19 13:58:03 - INFO - Early stopping triggered. No improvement for 100 epochs
2025-02-19 13:58:03 - INFO - Best model was saved at epoch 45
2025-02-19 13:58:04 - INFO - [Validate] Epoch 00145 | valid_rmse1 21.919172 | valid_pr1 0.641432 | valid_criterion 9.464021
